{"C:\\Users\\Usuario\\oficio_app\\backend\\src\\app.controller.ts": {"path":"C:\\Users\\Usuario\\oficio_app\\backend\\src\\app.controller.ts","statementMap":{"0":{"start":{"line":1,"column":0},"end":{"line":1,"column":49}},"1":{"start":{"line":2,"column":0},"end":{"line":2,"column":46}},"2":{"start":{"line":5,"column":7},"end":{"line":17,"column":null}},"3":{"start":{"line":6,"column":31},"end":{"line":6,"column":43}},"4":{"start":{"line":10,"column":4},"end":{"line":10,"column":38}},"5":{"start":{"line":15,"column":4},"end":{"line":15,"column":51}},"6":{"start":{"line":5,"column":13},"end":{"line":5,"column":26}},"7":{"start":{"line":9,"column":2},"end":{"line":11,"column":null}},"8":{"start":{"line":14,"column":2},"end":{"line":16,"column":null}},"9":{"start":{"line":5,"column":13},"end":{"line":17,"column":null}}},"fnMap":{"0":{"name":"(anonymous_2)","decl":{"start":{"line":6,"column":2},"end":{"line":6,"column":31}},"loc":{"start":{"line":6,"column":53},"end":{"line":6,"column":57}}},"1":{"name":"(anonymous_3)","decl":{"start":{"line":9,"column":2},"end":{"line":9,"column":10}},"loc":{"start":{"line":9,"column":10},"end":{"line":11,"column":3}}},"2":{"name":"(anonymous_4)","decl":{"start":{"line":14,"column":2},"end":{"line":14,"column":13}},"loc":{"start":{"line":14,"column":13},"end":{"line":16,"column":3}}}},"branchMap":{},"s":{"0":0,"1":0,"2":0,"3":0,"4":0,"5":0,"6":0,"7":0,"8":0,"9":0},"f":{"0":0,"1":0,"2":0},"b":{}}
,"C:\\Users\\Usuario\\oficio_app\\backend\\src\\app.service.ts": {"path":"C:\\Users\\Usuario\\oficio_app\\backend\\src\\app.service.ts","statementMap":{"0":{"start":{"line":1,"column":0},"end":{"line":1,"column":44}},"1":{"start":{"line":4,"column":7},"end":{"line":8,"column":null}},"2":{"start":{"line":6,"column":4},"end":{"line":6,"column":26}},"3":{"start":{"line":4,"column":13},"end":{"line":4,"column":23}},"4":{"start":{"line":4,"column":13},"end":{"line":8,"column":null}}},"fnMap":{"0":{"name":"(anonymous_1)","decl":{"start":{"line":5,"column":2},"end":{"line":5,"column":10}},"loc":{"start":{"line":5,"column":10},"end":{"line":7,"column":3}}}},"branchMap":{},"s":{"0":0,"1":0,"2":0,"3":0,"4":0},"f":{"0":0},"b":{}}
,"C:\\Users\\Usuario\\oficio_app\\backend\\src\\admin\\admin.controller.ts": {"path":"C:\\Users\\Usuario\\oficio_app\\backend\\src\\admin\\admin.controller.ts","statementMap":{"0":{"start":{"line":1,"column":0},"end":{"line":1,"column":null}},"1":{"start":{"line":19,"column":0},"end":{"line":19,"column":60}},"2":{"start":{"line":20,"column":0},"end":{"line":20,"column":39}},"3":{"start":{"line":22,"column":0},"end":{"line":22,"column":50}},"4":{"start":{"line":23,"column":0},"end":{"line":23,"column":52}},"5":{"start":{"line":24,"column":0},"end":{"line":24,"column":52}},"6":{"start":{"line":25,"column":0},"end":{"line":25,"column":51}},"7":{"start":{"line":26,"column":0},"end":{"line":26,"column":65}},"8":{"start":{"line":27,"column":0},"end":{"line":27,"column":65}},"9":{"start":{"line":28,"column":0},"end":{"line":28,"column":67}},"10":{"start":{"line":29,"column":0},"end":{"line":29,"column":77}},"11":{"start":{"line":30,"column":0},"end":{"line":30,"column":79}},"12":{"start":{"line":31,"column":0},"end":{"line":31,"column":65}},"13":{"start":{"line":32,"column":0},"end":{"line":32,"column":72}},"14":{"start":{"line":33,"column":0},"end":{"line":33,"column":null}},"15":{"start":{"line":37,"column":0},"end":{"line":37,"column":77}},"16":{"start":{"line":42,"column":7},"end":{"line":444,"column":null}},"17":{"start":{"line":44,"column":21},"end":{"line":44,"column":35}},"18":{"start":{"line":45,"column":21},"end":{"line":45,"column":40}},"19":{"start":{"line":46,"column":21},"end":{"line":46,"column":34}},"20":{"start":{"line":56,"column":4},"end":{"line":56,"column":80}},"21":{"start":{"line":65,"column":4},"end":{"line":65,"column":53}},"22":{"start":{"line":72,"column":4},"end":{"line":72,"column":51}},"23":{"start":{"line":77,"column":4},"end":{"line":77,"column":49}},"24":{"start":{"line":82,"column":4},"end":{"line":82,"column":70}},"25":{"start":{"line":90,"column":4},"end":{"line":90,"column":49}},"26":{"start":{"line":97,"column":4},"end":{"line":97,"column":53}},"27":{"start":{"line":107,"column":4},"end":{"line":107,"column":48}},"28":{"start":{"line":118,"column":4},"end":{"line":122,"column":6}},"29":{"start":{"line":127,"column":4},"end":{"line":127,"column":46}},"30":{"start":{"line":138,"column":4},"end":{"line":138,"column":57}},"31":{"start":{"line":146,"column":4},"end":{"line":146,"column":54}},"32":{"start":{"line":151,"column":4},"end":{"line":151,"column":58}},"33":{"start":{"line":159,"column":4},"end":{"line":159,"column":71}},"34":{"start":{"line":168,"column":4},"end":{"line":168,"column":62}},"35":{"start":{"line":175,"column":4},"end":{"line":175,"column":55}},"36":{"start":{"line":180,"column":4},"end":{"line":180,"column":53}},"37":{"start":{"line":188,"column":4},"end":{"line":188,"column":65}},"38":{"start":{"line":196,"column":4},"end":{"line":196,"column":62}},"39":{"start":{"line":204,"column":4},"end":{"line":204,"column":65}},"40":{"start":{"line":217,"column":4},"end":{"line":223,"column":6}},"41":{"start":{"line":232,"column":4},"end":{"line":232,"column":58}},"42":{"start":{"line":240,"column":4},"end":{"line":240,"column":60}},"43":{"start":{"line":250,"column":4},"end":{"line":253,"column":6}},"44":{"start":{"line":258,"column":4},"end":{"line":258,"column":54}},"45":{"start":{"line":263,"column":4},"end":{"line":263,"column":56}},"46":{"start":{"line":270,"column":4},"end":{"line":270,"column":42}},"47":{"start":{"line":275,"column":16},"end":{"line":275,"column":56}},"48":{"start":{"line":276,"column":4},"end":{"line":276,"column":61}},"49":{"start":{"line":277,"column":4},"end":{"line":277,"column":80}},"50":{"start":{"line":278,"column":4},"end":{"line":278,"column":29}},"51":{"start":{"line":283,"column":16},"end":{"line":283,"column":60}},"52":{"start":{"line":284,"column":4},"end":{"line":284,"column":61}},"53":{"start":{"line":285,"column":4},"end":{"line":288,"column":6}},"54":{"start":{"line":289,"column":4},"end":{"line":289,"column":29}},"55":{"start":{"line":300,"column":4},"end":{"line":304,"column":6}},"56":{"start":{"line":310,"column":4},"end":{"line":310,"column":52}},"57":{"start":{"line":321,"column":4},"end":{"line":325,"column":6}},"58":{"start":{"line":331,"column":4},"end":{"line":331,"column":59}},"59":{"start":{"line":338,"column":4},"end":{"line":338,"column":45}},"60":{"start":{"line":343,"column":4},"end":{"line":343,"column":50}},"61":{"start":{"line":351,"column":4},"end":{"line":351,"column":54}},"62":{"start":{"line":356,"column":4},"end":{"line":356,"column":54}},"63":{"start":{"line":361,"column":4},"end":{"line":361,"column":48}},"64":{"start":{"line":372,"column":4},"end":{"line":375,"column":7}},"65":{"start":{"line":380,"column":4},"end":{"line":380,"column":52}},"66":{"start":{"line":388,"column":4},"end":{"line":388,"column":56}},"67":{"start":{"line":395,"column":4},"end":{"line":395,"column":50}},"68":{"start":{"line":402,"column":4},"end":{"line":402,"column":53}},"69":{"start":{"line":407,"column":4},"end":{"line":407,"column":52}},"70":{"start":{"line":415,"column":4},"end":{"line":415,"column":64}},"71":{"start":{"line":424,"column":4},"end":{"line":428,"column":6}},"72":{"start":{"line":437,"column":4},"end":{"line":442,"column":6}},"73":{"start":{"line":42,"column":13},"end":{"line":42,"column":28}},"74":{"start":{"line":52,"column":2},"end":{"line":57,"column":null}},"75":{"start":{"line":61,"column":2},"end":{"line":66,"column":null}},"76":{"start":{"line":71,"column":2},"end":{"line":73,"column":null}},"77":{"start":{"line":76,"column":2},"end":{"line":78,"column":null}},"78":{"start":{"line":81,"column":2},"end":{"line":83,"column":null}},"79":{"start":{"line":89,"column":2},"end":{"line":91,"column":null}},"80":{"start":{"line":96,"column":2},"end":{"line":98,"column":null}},"81":{"start":{"line":106,"column":2},"end":{"line":108,"column":null}},"82":{"start":{"line":113,"column":2},"end":{"line":123,"column":null}},"83":{"start":{"line":126,"column":2},"end":{"line":128,"column":null}},"84":{"start":{"line":133,"column":2},"end":{"line":139,"column":null}},"85":{"start":{"line":142,"column":2},"end":{"line":147,"column":null}},"86":{"start":{"line":150,"column":2},"end":{"line":152,"column":null}},"87":{"start":{"line":155,"column":2},"end":{"line":160,"column":null}},"88":{"start":{"line":164,"column":2},"end":{"line":169,"column":null}},"89":{"start":{"line":174,"column":2},"end":{"line":176,"column":null}},"90":{"start":{"line":179,"column":2},"end":{"line":181,"column":null}},"91":{"start":{"line":184,"column":2},"end":{"line":189,"column":null}},"92":{"start":{"line":192,"column":2},"end":{"line":197,"column":null}},"93":{"start":{"line":200,"column":2},"end":{"line":205,"column":null}},"94":{"start":{"line":210,"column":2},"end":{"line":224,"column":null}},"95":{"start":{"line":228,"column":2},"end":{"line":233,"column":null}},"96":{"start":{"line":236,"column":2},"end":{"line":241,"column":null}},"97":{"start":{"line":246,"column":2},"end":{"line":254,"column":null}},"98":{"start":{"line":257,"column":2},"end":{"line":259,"column":null}},"99":{"start":{"line":262,"column":2},"end":{"line":264,"column":null}},"100":{"start":{"line":269,"column":2},"end":{"line":271,"column":null}},"101":{"start":{"line":274,"column":8},"end":{"line":279,"column":null}},"102":{"start":{"line":282,"column":8},"end":{"line":290,"column":null}},"103":{"start":{"line":295,"column":2},"end":{"line":305,"column":null}},"104":{"start":{"line":309,"column":2},"end":{"line":311,"column":null}},"105":{"start":{"line":316,"column":2},"end":{"line":326,"column":null}},"106":{"start":{"line":330,"column":2},"end":{"line":332,"column":null}},"107":{"start":{"line":337,"column":2},"end":{"line":339,"column":null}},"108":{"start":{"line":342,"column":2},"end":{"line":344,"column":null}},"109":{"start":{"line":347,"column":2},"end":{"line":352,"column":null}},"110":{"start":{"line":355,"column":2},"end":{"line":357,"column":null}},"111":{"start":{"line":360,"column":2},"end":{"line":362,"column":null}},"112":{"start":{"line":368,"column":2},"end":{"line":376,"column":null}},"113":{"start":{"line":379,"column":2},"end":{"line":381,"column":null}},"114":{"start":{"line":384,"column":2},"end":{"line":389,"column":null}},"115":{"start":{"line":394,"column":2},"end":{"line":396,"column":null}},"116":{"start":{"line":401,"column":2},"end":{"line":403,"column":null}},"117":{"start":{"line":406,"column":2},"end":{"line":408,"column":null}},"118":{"start":{"line":411,"column":2},"end":{"line":416,"column":null}},"119":{"start":{"line":423,"column":2},"end":{"line":429,"column":null}},"120":{"start":{"line":436,"column":2},"end":{"line":443,"column":null}},"121":{"start":{"line":42,"column":13},"end":{"line":444,"column":null}}},"fnMap":{"0":{"name":"(anonymous_4)","decl":{"start":{"line":43,"column":2},"end":{"line":43,"column":null}},"loc":{"start":{"line":46,"column":52},"end":{"line":47,"column":6}}},"1":{"name":"(anonymous_5)","decl":{"start":{"line":52,"column":2},"end":{"line":52,"column":16}},"loc":{"start":{"line":54,"column":32},"end":{"line":57,"column":3}}},"2":{"name":"(anonymous_6)","decl":{"start":{"line":61,"column":2},"end":{"line":61,"column":24}},"loc":{"start":{"line":63,"column":34},"end":{"line":66,"column":3}}},"3":{"name":"(anonymous_7)","decl":{"start":{"line":71,"column":2},"end":{"line":71,"column":12}},"loc":{"start":{"line":71,"column":12},"end":{"line":73,"column":3}}},"4":{"name":"(anonymous_8)","decl":{"start":{"line":76,"column":2},"end":{"line":76,"column":19}},"loc":{"start":{"line":76,"column":19},"end":{"line":78,"column":3}}},"5":{"name":"(anonymous_9)","decl":{"start":{"line":81,"column":2},"end":{"line":81,"column":14}},"loc":{"start":{"line":81,"column":43},"end":{"line":83,"column":3}}},"6":{"name":"(anonymous_10)","decl":{"start":{"line":89,"column":2},"end":{"line":89,"column":19}},"loc":{"start":{"line":89,"column":19},"end":{"line":91,"column":3}}},"7":{"name":"(anonymous_11)","decl":{"start":{"line":96,"column":2},"end":{"line":96,"column":23}},"loc":{"start":{"line":96,"column":23},"end":{"line":98,"column":3}}},"8":{"name":"(anonymous_12)","decl":{"start":{"line":106,"column":2},"end":{"line":106,"column":18}},"loc":{"start":{"line":106,"column":18},"end":{"line":108,"column":3}}},"9":{"name":"(anonymous_13)","decl":{"start":{"line":113,"column":2},"end":{"line":113,"column":17}},"loc":{"start":{"line":116,"column":36},"end":{"line":123,"column":3}}},"10":{"name":"(anonymous_14)","decl":{"start":{"line":126,"column":2},"end":{"line":126,"column":16}},"loc":{"start":{"line":126,"column":16},"end":{"line":128,"column":3}}},"11":{"name":"(anonymous_15)","decl":{"start":{"line":133,"column":2},"end":{"line":133,"column":16}},"loc":{"start":{"line":135,"column":49},"end":{"line":139,"column":3}}},"12":{"name":"(anonymous_16)","decl":{"start":{"line":142,"column":2},"end":{"line":142,"column":16}},"loc":{"start":{"line":144,"column":35},"end":{"line":147,"column":3}}},"13":{"name":"(anonymous_17)","decl":{"start":{"line":150,"column":2},"end":{"line":150,"column":18}},"loc":{"start":{"line":150,"column":56},"end":{"line":152,"column":3}}},"14":{"name":"(anonymous_18)","decl":{"start":{"line":155,"column":2},"end":{"line":155,"column":20}},"loc":{"start":{"line":157,"column":34},"end":{"line":160,"column":3}}},"15":{"name":"(anonymous_19)","decl":{"start":{"line":164,"column":2},"end":{"line":164,"column":16}},"loc":{"start":{"line":166,"column":38},"end":{"line":169,"column":3}}},"16":{"name":"(anonymous_20)","decl":{"start":{"line":174,"column":2},"end":{"line":174,"column":25}},"loc":{"start":{"line":174,"column":25},"end":{"line":176,"column":3}}},"17":{"name":"(anonymous_21)","decl":{"start":{"line":179,"column":2},"end":{"line":179,"column":21}},"loc":{"start":{"line":179,"column":59},"end":{"line":181,"column":3}}},"18":{"name":"(anonymous_22)","decl":{"start":{"line":184,"column":2},"end":{"line":184,"column":20}},"loc":{"start":{"line":186,"column":27},"end":{"line":189,"column":3}}},"19":{"name":"(anonymous_23)","decl":{"start":{"line":192,"column":2},"end":{"line":192,"column":17}},"loc":{"start":{"line":194,"column":27},"end":{"line":197,"column":3}}},"20":{"name":"(anonymous_24)","decl":{"start":{"line":200,"column":2},"end":{"line":200,"column":20}},"loc":{"start":{"line":202,"column":35},"end":{"line":205,"column":3}}},"21":{"name":"(anonymous_25)","decl":{"start":{"line":210,"column":2},"end":{"line":210,"column":10}},"loc":{"start":{"line":215,"column":40},"end":{"line":224,"column":3}}},"22":{"name":"(anonymous_26)","decl":{"start":{"line":228,"column":2},"end":{"line":228,"column":12}},"loc":{"start":{"line":230,"column":38},"end":{"line":233,"column":3}}},"23":{"name":"(anonymous_27)","decl":{"start":{"line":236,"column":2},"end":{"line":236,"column":18}},"loc":{"start":{"line":238,"column":39},"end":{"line":241,"column":3}}},"24":{"name":"(anonymous_28)","decl":{"start":{"line":246,"column":2},"end":{"line":246,"column":18}},"loc":{"start":{"line":248,"column":34},"end":{"line":254,"column":3}}},"25":{"name":"(anonymous_29)","decl":{"start":{"line":257,"column":2},"end":{"line":257,"column":22}},"loc":{"start":{"line":257,"column":60},"end":{"line":259,"column":3}}},"26":{"name":"(anonymous_30)","decl":{"start":{"line":262,"column":2},"end":{"line":262,"column":26}},"loc":{"start":{"line":262,"column":26},"end":{"line":264,"column":3}}},"27":{"name":"(anonymous_31)","decl":{"start":{"line":269,"column":2},"end":{"line":269,"column":12}},"loc":{"start":{"line":269,"column":12},"end":{"line":271,"column":3}}},"28":{"name":"(anonymous_32)","decl":{"start":{"line":274,"column":8},"end":{"line":274,"column":22}},"loc":{"start":{"line":274,"column":43},"end":{"line":279,"column":3}}},"29":{"name":"(anonymous_33)","decl":{"start":{"line":282,"column":8},"end":{"line":282,"column":26}},"loc":{"start":{"line":282,"column":47},"end":{"line":290,"column":3}}},"30":{"name":"(anonymous_34)","decl":{"start":{"line":295,"column":2},"end":{"line":295,"column":20}},"loc":{"start":{"line":298,"column":44},"end":{"line":305,"column":3}}},"31":{"name":"(anonymous_35)","decl":{"start":{"line":309,"column":2},"end":{"line":309,"column":20}},"loc":{"start":{"line":309,"column":58},"end":{"line":311,"column":3}}},"32":{"name":"(anonymous_36)","decl":{"start":{"line":316,"column":2},"end":{"line":316,"column":19}},"loc":{"start":{"line":319,"column":44},"end":{"line":326,"column":3}}},"33":{"name":"(anonymous_37)","decl":{"start":{"line":330,"column":2},"end":{"line":330,"column":27}},"loc":{"start":{"line":330,"column":65},"end":{"line":332,"column":3}}},"34":{"name":"(anonymous_38)","decl":{"start":{"line":337,"column":2},"end":{"line":337,"column":15}},"loc":{"start":{"line":337,"column":15},"end":{"line":339,"column":3}}},"35":{"name":"(anonymous_39)","decl":{"start":{"line":342,"column":2},"end":{"line":342,"column":16}},"loc":{"start":{"line":342,"column":48},"end":{"line":344,"column":3}}},"36":{"name":"(anonymous_40)","decl":{"start":{"line":347,"column":2},"end":{"line":347,"column":16}},"loc":{"start":{"line":349,"column":35},"end":{"line":352,"column":3}}},"37":{"name":"(anonymous_41)","decl":{"start":{"line":355,"column":2},"end":{"line":355,"column":22}},"loc":{"start":{"line":355,"column":60},"end":{"line":357,"column":3}}},"38":{"name":"(anonymous_42)","decl":{"start":{"line":360,"column":2},"end":{"line":360,"column":16}},"loc":{"start":{"line":360,"column":54},"end":{"line":362,"column":3}}},"39":{"name":"(anonymous_43)","decl":{"start":{"line":368,"column":2},"end":{"line":368,"column":16}},"loc":{"start":{"line":370,"column":36},"end":{"line":376,"column":3}}},"40":{"name":"(anonymous_44)","decl":{"start":{"line":379,"column":2},"end":{"line":379,"column":16}},"loc":{"start":{"line":379,"column":48},"end":{"line":381,"column":3}}},"41":{"name":"(anonymous_45)","decl":{"start":{"line":384,"column":2},"end":{"line":384,"column":16}},"loc":{"start":{"line":386,"column":35},"end":{"line":389,"column":3}}},"42":{"name":"(anonymous_46)","decl":{"start":{"line":394,"column":2},"end":{"line":394,"column":16}},"loc":{"start":{"line":394,"column":54},"end":{"line":396,"column":3}}},"43":{"name":"(anonymous_47)","decl":{"start":{"line":401,"column":2},"end":{"line":401,"column":17}},"loc":{"start":{"line":401,"column":50},"end":{"line":403,"column":3}}},"44":{"name":"(anonymous_48)","decl":{"start":{"line":406,"column":2},"end":{"line":406,"column":20}},"loc":{"start":{"line":406,"column":58},"end":{"line":408,"column":3}}},"45":{"name":"(anonymous_49)","decl":{"start":{"line":411,"column":2},"end":{"line":411,"column":19}},"loc":{"start":{"line":413,"column":37},"end":{"line":416,"column":3}}},"46":{"name":"(anonymous_50)","decl":{"start":{"line":423,"column":2},"end":{"line":423,"column":23}},"loc":{"start":{"line":423,"column":62},"end":{"line":429,"column":3}}},"47":{"name":"(anonymous_51)","decl":{"start":{"line":436,"column":2},"end":{"line":436,"column":16}},"loc":{"start":{"line":436,"column":48},"end":{"line":443,"column":3}}}},"branchMap":{"0":{"loc":{"start":{"line":56,"column":49},"end":{"line":56,"column":78}},"type":"cond-expr","locations":[{"start":{"line":56,"column":56},"end":{"line":56,"column":74}},{"start":{"line":56,"column":77},"end":{"line":56,"column":78}}]},"1":{"loc":{"start":{"line":82,"column":42},"end":{"line":82,"column":68}},"type":"cond-expr","locations":[{"start":{"line":82,"column":49},"end":{"line":82,"column":63}},{"start":{"line":82,"column":66},"end":{"line":82,"column":68}}]},"2":{"loc":{"start":{"line":119,"column":6},"end":{"line":119,"column":31}},"type":"cond-expr","locations":[{"start":{"line":119,"column":13},"end":{"line":119,"column":27}},{"start":{"line":119,"column":30},"end":{"line":119,"column":31}}]},"3":{"loc":{"start":{"line":120,"column":6},"end":{"line":120,"column":34}},"type":"cond-expr","locations":[{"start":{"line":120,"column":14},"end":{"line":120,"column":29}},{"start":{"line":120,"column":32},"end":{"line":120,"column":34}}]},"4":{"loc":{"start":{"line":218,"column":6},"end":{"line":218,"column":31}},"type":"cond-expr","locations":[{"start":{"line":218,"column":13},"end":{"line":218,"column":27}},{"start":{"line":218,"column":30},"end":{"line":218,"column":31}}]},"5":{"loc":{"start":{"line":219,"column":6},"end":{"line":219,"column":34}},"type":"cond-expr","locations":[{"start":{"line":219,"column":14},"end":{"line":219,"column":29}},{"start":{"line":219,"column":32},"end":{"line":219,"column":34}}]},"6":{"loc":{"start":{"line":222,"column":6},"end":{"line":222,"column":62}},"type":"cond-expr","locations":[{"start":{"line":222,"column":31},"end":{"line":222,"column":50}},{"start":{"line":222,"column":53},"end":{"line":222,"column":62}}]},"7":{"loc":{"start":{"line":251,"column":6},"end":{"line":251,"column":31}},"type":"cond-expr","locations":[{"start":{"line":251,"column":13},"end":{"line":251,"column":27}},{"start":{"line":251,"column":30},"end":{"line":251,"column":31}}]},"8":{"loc":{"start":{"line":252,"column":6},"end":{"line":252,"column":34}},"type":"cond-expr","locations":[{"start":{"line":252,"column":14},"end":{"line":252,"column":29}},{"start":{"line":252,"column":32},"end":{"line":252,"column":34}}]},"9":{"loc":{"start":{"line":301,"column":6},"end":{"line":301,"column":31}},"type":"cond-expr","locations":[{"start":{"line":301,"column":13},"end":{"line":301,"column":27}},{"start":{"line":301,"column":30},"end":{"line":301,"column":31}}]},"10":{"loc":{"start":{"line":302,"column":6},"end":{"line":302,"column":34}},"type":"cond-expr","locations":[{"start":{"line":302,"column":14},"end":{"line":302,"column":29}},{"start":{"line":302,"column":32},"end":{"line":302,"column":34}}]},"11":{"loc":{"start":{"line":303,"column":6},"end":{"line":303,"column":66}},"type":"cond-expr","locations":[{"start":{"line":303,"column":33},"end":{"line":303,"column":54}},{"start":{"line":303,"column":57},"end":{"line":303,"column":66}}]},"12":{"loc":{"start":{"line":322,"column":6},"end":{"line":322,"column":31}},"type":"cond-expr","locations":[{"start":{"line":322,"column":13},"end":{"line":322,"column":27}},{"start":{"line":322,"column":30},"end":{"line":322,"column":31}}]},"13":{"loc":{"start":{"line":323,"column":6},"end":{"line":323,"column":34}},"type":"cond-expr","locations":[{"start":{"line":323,"column":14},"end":{"line":323,"column":29}},{"start":{"line":323,"column":32},"end":{"line":323,"column":34}}]},"14":{"loc":{"start":{"line":324,"column":6},"end":{"line":324,"column":66}},"type":"cond-expr","locations":[{"start":{"line":324,"column":33},"end":{"line":324,"column":54}},{"start":{"line":324,"column":57},"end":{"line":324,"column":66}}]},"15":{"loc":{"start":{"line":440,"column":6},"end":{"line":440,"column":28}},"type":"binary-expr","locations":[{"start":{"line":440,"column":6},"end":{"line":440,"column":19}},{"start":{"line":440,"column":23},"end":{"line":440,"column":28}}]}},"s":{"0":0,"1":0,"2":0,"3":0,"4":0,"5":0,"6":0,"7":0,"8":0,"9":0,"10":0,"11":0,"12":0,"13":0,"14":0,"15":0,"16":0,"17":0,"18":0,"19":0,"20":0,"21":0,"22":0,"23":0,"24":0,"25":0,"26":0,"27":0,"28":0,"29":0,"30":0,"31":0,"32":0,"33":0,"34":0,"35":0,"36":0,"37":0,"38":0,"39":0,"40":0,"41":0,"42":0,"43":0,"44":0,"45":0,"46":0,"47":0,"48":0,"49":0,"50":0,"51":0,"52":0,"53":0,"54":0,"55":0,"56":0,"57":0,"58":0,"59":0,"60":0,"61":0,"62":0,"63":0,"64":0,"65":0,"66":0,"67":0,"68":0,"69":0,"70":0,"71":0,"72":0,"73":0,"74":0,"75":0,"76":0,"77":0,"78":0,"79":0,"80":0,"81":0,"82":0,"83":0,"84":0,"85":0,"86":0,"87":0,"88":0,"89":0,"90":0,"91":0,"92":0,"93":0,"94":0,"95":0,"96":0,"97":0,"98":0,"99":0,"100":0,"101":0,"102":0,"103":0,"104":0,"105":0,"106":0,"107":0,"108":0,"109":0,"110":0,"111":0,"112":0,"113":0,"114":0,"115":0,"116":0,"117":0,"118":0,"119":0,"120":0,"121":0},"f":{"0":0,"1":0,"2":0,"3":0,"4":0,"5":0,"6":0,"7":0,"8":0,"9":0,"10":0,"11":0,"12":0,"13":0,"14":0,"15":0,"16":0,"17":0,"18":0,"19":0,"20":0,"21":0,"22":0,"23":0,"24":0,"25":0,"26":0,"27":0,"28":0,"29":0,"30":0,"31":0,"32":0,"33":0,"34":0,"35":0,"36":0,"37":0,"38":0,"39":0,"40":0,"41":0,"42":0,"43":0,"44":0,"45":0,"46":0,"47":0},"b":{"0":[0,0],"1":[0,0],"2":[0,0],"3":[0,0],"4":[0,0],"5":[0,0],"6":[0,0],"7":[0,0],"8":[0,0],"9":[0,0],"10":[0,0],"11":[0,0],"12":[0,0],"13":[0,0],"14":[0,0],"15":[0,0]}}
,"C:\\Users\\Usuario\\oficio_app\\backend\\src\\admin\\admin.service.ts": {"path":"C:\\Users\\Usuario\\oficio_app\\backend\\src\\admin\\admin.service.ts","statementMap":{"0":{"start":{"line":1,"column":0},"end":{"line":1,"column":null}},"1":{"start":{"line":8,"column":0},"end":{"line":8,"column":54}},"2":{"start":{"line":9,"column":0},"end":{"line":9,"column":63}},"3":{"start":{"line":17,"column":0},"end":{"line":17,"column":60}},"4":{"start":{"line":18,"column":0},"end":{"line":18,"column":58}},"5":{"start":{"line":19,"column":0},"end":{"line":19,"column":85}},"6":{"start":{"line":20,"column":0},"end":{"line":20,"column":80}},"7":{"start":{"line":21,"column":0},"end":{"line":21,"column":78}},"8":{"start":{"line":22,"column":0},"end":{"line":22,"column":70}},"9":{"start":{"line":23,"column":0},"end":{"line":23,"column":76}},"10":{"start":{"line":24,"column":0},"end":{"line":24,"column":74}},"11":{"start":{"line":25,"column":0},"end":{"line":25,"column":57}},"12":{"start":{"line":26,"column":0},"end":{"line":26,"column":null}},"13":{"start":{"line":35,"column":12},"end":{"line":35,"column":20}},"14":{"start":{"line":36,"column":12},"end":{"line":36,"column":27}},"15":{"start":{"line":37,"column":12},"end":{"line":37,"column":19}},"16":{"start":{"line":38,"column":12},"end":{"line":38,"column":18}},"17":{"start":{"line":39,"column":12},"end":{"line":39,"column":24}},"18":{"start":{"line":40,"column":12},"end":{"line":40,"column":23}},"19":{"start":{"line":41,"column":12},"end":{"line":41,"column":19}},"20":{"start":{"line":42,"column":12},"end":{"line":42,"column":22}},"21":{"start":{"line":43,"column":12},"end":{"line":43,"column":21}},"22":{"start":{"line":44,"column":12},"end":{"line":44,"column":19}},"23":{"start":{"line":46,"column":35},"end":{"line":46,"column":52}},"24":{"start":{"line":59,"column":4},"end":{"line":59,"column":38}},"25":{"start":{"line":67,"column":4},"end":{"line":67,"column":46}},"26":{"start":{"line":71,"column":4},"end":{"line":71,"column":50}},"27":{"start":{"line":75,"column":4},"end":{"line":75,"column":45}},"28":{"start":{"line":79,"column":4},"end":{"line":79,"column":48}},"29":{"start":{"line":83,"column":4},"end":{"line":83,"column":46}},"30":{"start":{"line":87,"column":4},"end":{"line":87,"column":45}},"31":{"start":{"line":92,"column":17},"end":{"line":92,"column":35}},"32":{"start":{"line":93,"column":45},"end":{"line":93,"column":47}},"33":{"start":{"line":95,"column":4},"end":{"line":101,"column":5}},"34":{"start":{"line":96,"column":6},"end":{"line":100,"column":8}},"35":{"start":{"line":103,"column":31},"end":{"line":132,"column":6}},"36":{"start":{"line":134,"column":4},"end":{"line":139,"column":6}},"37":{"start":{"line":135,"column":33},"end":{"line":135,"column":58}},"38":{"start":{"line":144,"column":37},"end":{"line":156,"column":6}},"39":{"start":{"line":157,"column":4},"end":{"line":157,"column":38}},"40":{"start":{"line":188,"column":21},"end":{"line":190,"column":6}},"41":{"start":{"line":192,"column":4},"end":{"line":194,"column":5}},"42":{"start":{"line":193,"column":6},"end":{"line":193,"column":79}},"43":{"start":{"line":196,"column":19},"end":{"line":196,"column":41}},"44":{"start":{"line":197,"column":18},"end":{"line":197,"column":76}},"45":{"start":{"line":198,"column":25},"end":{"line":201,"column":14}},"46":{"start":{"line":200,"column":12},"end":{"line":200,"column":59}},"47":{"start":{"line":205,"column":6},"end":{"line":215,"column":12}},"48":{"start":{"line":208,"column":14},"end":{"line":211,"column":null}},"49":{"start":{"line":218,"column":19},"end":{"line":218,"column":59}},"50":{"start":{"line":220,"column":6},"end":{"line":223,"column":19}},"51":{"start":{"line":225,"column":19},"end":{"line":316,"column":6}},"52":{"start":{"line":227,"column":19},"end":{"line":238,"column":8}},"53":{"start":{"line":242,"column":6},"end":{"line":248,"column":7}},"54":{"start":{"line":243,"column":8},"end":{"line":247,"column":9}},"55":{"start":{"line":244,"column":10},"end":{"line":244,"column":57}},"56":{"start":{"line":249,"column":6},"end":{"line":259,"column":7}},"57":{"start":{"line":250,"column":8},"end":{"line":258,"column":10}},"58":{"start":{"line":261,"column":23},"end":{"line":288,"column":8}},"59":{"start":{"line":278,"column":41},"end":{"line":281,"column":14}},"60":{"start":{"line":291,"column":6},"end":{"line":300,"column":7}},"61":{"start":{"line":292,"column":8},"end":{"line":299,"column":11}},"62":{"start":{"line":293,"column":47},"end":{"line":298,"column":12}},"63":{"start":{"line":304,"column":22},"end":{"line":304,"column":32}},"64":{"start":{"line":305,"column":6},"end":{"line":305,"column":47}},"65":{"start":{"line":306,"column":6},"end":{"line":313,"column":9}},"66":{"start":{"line":315,"column":6},"end":{"line":315,"column":43}},"67":{"start":{"line":318,"column":4},"end":{"line":318,"column":39}},"68":{"start":{"line":357,"column":19},"end":{"line":360,"column":6}},"69":{"start":{"line":361,"column":4},"end":{"line":361,"column":72}},"70":{"start":{"line":361,"column":17},"end":{"line":361,"column":72}},"71":{"start":{"line":365,"column":64},"end":{"line":365,"column":68}},"72":{"start":{"line":367,"column":20},"end":{"line":400,"column":6}},"73":{"start":{"line":370,"column":6},"end":{"line":386,"column":7}},"74":{"start":{"line":371,"column":22},"end":{"line":371,"column":69}},"75":{"start":{"line":372,"column":23},"end":{"line":372,"column":62}},"76":{"start":{"line":374,"column":10},"end":{"line":377,"column":23}},"77":{"start":{"line":378,"column":8},"end":{"line":378,"column":76}},"78":{"start":{"line":379,"column":8},"end":{"line":385,"column":11}},"79":{"start":{"line":380,"column":37},"end":{"line":384,"column":12}},"80":{"start":{"line":388,"column":6},"end":{"line":399,"column":9}},"81":{"start":{"line":402,"column":4},"end":{"line":402,"column":37}},"82":{"start":{"line":403,"column":4},"end":{"line":403,"column":19}},"83":{"start":{"line":408,"column":4},"end":{"line":408,"column":46}},"84":{"start":{"line":413,"column":23},"end":{"line":413,"column":56}},"85":{"start":{"line":414,"column":4},"end":{"line":418,"column":5}},"86":{"start":{"line":415,"column":6},"end":{"line":417,"column":8}},"87":{"start":{"line":420,"column":21},"end":{"line":423,"column":6}},"88":{"start":{"line":424,"column":4},"end":{"line":424,"column":74}},"89":{"start":{"line":424,"column":19},"end":{"line":424,"column":74}},"90":{"start":{"line":426,"column":19},"end":{"line":426,"column":58}},"91":{"start":{"line":427,"column":21},"end":{"line":427,"column":54}},"92":{"start":{"line":430,"column":4},"end":{"line":433,"column":7}},"93":{"start":{"line":435,"column":20},"end":{"line":435,"column":30}},"94":{"start":{"line":436,"column":4},"end":{"line":436,"column":45}},"95":{"start":{"line":438,"column":4},"end":{"line":456,"column":5}},"96":{"start":{"line":439,"column":6},"end":{"line":446,"column":9}},"97":{"start":{"line":448,"column":6},"end":{"line":455,"column":9}},"98":{"start":{"line":459,"column":4},"end":{"line":483,"column":5}},"99":{"start":{"line":460,"column":24},"end":{"line":460,"column":67}},"100":{"start":{"line":461,"column":20},"end":{"line":461,"column":63}},"101":{"start":{"line":462,"column":19},"end":{"line":462,"column":130}},"102":{"start":{"line":464,"column":6},"end":{"line":474,"column":9}},"103":{"start":{"line":476,"column":6},"end":{"line":482,"column":9}},"104":{"start":{"line":485,"column":4},"end":{"line":485,"column":43}},"105":{"start":{"line":490,"column":21},"end":{"line":490,"column":77}},"106":{"start":{"line":491,"column":4},"end":{"line":491,"column":74}},"107":{"start":{"line":491,"column":19},"end":{"line":491,"column":74}},"108":{"start":{"line":493,"column":4},"end":{"line":496,"column":7}},"109":{"start":{"line":503,"column":4},"end":{"line":503,"column":56}},"110":{"start":{"line":510,"column":4},"end":{"line":510,"column":48}},"111":{"start":{"line":514,"column":4},"end":{"line":514,"column":46}},"112":{"start":{"line":518,"column":4},"end":{"line":518,"column":53}},"113":{"start":{"line":522,"column":4},"end":{"line":522,"column":50}},"114":{"start":{"line":526,"column":4},"end":{"line":526,"column":53}},"115":{"start":{"line":538,"column":17},"end":{"line":538,"column":35}},"116":{"start":{"line":539,"column":41},"end":{"line":539,"column":43}},"117":{"start":{"line":541,"column":4},"end":{"line":547,"column":5}},"118":{"start":{"line":542,"column":6},"end":{"line":546,"column":8}},"119":{"start":{"line":562,"column":27},"end":{"line":562,"column":46}},"120":{"start":{"line":563,"column":4},"end":{"line":572,"column":5}},"121":{"start":{"line":564,"column":6},"end":{"line":564,"column":31}},"122":{"start":{"line":565,"column":6},"end":{"line":565,"column":37}},"123":{"start":{"line":566,"column":11},"end":{"line":572,"column":5}},"124":{"start":{"line":567,"column":6},"end":{"line":567,"column":37}},"125":{"start":{"line":568,"column":11},"end":{"line":572,"column":5}},"126":{"start":{"line":569,"column":6},"end":{"line":569,"column":37}},"127":{"start":{"line":570,"column":11},"end":{"line":572,"column":5}},"128":{"start":{"line":571,"column":6},"end":{"line":571,"column":63}},"129":{"start":{"line":574,"column":4},"end":{"line":574,"column":58}},"130":{"start":{"line":574,"column":32},"end":{"line":574,"column":58}},"131":{"start":{"line":576,"column":27},"end":{"line":632,"column":6}},"132":{"start":{"line":634,"column":19},"end":{"line":637,"column":7}},"133":{"start":{"line":634,"column":55},"end":{"line":637,"column":6}},"134":{"start":{"line":638,"column":4},"end":{"line":638,"column":77}},"135":{"start":{"line":642,"column":17},"end":{"line":642,"column":69}},"136":{"start":{"line":643,"column":4},"end":{"line":643,"column":68}},"137":{"start":{"line":643,"column":15},"end":{"line":643,"column":68}},"138":{"start":{"line":644,"column":4},"end":{"line":645,"column":77}},"139":{"start":{"line":645,"column":6},"end":{"line":645,"column":77}},"140":{"start":{"line":650,"column":23},"end":{"line":650,"column":70}},"141":{"start":{"line":651,"column":18},"end":{"line":651,"column":47}},"142":{"start":{"line":652,"column":17},"end":{"line":652,"column":86}},"143":{"start":{"line":654,"column":4},"end":{"line":659,"column":7}},"144":{"start":{"line":660,"column":4},"end":{"line":662,"column":23}},"145":{"start":{"line":667,"column":4},"end":{"line":667,"column":53}},"146":{"start":{"line":669,"column":4},"end":{"line":669,"column":73}},"147":{"start":{"line":673,"column":17},"end":{"line":673,"column":69}},"148":{"start":{"line":674,"column":4},"end":{"line":674,"column":68}},"149":{"start":{"line":674,"column":15},"end":{"line":674,"column":68}},"150":{"start":{"line":675,"column":4},"end":{"line":678,"column":8}},"151":{"start":{"line":676,"column":6},"end":{"line":678,"column":8}},"152":{"start":{"line":680,"column":20},"end":{"line":684,"column":6}},"153":{"start":{"line":687,"column":4},"end":{"line":689,"column":5}},"154":{"start":{"line":688,"column":6},"end":{"line":688,"column":49}},"155":{"start":{"line":691,"column":4},"end":{"line":691,"column":19}},"156":{"start":{"line":708,"column":4},"end":{"line":714,"column":6}},"157":{"start":{"line":717,"column":17},"end":{"line":717,"column":35}},"158":{"start":{"line":718,"column":18},"end":{"line":718,"column":48}},"159":{"start":{"line":720,"column":48},"end":{"line":740,"column":6}},"160":{"start":{"line":742,"column":4},"end":{"line":748,"column":6}},"161":{"start":{"line":752,"column":4},"end":{"line":755,"column":7}},"162":{"start":{"line":764,"column":19},"end":{"line":767,"column":6}},"163":{"start":{"line":768,"column":4},"end":{"line":768,"column":52}},"164":{"start":{"line":775,"column":4},"end":{"line":775,"column":37}},"165":{"start":{"line":780,"column":4},"end":{"line":780,"column":41}},"166":{"start":{"line":784,"column":4},"end":{"line":784,"column":45}},"167":{"start":{"line":793,"column":4},"end":{"line":793,"column":43}},"168":{"start":{"line":803,"column":4},"end":{"line":803,"column":48}},"169":{"start":{"line":817,"column":4},"end":{"line":817,"column":52}},"170":{"start":{"line":821,"column":4},"end":{"line":821,"column":52}},"171":{"start":{"line":825,"column":4},"end":{"line":825,"column":46}},"172":{"start":{"line":836,"column":21},"end":{"line":839,"column":6}},"173":{"start":{"line":840,"column":4},"end":{"line":840,"column":74}},"174":{"start":{"line":840,"column":19},"end":{"line":840,"column":74}},"175":{"start":{"line":846,"column":4},"end":{"line":846,"column":57}},"176":{"start":{"line":849,"column":4},"end":{"line":853,"column":7}},"177":{"start":{"line":859,"column":23},"end":{"line":859,"column":70}},"178":{"start":{"line":860,"column":18},"end":{"line":860,"column":47}},"179":{"start":{"line":862,"column":6},"end":{"line":863,"column":71}},"180":{"start":{"line":865,"column":4},"end":{"line":871,"column":7}},"181":{"start":{"line":874,"column":4},"end":{"line":878,"column":7}},"182":{"start":{"line":880,"column":4},"end":{"line":880,"column":75}},"183":{"start":{"line":887,"column":4},"end":{"line":887,"column":49}},"184":{"start":{"line":891,"column":4},"end":{"line":891,"column":55}},"185":{"start":{"line":895,"column":4},"end":{"line":895,"column":62}},"186":{"start":{"line":900,"column":4},"end":{"line":900,"column":68}},"187":{"start":{"line":904,"column":4},"end":{"line":904,"column":53}},"188":{"start":{"line":908,"column":4},"end":{"line":908,"column":67}},"189":{"start":{"line":912,"column":4},"end":{"line":912,"column":59}},"190":{"start":{"line":929,"column":4},"end":{"line":931,"column":5}},"191":{"start":{"line":930,"column":6},"end":{"line":930,"column":64}},"192":{"start":{"line":932,"column":4},"end":{"line":934,"column":5}},"193":{"start":{"line":933,"column":6},"end":{"line":933,"column":65}},"194":{"start":{"line":935,"column":23},"end":{"line":935,"column":35}},"195":{"start":{"line":936,"column":22},"end":{"line":936,"column":36}},"196":{"start":{"line":937,"column":23},"end":{"line":937,"column":47}},"197":{"start":{"line":939,"column":19},"end":{"line":944,"column":6}},"198":{"start":{"line":949,"column":4},"end":{"line":962,"column":25}},"199":{"start":{"line":955,"column":8},"end":{"line":959,"column":null}},"200":{"start":{"line":956,"column":27},"end":{"line":956,"column":34}},"201":{"start":{"line":956,"column":63},"end":{"line":956,"column":66}},"202":{"start":{"line":962,"column":19},"end":{"line":962,"column":23}},"203":{"start":{"line":970,"column":4},"end":{"line":981,"column":25}},"204":{"start":{"line":981,"column":19},"end":{"line":981,"column":23}},"205":{"start":{"line":983,"column":4},"end":{"line":983,"column":18}},"206":{"start":{"line":998,"column":4},"end":{"line":1000,"column":5}},"207":{"start":{"line":999,"column":6},"end":{"line":999,"column":64}},"208":{"start":{"line":1001,"column":4},"end":{"line":1003,"column":5}},"209":{"start":{"line":1002,"column":6},"end":{"line":1002,"column":65}},"210":{"start":{"line":1004,"column":25},"end":{"line":1004,"column":39}},"211":{"start":{"line":1005,"column":22},"end":{"line":1005,"column":36}},"212":{"start":{"line":1006,"column":23},"end":{"line":1006,"column":52}},"213":{"start":{"line":1010,"column":6},"end":{"line":1014,"column":54}},"214":{"start":{"line":1016,"column":18},"end":{"line":1019,"column":6}},"215":{"start":{"line":1020,"column":23},"end":{"line":1022,"column":38}},"216":{"start":{"line":1021,"column":18},"end":{"line":1021,"column":25}},"217":{"start":{"line":1022,"column":34},"end":{"line":1022,"column":37}},"218":{"start":{"line":1025,"column":4},"end":{"line":1027,"column":25}},"219":{"start":{"line":1027,"column":19},"end":{"line":1027,"column":23}},"220":{"start":{"line":1032,"column":6},"end":{"line":1036,"column":32}},"221":{"start":{"line":1037,"column":4},"end":{"line":1048,"column":25}},"222":{"start":{"line":1048,"column":19},"end":{"line":1048,"column":23}},"223":{"start":{"line":1050,"column":4},"end":{"line":1050,"column":45}},"224":{"start":{"line":33,"column":13},"end":{"line":33,"column":25}},"225":{"start":{"line":33,"column":13},"end":{"line":1052,"column":null}}},"fnMap":{"0":{"name":"(anonymous_13)","decl":{"start":{"line":34,"column":2},"end":{"line":34,"column":null}},"loc":{"start":{"line":46,"column":52},"end":{"line":47,"column":6}}},"1":{"name":"(anonymous_14)","decl":{"start":{"line":56,"column":10},"end":{"line":56,"column":27}},"loc":{"start":{"line":58,"column":8},"end":{"line":60,"column":3}}},"2":{"name":"(anonymous_15)","decl":{"start":{"line":66,"column":2},"end":{"line":66,"column":7}},"loc":{"start":{"line":66,"column":25},"end":{"line":68,"column":3}}},"3":{"name":"(anonymous_16)","decl":{"start":{"line":70,"column":2},"end":{"line":70,"column":7}},"loc":{"start":{"line":70,"column":29},"end":{"line":72,"column":3}}},"4":{"name":"(anonymous_17)","decl":{"start":{"line":74,"column":2},"end":{"line":74,"column":7}},"loc":{"start":{"line":74,"column":24},"end":{"line":76,"column":3}}},"5":{"name":"(anonymous_18)","decl":{"start":{"line":78,"column":2},"end":{"line":78,"column":7}},"loc":{"start":{"line":78,"column":27},"end":{"line":80,"column":3}}},"6":{"name":"(anonymous_19)","decl":{"start":{"line":82,"column":2},"end":{"line":82,"column":7}},"loc":{"start":{"line":82,"column":25},"end":{"line":84,"column":3}}},"7":{"name":"(anonymous_20)","decl":{"start":{"line":86,"column":2},"end":{"line":86,"column":7}},"loc":{"start":{"line":86,"column":30},"end":{"line":88,"column":3}}},"8":{"name":"(anonymous_21)","decl":{"start":{"line":91,"column":2},"end":{"line":91,"column":7}},"loc":{"start":{"line":91,"column":61},"end":{"line":140,"column":3}}},"9":{"name":"(anonymous_22)","decl":{"start":{"line":135,"column":26},"end":{"line":135,"column":27}},"loc":{"start":{"line":135,"column":33},"end":{"line":135,"column":58}}},"10":{"name":"(anonymous_23)","decl":{"start":{"line":143,"column":2},"end":{"line":143,"column":7}},"loc":{"start":{"line":143,"column":22},"end":{"line":158,"column":3}}},"11":{"name":"(anonymous_24)","decl":{"start":{"line":161,"column":2},"end":{"line":161,"column":7}},"loc":{"start":{"line":186,"column":32},"end":{"line":319,"column":3}}},"12":{"name":"(anonymous_25)","decl":{"start":{"line":196,"column":19},"end":{"line":196,"column":32}},"loc":{"start":{"line":196,"column":19},"end":{"line":196,"column":41}}},"13":{"name":"(anonymous_26)","decl":{"start":{"line":200,"column":6},"end":{"line":200,"column":9}},"loc":{"start":{"line":200,"column":12},"end":{"line":200,"column":59}}},"14":{"name":"(anonymous_27)","decl":{"start":{"line":207,"column":22},"end":{"line":207,"column":23}},"loc":{"start":{"line":208,"column":14},"end":{"line":211,"column":null}}},"15":{"name":"(anonymous_28)","decl":{"start":{"line":225,"column":50},"end":{"line":225,"column":55}},"loc":{"start":{"line":225,"column":63},"end":{"line":316,"column":5}}},"16":{"name":"(anonymous_29)","decl":{"start":{"line":278,"column":31},"end":{"line":278,"column":32}},"loc":{"start":{"line":278,"column":41},"end":{"line":281,"column":14}}},"17":{"name":"(anonymous_30)","decl":{"start":{"line":293,"column":30},"end":{"line":293,"column":31}},"loc":{"start":{"line":293,"column":47},"end":{"line":298,"column":12}}},"18":{"name":"(anonymous_31)","decl":{"start":{"line":322,"column":2},"end":{"line":322,"column":7}},"loc":{"start":{"line":355,"column":5},"end":{"line":404,"column":3}}},"19":{"name":"(anonymous_32)","decl":{"start":{"line":367,"column":51},"end":{"line":367,"column":56}},"loc":{"start":{"line":367,"column":64},"end":{"line":400,"column":5}}},"20":{"name":"(anonymous_33)","decl":{"start":{"line":380,"column":27},"end":{"line":380,"column":28}},"loc":{"start":{"line":380,"column":37},"end":{"line":384,"column":12}}},"21":{"name":"(anonymous_34)","decl":{"start":{"line":407,"column":10},"end":{"line":407,"column":24}},"loc":{"start":{"line":407,"column":53},"end":{"line":409,"column":3}}},"22":{"name":"(anonymous_35)","decl":{"start":{"line":412,"column":2},"end":{"line":412,"column":7}},"loc":{"start":{"line":412,"column":59},"end":{"line":486,"column":3}}},"23":{"name":"(anonymous_36)","decl":{"start":{"line":489,"column":2},"end":{"line":489,"column":7}},"loc":{"start":{"line":489,"column":43},"end":{"line":497,"column":3}}},"24":{"name":"(anonymous_37)","decl":{"start":{"line":502,"column":10},"end":{"line":502,"column":15}},"loc":{"start":{"line":502,"column":35},"end":{"line":504,"column":3}}},"25":{"name":"(anonymous_38)","decl":{"start":{"line":509,"column":2},"end":{"line":509,"column":7}},"loc":{"start":{"line":509,"column":31},"end":{"line":511,"column":3}}},"26":{"name":"(anonymous_39)","decl":{"start":{"line":513,"column":2},"end":{"line":513,"column":7}},"loc":{"start":{"line":513,"column":38},"end":{"line":515,"column":3}}},"27":{"name":"(anonymous_40)","decl":{"start":{"line":517,"column":2},"end":{"line":517,"column":7}},"loc":{"start":{"line":517,"column":53},"end":{"line":519,"column":3}}},"28":{"name":"(anonymous_41)","decl":{"start":{"line":521,"column":2},"end":{"line":521,"column":7}},"loc":{"start":{"line":521,"column":50},"end":{"line":523,"column":3}}},"29":{"name":"(anonymous_42)","decl":{"start":{"line":525,"column":2},"end":{"line":525,"column":7}},"loc":{"start":{"line":525,"column":54},"end":{"line":527,"column":3}}},"30":{"name":"(anonymous_43)","decl":{"start":{"line":531,"column":2},"end":{"line":531,"column":7}},"loc":{"start":{"line":536,"column":22},"end":{"line":639,"column":3}}},"31":{"name":"(anonymous_44)","decl":{"start":{"line":634,"column":29},"end":{"line":634,"column":30}},"loc":{"start":{"line":634,"column":55},"end":{"line":637,"column":6}}},"32":{"name":"(anonymous_45)","decl":{"start":{"line":641,"column":2},"end":{"line":641,"column":7}},"loc":{"start":{"line":641,"column":46},"end":{"line":670,"column":3}}},"33":{"name":"(anonymous_46)","decl":{"start":{"line":662,"column":13},"end":{"line":662,"column":16}},"loc":{"start":{"line":662,"column":18},"end":{"line":662,"column":21}}},"34":{"name":"(anonymous_47)","decl":{"start":{"line":672,"column":2},"end":{"line":672,"column":7}},"loc":{"start":{"line":672,"column":54},"end":{"line":692,"column":3}}},"35":{"name":"(anonymous_48)","decl":{"start":{"line":716,"column":2},"end":{"line":716,"column":7}},"loc":{"start":{"line":716,"column":45},"end":{"line":749,"column":3}}},"36":{"name":"(anonymous_49)","decl":{"start":{"line":751,"column":2},"end":{"line":751,"column":7}},"loc":{"start":{"line":751,"column":39},"end":{"line":756,"column":3}}},"37":{"name":"(anonymous_50)","decl":{"start":{"line":758,"column":2},"end":{"line":758,"column":7}},"loc":{"start":{"line":758,"column":32},"end":{"line":769,"column":3}}},"38":{"name":"(anonymous_51)","decl":{"start":{"line":774,"column":2},"end":{"line":774,"column":7}},"loc":{"start":{"line":774,"column":18},"end":{"line":776,"column":3}}},"39":{"name":"(anonymous_52)","decl":{"start":{"line":779,"column":2},"end":{"line":779,"column":7}},"loc":{"start":{"line":779,"column":22},"end":{"line":781,"column":3}}},"40":{"name":"(anonymous_53)","decl":{"start":{"line":783,"column":2},"end":{"line":783,"column":7}},"loc":{"start":{"line":783,"column":26},"end":{"line":785,"column":3}}},"41":{"name":"(anonymous_54)","decl":{"start":{"line":792,"column":2},"end":{"line":792,"column":7}},"loc":{"start":{"line":792,"column":21},"end":{"line":794,"column":3}}},"42":{"name":"(anonymous_55)","decl":{"start":{"line":796,"column":2},"end":{"line":796,"column":7}},"loc":{"start":{"line":802,"column":3},"end":{"line":804,"column":3}}},"43":{"name":"(anonymous_56)","decl":{"start":{"line":806,"column":2},"end":{"line":806,"column":7}},"loc":{"start":{"line":815,"column":5},"end":{"line":818,"column":3}}},"44":{"name":"(anonymous_57)","decl":{"start":{"line":820,"column":2},"end":{"line":820,"column":7}},"loc":{"start":{"line":820,"column":39},"end":{"line":822,"column":3}}},"45":{"name":"(anonymous_58)","decl":{"start":{"line":824,"column":2},"end":{"line":824,"column":7}},"loc":{"start":{"line":824,"column":33},"end":{"line":826,"column":3}}},"46":{"name":"(anonymous_59)","decl":{"start":{"line":835,"column":2},"end":{"line":835,"column":7}},"loc":{"start":{"line":835,"column":50},"end":{"line":881,"column":3}}},"47":{"name":"(anonymous_60)","decl":{"start":{"line":886,"column":2},"end":{"line":886,"column":7}},"loc":{"start":{"line":886,"column":39},"end":{"line":888,"column":3}}},"48":{"name":"(anonymous_61)","decl":{"start":{"line":890,"column":2},"end":{"line":890,"column":7}},"loc":{"start":{"line":890,"column":44},"end":{"line":892,"column":3}}},"49":{"name":"(anonymous_62)","decl":{"start":{"line":894,"column":2},"end":{"line":894,"column":7}},"loc":{"start":{"line":894,"column":60},"end":{"line":896,"column":3}}},"50":{"name":"(anonymous_63)","decl":{"start":{"line":899,"column":2},"end":{"line":899,"column":7}},"loc":{"start":{"line":899,"column":69},"end":{"line":901,"column":3}}},"51":{"name":"(anonymous_64)","decl":{"start":{"line":903,"column":2},"end":{"line":903,"column":7}},"loc":{"start":{"line":903,"column":43},"end":{"line":905,"column":3}}},"52":{"name":"(anonymous_65)","decl":{"start":{"line":907,"column":2},"end":{"line":907,"column":7}},"loc":{"start":{"line":907,"column":68},"end":{"line":909,"column":3}}},"53":{"name":"(anonymous_66)","decl":{"start":{"line":911,"column":2},"end":{"line":911,"column":7}},"loc":{"start":{"line":911,"column":49},"end":{"line":913,"column":3}}},"54":{"name":"(anonymous_67)","decl":{"start":{"line":924,"column":2},"end":{"line":924,"column":7}},"loc":{"start":{"line":927,"column":21},"end":{"line":984,"column":3}}},"55":{"name":"(anonymous_68)","decl":{"start":{"line":954,"column":12},"end":{"line":954,"column":13}},"loc":{"start":{"line":955,"column":8},"end":{"line":959,"column":null}}},"56":{"name":"(anonymous_69)","decl":{"start":{"line":956,"column":20},"end":{"line":956,"column":21}},"loc":{"start":{"line":956,"column":27},"end":{"line":956,"column":34}}},"57":{"name":"(anonymous_70)","decl":{"start":{"line":956,"column":43},"end":{"line":956,"column":44}},"loc":{"start":{"line":956,"column":63},"end":{"line":956,"column":66}}},"58":{"name":"(anonymous_71)","decl":{"start":{"line":962,"column":13},"end":{"line":962,"column":16}},"loc":{"start":{"line":962,"column":19},"end":{"line":962,"column":23}}},"59":{"name":"(anonymous_72)","decl":{"start":{"line":981,"column":13},"end":{"line":981,"column":16}},"loc":{"start":{"line":981,"column":19},"end":{"line":981,"column":23}}},"60":{"name":"(anonymous_73)","decl":{"start":{"line":992,"column":2},"end":{"line":992,"column":7}},"loc":{"start":{"line":996,"column":21},"end":{"line":1051,"column":3}}},"61":{"name":"(anonymous_74)","decl":{"start":{"line":1021,"column":11},"end":{"line":1021,"column":12}},"loc":{"start":{"line":1021,"column":18},"end":{"line":1021,"column":25}}},"62":{"name":"(anonymous_75)","decl":{"start":{"line":1022,"column":14},"end":{"line":1022,"column":15}},"loc":{"start":{"line":1022,"column":34},"end":{"line":1022,"column":37}}},"63":{"name":"(anonymous_76)","decl":{"start":{"line":1027,"column":13},"end":{"line":1027,"column":16}},"loc":{"start":{"line":1027,"column":19},"end":{"line":1027,"column":23}}},"64":{"name":"(anonymous_77)","decl":{"start":{"line":1048,"column":13},"end":{"line":1048,"column":16}},"loc":{"start":{"line":1048,"column":19},"end":{"line":1048,"column":23}}}},"branchMap":{"0":{"loc":{"start":{"line":86,"column":21},"end":{"line":86,"column":30}},"type":"default-arg","locations":[{"start":{"line":86,"column":28},"end":{"line":86,"column":30}}]},"1":{"loc":{"start":{"line":91,"column":24},"end":{"line":91,"column":32}},"type":"default-arg","locations":[{"start":{"line":91,"column":31},"end":{"line":91,"column":32}}]},"2":{"loc":{"start":{"line":91,"column":34},"end":{"line":91,"column":44}},"type":"default-arg","locations":[{"start":{"line":91,"column":42},"end":{"line":91,"column":44}}]},"3":{"loc":{"start":{"line":95,"column":4},"end":{"line":101,"column":5}},"type":"if","locations":[{"start":{"line":95,"column":4},"end":{"line":101,"column":5}},{"start":{},"end":{}}]},"4":{"loc":{"start":{"line":192,"column":4},"end":{"line":194,"column":5}},"type":"if","locations":[{"start":{"line":192,"column":4},"end":{"line":194,"column":5}},{"start":{},"end":{}}]},"5":{"loc":{"start":{"line":205,"column":6},"end":{"line":215,"column":12}},"type":"cond-expr","locations":[{"start":{"line":206,"column":10},"end":{"line":213,"column":null}},{"start":{"line":215,"column":10},"end":{"line":215,"column":12}}]},"6":{"loc":{"start":{"line":205,"column":6},"end":{"line":205,"column":31}},"type":"binary-expr","locations":[{"start":{"line":205,"column":6},"end":{"line":205,"column":11}},{"start":{"line":205,"column":15},"end":{"line":205,"column":31}}]},"7":{"loc":{"start":{"line":220,"column":6},"end":{"line":223,"column":19}},"type":"cond-expr","locations":[{"start":{"line":222,"column":10},"end":{"line":222,"column":40}},{"start":{"line":223,"column":10},"end":{"line":223,"column":19}}]},"8":{"loc":{"start":{"line":220,"column":6},"end":{"line":221,"column":53}},"type":"binary-expr","locations":[{"start":{"line":220,"column":6},"end":{"line":220,"column":36}},{"start":{"line":221,"column":6},"end":{"line":221,"column":53}}]},"9":{"loc":{"start":{"line":234,"column":22},"end":{"line":234,"column":45}},"type":"binary-expr","locations":[{"start":{"line":234,"column":22},"end":{"line":234,"column":37}},{"start":{"line":234,"column":41},"end":{"line":234,"column":45}}]},"10":{"loc":{"start":{"line":235,"column":20},"end":{"line":235,"column":41}},"type":"binary-expr","locations":[{"start":{"line":235,"column":20},"end":{"line":235,"column":33}},{"start":{"line":235,"column":37},"end":{"line":235,"column":41}}]},"11":{"loc":{"start":{"line":236,"column":20},"end":{"line":236,"column":41}},"type":"binary-expr","locations":[{"start":{"line":236,"column":20},"end":{"line":236,"column":33}},{"start":{"line":236,"column":37},"end":{"line":236,"column":41}}]},"12":{"loc":{"start":{"line":242,"column":6},"end":{"line":248,"column":7}},"type":"if","locations":[{"start":{"line":242,"column":6},"end":{"line":248,"column":7}},{"start":{},"end":{}}]},"13":{"loc":{"start":{"line":249,"column":6},"end":{"line":259,"column":7}},"type":"if","locations":[{"start":{"line":249,"column":6},"end":{"line":259,"column":7}},{"start":{},"end":{}}]},"14":{"loc":{"start":{"line":266,"column":20},"end":{"line":266,"column":41}},"type":"binary-expr","locations":[{"start":{"line":266,"column":20},"end":{"line":266,"column":33}},{"start":{"line":266,"column":37},"end":{"line":266,"column":41}}]},"15":{"loc":{"start":{"line":267,"column":23},"end":{"line":267,"column":47}},"type":"binary-expr","locations":[{"start":{"line":267,"column":23},"end":{"line":267,"column":39}},{"start":{"line":267,"column":43},"end":{"line":267,"column":47}}]},"16":{"loc":{"start":{"line":268,"column":19},"end":{"line":268,"column":39}},"type":"binary-expr","locations":[{"start":{"line":268,"column":19},"end":{"line":268,"column":31}},{"start":{"line":268,"column":35},"end":{"line":268,"column":39}}]},"17":{"loc":{"start":{"line":271,"column":15},"end":{"line":271,"column":31}},"type":"binary-expr","locations":[{"start":{"line":271,"column":15},"end":{"line":271,"column":23}},{"start":{"line":271,"column":27},"end":{"line":271,"column":31}}]},"18":{"loc":{"start":{"line":272,"column":15},"end":{"line":272,"column":31}},"type":"binary-expr","locations":[{"start":{"line":272,"column":15},"end":{"line":272,"column":23}},{"start":{"line":272,"column":27},"end":{"line":272,"column":31}}]},"19":{"loc":{"start":{"line":273,"column":27},"end":{"line":273,"column":55}},"type":"binary-expr","locations":[{"start":{"line":273,"column":27},"end":{"line":273,"column":47}},{"start":{"line":273,"column":51},"end":{"line":273,"column":55}}]},"20":{"loc":{"start":{"line":274,"column":23},"end":{"line":274,"column":47}},"type":"binary-expr","locations":[{"start":{"line":274,"column":23},"end":{"line":274,"column":39}},{"start":{"line":274,"column":43},"end":{"line":274,"column":47}}]},"21":{"loc":{"start":{"line":275,"column":23},"end":{"line":275,"column":79}},"type":"binary-expr","locations":[{"start":{"line":275,"column":23},"end":{"line":275,"column":48}},{"start":{"line":275,"column":52},"end":{"line":275,"column":79}}]},"22":{"loc":{"start":{"line":291,"column":6},"end":{"line":300,"column":7}},"type":"if","locations":[{"start":{"line":291,"column":6},"end":{"line":300,"column":7}},{"start":{},"end":{}}]},"23":{"loc":{"start":{"line":361,"column":4},"end":{"line":361,"column":72}},"type":"if","locations":[{"start":{"line":361,"column":4},"end":{"line":361,"column":72}},{"start":{},"end":{}}]},"24":{"loc":{"start":{"line":370,"column":6},"end":{"line":386,"column":7}},"type":"if","locations":[{"start":{"line":370,"column":6},"end":{"line":386,"column":7}},{"start":{},"end":{}}]},"25":{"loc":{"start":{"line":370,"column":10},"end":{"line":370,"column":47}},"type":"binary-expr","locations":[{"start":{"line":370,"column":10},"end":{"line":370,"column":21}},{"start":{"line":370,"column":25},"end":{"line":370,"column":47}}]},"26":{"loc":{"start":{"line":371,"column":22},"end":{"line":371,"column":69}},"type":"cond-expr","locations":[{"start":{"line":371,"column":64},"end":{"line":371,"column":65}},{"start":{"line":371,"column":68},"end":{"line":371,"column":69}}]},"27":{"loc":{"start":{"line":374,"column":10},"end":{"line":377,"column":23}},"type":"cond-expr","locations":[{"start":{"line":376,"column":14},"end":{"line":376,"column":39}},{"start":{"line":377,"column":14},"end":{"line":377,"column":23}}]},"28":{"loc":{"start":{"line":374,"column":10},"end":{"line":375,"column":52}},"type":"binary-expr","locations":[{"start":{"line":374,"column":10},"end":{"line":374,"column":35}},{"start":{"line":375,"column":10},"end":{"line":375,"column":52}}]},"29":{"loc":{"start":{"line":414,"column":4},"end":{"line":418,"column":5}},"type":"if","locations":[{"start":{"line":414,"column":4},"end":{"line":418,"column":5}},{"start":{},"end":{}}]},"30":{"loc":{"start":{"line":424,"column":4},"end":{"line":424,"column":74}},"type":"if","locations":[{"start":{"line":424,"column":4},"end":{"line":424,"column":74}},{"start":{},"end":{}}]},"31":{"loc":{"start":{"line":426,"column":19},"end":{"line":426,"column":58}},"type":"cond-expr","locations":[{"start":{"line":426,"column":39},"end":{"line":426,"column":47}},{"start":{"line":426,"column":50},"end":{"line":426,"column":58}}]},"32":{"loc":{"start":{"line":438,"column":4},"end":{"line":456,"column":5}},"type":"if","locations":[{"start":{"line":438,"column":4},"end":{"line":456,"column":5}},{"start":{"line":447,"column":11},"end":{"line":456,"column":5}}]},"33":{"loc":{"start":{"line":444,"column":19},"end":{"line":444,"column":58}},"type":"cond-expr","locations":[{"start":{"line":444,"column":39},"end":{"line":444,"column":46}},{"start":{"line":444,"column":49},"end":{"line":444,"column":58}}]},"34":{"loc":{"start":{"line":459,"column":4},"end":{"line":483,"column":5}},"type":"if","locations":[{"start":{"line":459,"column":4},"end":{"line":483,"column":5}},{"start":{},"end":{}}]},"35":{"loc":{"start":{"line":459,"column":8},"end":{"line":459,"column":49}},"type":"binary-expr","locations":[{"start":{"line":459,"column":8},"end":{"line":459,"column":27}},{"start":{"line":459,"column":31},"end":{"line":459,"column":49}}]},"36":{"loc":{"start":{"line":460,"column":24},"end":{"line":460,"column":67}},"type":"cond-expr","locations":[{"start":{"line":460,"column":45},"end":{"line":460,"column":54}},{"start":{"line":460,"column":57},"end":{"line":460,"column":67}}]},"37":{"loc":{"start":{"line":491,"column":4},"end":{"line":491,"column":74}},"type":"if","locations":[{"start":{"line":491,"column":4},"end":{"line":491,"column":74}},{"start":{},"end":{}}]},"38":{"loc":{"start":{"line":532,"column":4},"end":{"line":532,"column":12}},"type":"default-arg","locations":[{"start":{"line":532,"column":11},"end":{"line":532,"column":12}}]},"39":{"loc":{"start":{"line":533,"column":4},"end":{"line":533,"column":14}},"type":"default-arg","locations":[{"start":{"line":533,"column":12},"end":{"line":533,"column":14}}]},"40":{"loc":{"start":{"line":541,"column":4},"end":{"line":547,"column":5}},"type":"if","locations":[{"start":{"line":541,"column":4},"end":{"line":547,"column":5}},{"start":{},"end":{}}]},"41":{"loc":{"start":{"line":563,"column":4},"end":{"line":572,"column":5}},"type":"if","locations":[{"start":{"line":563,"column":4},"end":{"line":572,"column":5}},{"start":{"line":566,"column":11},"end":{"line":572,"column":5}}]},"42":{"loc":{"start":{"line":563,"column":8},"end":{"line":563,"column":62}},"type":"binary-expr","locations":[{"start":{"line":563,"column":8},"end":{"line":563,"column":33}},{"start":{"line":563,"column":37},"end":{"line":563,"column":62}}]},"43":{"loc":{"start":{"line":566,"column":11},"end":{"line":572,"column":5}},"type":"if","locations":[{"start":{"line":566,"column":11},"end":{"line":572,"column":5}},{"start":{"line":568,"column":11},"end":{"line":572,"column":5}}]},"44":{"loc":{"start":{"line":568,"column":11},"end":{"line":572,"column":5}},"type":"if","locations":[{"start":{"line":568,"column":11},"end":{"line":572,"column":5}},{"start":{"line":570,"column":11},"end":{"line":572,"column":5}}]},"45":{"loc":{"start":{"line":570,"column":11},"end":{"line":572,"column":5}},"type":"if","locations":[{"start":{"line":570,"column":11},"end":{"line":572,"column":5}},{"start":{},"end":{}}]},"46":{"loc":{"start":{"line":570,"column":15},"end":{"line":570,"column":76}},"type":"binary-expr","locations":[{"start":{"line":570,"column":15},"end":{"line":570,"column":41}},{"start":{"line":570,"column":45},"end":{"line":570,"column":76}}]},"47":{"loc":{"start":{"line":574,"column":4},"end":{"line":574,"column":58}},"type":"if","locations":[{"start":{"line":574,"column":4},"end":{"line":574,"column":58}},{"start":{},"end":{}}]},"48":{"loc":{"start":{"line":636,"column":16},"end":{"line":636,"column":36}},"type":"binary-expr","locations":[{"start":{"line":636,"column":16},"end":{"line":636,"column":28}},{"start":{"line":636,"column":32},"end":{"line":636,"column":36}}]},"49":{"loc":{"start":{"line":643,"column":4},"end":{"line":643,"column":68}},"type":"if","locations":[{"start":{"line":643,"column":4},"end":{"line":643,"column":68}},{"start":{},"end":{}}]},"50":{"loc":{"start":{"line":644,"column":4},"end":{"line":645,"column":77}},"type":"if","locations":[{"start":{"line":644,"column":4},"end":{"line":645,"column":77}},{"start":{},"end":{}}]},"51":{"loc":{"start":{"line":650,"column":23},"end":{"line":650,"column":70}},"type":"binary-expr","locations":[{"start":{"line":650,"column":23},"end":{"line":650,"column":37}},{"start":{"line":650,"column":41},"end":{"line":650,"column":70}}]},"52":{"loc":{"start":{"line":674,"column":4},"end":{"line":674,"column":68}},"type":"if","locations":[{"start":{"line":674,"column":4},"end":{"line":674,"column":68}},{"start":{},"end":{}}]},"53":{"loc":{"start":{"line":675,"column":4},"end":{"line":678,"column":8}},"type":"if","locations":[{"start":{"line":675,"column":4},"end":{"line":678,"column":8}},{"start":{},"end":{}}]},"54":{"loc":{"start":{"line":687,"column":4},"end":{"line":689,"column":5}},"type":"if","locations":[{"start":{"line":687,"column":4},"end":{"line":689,"column":5}},{"start":{},"end":{}}]},"55":{"loc":{"start":{"line":716,"column":25},"end":{"line":716,"column":33}},"type":"default-arg","locations":[{"start":{"line":716,"column":32},"end":{"line":716,"column":33}}]},"56":{"loc":{"start":{"line":716,"column":35},"end":{"line":716,"column":45}},"type":"default-arg","locations":[{"start":{"line":716,"column":43},"end":{"line":716,"column":45}}]},"57":{"loc":{"start":{"line":840,"column":4},"end":{"line":840,"column":74}},"type":"if","locations":[{"start":{"line":840,"column":4},"end":{"line":840,"column":74}},{"start":{},"end":{}}]},"58":{"loc":{"start":{"line":859,"column":23},"end":{"line":859,"column":70}},"type":"binary-expr","locations":[{"start":{"line":859,"column":23},"end":{"line":859,"column":37}},{"start":{"line":859,"column":41},"end":{"line":859,"column":70}}]},"59":{"loc":{"start":{"line":862,"column":19},"end":{"line":862,"column":77}},"type":"cond-expr","locations":[{"start":{"line":862,"column":49},"end":{"line":862,"column":61}},{"start":{"line":862,"column":64},"end":{"line":862,"column":77}}]},"60":{"loc":{"start":{"line":899,"column":27},"end":{"line":899,"column":35}},"type":"default-arg","locations":[{"start":{"line":899,"column":34},"end":{"line":899,"column":35}}]},"61":{"loc":{"start":{"line":899,"column":37},"end":{"line":899,"column":47}},"type":"default-arg","locations":[{"start":{"line":899,"column":45},"end":{"line":899,"column":47}}]},"62":{"loc":{"start":{"line":907,"column":26},"end":{"line":907,"column":34}},"type":"default-arg","locations":[{"start":{"line":907,"column":33},"end":{"line":907,"column":34}}]},"63":{"loc":{"start":{"line":907,"column":36},"end":{"line":907,"column":46}},"type":"default-arg","locations":[{"start":{"line":907,"column":44},"end":{"line":907,"column":46}}]},"64":{"loc":{"start":{"line":929,"column":4},"end":{"line":931,"column":5}},"type":"if","locations":[{"start":{"line":929,"column":4},"end":{"line":931,"column":5}},{"start":{},"end":{}}]},"65":{"loc":{"start":{"line":932,"column":4},"end":{"line":934,"column":5}},"type":"if","locations":[{"start":{"line":932,"column":4},"end":{"line":934,"column":5}},{"start":{},"end":{}}]},"66":{"loc":{"start":{"line":937,"column":23},"end":{"line":937,"column":47}},"type":"binary-expr","locations":[{"start":{"line":937,"column":23},"end":{"line":937,"column":39}},{"start":{"line":937,"column":43},"end":{"line":937,"column":47}}]},"67":{"loc":{"start":{"line":959,"column":10},"end":{"line":959,"column":33}},"type":"binary-expr","locations":[{"start":{"line":959,"column":10},"end":{"line":959,"column":20}},{"start":{"line":959,"column":24},"end":{"line":959,"column":33}}]},"68":{"loc":{"start":{"line":995,"column":4},"end":{"line":995,"column":53}},"type":"default-arg","locations":[{"start":{"line":995,"column":48},"end":{"line":995,"column":53}}]},"69":{"loc":{"start":{"line":998,"column":4},"end":{"line":1000,"column":5}},"type":"if","locations":[{"start":{"line":998,"column":4},"end":{"line":1000,"column":5}},{"start":{},"end":{}}]},"70":{"loc":{"start":{"line":1001,"column":4},"end":{"line":1003,"column":5}},"type":"if","locations":[{"start":{"line":1001,"column":4},"end":{"line":1003,"column":5}},{"start":{},"end":{}}]},"71":{"loc":{"start":{"line":1006,"column":23},"end":{"line":1006,"column":52}},"type":"binary-expr","locations":[{"start":{"line":1006,"column":23},"end":{"line":1006,"column":39}},{"start":{"line":1006,"column":43},"end":{"line":1006,"column":52}}]},"72":{"loc":{"start":{"line":1010,"column":6},"end":{"line":1014,"column":54}},"type":"cond-expr","locations":[{"start":{"line":1011,"column":10},"end":{"line":1011,"column":29}},{"start":{"line":1012,"column":10},"end":{"line":1014,"column":54}}]},"73":{"loc":{"start":{"line":1012,"column":10},"end":{"line":1014,"column":54}},"type":"cond-expr","locations":[{"start":{"line":1013,"column":12},"end":{"line":1013,"column":33}},{"start":{"line":1014,"column":12},"end":{"line":1014,"column":54}}]},"74":{"loc":{"start":{"line":1032,"column":6},"end":{"line":1036,"column":32}},"type":"cond-expr","locations":[{"start":{"line":1033,"column":10},"end":{"line":1033,"column":24}},{"start":{"line":1034,"column":10},"end":{"line":1036,"column":32}}]},"75":{"loc":{"start":{"line":1034,"column":10},"end":{"line":1036,"column":32}},"type":"cond-expr","locations":[{"start":{"line":1035,"column":12},"end":{"line":1035,"column":29}},{"start":{"line":1036,"column":12},"end":{"line":1036,"column":32}}]}},"s":{"0":0,"1":0,"2":0,"3":0,"4":0,"5":0,"6":0,"7":0,"8":0,"9":0,"10":0,"11":0,"12":0,"13":0,"14":0,"15":0,"16":0,"17":0,"18":0,"19":0,"20":0,"21":0,"22":0,"23":0,"24":0,"25":0,"26":0,"27":0,"28":0,"29":0,"30":0,"31":0,"32":0,"33":0,"34":0,"35":0,"36":0,"37":0,"38":0,"39":0,"40":0,"41":0,"42":0,"43":0,"44":0,"45":0,"46":0,"47":0,"48":0,"49":0,"50":0,"51":0,"52":0,"53":0,"54":0,"55":0,"56":0,"57":0,"58":0,"59":0,"60":0,"61":0,"62":0,"63":0,"64":0,"65":0,"66":0,"67":0,"68":0,"69":0,"70":0,"71":0,"72":0,"73":0,"74":0,"75":0,"76":0,"77":0,"78":0,"79":0,"80":0,"81":0,"82":0,"83":0,"84":0,"85":0,"86":0,"87":0,"88":0,"89":0,"90":0,"91":0,"92":0,"93":0,"94":0,"95":0,"96":0,"97":0,"98":0,"99":0,"100":0,"101":0,"102":0,"103":0,"104":0,"105":0,"106":0,"107":0,"108":0,"109":0,"110":0,"111":0,"112":0,"113":0,"114":0,"115":0,"116":0,"117":0,"118":0,"119":0,"120":0,"121":0,"122":0,"123":0,"124":0,"125":0,"126":0,"127":0,"128":0,"129":0,"130":0,"131":0,"132":0,"133":0,"134":0,"135":0,"136":0,"137":0,"138":0,"139":0,"140":0,"141":0,"142":0,"143":0,"144":0,"145":0,"146":0,"147":0,"148":0,"149":0,"150":0,"151":0,"152":0,"153":0,"154":0,"155":0,"156":0,"157":0,"158":0,"159":0,"160":0,"161":0,"162":0,"163":0,"164":0,"165":0,"166":0,"167":0,"168":0,"169":0,"170":0,"171":0,"172":0,"173":0,"174":0,"175":0,"176":0,"177":0,"178":0,"179":0,"180":0,"181":0,"182":0,"183":0,"184":0,"185":0,"186":0,"187":0,"188":0,"189":0,"190":0,"191":0,"192":0,"193":0,"194":0,"195":0,"196":0,"197":0,"198":0,"199":0,"200":0,"201":0,"202":0,"203":0,"204":0,"205":0,"206":0,"207":0,"208":0,"209":0,"210":0,"211":0,"212":0,"213":0,"214":0,"215":0,"216":0,"217":0,"218":0,"219":0,"220":0,"221":0,"222":0,"223":0,"224":0,"225":0},"f":{"0":0,"1":0,"2":0,"3":0,"4":0,"5":0,"6":0,"7":0,"8":0,"9":0,"10":0,"11":0,"12":0,"13":0,"14":0,"15":0,"16":0,"17":0,"18":0,"19":0,"20":0,"21":0,"22":0,"23":0,"24":0,"25":0,"26":0,"27":0,"28":0,"29":0,"30":0,"31":0,"32":0,"33":0,"34":0,"35":0,"36":0,"37":0,"38":0,"39":0,"40":0,"41":0,"42":0,"43":0,"44":0,"45":0,"46":0,"47":0,"48":0,"49":0,"50":0,"51":0,"52":0,"53":0,"54":0,"55":0,"56":0,"57":0,"58":0,"59":0,"60":0,"61":0,"62":0,"63":0,"64":0},"b":{"0":[0],"1":[0],"2":[0],"3":[0,0],"4":[0,0],"5":[0,0],"6":[0,0],"7":[0,0],"8":[0,0],"9":[0,0],"10":[0,0],"11":[0,0],"12":[0,0],"13":[0,0],"14":[0,0],"15":[0,0],"16":[0,0],"17":[0,0],"18":[0,0],"19":[0,0],"20":[0,0],"21":[0,0],"22":[0,0],"23":[0,0],"24":[0,0],"25":[0,0],"26":[0,0],"27":[0,0],"28":[0,0],"29":[0,0],"30":[0,0],"31":[0,0],"32":[0,0],"33":[0,0],"34":[0,0],"35":[0,0],"36":[0,0],"37":[0,0],"38":[0],"39":[0],"40":[0,0],"41":[0,0],"42":[0,0],"43":[0,0],"44":[0,0],"45":[0,0],"46":[0,0],"47":[0,0],"48":[0,0],"49":[0,0],"50":[0,0],"51":[0,0],"52":[0,0],"53":[0,0],"54":[0,0],"55":[0],"56":[0],"57":[0,0],"58":[0,0],"59":[0,0],"60":[0],"61":[0],"62":[0],"63":[0],"64":[0,0],"65":[0,0],"66":[0,0],"67":[0,0],"68":[0],"69":[0,0],"70":[0,0],"71":[0,0],"72":[0,0],"73":[0,0],"74":[0,0],"75":[0,0]}}
,"C:\\Users\\Usuario\\oficio_app\\backend\\src\\admin\\services\\admin-categories.service.ts": {"path":"C:\\Users\\Usuario\\oficio_app\\backend\\src\\admin\\services\\admin-categories.service.ts","statementMap":{"0":{"start":{"line":1,"column":0},"end":{"line":1,"column":null}},"1":{"start":{"line":8,"column":0},"end":{"line":8,"column":54}},"2":{"start":{"line":9,"column":0},"end":{"line":9,"column":66}},"3":{"start":{"line":10,"column":0},"end":{"line":10,"column":85}},"4":{"start":{"line":21,"column":35},"end":{"line":135,"column":null}},"5":{"start":{"line":22,"column":28},"end":{"line":22,"column":67}},"6":{"start":{"line":25,"column":12},"end":{"line":25,"column":20}},"7":{"start":{"line":26,"column":35},"end":{"line":26,"column":52}},"8":{"start":{"line":30,"column":4},"end":{"line":39,"column":7}},"9":{"start":{"line":49,"column":21},"end":{"line":51,"column":6}},"10":{"start":{"line":52,"column":4},"end":{"line":53,"column":75}},"11":{"start":{"line":53,"column":6},"end":{"line":53,"column":75}},"12":{"start":{"line":55,"column":20},"end":{"line":55,"column":63}},"13":{"start":{"line":56,"column":4},"end":{"line":56,"column":37}},"14":{"start":{"line":57,"column":4},"end":{"line":57,"column":19}},"15":{"start":{"line":71,"column":19},"end":{"line":71,"column":75}},"16":{"start":{"line":72,"column":4},"end":{"line":72,"column":72}},"17":{"start":{"line":72,"column":17},"end":{"line":72,"column":72}},"18":{"start":{"line":74,"column":4},"end":{"line":80,"column":5}},"19":{"start":{"line":75,"column":24},"end":{"line":77,"column":8}},"20":{"start":{"line":78,"column":6},"end":{"line":79,"column":77}},"21":{"start":{"line":79,"column":8},"end":{"line":79,"column":77}},"22":{"start":{"line":82,"column":20},"end":{"line":82,"column":78}},"23":{"start":{"line":83,"column":4},"end":{"line":83,"column":37}},"24":{"start":{"line":84,"column":4},"end":{"line":84,"column":19}},"25":{"start":{"line":88,"column":21},"end":{"line":88,"column":77}},"26":{"start":{"line":89,"column":4},"end":{"line":89,"column":74}},"27":{"start":{"line":89,"column":19},"end":{"line":89,"column":74}},"28":{"start":{"line":91,"column":20},"end":{"line":94,"column":6}},"29":{"start":{"line":95,"column":4},"end":{"line":95,"column":37}},"30":{"start":{"line":96,"column":4},"end":{"line":96,"column":19}},"31":{"start":{"line":107,"column":21},"end":{"line":112,"column":6}},"32":{"start":{"line":113,"column":4},"end":{"line":113,"column":74}},"33":{"start":{"line":113,"column":19},"end":{"line":113,"column":74}},"34":{"start":{"line":115,"column":4},"end":{"line":119,"column":5}},"35":{"start":{"line":116,"column":6},"end":{"line":118,"column":8}},"36":{"start":{"line":120,"column":4},"end":{"line":124,"column":5}},"37":{"start":{"line":121,"column":6},"end":{"line":123,"column":8}},"38":{"start":{"line":126,"column":4},"end":{"line":126,"column":57}},"39":{"start":{"line":127,"column":4},"end":{"line":127,"column":37}},"40":{"start":{"line":128,"column":4},"end":{"line":128,"column":33}},"41":{"start":{"line":133,"column":4},"end":{"line":133,"column":56}},"42":{"start":{"line":21,"column":13},"end":{"line":21,"column":35}},"43":{"start":{"line":21,"column":13},"end":{"line":135,"column":null}}},"fnMap":{"0":{"name":"(anonymous_4)","decl":{"start":{"line":24,"column":2},"end":{"line":24,"column":null}},"loc":{"start":{"line":26,"column":52},"end":{"line":27,"column":6}}},"1":{"name":"(anonymous_5)","decl":{"start":{"line":29,"column":2},"end":{"line":29,"column":7}},"loc":{"start":{"line":29,"column":21},"end":{"line":40,"column":3}}},"2":{"name":"(anonymous_6)","decl":{"start":{"line":42,"column":2},"end":{"line":42,"column":7}},"loc":{"start":{"line":48,"column":3},"end":{"line":58,"column":3}}},"3":{"name":"(anonymous_7)","decl":{"start":{"line":60,"column":2},"end":{"line":60,"column":7}},"loc":{"start":{"line":69,"column":5},"end":{"line":85,"column":3}}},"4":{"name":"(anonymous_8)","decl":{"start":{"line":87,"column":2},"end":{"line":87,"column":7}},"loc":{"start":{"line":87,"column":39},"end":{"line":97,"column":3}}},"5":{"name":"(anonymous_9)","decl":{"start":{"line":106,"column":2},"end":{"line":106,"column":7}},"loc":{"start":{"line":106,"column":33},"end":{"line":129,"column":3}}},"6":{"name":"(anonymous_10)","decl":{"start":{"line":132,"column":10},"end":{"line":132,"column":15}},"loc":{"start":{"line":132,"column":35},"end":{"line":134,"column":3}}}},"branchMap":{"0":{"loc":{"start":{"line":52,"column":4},"end":{"line":53,"column":75}},"type":"if","locations":[{"start":{"line":52,"column":4},"end":{"line":53,"column":75}},{"start":{},"end":{}}]},"1":{"loc":{"start":{"line":72,"column":4},"end":{"line":72,"column":72}},"type":"if","locations":[{"start":{"line":72,"column":4},"end":{"line":72,"column":72}},{"start":{},"end":{}}]},"2":{"loc":{"start":{"line":74,"column":4},"end":{"line":80,"column":5}},"type":"if","locations":[{"start":{"line":74,"column":4},"end":{"line":80,"column":5}},{"start":{},"end":{}}]},"3":{"loc":{"start":{"line":74,"column":8},"end":{"line":74,"column":46}},"type":"binary-expr","locations":[{"start":{"line":74,"column":8},"end":{"line":74,"column":17}},{"start":{"line":74,"column":21},"end":{"line":74,"column":46}}]},"4":{"loc":{"start":{"line":78,"column":6},"end":{"line":79,"column":77}},"type":"if","locations":[{"start":{"line":78,"column":6},"end":{"line":79,"column":77}},{"start":{},"end":{}}]},"5":{"loc":{"start":{"line":89,"column":4},"end":{"line":89,"column":74}},"type":"if","locations":[{"start":{"line":89,"column":4},"end":{"line":89,"column":74}},{"start":{},"end":{}}]},"6":{"loc":{"start":{"line":113,"column":4},"end":{"line":113,"column":74}},"type":"if","locations":[{"start":{"line":113,"column":4},"end":{"line":113,"column":74}},{"start":{},"end":{}}]},"7":{"loc":{"start":{"line":115,"column":4},"end":{"line":119,"column":5}},"type":"if","locations":[{"start":{"line":115,"column":4},"end":{"line":119,"column":5}},{"start":{},"end":{}}]},"8":{"loc":{"start":{"line":120,"column":4},"end":{"line":124,"column":5}},"type":"if","locations":[{"start":{"line":120,"column":4},"end":{"line":124,"column":5}},{"start":{},"end":{}}]}},"s":{"0":0,"1":0,"2":0,"3":0,"4":0,"5":0,"6":0,"7":0,"8":0,"9":0,"10":0,"11":0,"12":0,"13":0,"14":0,"15":0,"16":0,"17":0,"18":0,"19":0,"20":0,"21":0,"22":0,"23":0,"24":0,"25":0,"26":0,"27":0,"28":0,"29":0,"30":0,"31":0,"32":0,"33":0,"34":0,"35":0,"36":0,"37":0,"38":0,"39":0,"40":0,"41":0,"42":0,"43":0},"f":{"0":0,"1":0,"2":0,"3":0,"4":0,"5":0,"6":0},"b":{"0":[0,0],"1":[0,0],"2":[0,0],"3":[0,0],"4":[0,0],"5":[0,0],"6":[0,0],"7":[0,0],"8":[0,0]}}
,"C:\\Users\\Usuario\\oficio_app\\backend\\src\\admin\\services\\admin-dashboard.service.ts": {"path":"C:\\Users\\Usuario\\oficio_app\\backend\\src\\admin\\services\\admin-dashboard.service.ts","statementMap":{"0":{"start":{"line":1,"column":0},"end":{"line":1,"column":52}},"1":{"start":{"line":2,"column":0},"end":{"line":2,"column":54}},"2":{"start":{"line":3,"column":0},"end":{"line":3,"column":66}},"3":{"start":{"line":4,"column":0},"end":{"line":4,"column":54}},"4":{"start":{"line":17,"column":12},"end":{"line":17,"column":20}},"5":{"start":{"line":18,"column":35},"end":{"line":18,"column":52}},"6":{"start":{"line":26,"column":17},"end":{"line":28,"column":6}},"7":{"start":{"line":29,"column":4},"end":{"line":29,"column":27}},"8":{"start":{"line":35,"column":4},"end":{"line":35,"column":74}},"9":{"start":{"line":36,"column":4},"end":{"line":36,"column":68}},"10":{"start":{"line":49,"column":42},"end":{"line":49,"column":65}},"11":{"start":{"line":50,"column":42},"end":{"line":50,"column":49}},"12":{"start":{"line":61,"column":6},"end":{"line":93,"column":4}},"13":{"start":{"line":108,"column":19},"end":{"line":109,"column":null}},"14":{"start":{"line":111,"column":4},"end":{"line":111,"column":30}},"15":{"start":{"line":111,"column":16},"end":{"line":111,"column":30}},"16":{"start":{"line":113,"column":17},"end":{"line":124,"column":6}},"17":{"start":{"line":126,"column":19},"end":{"line":149,"column":6}},"18":{"start":{"line":127,"column":23},"end":{"line":132,"column":8}},"19":{"start":{"line":134,"column":8},"end":{"line":136,"column":36}},"20":{"start":{"line":137,"column":6},"end":{"line":148,"column":8}},"21":{"start":{"line":153,"column":4},"end":{"line":157,"column":6}},"22":{"start":{"line":158,"column":4},"end":{"line":158,"column":18}},"23":{"start":{"line":163,"column":16},"end":{"line":163,"column":26}},"24":{"start":{"line":164,"column":25},"end":{"line":164,"column":71}},"25":{"start":{"line":178,"column":8},"end":{"line":212,"column":6}},"26":{"start":{"line":214,"colu
[...]
umn":70}},"20":{"start":{"line":80,"column":17},"end":{"line":80,"column":70}},"21":{"start":{"line":81,"column":4},"end":{"line":84,"column":7}},"22":{"start":{"line":15,"column":13},"end":{"line":15,"column":31}},"23":{"start":{"line":15,"column":13},"end":{"line":86,"column":null}}},"fnMap":{"0":{"name":"(anonymous_2)","decl":{"start":{"line":16,"column":2},"end":{"line":16,"column":22}},"loc":{"start":{"line":16,"column":43},"end":{"line":16,"column":47}}},"1":{"name":"(anonymous_3)","decl":{"start":{"line":18,"column":2},"end":{"line":18,"column":7}},"loc":{"start":{"line":18,"column":59},"end":{"line":37,"column":3}}},"2":{"name":"(anonymous_4)","decl":{"start":{"line":40,"column":2},"end":{"line":40,"column":7}},"loc":{"start":{"line":40,"column":58},"end":{"line":70,"column":3}}},"3":{"name":"(anonymous_5)","decl":{"start":{"line":73,"column":2},"end":{"line":73,"column":7}},"loc":{"start":{"line":73,"column":47},"end":{"line":85,"column":3}}}},"branchMap":{"0":{"loc":{"start":{"line":19,"column":4},"end":{"line":21,"column":5}},"type":"if","locations":[{"start":{"line":19,"column":4},"end":{"line":21,"column":5}},{"start":{},"end":{}}]},"1":{"loc":{"start":{"line":26,"column":4},"end":{"line":28,"column":5}},"type":"if","locations":[{"start":{"line":26,"column":4},"end":{"line":28,"column":5}},{"start":{},"end":{}}]},"2":{"loc":{"start":{"line":34,"column":21},"end":{"line":34,"column":44}},"type":"binary-expr","locations":[{"start":{"line":34,"column":21},"end":{"line":34,"column":36}},{"start":{"line":34,"column":40},"end":{"line":34,"column":44}}]},"3":{"loc":{"start":{"line":40,"column":38},"end":{"line":40,"column":46}},"type":"default-arg","locations":[{"start":{"line":40,"column":45},"end":{"line":40,"column":46}}]},"4":{"loc":{"start":{"line":40,"column":48},"end":{"line":40,"column":58}},"type":"default-arg","locations":[{"start":{"line":40,"column":56},"end":{"line":40,"column":58}}]},"5":{"loc":{"start":{"line":42,"column":6},"end":{"line":44,"column":12}},"type":"cond-expr","locations":[{"start":{"line":43,"column":10},"end":{"line":43,"column":48}},{"start":{"line":44,"column":10},"end":{"line":44,"column":12}}]},"6":{"loc":{"start":{"line":42,"column":6},"end":{"line":42,"column":42}},"type":"binary-expr","locations":[{"start":{"line":42,"column":6},"end":{"line":42,"column":12}},{"start":{"line":42,"column":16},"end":{"line":42,"column":42}}]},"7":{"loc":{"start":{"line":74,"column":4},"end":{"line":78,"column":5}},"type":"if","locations":[{"start":{"line":74,"column":4},"end":{"line":78,"column":5}},{"start":{},"end":{}}]},"8":{"loc":{"start":{"line":74,"column":8},"end":{"line":74,"column":55}},"type":"binary-expr","locations":[{"start":{"line":74,"column":8},"end":{"line":74,"column":29}},{"start":{"line":74,"column":33},"end":{"line":74,"column":55}}]},"9":{"loc":{"start":{"line":80,"column":4},"end":{"line":80,"column":70}},"type":"if","locations":[{"start":{"line":80,"column":4},"end":{"line":80,"column":70}},{"start":{},"end":{}}]}},"s":{"0":0,"1":0,"2":0,"3":0,"4":0,"5":0,"6":0,"7":0,"8":0,"9":0,"10":0,"11":0,"12":0,"13":0,"14":0,"15":0,"16":0,"17":0,"18":0,"19":0,"20":0,"21":0,"22":0,"23":0},"f":{"0":0,"1":0,"2":0,"3":0},"b":{"0":[0,0],"1":[0,0],"2":[0,0],"3":[0],"4":[0],"5":[0,0],"6":[0,0],"7":[0,0],"8":[0,0],"9":[0,0]}}
,"C:\\Users\\Usuario\\oficio_app\\backend\\src\\users\\users.controller.ts": {"path":"C:\\Users\\Usuario\\oficio_app\\backend\\src\\users\\users.controller.ts","statementMap":{"0":{"start":{"line":1,"column":0},"end":{"line":1,"column":null}},"1":{"start":{"line":16,"column":0},"end":{"line":16,"column":59}},"2":{"start":{"line":17,"column":0},"end":{"line":17,"column":50}},"3":{"start":{"line":18,"column":0},"end":{"line":18,"column":52}},"4":{"start":{"line":19,"column":0},"end":{"line":19,"column":63}},"5":{"start":{"line":20,"column":0},"end":{"line":20,"column":65}},"6":{"start":{"line":21,"column":0},"end":{"line":21,"column":58}},"7":{"start":{"line":22,"column":0},"end":{"line":22,"column":59}},"8":{"start":{"line":23,"column":0},"end":{"line":23,"column":77}},"9":{"start":{"line":24,"column":0},"end":{"line":24,"column":84}},"10":{"start":{"line":28,"column":7},"end":{"line":137,"column":null}},"11":{"start":{"line":30,"column":21},"end":{"line":30,"column":35}},"12":{"start":{"line":31,"column":21},"end":{"line":31,"column":28}},"13":{"start":{"line":32,"column":21},"end":{"line":32,"column":34}},"14":{"start":{"line":43,"column":4},"end":{"line":43,"column":57}},"15":{"start":{"line":50,"column":4},"end":{"line":50,"column":52}},"16":{"start":{"line":57,"column":4},"end":{"line":57,"column":66}},"17":{"start":{"line":68,"column":4},"end":{"line":68,"column":50}},"18":{"start":{"line":78,"column":4},"end":{"line":78,"column":65}},"19":{"start":{"line":88,"column":4},"end":{"line":88,"column":65}},"20":{"start":{"line":88,"column":16},"end":{"line":88,"column":65}},"21":{"start":{"line":89,"column":4},"end":{"line":89,"column":66}},"22":{"start":{"line":96,"column":4},"end":{"line":96,"column":60}},"23":{"start":{"line":111,"column":4},"end":{"line":115,"column":6}},"24":{"start":{"line":126,"column":4},"end":{"line":126,"column":77}},"25":{"start":{"line":126,"column":15},"end":{"line":126,"column":77}},"26":{"start":{"line":127,"column":22},"end":{"line":130,"column":null}},"27":{"start":{"line":132,"column":4},"end":{"line":135,"column":6}},"28":{"start":{"line":28,"column":13},"end":{"line":28,"column":28}},"29":{"start":{"line":39,"column":2},"end":{"line":44,"column":null}},"30":{"start":{"line":49,"column":2},"end":{"line":51,"column":null}},"31":{"start":{"line":56,"column":2},"end":{"line":58,"column":null}},"32":{"start":{"line":67,"column":2},"end":{"line":69,"column":null}},"33":{"start":{"line":74,"column":2},"end":{"line":79,"column":null}},"34":{"start":{"line":84,"column":2},"end":{"line":90,"column":null}},"35":{"start":{"line":95,"column":2},"end":{"line":97,"column":null}},"36":{"start":{"line":107,"column":2},"end":{"line":116,"column":null}},"37":{"start":{"line":122,"column":8},"end":{"line":136,"column":null}},"38":{"start":{"line":28,"column":13},"end":{"line":137,"column":null}}},"fnMap":{"0":{"name":"(anonymous_4)","decl":{"start":{"line":29,"column":2},"end":{"line":29,"column":null}},"loc":{"start":{"line":32,"column":52},"end":{"line":33,"column":6}}},"1":{"name":"(anonymous_5)","decl":{"start":{"line":39,"column":2},"end":{"line":39,"column":12}},"loc":{"start":{"line":41,"column":36},"end":{"line":44,"column":3}}},"2":{"name":"(anonymous_6)","decl":{"start":{"line":49,"column":2},"end":{"line":49,"column":7}},"loc":{"start":{"line":49,"column":44},"end":{"line":51,"column":3}}},"3":{"name":"(anonymous_7)","decl":{"start":{"line":56,"column":2},"end":{"line":56,"column":21}},"loc":{"start":{"line":56,"column":58},"end":{"line":58,"column":3}}},"4":{"name":"(anonymous_8)","decl":{"start":{"line":67,"column":2},"end":{"line":67,"column":18}},"loc":{"start":{"line":67,"column":56},"end":{"line":69,"column":3}}},"5":{"name":"(anonymous_9)","decl":{"start":{"line":74,"column":2},"end":{"line":74,"column":15}},"loc":{"start":{"line":76,"column":33},"end":{"line":79,"column":3}}},"6":{"name":"(anonymous_10)","decl":{"start":{"line":84,"column":2},"end":{"line":84,"column":17}},"loc":{"start":{"line":86,"column":32},"end":{"line":90,"column":3}}},"7":{"name":"(anonymous_11)","decl":{"start":{"line":95,"column":2},"end":{"line":95,"column":18}},"loc":{"start":{"line":95,"column":55},"end":{"line":97,"column":3}}},"8":{"name":"(anonymous_12)","decl":{"start":{"line":107,"column":2},"end":{"line":107,"column":16}},"loc":{"start":{"line":109,"column":34},"end":{"line":116,"column":3}}},"9":{"name":"(anonymous_13)","decl":{"start":{"line":122,"column":8},"end":{"line":122,"column":28}},"loc":{"start":{"line":124,"column":45},"end":{"line":136,"column":3}}}},"branchMap":{"0":{"loc":{"start":{"line":88,"column":4},"end":{"line":88,"column":65}},"type":"if","locations":[{"start":{"line":88,"column":4},"end":{"line":88,"column":65}},{"start":{},"end":{}}]},"1":{"loc":{"start":{"line":126,"column":4},"end":{"line":126,"column":77}},"type":"if","locations":[{"start":{"line":126,"column":4},"end":{"line":126,"column":77}},{"start":{},"end":{}}]},"2":{"loc":{"start":{"line":133,"column":6},"end":{"line":133,"column":36}},"type":"binary-expr","locations":[{"start":{"line":133,"column":6},"end":{"line":133,"column":17}},{"start":{"line":133,"column":21},"end":{"line":133,"column":36}}]}},"s":{"0":0,"1":0,"2":0,"3":0,"4":0,"5":0,"6":0,"7":0,"8":0,"9":0,"10":0,"11":0,"12":0,"13":0,"14":0,"15":0,"16":0,"17":0,"18":0,"19":0,"20":0,"21":0,"22":0,"23":0,"24":0,"25":0,"26":0,"27":0,"28":0,"29":0,"30":0,"31":0,"32":0,"33":0,"34":0,"35":0,"36":0,"37":0,"38":0},"f":{"0":0,"1":0,"2":0,"3":0,"4":0,"5":0,"6":0,"7":0,"8":0,"9":0},"b":{"0":[0,0],"1":[0,0],"2":[0,0]}}
,"C:\\Users\\Usuario\\oficio_app\\backend\\src\\users\\users.service.ts": {"path":"C:\\Users\\Usuario\\oficio_app\\backend\\src\\users\\users.service.ts","statementMap":{"0":{"start":{"line":1,"column":0},"end":{"line":1,"column":null}},"1":{"start":{"line":7,"column":0},"end":{"line":7,"column":63}},"2":{"start":{"line":8,"column":0},"end":{"line":8,"column":33}},"3":{"start":{"line":9,"column":0},"end":{"line":9,"column":60}},"4":{"start":{"line":12,"column":7},"end":{"line":331,"column":null}},"5":{"start":{"line":14,"column":12},"end":{"line":14,"column":20}},"6":{"start":{"line":15,"column":12},"end":{"line":15,"column":27}},"7":{"start":{"line":20,"column":22},"end":{"line":82,"column":6}},"8":{"start":{"line":84,"column":4},"end":{"line":86,"column":5}},"9":{"start":{"line":85,"column":6},"end":{"line":85,"column":50}},"10":{"start":{"line":88,"column":4},"end":{"line":125,"column":6}},"11":{"start":{"line":90,"column":38},"end":{"line":124,"column":8}},"12":{"start":{"line":111,"column":54},"end":{"line":117,"column":10}},"13":{"start":{"line":130,"column":17},"end":{"line":160,"column":6}},"14":{"start":{"line":161,"column":4},"end":{"line":161,"column":68}},"15":{"start":{"line":161,"column":15},"end":{"line":161,"column":68}},"16":{"start":{"line":162,"column":4},"end":{"line":162,"column":16}},"17":{"start":{"line":172,"column":17},"end":{"line":181,"column":6}},"18":{"start":{"line":182,"column":4},"end":{"line":182,"column":68}},"19":{"start":{"line":182,"column":15},"end":{"line":182,"column":68}},"20":{"start":{"line":183,"column":23},"end":{"line":184,"column":44}},"21":{"start":{"line":184,"column":6},"end":{"line":184,"column":44}},"22":{"start":{"line":185,"column":4},"end":{"line":191,"column":6}},"23":{"start":{"line":206,"column":4},"end":{"line":242,"column":5}},"24":{"start":{"line":207,"column":19},"end":{"line":229,"column":8}},"25":{"start":{"line":230,"column":6},"end":{"line":230,"column":18}},"26":{"start":{"line":235,"column":6},"end":{"line":240,"column":7}},"27":{"start":{"line":239,"column":8},"end":{"line":239,"column":76}},"28":{"start":{"line":241,"column":6},"end":{"line":241,"column":14}},"29":{"start":{"line":247,"column":17},"end":{"line":259,"column":6}},"30":{"start":{"line":260,"column":4},"end":{"line":260,"column":16}},"31":{"start":{"line":271,"column":4},"end":{"line":282,"column":7}},"32":{"start":{"line":273,"column":6},"end":{"line":276,"column":9}},"33":{"start":{"line":278,"column":6},"end":{"line":281,"column":9}},"34":{"start":{"line":283,"column":4},"end":{"line":283,"column":29}},"35":{"start":{"line":288,"column":4},"end":{"line":291,"column":7}},"36":{"start":{"line":292,"column":4},"end":{"line":292,"column":29}},"37":{"start":{"line":301,"column":17},"end":{"line":301,"column":77}},"38":{"start":{"line":302,"column":4},"end":{"line":302,"column":68}},"39":{"start":{"line":302,"column":15},"end":{"line":302,"column":68}},"40":{"start":{"line":304,"column":26},"end":{"line":306,"column":null}},"41":{"start":{"line":308,"column":4},"end":{"line":310,"column":5}},"42":{"start":{"line":309,"column":6},"end":{"line":309,"column":74}},"43":{"start":{"line":312,"column":20},"end":{"line":312,"column":54}},"44":{"start":{"line":313,"column":4},"end":{"line":316,"column":7}},"45":{"start":{"line":319,"column":4},"end":{"line":319,"column":69}},"46":{"start":{"line":322,"column":4},"end":{"line":327,"column":7}},"47":{"start":{"line":329,"column":4},"end":{"line":329,"column":63}},"48":{"start":{"line":12,"column":13},"end":{"line":12,"column":25}},"49":{"start":{"line":12,"column":13},"end":{"line":331,"column":null}}},"fnMap":{"0":{"name":"(anonymous_11)","decl":{"start":{"line":13,"column":2},"end":{"line":13,"column":null}},"loc":{"start":{"line":15,"column":40},"end":{"line":16,"column":6}}},"1":{"name":"(anonymous_12)","decl":{"start":{"line":19,"column":2},"end":{"line":19,"column":7}},"loc":{"start":{"line":19,"column":42},"end":{"line":126,"column":3}}},"2":{"name":"(anonymous_13)","decl":{"start":{"line":90,"column":30},"end":{"line":90,"column":31}},"loc":{"start":{"line":90,"column":38},"end":{"line":124,"column":8}}},"3":{"name":"(anonymous_14)","decl":{"start":{"line":111,"column":45},"end":{"line":111,"column":46}},"loc":{"start":{"line":111,"column":54},"end":{"line":117,"column":10}}},"4":{"name":"(anonymous_15)","decl":{"start":{"line":129,"column":2},"end":{"line":129,"column":7}},"loc":{"start":{"line":129,"column":28},"end":{"line":163,"column":3}}},"5":{"name":"(anonymous_16)","decl":{"start":{"line":171,"column":2},"end":{"line":171,"column":7}},"loc":{"start":{"line":171,"column":35},"end":{"line":192,"column":3}}},"6":{"name":"(anonymous_17)","decl":{"start":{"line":183,"column":23},"end":{"line":183,"column":24}},"loc":{"start":{"line":184,"column":6},"end":{"line":184,"column":44}}},"7":{"name":"(anonymous_18)","decl":{"start":{"line":195,"column":2},"end":{"line":195,"column":7}},"loc":{"start":{"line":204,"column":5},"end":{"line":243,"column":3}}},"8":{"name":"(anonymous_19)","decl":{"start":{"line":246,"column":2},"end":{"line":246,"column":7}},"loc":{"start":{"line":246,"column":62},"end":{"line":261,"column":3}}},"9":{"name":"(anonymous_20)","decl":{"start":{"line":270,"column":2},"end":{"line":270,"column":7}},"loc":{"start":{"line":270,"column":50},"end":{"line":284,"column":3}}},"10":{"name":"(anonymous_21)","decl":{"start":{"line":271,"column":35},"end":{"line":271,"column":40}},"loc":{"start":{"line":271,"column":48},"end":{"line":282,"column":5}}},"11":{"name":"(anonymous_22)","decl":{"start":{"line":287,"column":2},"end":{"line":287,"column":7}},"loc":{"start":{"line":287,"column":36},"end":{"line":293,"column":3}}},"12":{"name":"(anonymous_23)","decl":{"start":{"line":296,"column":2},"end":{"line":296,"column":7}},"loc":{"start":{"line":299,"column":23},"end":{"line":330,"column":3}}}},"branchMap":{"0":{"loc":{"start":{"line":84,"column":4},"end":{"line":86,"column":5}},"type":"if","locations":[{"start":{"line":84,"column":4},"end":{"line":86,"column":5}},{"start":{},"end":{}}]},"1":{"loc":{"start":{"line":98,"column":30},"end":{"line":98,"column":76}},"type":"binary-expr","locations":[{"start":{"line":98,"column":30},"end":{"line":98,"column":68}},{"start":{"line":98,"column":72},"end":{"line":98,"column":76}}]},"2":{"loc":{"start":{"line":116,"column":22},"end":{"line":116,"column":54}},"type":"binary-expr","locations":[{"start":{"line":116,"column":22},"end":{"line":116,"column":46}},{"start":{"line":116,"column":50},"end":{"line":116,"column":54}}]},"3":{"loc":{"start":{"line":121,"column":14},"end":{"line":121,"column":46}},"type":"binary-expr","locations":[{"start":{"line":121,"column":14},"end":{"line":121,"column":34}},{"start":{"line":121,"column":38},"end":{"line":121,"column":46}}]},"4":{"loc":{"start":{"line":122,"column":28},"end":{"line":122,"column":58}},"type":"binary-expr","locations":[{"start":{"line":122,"column":28},"end":{"line":122,"column":50}},{"start":{"line":122,"column":54},"end":{"line":122,"column":58}}]},"5":{"loc":{"start":{"line":123,"column":29},"end":{"line":123,"column":60}},"type":"binary-expr","locations":[{"start":{"line":123,"column":29},"end":{"line":123,"column":52}},{"start":{"line":123,"column":56},"end":{"line":123,"column":60}}]},"6":{"loc":{"start":{"line":161,"column":4},"end":{"line":161,"column":68}},"type":"if","locations":[{"start":{"line":161,"column":4},"end":{"line":161,"column":68}},{"start":{},"end":{}}]},"7":{"loc":{"start":{"line":182,"column":4},"end":{"line":182,"column":68}},"type":"if","locations":[{"start":{"line":182,"column":4},"end":{"line":182,"column":68}},{"start":{},"end":{}}]},"8":{"loc":{"start":{"line":184,"column":6},"end":{"line":184,"column":44}},"type":"binary-expr","locations":[{"start":{"line":184,"column":6},"end":{"line":184,"column":38}},{"start":{"line":184,"column":42},"end":{"line":184,"column":44}}]},"9":{"loc":{"start":{"line":184,"column":7},"end":{"line":184,"column":14}},"type":"binary-expr","locations":[{"start":{"line":184,"column":7},"end":{"line":184,"column":8}},{"start":{"line":184,"column":12},"end":{"line":184,"column":14}}]},"10":{"loc":{"start":{"line":210,"column":14},"end":{"line":210,"column":75}},"type":"binary-expr","locations":[{"start":{"line":210,"column":14},"end":{"line":210,"column":42}},{"start":{"line":210,"column":46},"end":{"line":210,"column":75}}]},"11":{"loc":{"start":{"line":211,"column":14},"end":{"line":211,"column":72}},"type":"binary-expr","locations":[{"start":{"line":211,"column":14},"end":{"line":211,"column":41}},{"start":{"line":211,"column":45},"end":{"line":211,"column":72}}]},"12":{"loc":{"start":{"line":212,"column":14},"end":{"line":212,"column":63}},"type":"binary-expr","locations":[{"start":{"line":212,"column":14},"end":{"line":212,"column":38}},{"start":{"line":212,"column":42},"end":{"line":212,"column":63}}]},"13":{"loc":{"start":{"line":213,"column":14},"end":{"line":213,"column":78}},"type":"binary-expr","locations":[{"start":{"line":213,"column":14},"end":{"line":213,"column":43}},{"start":{"line":213,"column":47},"end":{"line":213,"column":78}}]},"14":{"loc":{"start":{"line":214,"column":14},"end":{"line":214,"column":72}},"type":"binary-expr","locations":[{"start":{"line":214,"column":14},"end":{"line":214,"column":41}},{"start":{"line":214,"column":45},"end":{"line":214,"column":72}}]},"15":{"loc":{"start":{"line":215,"column":14},"end":{"line":215,"column":72}},"type":"binary-expr","locations":[{"start":{"line":215,"column":14},"end":{"line":215,"column":41}},{"start":{"line":215,"column":45},"end":{"line":215,"column":72}}]},"16":{"loc":{"start":{"line":235,"column":6},"end":{"line":240,"column":7}},"type":"if","locations":[{"start":{"line":235,"column":6},"end":{"line":240,"column":7}},{"start":{},"end":{}}]},"17":{"loc":{"start":{"line":236,"column":8},"end":{"line":237,"column":68}},"type":"binary-expr","locations":[{"start":{"line":236,"column":8},"end":{"line":236,"column":27}},{"start":{"line":237,"column":9},"end":{"line":237,"column":68}}]},"18":{"loc":{"start":{"line":302,"column":4},"end":{"line":302,"column":68}},"type":"if","locations":[{"start":{"line":302,"column":4},"end":{"line":302,"column":68}},{"start":{},"end":{}}]},"19":{"loc":{"start":{"line":308,"column":4},"end":{"line":310,"column":5}},"type":"if","locations":[{"start":{"line":308,"column":4},"end":{"line":310,"column":5}},{"start":{},"end":{}}]}},"s":{"0":2,"1":2,"2":2,"3":2,"4":2,"5":10,"6":10,"7":2,"8":2,"9":2,"10":0,"11":0,"12":0,"13":1,"14":1,"15":0,"16":1,"17":4,"18":4,"19":1,"20":3,"21":6,"22":3,"23":4,"24":4,"25":1,"26":3,"27":2,"28":1,"29":0,"30":0,"31":0,"32":0,"33":0,"34":0,"35":0,"36":0,"37":0,"38":0,"39":0,"40":0,"41":0,"42":0,"43":0,"44":0,"45":0,"46":0,"47":0,"48":2,"49":2},"f":{"0":10,"1":2,"2":0,"3":0,"4":1,"5":4,"6":6,"7":4,"8":0,"9":0,"10":0,"11":0,"12":0},"b":{"0":[2,0],"1":[0,0],"2":[0,0],"3":[0,0],"4":[0,0],"5":[0,0],"6":[0,1],"7":[1,3],"8":[6,0],"9":[6,1],"10":[4,0],"11":[4,0],"12":[4,4],"13":[4,0],"14":[4,0],"15":[4,0],"16":[2,1],"17":[3,3],"18":[0,0],"19":[0,0]}}
}
