TN:
SF:src\app.controller.ts
FN:6,(anonymous_2)
FN:9,(anonymous_3)
FN:14,(anonymous_4)
FNF:3
FNH:0
FNDA:0,(anonymous_2)
FNDA:0,(anonymous_3)
FNDA:0,(anonymous_4)
DA:1,0
DA:2,0
DA:5,0
DA:6,0
DA:9,0
DA:10,0
DA:14,0
DA:15,0
LF:8
LH:0
BRF:0
BRH:0
end_of_record
TN:
SF:src\app.service.ts
FN:5,(anonymous_1)
FNF:1
FNH:0
FNDA:0,(anonymous_1)
DA:1,0
DA:4,0
DA:6,0
LF:3
LH:0
BRF:0
BRH:0
end_of_record
TN:
SF:src\admin\admin.controller.ts
FN:43,(anonymous_4)
FN:52,(anonymous_5)
FN:61,(anonymous_6)
FN:71,(anonymous_7)
FN:76,(anonymous_8)
FN:81,(anonymous_9)
FN:89,(anonymous_10)
FN:96,(anonymous_11)
FN:106,(anonymous_12)
FN:113,(anonymous_13)
FN:126,(anonymous_14)
FN:133,(anonymous_15)
FN:142,(anonymous_16)
FN:150,(anonymous_17)
FN:155,(anonymous_18)
FN:164,(anonymous_19)
FN:174,(anonymous_20)
FN:179,(anonymous_21)
FN:184,(anonymous_22)
FN:192,(anonymous_23)
FN:200,(anonymous_24)
FN:210,(anonymous_25)
FN:228,(anonymous_26)
FN:236,(anonymous_27)
FN:246,(anonymous_28)
FN:257,(anonymous_29)
FN:262,(anonymous_30)
FN:269,(anonymous_31)
FN:274,(anonymous_32)
FN:282,(anonymous_33)
FN:295,(anonymous_34)
FN:309,(anonymous_35)
FN:316,(anonymous_36)
FN:330,(anonymous_37)
FN:337,(anonymous_38)
FN:342,(anonymous_39)
FN:347,(anonymous_40)
FN:355,(anonymous_41)
FN:360,(anonymous_42)
FN:368,(anonymous_43)
FN:379,(anonymous_44)
FN:384,(anonymous_45)
FN:394,(anonymous_46)
FN:401,(anonymous_47)
FN:406,(anonymous_48)
FN:411,(anonymous_49)
FN:423,(anonymous_50)
FN:436,(anonymous_51)
FNF:48
FNH:0
FNDA:0,(anonymous_4)
FNDA:0,(anonymous_5)
FNDA:0,(anonymous_6)
FNDA:0,(anonymous_7)
FNDA:0,(anonymous_8)
FNDA:0,(anonymous_9)
FNDA:0,(anonymous_10)
FNDA:0,(anonymous_11)
FNDA:0,(anonymous_12)
FNDA:0,(anonymous_13)
FNDA:0,(anonymous_14)
FNDA:0,(anonymous_15)
FNDA:0,(anonymous_16)
FNDA:0,(anonymous_17)
FNDA:0,(anonymous_18)
FNDA:0,(anonymous_19)
FNDA:0,(anonymous_20)
FNDA:0,(anonymous_21)
FNDA:0,(anonymous_22)
FNDA:0,(anonymous_23)
FNDA:0,(anonymous_24)
FNDA:0,(anonymous_25)
FNDA:0,(anonymous_26)
FNDA:0,(anonymous_27)
FNDA:0,(anonymous_28)
FNDA:0,(anonymous_29)
FNDA:0,(anonymous_30)
FNDA:0,(anonymous_31)
FNDA:0,(anonymous_32)
FNDA:0,(anonymous_33)
FNDA:0,(anonymous_34)
FNDA:0,(anonymous_35)
FNDA:0,(anonymous_36)
FNDA:0,(anonymous_37)
FNDA:0,(anonymous_38)
FNDA:0,(anonymous_39)
FNDA:0,(anonymous_40)
FNDA:0,(anonymous_41)
FNDA:0,(anonymous_42)
FNDA:0,(anonymous_43)
FNDA:0,(anonymous_44)
FNDA:0,(anonymous_45)
FNDA:0,(anonymous_46)
FNDA:0,(anonymous_47)
FNDA:0,(anonymous_48)
FNDA:0,(anonymous_49)
FNDA:0,(anonymous_50)
FNDA:0,(anonymous_51)
DA:1,0
DA:19,0
DA:20,0
DA:22,0
DA:23,0
DA:24,0
DA:25,0
DA:26,0
DA:27,0
DA:28,0
DA:29,0
DA:30,0
DA:31,0
DA:32,0
DA:33,0
DA:37,0
DA:42,0
DA:44,0
DA:45,0
DA:46,0
DA:52,0
DA:56,0
DA:61,0
DA:65,0
DA:71,0
DA:72,0
DA:76,0
DA:77,0
DA:81,0
DA:82,0
DA:89,0
DA:90,0
DA:96,0
DA:97,0
DA:106,0
DA:107,0
DA:113,0
DA:118,0
DA:126,0
DA:127,0
DA:133,0
DA:138,0
DA:142,0
DA:146,0
DA:150,0
DA:151,0
DA:155,0
DA:159,0
DA:164,0
DA:168,0
DA:174,0
DA:175,0
DA:179,0
DA:180,0
DA:184,0
DA:188,0
DA:192,0
DA:196,0
DA:200,0
DA:204,0
DA:210,0
DA:217,0
DA:228,0
DA:232,0
DA:236,0
DA:240,0
DA:246,0
DA:250,0
DA:257,0
DA:258,0
DA:262,0
DA:263,0
DA:269,0
DA:270,0
DA:274,0
DA:275,0
DA:276,0
DA:277,0
DA:278,0
DA:282,0
DA:283,0
DA:284,0
DA:285,0
DA:289,0
DA:295,0
DA:300,0
DA:309,0
DA:310,0
DA:316,0
DA:321,0
DA:330,0
DA:331,0
DA:337,0
DA:338,0
DA:342,0
DA:343,0
DA:347,0
DA:351,0
DA:355,0
DA:356,0
DA:360,0
DA:361,0
DA:368,0
DA:372,0
DA:379,0
DA:380,0
DA:384,0
DA:388,0
DA:394,0
DA:395,0
DA:401,0
DA:402,0
DA:406,0
DA:407,0
DA:411,0
DA:415,0
DA:423,0
DA:424,0
DA:436,0
DA:437,0
LF:120
LH:0
BRDA:56,0,0,0
BRDA:56,0,1,0
BRDA:82,1,0,0
BRDA:82,1,1,0
BRDA:119,2,0,0
BRDA:119,2,1,0
BRDA:120,3,0,0
BRDA:120,3,1,0
BRDA:218,4,0,0
BRDA:218,4,1,0
BRDA:219,5,0,0
BRDA:219,5,1,0
BRDA:222,6,0,0
BRDA:222,6,1,0
BRDA:251,7,0,0
BRDA:251,7,1,0
BRDA:252,8,0,0
BRDA:252,8,1,0
BRDA:301,9,0,0
BRDA:301,9,1,0
BRDA:302,10,0,0
BRDA:302,10,1,0
BRDA:303,11,0,0
BRDA:303,11,1,0
BRDA:322,12,0,0
BRDA:322,12,1,0
BRDA:323,13,0,0
BRDA:323,13,1,0
BRDA:324,14,0,0
BRDA:324,14,1,0
BRDA:440,15,0,0
BRDA:440,15,1,0
BRF:32
BRH:0
end_of_record
TN:
SF:src\admin\admin.service.ts
FN:34,(anonymous_13)
FN:56,(anonymous_14)
FN:66,(anonymous_15)
FN:70,(anonymous_16)
FN:74,(anonymous_17)
FN:78,(anonymous_18)
FN:82,(anonymous_19)
FN:86,(anonymous_20)
FN:91,(anonymous_21)
FN:135,(anonymous_22)
FN:143,(anonymous_23)
FN:161,(anonymous_24)
FN:196,(anonymous_25)
FN:200,(anonymous_26)
FN:207,(anonymous_27)
FN:225,(anonymous_28)
FN:278,(anonymous_29)
FN:293,(anonymous_30)
FN:322,(anonymous_31)
FN:367,(anonymous_32)
FN:380,(anonymous_33)
FN:407,(anonymous_34)
FN:412,(anonymous_35)
FN:489,(anonymous_36)
FN:502,(anonymous_37)
FN:509,(anonymous_38)
FN:513,(anonymous_39)
FN:517,(anonymous_40)
FN:521,(anonymous_41)
FN:525,(anonymous_42)
FN:531,(anonymous_43)
FN:634,(anonymous_44)
FN:641,(anonymous_45)
FN:662,(anonymous_46)
FN:672,(anonymous_47)
FN:716,(anonymous_48)
FN:751,(anonymous_49)
FN:758,(anonymous_50)
FN:774,(anonymous_51)
FN:779,(anonymous_52)
FN:783,(anonymous_53)
FN:792,(anonymous_54)
FN:796,(anonymous_55)
FN:806,(anonymous_56)
FN:820,(anonymous_57)
FN:824,(anonymous_58)
FN:835,(anonymous_59)
FN:886,(anonymous_60)
FN:890,(anonymous_61)
FN:894,(anonymous_62)
FN:899,(anonymous_63)
FN:903,(anonymous_64)
FN:907,(anonymous_65)
FN:911,(anonymous_66)
FN:924,(anonymous_67)
FN:954,(anonymous_68)
FN:956,(anonymous_69)
FN:956,(anonymous_70)
FN:962,(anonymous_71)
FN:981,(anonymous_72)
FN:992,(anonymous_73)
FN:1021,(anonymous_74)
FN:1022,(anonymous_75)
FN:1027,(anonymous_76)
FN:1048,(anonymous_77)
FNF:65
FNH:0
FNDA:0,(anonymous_13)
FNDA:0,(anonymous_14)
FNDA:0,(anonymous_15)
FNDA:0,(anonymous_16)
FNDA:0,(anonymous_17)
FNDA:0,(anonymous_18)
FNDA:0,(anonymous_19)
FNDA:0,(anonymous_20)
FNDA:0,(anonymous_21)
FNDA:0,(anonymous_22)
FNDA:0,(anonymous_23)
FNDA:0,(anonymous_24)
FNDA:0,(anonymous_25)
FNDA:0,(anonymous_26)
FNDA:0,(anonymous_27)
FNDA:0,(anonymous_28)
FNDA:0,(anonymous_29)
FNDA:0,(anonymous_30)
FNDA:0,(anonymous_31)
FNDA:0,(anonymous_32)
FNDA:0,(anonymous_33)
FNDA:0,(anonymous_34)
FNDA:0,(anonymous_35)
FNDA:0,(anonymous_36)
FNDA:0,(anonymous_37)
FNDA:0,(anonymous_38)
FNDA:0,(anonymous_39)
FNDA:0,(anonymous_40)
FNDA:0,(anonymous_41)
FNDA:0,(anonymous_42)
FNDA:0,(anonymous_43)
FNDA:0,(anonymous_44)
FNDA:0,(anonymous_45)
FNDA:0,(anonymous_46)
FNDA:0,(anonymous_47)
FNDA:0,(anonymous_48)
FNDA:0,(anonymous_49)
FNDA:0,(anonymous_50)
FNDA:0,(anonymous_51)
FNDA:0,(anonymous_52)
FNDA:0,(anonymous_53)
FNDA:0,(anonymous_54)
FNDA:0,(anonymous_55)
FNDA:0,(anonymous_56)
FNDA:0,(anonymous_57)
FNDA:0,(anonymous_58)
FNDA:0,(anonymous_59)
FNDA:0,(anonymous_60)
FNDA:0,(anonymous_61)
FNDA:0,(anonymous_62)
FNDA:0,(anonymous_63)
FNDA:0,(anonymous_64)
FNDA:0,(anonymous_65)
FNDA:0,(anonymous_66)
FNDA:0,(anonymous_67)
FNDA:0,(anonymous_68)
FNDA:0,(anonymous_69)
FNDA:0,(anonymous_70)
FNDA:0,(anonymous_71)
FNDA:0,(anonymous_72)
FNDA:0,(anonymous_73)
FNDA:0,(anonymous_74)
FNDA:0,(anonymous_75)
FNDA:0,(anonymous_76)
FNDA:0,(anonymous_77)
DA:1,0
DA:8,0
DA:9,0
DA:17,0
DA:18,0
DA:19,0
DA:20,0
DA:21,0
DA:22,0
DA:23,0
DA:24,0
DA:25,0
DA:26,0
DA:33,0
DA:35,0
DA:36,0
DA:37,0
DA:38,0
DA:39,0
DA:40,0
DA:41,0
DA:42,0
DA:43,0
DA:44,0
DA:46,0
DA:59,0
DA:67,0
DA:71,0
DA:75,0
DA:79,0
DA:83,0
DA:87,0
DA:92,0
DA:93,0
DA:95,0
DA:96,0
DA:103,0
DA:134,0
DA:135,0
DA:144,0
DA:157,0
DA:188,0
DA:192,0
DA:193,0
DA:196,0
DA:197,0
DA:198,0
DA:200,0
DA:205,0
DA:208,0
DA:218,0
DA:220,0
DA:225,0
DA:227,0
DA:242,0
DA:243,0
DA:244,0
DA:249,0
DA:250,0
DA:261,0
DA:278,0
DA:291,0
DA:292,0
DA:293,0
DA:304,0
DA:305,0
DA:306,0
DA:315,0
DA:318,0
DA:357,0
DA:361,0
DA:365,0
DA:367,0
DA:370,0
DA:371,0
DA:372,0
DA:374,0
DA:378,0
DA:379,0
DA:380,0
DA:388,0
DA:402,0
DA:403,0
DA:408,0
DA:413,0
DA:414,0
DA:415,0
DA:420,0
DA:424,0
DA:426,0
DA:427,0
DA:430,0
DA:435,0
DA:436,0
DA:438,0
DA:439,0
DA:448,0
DA:459,0
DA:460,0
DA:461,0
DA:462,0
DA:464,0
DA:476,0
DA:485,0
DA:490,0
DA:491,0
DA:493,0
DA:503,0
DA:510,0
DA:514,0
DA:518,0
DA:522,0
DA:526,0
DA:538,0
DA:539,0
DA:541,0
DA:542,0
DA:562,0
DA:563,0
DA:564,0
DA:565,0
DA:566,0
DA:567,0
DA:568,0
DA:569,0
DA:570,0
DA:571,0
DA:574,0
DA:576,0
DA:634,0
DA:638,0
DA:642,0
DA:643,0
DA:644,0
DA:645,0
DA:650,0
DA:651,0
DA:652,0
DA:654,0
DA:660,0
DA:667,0
DA:669,0
DA:673,0
DA:674,0
DA:675,0
DA:676,0
DA:680,0
DA:687,0
DA:688,0
DA:691,0
DA:708,0
DA:717,0
DA:718,0
DA:720,0
DA:742,0
DA:752,0
DA:764,0
DA:768,0
DA:775,0
DA:780,0
DA:784,0
DA:793,0
DA:803,0
DA:817,0
DA:821,0
DA:825,0
DA:836,0
DA:840,0
DA:846,0
DA:849,0
DA:859,0
DA:860,0
DA:862,0
DA:865,0
DA:874,0
DA:880,0
DA:887,0
DA:891,0
DA:895,0
DA:900,0
DA:904,0
DA:908,0
DA:912,0
DA:929,0
DA:930,0
DA:932,0
DA:933,0
DA:935,0
DA:936,0
DA:937,0
DA:939,0
DA:949,0
DA:955,0
DA:956,0
DA:962,0
DA:970,0
DA:981,0
DA:983,0
DA:998,0
DA:999,0
DA:1001,0
DA:1002,0
DA:1004,0
DA:1005,0
DA:1006,0
DA:1010,0
DA:1016,0
DA:1020,0
DA:1021,0
DA:1022,0
DA:1025,0
DA:1027,0
DA:1032,0
DA:1037,0
DA:1048,0
DA:1050,0
LF:216
LH:0
BRDA:86,0,0,0
BRDA:91,1,0,0
BRDA:91,2,0,0
BRDA:95,3,0,0
BRDA:95,3,1,0
BRDA:192,4,0,0
BRDA:192,4,1,0
BRDA:205,5,0,0
BRDA:205,5,1,0
BRDA:205,6,0,0
BRDA:205,6,1,0
BRDA:220,7,0,0
BRDA:220,7,1,0
BRDA:220,8,0,0
BRDA:220,8,1,0
BRDA:234,9,0,0
BRDA:234,9,1,0
BRDA:235,10,0,0
BRDA:235,10,1,0
BRDA:236,11,0,0
BRDA:236,11,1,0
BRDA:242,12,0,0
BRDA:242,12,1,0
BRDA:249,13,0,0
BRDA:249,13,1,0
BRDA:266,14,0,0
BRDA:266,14,1,0
BRDA:267,15,0,0
BRDA:267,15,1,0
BRDA:268,16,0,0
BRDA:268,16,1,0
BRDA:271,17,0,0
BRDA:271,17,1,0
BRDA:272,18,0,0
BRDA:272,18,1,0
BRDA:273,19,0,0
BRDA:273,19,1,0
BRDA:274,20,0,0
BRDA:274,20,1,0
BRDA:275,21,0,0
BRDA:275,21,1,0
BRDA:291,22,0,0
BRDA:291,22,1,0
BRDA:361,23,0,0
BRDA:361,23,1,0
BRDA:370,24,0,0
BRDA:370,24,1,0
BRDA:370,25,0,0
BRDA:370,25,1,0
BRDA:371,26,0,0
BRDA:371,26,1,0
BRDA:374,27,0,0
BRDA:374,27,1,0
BRDA:374,28,0,0
BRDA:374,28,1,0
BRDA:414,29,0,0
BRDA:414,29,1,0
BRDA:424,30,0,0
BRDA:424,30,1,0
BRDA:426,31,0,0
BRDA:426,31,1,0
BRDA:438,32,0,0
BRDA:438,32,1,0
BRDA:444,33,0,0
BRDA:444,33,1,0
BRDA:459,34,0,0
BRDA:459,34,1,0
BRDA:459,35,0,0
BRDA:459,35,1,0
BRDA:460,36,0,0
BRDA:460,36,1,0
BRDA:491,37,0,0
BRDA:491,37,1,0
BRDA:532,38,0,0
BRDA:533,39,0,0
BRDA:541,40,0,0
BRDA:541,40,1,0
BRDA:563,41,0,0
BRDA:563,41,1,0
BRDA:563,42,0,0
BRDA:563,42,1,0
BRDA:566,43,0,0
BRDA:566,43,1,0
BRDA:568,44,0,0
BRDA:568,44,1,0
BRDA:570,45,0,0
BRDA:570,45,1,0
BRDA:570,46,0,0
BRDA:570,46,1,0
BRDA:574,47,0,0
BRDA:574,47,1,0
BRDA:636,48,0,0
BRDA:636,48,1,0
BRDA:643,49,0,0
BRDA:643,49,1,0
BRDA:644,50,0,0
BRDA:644,50,1,0
BRDA:650,51,0,0
BRDA:650,51,1,0
BRDA:674,52,0,0
BRDA:674,52,1,0
BRDA:675,53,0,0
BRDA:675,53,1,0
BRDA:687,54,0,0
BRDA:687,54,1,0
BRDA:716,55,0,0
BRDA:716,56,0,0
BRDA:840,57,0,0
BRDA:840,57,1,0
BRDA:859,58,0,0
BRDA:859,58,1,0
BRDA:862,59,0,0
BRDA:862,59,1,0
BRDA:899,60,0,0
BRDA:899,61,0,0
BRDA:907,62,0,0
BRDA:907,63,0,0
BRDA:929,64,0,0
BRDA:929,64,1,0
BRDA:932,65,0,0
BRDA:932,65,1,0
BRDA:937,66,0,0
BRDA:937,66,1,0
BRDA:959,67,0,0
BRDA:959,67,1,0
BRDA:995,68,0,0
BRDA:998,69,0,0
BRDA:998,69,1,0
BRDA:1001,70,0,0
BRDA:1001,70,1,0
BRDA:1006,71,0,0
BRDA:1006,71,1,0
BRDA:1010,72,0,0
BRDA:1010,72,1,0
BRDA:1012,73,0,0
BRDA:1012,73,1,0
BRDA:1032,74,0,0
BRDA:1032,74,1,0
BRDA:1034,75,0,0
BRDA:1034,75,1,0
BRF:140
BRH:0
end_of_record
TN:
SF:src\admin\services\admin-categories.service.ts
FN:24,(anonymous_4)
FN:29,(anonymous_5)
FN:42,(anonymous_6)
FN:60,(anonymous_7)
FN:87,(anonymous_8)
FN:106,(anonymous_9)
FN:132,(anonymous_10)
FNF:7
FNH:0
FNDA:0,(anonymous_4)
FNDA:0,(anonymous_5)
FNDA:0,(anonymous_6)
FNDA:0,(anonymous_7)
FNDA:0,(anonymous_8)
FNDA:0,(anonymous_9)
FNDA:0,(anonymous_10)
DA:1,0
DA:8,0
DA:9,0
DA:10,0
DA:21,0
DA:22,0
DA:25,0
DA:26,0
DA:30,0
DA:49,0
DA:52,0
DA:53,0
DA:55,0
DA:56,0
DA:57,0
DA:71,0
DA:72,0
DA:74,0
DA:75,0
DA:78,0
DA:79,0
DA:82,0
DA:83,0
DA:84,0
DA:88,0
DA:89,0
DA:91,0
DA:95,0
DA:96,0
DA:107,0
DA:113,0
DA:115,0
DA:116,0
DA:120,0
DA:121,0
DA:126,0
DA:127,0
DA:128,0
DA:133,0
LF:39
LH:0
BRDA:52,0,0,0
BRDA:52,0,1,0
BRDA:72,1,0,0
BRDA:72,1,1,0
BRDA:74,2,0,0
BRDA:74,2,1,0
BRDA:74,3,0,0
BRDA:74,3,1,0
BRDA:78,4,0,0
BRDA:78,4,1,0
BRDA:89,5,0,0
BRDA:89,5,1,0
BRDA:113,6,0,0
BRDA:113,6,1,0
BRDA:115,7,0,0
BRDA:115,7,1,0
BRDA:120,8,0,0
BRDA:120,8,1,0
BRF:18
BRH:0
end_of_record
TN:
SF:src\admin\services\admin-dashboard.service.ts
FN:16,(anonymous_4)
FN:25,(anonymous_5)
FN:34,(anonymous_6)
FN:107,(anonymous_7)
FN:126,(anonymous_8)
FN:162,(anonymous_9)
FN:230,(anonymous_10)
FN:247,(anonymous_11)
FN:261,(anonymous_12)
FN:378,(anonymous_13)
FN:387,(anonymous_14)
FN:388,(anonymous_15)
FN:396,(anonymous_16)
FN:399,(anonymous_17)
FN:414,(anonymous_18)
FN:418,(anonymous_19)
FN:434,(anonymous_20)
FN:453,(anonymous_21)
FN:460,(anonymous_22)
FN:461,(anonymous_23)
FN:467,(anonymous_24)
FNF:21
FNH:0
FNDA:0,(anonymous_4)
FNDA:0,(anonymous_5)
FNDA:0,(anonymous_6)
FNDA:0,(anonymous_7)
FNDA:0,(anonymous_8)
FNDA:0,(anonymous_9)
FNDA:0,(anonymous_10)
FNDA:0,(anonymous_11)
FNDA:0,(anonymous_12)
FNDA:0,(anonymous_13)
FNDA:0,(anonymous_14)
FNDA:0,(anonymous_15)
FNDA:0,(anonymous_16)
FNDA:0,(anonymous_17)
FNDA:0,(anonymous_18)
FNDA:0,(anonymous_19)
FNDA:0,(anonymous_20)
FNDA:0,(anonymous_21)
FNDA:0,(anonymous_22)
FNDA:0,(anonymous_23)
FNDA:0,(anonymous_24)
DA:1,0
DA:2,0
DA:3,0
DA:4,0
DA:15,0
DA:17,0
DA:18,0
DA:26,0
DA:29,0
DA:35,0
DA:36,0
DA:49,0
DA:50,0
DA:61,0
DA:108,0
DA:111,0
DA:113,0
DA:126,0
DA:127,0
DA:134,0
DA:137,0
DA:153,0
DA:158,0
DA:163,0
DA:164,0
DA:178,0
DA:214,0
DA:231,0
DA:232,0
DA:247,0
DA:262,0
DA:263,0
DA:264,0
DA:265,0
DA:281,0
DA:357,0
DA:358,0
DA:359,0
DA:360,0
DA:361,0
DA:362,0
DA:363,0
DA:364,0
DA:365,0
DA:366,0
DA:367,0
DA:368,0
DA:369,0
DA:370,0
DA:371,0
DA:372,0
DA:373,0
DA:378,0
DA:379,0
DA:386,0
DA:387,0
DA:388,0
DA:390,0
DA:396,0
DA:399,0
DA:401,0
DA:414,0
DA:416,0
DA:418,0
DA:434,0
DA:453,0
DA:460,0
DA:461,0
DA:468,0
DA:469,0
LF:70
LH:0
BRDA:29,0,0,0
BRDA:29,0,1,0
BRDA:111,1,0,0
BRDA:111,1,1,0
BRDA:127,2,0,0
BRDA:127,2,1,0
BRDA:134,3,0,0
BRDA:134,3,1,0
BRDA:261,4,0,0
BRDA:364,5,0,0
BRDA:364,5,1,0
BRDA:365,6,0,0
BRDA:365,6,1,0
BRDA:368,7,0,0
BRDA:368,7,1,0
BRDA:371,8,0,0
BRDA:371,8,1,0
BRDA:379,9,0,0
BRDA:379,9,1,0
BRDA:380,10,0,0
BRDA:380,10,1,0
BRDA:390,11,0,0
BRDA:390,11,1,0
BRDA:401,12,0,0
BRDA:401,12,1,0
BRDA:447,13,0,0
BRDA:447,13,1,0
BRDA:462,14,0,0
BRDA:462,14,1,0
BRDA:471,15,0,0
BRDA:471,15,1,0
BRDA:472,16,0,0
BRDA:472,16,1,0
BRDA:473,17,0,0
BRDA:473,17,1,0
BRF:35
BRH:0
end_of_record
TN:
SF:src\admin\services\admin-payments.service.ts
FN:22,(anonymous_2)
FN:28,(anonymous_3)
FN:54,(anonymous_4)
FN:69,(anonymous_5)
FN:135,(anonymous_6)
FNF:5
FNH:0
FNDA:0,(anonymous_2)
FNDA:0,(anonymous_3)
FNDA:0,(anonymous_4)
FNDA:0,(anonymous_5)
FNDA:0,(anonymous_6)
DA:1,0
DA:6,0
DA:7,0
DA:8,0
DA:9,0
DA:21,0
DA:23,0
DA:24,0
DA:25,0
DA:29,0
DA:55,0
DA:59,0
DA:60,0
DA:61,0
DA:63,0
DA:64,0
DA:66,0
DA:69,0
DA:70,0
DA:71,0
DA:76,0
DA:87,0
DA:93,0
DA:100,0
DA:113,0
DA:120,0
DA:125,0
DA:132,0
DA:136,0
DA:142,0
DA:143,0
DA:144,0
DA:146,0
DA:151,0
DA:155,0
DA:167,0
DA:175,0
DA:182,0
LF:38
LH:0
BRDA:30,0,0,0
BRDA:30,0,1,0
BRDA:59,1,0,0
BRDA:59,1,1,0
BRDA:60,2,0,0
BRDA:60,2,1,0
BRDA:70,3,0,0
BRDA:70,3,1,0
BRDA:142,4,0,0
BRDA:142,4,1,0
BRDA:143,5,0,0
BRDA:143,5,1,0
BRDA:148,6,0,0
BRDA:148,6,1,0
BRDA:151,7,0,0
BRDA:151,7,1,0
BRF:16
BRH:0
end_of_record
TN:
SF:src\admin\services\admin-reports.service.ts
FN:13,(anonymous_2)
FN:15,(anonymous_3)
FN:108,(anonymous_4)
FN:109,(anonymous_5)
FN:115,(anonymous_6)
FN:124,(anonymous_7)
FN:154,(anonymous_8)
FN:167,(anonymous_9)
FN:202,(anonymous_10)
FN:214,(anonymous_11)
FN:245,(anonymous_12)
FN:264,(anonymous_13)
FN:292,(anonymous_14)
FN:299,(anonymous_15)
FNF:14
FNH:0
FNDA:0,(anonymous_2)
FNDA:0,(anonymous_3)
FNDA:0,(anonymous_4)
FNDA:0,(anonymous_5)
FNDA:0,(anonymous_6)
FNDA:0,(anonymous_7)
FNDA:0,(anonymous_8)
FNDA:0,(anonymous_9)
FNDA:0,(anonymous_10)
FNDA:0,(anonymous_11)
FNDA:0,(anonymous_12)
FNDA:0,(anonymous_13)
FNDA:0,(anonymous_14)
FNDA:0,(anonymous_15)
DA:1,0
DA:2,0
DA:3,0
DA:12,0
DA:13,0
DA:23,0
DA:107,0
DA:108,0
DA:110,0
DA:115,0
DA:125,0
DA:126,0
DA:128,0
DA:145,0
DA:155,0
DA:158,0
DA:160,0
DA:168,0
DA:169,0
DA:171,0
DA:193,0
DA:203,0
DA:206,0
DA:207,0
DA:215,0
DA:233,0
DA:245,0
DA:246,0
DA:247,0
DA:261,0
DA:265,0
DA:277,0
DA:292,0
DA:293,0
DA:299,0
DA:310,0
LF:36
LH:0
BRDA:124,0,0,0
BRDA:124,1,0,0
BRDA:126,2,0,0
BRDA:126,2,1,0
BRDA:158,3,0,0
BRDA:158,3,1,0
BRDA:167,4,0,0
BRDA:167,5,0,0
BRDA:168,6,0,0
BRDA:168,6,1,0
BRDA:206,7,0,0
BRDA:206,7,1,0
BRDA:246,8,0,0
BRDA:246,8,1,0
BRDA:253,9,0,0
BRDA:253,9,1,0
BRDA:255,10,0,0
BRDA:255,10,1,0
BRDA:256,11,0,0
BRDA:256,11,1,0
BRDA:303,12,0,0
BRDA:303,12,1,0
BRDA:305,13,0,0
BRDA:305,13,1,0
BRDA:306,14,0,0
BRDA:306,14,1,0
BRF:26
BRH:0
end_of_record
TN:
SF:src\admin\services\admin-shared.ts
FN:16,withCategoryAlias
FN:27,planToPriority
FN:46,clearProvidersCache
FNF:3
FNH:0
FNDA:0,withCategoryAlias
FNDA:0,planToPriority
FNDA:0,clearProvidersCache
DA:16,0
DA:19,0
DA:20,0
DA:27,0
DA:28,0
DA:29,0
DA:31,0
DA:33,0
DA:35,0
DA:37,0
DA:46,0
DA:47,0
DA:48,0
DA:49,0
DA:51,0
DA:54,0
DA:55,0
DA:56,0
DA:60,0
DA:62,0
DA:63,0
DA:65,0
DA:69,0
DA:70,0
DA:71,0
DA:72,0
DA:74,0
DA:77,0
LF:28
LH:0
BRDA:19,0,0,0
BRDA:19,0,1,0
BRDA:28,1,0,0
BRDA:28,1,1,0
BRDA:29,2,0,0
BRDA:29,2,1,0
BRDA:29,2,2,0
BRDA:29,2,3,0
BRDA:51,3,0,0
BRDA:51,3,1,0
BRDA:51,3,2,0
BRDA:51,3,3,0
BRDA:54,4,0,0
BRDA:54,4,1,0
BRDA:54,5,0,0
BRDA:54,5,1,0
BRDA:62,6,0,0
BRDA:62,6,1,0
BRDA:62,7,0,0
BRDA:62,7,1,0
BRDA:69,8,0,0
BRDA:69,8,1,0
BRDA:69,9,0,0
BRDA:69,9,1,0
BRDA:71,10,0,0
BRDA:71,10,1,0
BRDA:72,11,0,0
BRDA:72,11,1,0
BRF:28
BRH:0
end_of_record
TN:
SF:src\admin\services\admin-trust.service.ts
FN:31,(anonymous_4)
FN:39,(anonymous_5)
FN:60,(anonymous_6)
FN:63,(anonymous_7)
FN:81,(anonymous_8)
FN:204,(anonymous_9)
FN:211,(anonymous_10)
FN:277,(anonymous_11)
FN:299,(anonymous_12)
FN:311,(anonymous_13)
FNF:10
FNH:0
FNDA:0,(anonymous_4)
FNDA:0,(anonymous_5)
FNDA:0,(anonymous_6)
FNDA:0,(anonymous_7)
FNDA:0,(anonymous_8)
FNDA:0,(anonymous_9)
FNDA:0,(anonymous_10)
FNDA:0,(anonymous_11)
FNDA:0,(anonymous_12)
FNDA:0,(anonymous_13)
DA:1,0
DA:8,0
DA:9,0
DA:10,0
DA:11,0
DA:12,0
DA:13,0
DA:28,0
DA:29,0
DA:32,0
DA:33,0
DA:34,0
DA:35,0
DA:36,0
DA:40,0
DA:60,0
DA:64,0
DA:68,0
DA:74,0
DA:75,0
DA:76,0
DA:78,0
DA:79,0
DA:81,0
DA:83,0
DA:98,0
DA:106,0
DA:107,0
DA:130,0
DA:134,0
DA:148,0
DA:152,0
DA:155,0
DA:161,0
DA:169,0
DA:171,0
DA:176,0
DA:184,0
DA:193,0
DA:194,0
DA:196,0
DA:201,0
DA:205,0
DA:206,0
DA:208,0
DA:209,0
DA:211,0
DA:213,0
DA:223,0
DA:229,0
DA:240,0
DA:244,0
DA:245,0
DA:251,0
DA:259,0
DA:267,0
DA:274,0
DA:278,0
DA:279,0
DA:283,0
DA:284,0
DA:286,0
DA:296,0
DA:300,0
DA:301,0
DA:302,0
DA:303,0
DA:311,0
DA:312,0
DA:316,0
DA:327,0
DA:331,0
DA:332,0
DA:339,0
LF:74
LH:0
BRDA:68,0,0,0
BRDA:68,0,1,0
BRDA:74,1,0,0
BRDA:74,1,1,0
BRDA:75,2,0,0
BRDA:75,2,1,0
BRDA:76,3,0,0
BRDA:76,3,1,0
BRDA:91,4,0,0
BRDA:91,4,1,0
BRDA:106,5,0,0
BRDA:106,5,1,0
BRDA:131,6,0,0
BRDA:131,6,1,0
BRDA:172,7,0,0
BRDA:172,7,1,0
BRDA:197,8,0,0
BRDA:197,8,1,0
BRDA:205,9,0,0
BRDA:205,9,1,0
BRDA:209,10,0,0
BRDA:209,10,1,0
BRDA:278,11,0,0
BRDA:278,11,1,0
BRDA:284,12,0,0
BRDA:284,12,1,0
BRDA:301,13,0,0
BRDA:301,13,1,0
BRDA:302,14,0,0
BRDA:302,14,1,0
BRDA:320,15,0,0
BRDA:320,15,1,0
BRF:32
BRH:0
end_of_record
TN:
SF:src\ai-assistant\ai-analytics.controller.ts
FN:22,(anonymous_4)
FN:26,(anonymous_5)
FN:32,(anonymous_6)
FN:39,(anonymous_7)
FNF:4
FNH:0
FNDA:0,(anonymous_4)
FNDA:0,(anonymous_5)
FNDA:0,(anonymous_6)
FNDA:0,(anonymous_7)
DA:1,0
DA:2,0
DA:3,0
DA:4,0
DA:5,0
DA:21,0
DA:22,0
DA:26,0
DA:27,0
DA:32,0
DA:33,0
DA:34,0
DA:39,0
DA:40,0
LF:14
LH:0
BRDA:33,0,0,0
BRDA:33,0,1,0
BRDA:34,1,0,0
BRDA:34,1,1,0
BRF:4
BRH:0
end_of_record
TN:
SF:src\ai-assistant\ai-analytics.service.ts
FN:71,(anonymous_4)
FN:80,(anonymous_5)
FN:134,(anonymous_6)
FN:144,(anonymous_7)
FN:155,(anonymous_8)
FN:190,(anonymous_9)
FN:218,(anonymous_10)
FN:230,(anonymous_11)
FN:238,(anonymous_12)
FN:246,(anonymous_13)
FN:258,(anonymous_14)
FNF:11
FNH:0
FNDA:0,(anonymous_4)
FNDA:0,(anonymous_5)
FNDA:0,(anonymous_6)
FNDA:0,(anonymous_7)
FNDA:0,(anonymous_8)
FNDA:0,(anonymous_9)
FNDA:0,(anonymous_10)
FNDA:0,(anonymous_11)
FNDA:0,(anonymous_12)
FNDA:0,(anonymous_13)
FNDA:0,(anonymous_14)
DA:1,0
DA:2,0
DA:3,0
DA:5,0
DA:6,0
DA:7,0
DA:8,0
DA:12,0
DA:68,0
DA:69,0
DA:72,0
DA:73,0
DA:74,0
DA:75,0
DA:76,0
DA:81,0
DA:82,0
DA:83,0
DA:91,0
DA:107,0
DA:108,0
DA:110,0
DA:120,0
DA:121,0
DA:135,0
DA:136,0
DA:137,0
DA:144,0
DA:149,0
DA:150,0
DA:156,0
DA:157,0
DA:158,0
DA:159,0
DA:167,0
DA:184,0
DA:190,0
DA:197,0
DA:200,0
DA:219,0
DA:220,0
DA:230,0
DA:239,0
DA:240,0
DA:241,0
DA:242,0
DA:247,0
DA:248,0
DA:250,0
DA:253,0
DA:255,0
DA:259,0
LF:52
LH:0
BRDA:107,0,0,0
BRDA:107,0,1,0
BRDA:108,1,0,0
BRDA:108,1,1,0
BRDA:120,2,0,0
BRDA:120,2,1,0
BRDA:134,3,0,0
BRDA:149,4,0,0
BRDA:149,4,1,0
BRDA:187,5,0,0
BRDA:187,5,1,0
BRDA:188,6,0,0
BRDA:188,6,1,0
BRDA:198,7,0,0
BRDA:198,7,1,0
BRDA:248,8,0,0
BRDA:248,8,1,0
BRDA:250,9,0,0
BRDA:250,9,1,0
BRDA:250,10,0,0
BRDA:250,10,1,0
BRDA:259,11,0,0
BRDA:259,11,1,0
BRF:23
BRH:0
end_of_record
TN:
SF:src\ai-assistant\ai-assistant.constants.ts
FN:254,(anonymous_0)
FN:271,(anonymous_1)
FN:275,(anonymous_2)
FN:279,(anonymous_3)
FNF:4
FNH:4
FNDA:17,(anonymous_0)
FNDA:7,(anonymous_1)
FNDA:5,(anonymous_2)
FNDA:2,(anonymous_3)
DA:10,11
DA:13,11
DA:20,11
DA:24,11
DA:26,11
DA:30,11
DA:32,11
DA:34,11
DA:40,11
DA:49,11
DA:71,11
DA:90,11
DA:116,11
DA:195,11
DA:196,11
DA:199,11
DA:200,11
DA:204,11
DA:206,11
DA:210,11
DA:217,11
DA:220,11
DA:225,11
DA:230,11
DA:235,11
DA:241,11
DA:244,11
DA:245,11
DA:248,11
DA:249,11
DA:250,11
DA:251,11
DA:254,11
DA:255,17
DA:258,11
DA:261,11
DA:264,11
DA:268,11
DA:271,11
DA:272,7
DA:275,11
DA:276,5
DA:279,11
DA:280,2
DA:283,11
DA:286,11
LF:46
LH:46
BRDA:271,0,0,7
BRF:1
BRH:1
end_of_record
TN:
SF:src\ai-assistant\ai-assistant.controller.ts
FN:46,(anonymous_4)
FN:54,(anonymous_5)
FN:126,(anonymous_6)
FN:141,(anonymous_7)
FNF:4
FNH:0
FNDA:0,(anonymous_4)
FNDA:0,(anonymous_5)
FNDA:0,(anonymous_6)
FNDA:0,(anonymous_7)
DA:1,0
DA:15,0
DA:16,0
DA:17,0
DA:18,0
DA:19,0
DA:20,0
DA:21,0
DA:45,0
DA:47,0
DA:48,0
DA:49,0
DA:54,0
DA:58,0
DA:62,0
DA:63,0
DA:69,0
DA:70,0
DA:71,0
DA:76,0
DA:77,0
DA:78,0
DA:84,0
DA:93,0
DA:94,0
DA:95,0
DA:103,0
DA:113,0
DA:114,0
DA:117,0
DA:126,0
DA:129,0
DA:130,0
DA:141,0
DA:147,0
DA:148,0
DA:149,0
DA:153,0
DA:154,0
DA:155,0
DA:159,0
DA:160,0
DA:167,0
LF:43
LH:0
BRDA:58,0,0,0
BRDA:58,0,1,0
BRDA:62,1,0,0
BRDA:62,1,1,0
BRDA:70,2,0,0
BRDA:70,2,1,0
BRDA:77,3,0,0
BRDA:77,3,1,0
BRDA:87,4,0,0
BRDA:87,4,1,0
BRDA:94,5,0,0
BRDA:94,5,1,0
BRDA:96,6,0,0
BRDA:96,6,1,0
BRDA:106,7,0,0
BRDA:106,7,1,0
BRDA:113,8,0,0
BRDA:113,8,1,0
BRDA:113,9,0,0
BRDA:113,9,1,0
BRDA:148,10,0,0
BRDA:148,10,1,0
BRDA:154,11,0,0
BRDA:154,11,1,0
BRDA:154,12,0,0
BRDA:154,12,1,0
BRDA:154,12,2,0
BRDA:159,13,0,0
BRDA:159,13,1,0
BRF:29
BRH:0
end_of_record
TN:
SF:src\ai-assistant\ai-assistant.helpers.ts
FN:42,classifyIntent
FN:44,(anonymous_1)
FN:44,(anonymous_2)
FN:53,normalizeText
FN:63,singularize
FN:73,semanticCanonical
FN:76,(anonymous_6)
FN:77,(anonymous_7)
FN:78,(anonymous_8)
FN:88,respCacheKey
FN:101,asString
FN:112,captureSearchProviders
FN:123,(anonymous_12)
FN:133,dedupeProviders
FN:151,matchAdminMetric
FN:154,(anonymous_15)
FN:154,(anonymous_16)
FN:238,providerTypeLabel
FN:242,formatPlatformStats
FN:259,formatPendingApprovals
FN:280,formatTopProviders
FN:288,(anonymous_21)
FN:303,isGeminiOverloaded
FN:326,shouldFallback
FN:360,secondsUntilPeruMidnight
FNF:25
FNH:25
FNDA:16,classifyIntent
FNDA:41,(anonymous_1)
FNDA:581,(anonymous_2)
FNDA:40,normalizeText
FNDA:29,singularize
FNDA:21,semanticCanonical
FNDA:63,(anonymous_6)
FNDA:29,(anonymous_7)
FNDA:29,(anonymous_8)
FNDA:16,respCacheKey
FNDA:25,asString
FNDA:5,captureSearchProviders
FNDA:2,(anonymous_12)
FNDA:11,dedupeProviders
FNDA:19,matchAdminMetric
FNDA:78,(anonymous_15)
FNDA:526,(anonymous_16)
FNDA:2,providerTypeLabel
FNDA:2,formatPlatformStats
FNDA:1,formatPendingApprovals
FNDA:1,formatTopProviders
FNDA:1,(anonymous_21)
FNDA:8,isGeminiOverloaded
FNDA:5,shouldFallback
FNDA:17,secondsUntilPeruMidnight
DA:1,5
DA:9,5
DA:33,5
DA:42,5
DA:43,16
DA:44,581
DA:46,16
DA:47,16
DA:48,9
DA:49,7
DA:53,5
DA:54,40
DA:63,5
DA:64,29
DA:73,5
DA:74,21
DA:76,63
DA:77,29
DA:78,29
DA:79,21
DA:88,5
DA:93,16
DA:94,16
DA:95,16
DA:101,5
DA:102,25
DA:112,5
DA:117,5
DA:118,5
DA:119,5
DA:121,5
DA:123,5
DA:124,2
DA:125,2
DA:126,2
DA:127,2
DA:129,5
DA:133,5
DA:134,11
DA:135,11
DA:136,11
DA:137,2
DA:138,2
DA:139,2
DA:141,11
DA:151,5
DA:152,19
DA:153,19
DA:154,526
DA:157,19
DA:169,3
DA:173,16
DA:192,4
DA:196,12
DA:231,9
DA:234,3
DA:238,5
DA:239,2
DA:242,5
DA:244,2
DA:249,2
DA:250,2
DA:259,5
DA:260,1
DA:261,0
DA:263,1
DA:269,1
DA:270,1
DA:271,1
DA:272,1
DA:277,1
DA:280,5
DA:281,1
DA:282,0
DA:284,1
DA:288,1
DA:289,1
DA:290,1
DA:294,1
DA:303,5
DA:304,8
DA:305,8
DA:306,2
DA:308,6
DA:309,6
DA:326,5
DA:327,5
DA:329,4
DA:330,4
DA:331,4
DA:332,2
DA:338,0
DA:341,2
DA:342,2
DA:360,5
DA:361,17
DA:362,17
DA:363,17
DA:364,17
DA:365,17
DA:366,17
LF:101
LH:98
BRDA:46,0,0,0
BRDA:46,0,1,16
BRDA:47,1,0,7
BRDA:47,1,1,9
BRDA:48,2,0,2
BRDA:48,2,1,7
BRDA:64,3,0,6
BRDA:64,3,1,23
BRDA:64,4,0,29
BRDA:64,4,1,29
BRDA:76,5,0,63
BRDA:76,5,1,57
BRDA:102,6,0,4
BRDA:102,6,1,21
BRDA:102,7,0,25
BRDA:102,7,1,4
BRDA:117,8,0,0
BRDA:117,8,1,5
BRDA:119,9,0,0
BRDA:119,9,1,5
BRDA:137,10,0,0
BRDA:137,10,1,2
BRDA:153,11,0,0
BRDA:153,11,1,19
BRDA:157,12,0,3
BRDA:157,12,1,16
BRDA:158,13,0,19
BRDA:158,13,1,2
BRDA:158,13,2,17
BRDA:173,14,0,4
BRDA:173,14,1,12
BRDA:174,15,0,16
BRDA:174,15,1,12
BRDA:174,15,2,0
BRDA:196,16,0,9
BRDA:196,16,1,3
BRDA:197,17,0,12
BRDA:197,17,1,4
BRDA:197,17,2,3
BRDA:197,17,3,3
BRDA:197,17,4,3
BRDA:197,17,5,3
BRDA:239,18,0,1
BRDA:239,18,1,1
BRDA:244,19,0,2
BRDA:244,19,1,0
BRDA:246,20,0,0
BRDA:246,20,1,0
BRDA:260,21,0,0
BRDA:260,21,1,1
BRDA:260,22,0,1
BRDA:260,22,1,0
BRDA:269,23,0,1
BRDA:269,23,1,0
BRDA:281,24,0,0
BRDA:281,24,1,1
BRDA:289,25,0,1
BRDA:289,25,1,0
BRDA:305,26,0,2
BRDA:305,26,1,6
BRDA:305,27,0,8
BRDA:305,27,1,6
BRDA:305,27,2,6
BRDA:308,28,0,1
BRDA:308,28,1,5
BRDA:310,29,0,6
BRDA:310,29,1,6
BRDA:310,29,2,6
BRDA:310,29,3,6
BRDA:327,30,0,1
BRDA:327,30,1,4
BRDA:330,31,0,4
BRDA:330,31,1,1
BRDA:331,32,0,2
BRDA:331,32,1,2
BRDA:331,33,0,4
BRDA:331,33,1,2
BRDA:331,33,2,2
BRDA:332,34,0,0
BRDA:332,34,1,2
BRDA:333,35,0,2
BRDA:333,35,1,2
BRDA:333,35,2,2
BRDA:333,35,3,2
BRDA:341,36,0,1
BRDA:341,36,1,1
BRDA:343,37,0,2
BRDA:343,37,1,2
BRDA:343,37,2,2
BRDA:343,37,3,2
BRDA:343,37,4,2
BRDA:343,37,5,2
BRDA:343,37,6,2
BRDA:343,37,7,1
BRDA:343,37,8,1
BRDA:343,37,9,1
BRDA:343,37,10,1
BRF:97
BRH:82
end_of_record
TN:
SF:src\ai-assistant\ai-assistant.service.ts
FN:110,(anonymous_13)
FN:147,(anonymous_14)
FN:162,(anonymous_15)
FN:172,(anonymous_16)
FN:432,(anonymous_17)
FN:467,(anonymous_18)
FN:482,(anonymous_19)
FN:509,(anonymous_20)
FN:524,(anonymous_21)
FN:536,(anonymous_22)
FN:586,(anonymous_23)
FN:602,(anonymous_24)
FN:643,(anonymous_25)
FN:667,(anonymous_26)
FN:668,(anonymous_27)
FN:680,(anonymous_28)
FN:775,(anonymous_29)
FN:804,(anonymous_30)
FN:856,(anonymous_31)
FN:879,(anonymous_32)
FN:910,(anonymous_33)
FN:926,(anonymous_34)
FN:944,(anonymous_35)
FN:1024,(anonymous_36)
FN:1048,(anonymous_37)
FN:1063,(anonymous_38)
FN:1081,(anonymous_39)
FN:1097,(anonymous_40)
FN:1130,(anonymous_41)
FN:1172,(anonymous_42)
FN:1191,(anonymous_43)
FN:1204,(anonymous_44)
FNF:32
FNH:25
FNDA:22,(anonymous_13)
FNDA:16,(anonymous_14)
FNDA:21,(anonymous_15)
FNDA:4,(anonymous_16)
FNDA:0,(anonymous_17)
FNDA:0,(anonymous_18)
FNDA:11,(anonymous_19)
FNDA:8,(anonymous_20)
FNDA:5,(anonymous_21)
FNDA:14,(anonymous_22)
FNDA:6,(anonymous_23)
FNDA:5,(anonymous_24)
FNDA:19,(anonymous_25)
FNDA:19,(anonymous_26)
FNDA:0,(anonymous_27)
FNDA:5,(anonymous_28)
FNDA:5,(anonymous_29)
FNDA:4,(anonymous_30)
FNDA:3,(anonymous_31)
FNDA:0,(anonymous_32)
FNDA:16,(anonymous_33)
FNDA:13,(anonymous_34)
FNDA:17,(anonymous_35)
FNDA:21,(anonymous_36)
FNDA:17,(anonymous_37)
FNDA:17,(anonymous_38)
FNDA:0,(anonymous_39)
FNDA:0,(anonymous_40)
FNDA:17,(anonymous_41)
FNDA:32,(anonymous_42)
FNDA:0,(anonymous_43)
FNDA:15,(anonymous_44)
DA:1,5
DA:2,5
DA:3,5
DA:5,5
DA:6,5
DA:15,5
DA:30,5
DA:31,5
DA:32,5
DA:33,5
DA:34,5
DA:35,5
DA:37,5
DA:38,5
DA:39,5
DA:43,5
DA:44,5
DA:45,5
DA:46,5
DA:47,5
DA:48,5
DA:49,5
DA:57,5
DA:105,5
DA:106,22
DA:107,22
DA:108,22
DA:111,22
DA:112,22
DA:113,22
DA:114,22
DA:115,22
DA:116,22
DA:117,22
DA:118,22
DA:119,22
DA:125,22
DA:129,22
DA:130,22
DA:131,22
DA:132,22
DA:138,22
DA:143,22
DA:148,16
DA:149,14
DA:150,14
DA:151,14
DA:152,14
DA:153,0
DA:154,0
DA:156,14
DA:157,14
DA:169,21
DA:170,21
DA:171,21
DA:172,21
DA:182,21
DA:187,21
DA:188,6
DA:189,6
DA:190,5
DA:191,5
DA:192,4
DA:195,4
DA:196,4
DA:205,4
DA:219,17
DA:220,17
DA:221,0
DA:228,17
DA:229,17
DA:230,1
DA:239,16
DA:245,16
DA:246,16
DA:247,0
DA:248,0
DA:259,0
DA:266,16
DA:267,16
DA:268,0
DA:277,16
DA:283,16
DA:284,16
DA:305,16
DA:306,16
DA:308,16
DA:312,16
DA:313,16
DA:315,16
DA:316,9
DA:317,9
DA:318,2
DA:319,2
DA:328,2
DA:345,14
DA:347,14
DA:349,14
DA:350,14
DA:351,14
DA:360,9
DA:361,9
DA:362,9
DA:364,5
DA:365,5
DA:366,5
DA:370,5
DA:379,5
DA:390,5
DA:391,3
DA:398,2
DA:399,2
DA:403,11
DA:406,11
DA:407,11
DA:419,11
DA:423,11
DA:429,0
DA:432,0
DA:434,0
DA:435,0
DA:443,11
DA:444,7
DA:445,7
DA:451,7
DA:454,11
DA:471,0
DA:483,11
DA:484,11
DA:485,11
DA:486,4
DA:488,0
DA:490,4
DA:491,4
DA:492,3
DA:493,3
DA:495,0
DA:499,1
DA:501,0
DA:504,0
DA:514,8
DA:515,8
DA:517,0
DA:525,5
DA:526,5
DA:527,5
DA:528,5
DA:545,14
DA:546,14
DA:551,14
DA:554,14
DA:563,14
DA:564,14
DA:565,14
DA:566,19
DA:572,14
DA:574,14
DA:575,14
DA:576,8
DA:577,8
DA:578,0
DA:580,8
DA:584,6
DA:586,6
DA:590,6
DA:591,6
DA:592,1
DA:595,1
DA:600,5
DA:602,5
DA:607,5
DA:608,5
DA:609,5
DA:612,5
DA:617,5
DA:618,5
DA:619,5
DA:622,5
DA:627,5
DA:634,5
DA:649,19
DA:667,19
DA:668,19
DA:671,19
DA:685,5
DA:686,5
DA:687,0
DA:690,5
DA:691,5
DA:692,5
DA:694,5
DA:703,0
DA:709,0
DA:713,0
DA:714,0
DA:715,0
DA:718,0
DA:725,0
DA:727,0
DA:731,0
DA:738,0
DA:739,0
DA:744,0
DA:745,0
DA:749,0
DA:751,0
DA:753,0
DA:755,0
DA:758,0
DA:761,0
DA:776,5
DA:777,5
DA:779,3
DA:781,1
DA:785,1
DA:788,1
DA:793,1
DA:812,4
DA:813,4
DA:817,4
DA:818,4
DA:827,4
DA:837,0
DA:864,3
DA:865,3
DA:866,3
DA:867,3
DA:868,3
DA:870,3
DA:874,3
DA:880,0
DA:881,0
DA:882,0
DA:883,0
DA:886,0
DA:890,2
DA:893,2
DA:895,1
DA:898,1
DA:902,1
DA:915,16
DA:916,16
DA:917,16
DA:918,15
DA:919,15
DA:920,14
DA:921,13
DA:922,13
DA:924,16
DA:926,16
DA:930,16
DA:931,16
DA:948,17
DA:951,17
DA:952,17
DA:953,17
DA:955,0
DA:960,17
DA:961,17
DA:967,17
DA:968,17
DA:969,0
DA:970,0
DA:971,0
DA:972,0
DA:973,0
DA:976,0
DA:980,17
DA:994,17
DA:995,0
DA:998,17
DA:999,0
DA:1006,17
DA:1030,21
DA:1031,6
DA:1034,15
DA:1035,15
DA:1037,15
DA:1038,0
DA:1041,15
DA:1042,0
DA:1044,15
DA:1049,17
DA:1051,2
DA:1053,0
DA:1055,0
DA:1058,15
DA:1064,17
DA:1085,0
DA:1088,0
DA:1089,0
DA:1100,0
DA:1101,0
DA:1104,0
DA:1105,0
DA:1106,0
DA:1107,0
DA:1108,0
DA:1113,0
DA:1134,17
DA:1136,17
DA:1139,17
DA:1140,15
DA:1141,15
DA:1142,15
DA:1143,0
DA:1146,0
DA:1150,0
DA:1155,17
DA:1156,17
DA:1161,17
DA:1163,16
DA:1177,32
DA:1178,32
DA:1179,32
DA:1180,32
DA:1181,32
DA:1183,0
DA:1186,0
DA:1192,0
DA:1193,0
DA:1194,0
DA:1196,0
DA:1199,0
DA:1205,15
DA:1206,15
DA:1207,15
LF:327
LH:249
BRDA:148,0,0,2
BRDA:148,0,1,14
BRDA:149,1,0,0
BRDA:149,1,1,14
BRDA:152,2,0,0
BRDA:152,2,1,14
BRDA:165,3,0,15
BRDA:166,4,0,15
BRDA:167,5,0,21
BRDA:170,6,0,21
BRDA:170,6,1,21
BRDA:187,7,0,6
BRDA:187,7,1,15
BRDA:189,8,0,5
BRDA:189,8,1,1
BRDA:191,9,0,4
BRDA:191,9,1,1
BRDA:195,10,0,4
BRDA:195,10,1,0
BRDA:220,11,0,0
BRDA:220,11,1,17
BRDA:229,12,0,1
BRDA:229,12,1,16
BRDA:232,13,0,0
BRDA:232,13,1,1
BRDA:239,14,0,0
BRDA:239,14,1,16
BRDA:246,15,0,0
BRDA:246,15,1,16
BRDA:247,16,0,0
BRDA:247,16,1,0
BRDA:267,17,0,0
BRDA:267,17,1,16
BRDA:277,18,0,16
BRDA:277,18,1,0
BRDA:283,19,0,16
BRDA:283,19,1,0
BRDA:306,20,0,16
BRDA:306,20,1,14
BRDA:308,21,0,16
BRDA:308,21,1,16
BRDA:308,21,2,9
BRDA:308,21,3,7
BRDA:312,22,0,16
BRDA:312,22,1,16
BRDA:312,22,2,9
BRDA:315,23,0,9
BRDA:315,23,1,7
BRDA:317,24,0,2
BRDA:317,24,1,7
BRDA:331,25,0,1
BRDA:331,25,1,1
BRDA:331,26,0,2
BRDA:331,26,1,1
BRDA:371,27,0,1
BRDA:371,27,1,4
BRDA:379,28,0,3
BRDA:379,28,1,2
BRDA:379,29,0,5
BRDA:379,29,1,4
BRDA:390,30,0,3
BRDA:390,30,1,2
BRDA:393,31,0,1
BRDA:393,31,1,2
BRDA:406,32,0,11
BRDA:406,32,1,0
BRDA:423,33,0,0
BRDA:423,33,1,11
BRDA:424,34,0,11
BRDA:424,34,1,0
BRDA:424,34,2,0
BRDA:424,34,3,0
BRDA:424,34,4,0
BRDA:434,35,0,0
BRDA:434,35,1,0
BRDA:443,36,0,7
BRDA:443,36,1,4
BRDA:443,37,0,11
BRDA:443,37,1,7
BRDA:444,38,0,2
BRDA:444,38,1,5
BRDA:447,39,0,2
BRDA:447,39,1,5
BRDA:456,40,0,2
BRDA:456,40,1,9
BRDA:469,41,0,0
BRDA:485,42,0,7
BRDA:485,42,1,4
BRDA:486,43,0,0
BRDA:486,43,1,4
BRDA:491,44,0,3
BRDA:491,44,1,1
BRDA:502,45,0,0
BRDA:502,45,1,0
BRDA:518,46,0,0
BRDA:518,46,1,0
BRDA:527,47,0,5
BRDA:527,47,1,5
BRDA:556,48,0,14
BRDA:556,48,1,0
BRDA:572,49,0,14
BRDA:572,49,1,0
BRDA:575,50,0,8
BRDA:575,50,1,6
BRDA:575,51,0,14
BRDA:575,51,1,14
BRDA:577,52,0,0
BRDA:577,52,1,8
BRDA:591,53,0,1
BRDA:591,53,1,5
BRDA:617,54,0,5
BRDA:617,54,1,0
BRDA:619,55,0,2
BRDA:619,55,1,3
BRDA:623,56,0,5
BRDA:623,56,1,0
BRDA:629,57,0,5
BRDA:629,57,1,0
BRDA:656,58,0,19
BRDA:656,58,1,0
BRDA:685,59,0,5
BRDA:685,59,1,0
BRDA:686,60,0,0
BRDA:686,60,1,5
BRDA:687,61,0,0
BRDA:687,61,1,0
BRDA:690,62,0,5
BRDA:690,62,1,0
BRDA:692,63,0,5
BRDA:692,63,1,0
BRDA:692,63,2,0
BRDA:692,63,3,0
BRDA:692,63,4,0
BRDA:692,63,5,0
BRDA:692,63,6,0
BRDA:692,63,7,0
BRDA:692,63,8,0
BRDA:692,63,9,0
BRDA:692,63,10,0
BRDA:692,63,11,0
BRDA:692,63,12,0
BRDA:692,63,13,0
BRDA:713,64,0,0
BRDA:713,64,1,0
BRDA:715,65,0,0
BRDA:715,65,1,0
BRDA:739,66,0,0
BRDA:739,66,1,0
BRDA:745,67,0,0
BRDA:745,67,1,0
BRDA:759,68,0,0
BRDA:759,68,1,0
BRDA:777,69,0,3
BRDA:777,69,1,1
BRDA:777,69,2,1
BRDA:790,70,0,1
BRDA:790,70,1,0
BRDA:817,71,0,0
BRDA:817,71,1,4
BRDA:839,72,0,0
BRDA:839,72,1,0
BRDA:865,73,0,0
BRDA:865,73,1,3
BRDA:881,74,0,0
BRDA:881,74,1,0
BRDA:883,75,0,0
BRDA:883,75,1,0
BRDA:896,76,0,1
BRDA:896,76,1,0
BRDA:919,77,0,1
BRDA:919,77,1,14
BRDA:920,78,0,1
BRDA:920,78,1,13
BRDA:927,79,0,5
BRDA:927,79,1,8
BRDA:961,80,0,0
BRDA:961,80,1,17
BRDA:968,81,0,0
BRDA:968,81,1,17
BRDA:970,82,0,0
BRDA:970,82,1,0
BRDA:972,83,0,0
BRDA:972,83,1,0
BRDA:994,84,0,0
BRDA:994,84,1,17
BRDA:998,85,0,0
BRDA:998,85,1,17
BRDA:1030,86,0,6
BRDA:1030,86,1,15
BRDA:1030,87,0,21
BRDA:1030,87,1,6
BRDA:1034,88,0,0
BRDA:1034,88,1,15
BRDA:1035,89,0,0
BRDA:1035,89,1,15
BRDA:1037,90,0,0
BRDA:1037,90,1,15
BRDA:1037,91,0,15
BRDA:1037,91,1,15
BRDA:1041,92,0,0
BRDA:1041,92,1,15
BRDA:1041,93,0,15
BRDA:1041,93,1,15
BRDA:1049,94,0,2
BRDA:1049,94,1,0
BRDA:1049,94,2,0
BRDA:1049,94,3,15
BRDA:1049,94,4,15
BRDA:1085,95,0,0
BRDA:1085,95,1,0
BRDA:1101,96,0,0
BRDA:1101,96,1,0
BRDA:1106,97,0,0
BRDA:1106,97,1,0
BRDA:1134,98,0,0
BRDA:1134,98,1,17
BRDA:1139,99,0,15
BRDA:1139,99,1,2
BRDA:1142,100,0,0
BRDA:1142,100,1,15
BRDA:1155,101,0,17
BRDA:1155,101,1,0
BRDA:1161,102,0,1
BRDA:1161,102,1,16
BRDA:1177,103,0,0
BRDA:1177,103,1,32
BRDA:1179,104,0,32
BRDA:1179,104,1,26
BRDA:1184,105,0,0
BRDA:1184,105,1,0
BRDA:1192,106,0,0
BRDA:1192,106,1,0
BRDA:1194,107,0,0
BRDA:1194,107,1,0
BRDA:1197,108,0,0
BRDA:1197,108,1,0
BRDA:1206,109,0,0
BRDA:1206,109,1,15
BRDA:1207,110,0,0
BRDA:1207,110,1,15
BRDA:1207,111,0,15
BRDA:1207,111,1,0
BRF:242
BRH:136
end_of_record
TN:
SF:src\ai-assistant\ai-assistant.types.ts
FN:39,(anonymous_0)
FNF:1
FNH:1
FNDA:6,(anonymous_0)
DA:39,6
DA:40,6
DA:41,6
DA:42,6
LF:4
LH:4
BRDA:39,0,0,6
BRDA:39,0,1,6
BRF:2
BRH:2
end_of_record
TN:
SF:src\ai-assistant\ai-circuit-breaker.service.ts
FN:46,(anonymous_13)
FN:53,(anonymous_14)
FN:85,(anonymous_15)
FN:101,(anonymous_16)
FN:127,(anonymous_17)
FN:149,(anonymous_18)
FN:163,(anonymous_19)
FNF:7
FNH:5
FNDA:3,(anonymous_13)
FNDA:4,(anonymous_14)
FNDA:0,(anonymous_15)
FNDA:14,(anonymous_16)
FNDA:2,(anonymous_17)
FNDA:2,(anonymous_18)
FNDA:0,(anonymous_19)
DA:1,6
DA:2,6
DA:4,6
DA:5,6
DA:6,6
DA:43,6
DA:44,3
DA:46,3
DA:54,4
DA:56,4
DA:59,4
DA:60,1
DA:64,3
DA:65,3
DA:66,3
DA:68,1
DA:69,1
DA:70,1
DA:74,2
DA:77,0
DA:80,0
DA:86,0
DA:87,0
DA:102,14
DA:104,14
DA:108,14
DA:109,0
DA:110,0
DA:113,14
DA:114,14
DA:116,14
DA:117,2
DA:120,0
DA:128,2
DA:132,2
DA:133,2
DA:134,2
DA:150,2
DA:151,2
DA:152,2
DA:153,2
DA:164,0
DA:165,0
DA:170,0
DA:171,0
DA:178,0
LF:46
LH:34
BRDA:56,0,0,4
BRDA:56,0,1,1
BRDA:59,1,0,1
BRDA:59,1,1,3
BRDA:64,2,0,3
BRDA:64,2,1,0
BRDA:66,3,0,1
BRDA:66,3,1,2
BRDA:78,4,0,0
BRDA:78,4,1,0
BRDA:104,5,0,14
BRDA:104,5,1,14
BRDA:108,6,0,0
BRDA:108,6,1,14
BRDA:113,7,0,14
BRDA:113,7,1,3
BRDA:116,8,0,2
BRDA:116,8,1,12
BRDA:121,9,0,0
BRDA:121,9,1,0
BRDA:139,10,0,2
BRDA:139,10,1,0
BRDA:141,11,0,0
BRDA:141,11,1,0
BRDA:143,12,0,0
BRDA:143,12,1,0
BRDA:152,13,0,2
BRDA:152,13,1,2
BRDA:170,14,0,0
BRDA:170,14,1,0
BRDA:173,15,0,0
BRDA:173,15,1,0
BRDA:174,16,0,0
BRDA:174,16,1,0
BRF:34
BRH:17
end_of_record
TN:
SF:src\ai-assistant\ai-conversation.service.ts
FN:35,(anonymous_11)
FN:42,(anonymous_12)
FN:106,(anonymous_13)
FN:139,(anonymous_14)
FN:163,(anonymous_15)
FNF:5
FNH:2
FNDA:9,(anonymous_11)
FNDA:9,(anonymous_12)
FNDA:0,(anonymous_13)
FNDA:0,(anonymous_14)
FNDA:0,(anonymous_15)
DA:1,6
DA:2,6
DA:3,6
DA:5,6
DA:32,6
DA:33,9
DA:35,9
DA:49,9
DA:50,6
DA:53,6
DA:57,6
DA:63,3
DA:67,3
DA:68,3
DA:73,3
DA:78,2
DA:82,2
DA:86,2
DA:88,0
DA:91,0
DA:95,0
DA:107,0
DA:109,0
DA:116,0
DA:117,0
DA:118,0
DA:119,0
DA:120,0
DA:121,0
DA:122,0
DA:127,0
DA:129,0
DA:130,0
DA:143,0
DA:144,0
DA:150,0
DA:152,0
DA:155,0
DA:164,0
DA:165,0
DA:166,0
DA:182,0
DA:183,0
LF:43
LH:18
BRDA:49,0,0,6
BRDA:49,0,1,3
BRDA:49,1,0,9
BRDA:49,1,1,5
BRDA:63,2,0,2
BRDA:63,2,1,1
BRDA:63,3,0,3
BRDA:63,3,1,3
BRDA:73,4,0,1
BRDA:73,4,1,2
BRDA:89,5,0,0
BRDA:89,5,1,0
BRDA:119,6,0,0
BRDA:119,6,1,0
BRDA:120,7,0,0
BRDA:120,7,1,0
BRDA:123,8,0,0
BRDA:123,8,1,0
BRDA:129,9,0,0
BRDA:129,9,1,0
BRDA:141,10,0,0
BRDA:153,11,0,0
BRDA:153,11,1,0
BRDA:164,12,0,0
BRDA:164,12,1,0
BRDA:171,13,0,0
BRDA:171,13,1,0
BRDA:172,14,0,0
BRDA:172,14,1,0
BRDA:173,15,0,0
BRDA:173,15,1,0
BRDA:174,16,0,0
BRDA:174,16,1,0
BRDA:175,17,0,0
BRDA:175,17,1,0
BRDA:176,18,0,0
BRDA:176,18,1,0
BRDA:182,19,0,0
BRDA:182,19,1,0
BRF:39
BRH:10
end_of_record
TN:
SF:src\ai-assistant\ai-data-access.service.ts
FN:191,(anonymous_2)
FN:197,(anonymous_3)
FN:217,(anonymous_4)
FN:285,(anonymous_5)
FN:286,(anonymous_6)
FN:302,(anonymous_7)
FN:303,(anonymous_8)
FN:322,(anonymous_9)
FN:335,(anonymous_10)
FN:335,(anonymous_11)
FN:341,(anonymous_12)
FN:371,(anonymous_13)
FN:372,(anonymous_14)
FN:384,(anonymous_15)
FN:393,(anonymous_16)
FN:407,(anonymous_17)
FN:471,(anonymous_18)
FN:486,(anonymous_19)
FN:533,(anonymous_20)
FN:553,(anonymous_21)
FN:556,(anonymous_22)
FN:562,(anonymous_23)
FN:568,(anonymous_24)
FN:584,(anonymous_25)
FN:595,(anonymous_26)
FN:607,(anonymous_27)
FN:621,(anonymous_28)
FN:626,(anonymous_29)
FN:680,(anonymous_30)
FN:700,(anonymous_31)
FN:749,(anonymous_32)
FN:752,(anonymous_33)
FN:776,(anonymous_34)
FN:785,(anonymous_35)
FN:796,(anonymous_36)
FN:799,(anonymous_37)
FN:821,(anonymous_38)
FN:829,(anonymous_39)
FN:831,(anonymous_40)
FN:857,(anonymous_41)
FN:862,(anonymous_42)
FN:875,(anonymous_43)
FN:883,(anonymous_44)
FN:885,(anonymous_45)
FNF:44
FNH:0
FNDA:0,(anonymous_2)
FNDA:0,(anonymous_3)
FNDA:0,(anonymous_4)
FNDA:0,(anonymous_5)
FNDA:0,(anonymous_6)
FNDA:0,(anonymous_7)
FNDA:0,(anonymous_8)
FNDA:0,(anonymous_9)
FNDA:0,(anonymous_10)
FNDA:0,(anonymous_11)
FNDA:0,(anonymous_12)
FNDA:0,(anonymous_13)
FNDA:0,(anonymous_14)
FNDA:0,(anonymous_15)
FNDA:0,(anonymous_16)
FNDA:0,(anonymous_17)
FNDA:0,(anonymous_18)
FNDA:0,(anonymous_19)
FNDA:0,(anonymous_20)
FNDA:0,(anonymous_21)
FNDA:0,(anonymous_22)
FNDA:0,(anonymous_23)
FNDA:0,(anonymous_24)
FNDA:0,(anonymous_25)
FNDA:0,(anonymous_26)
FNDA:0,(anonymous_27)
FNDA:0,(anonymous_28)
FNDA:0,(anonymous_29)
FNDA:0,(anonymous_30)
FNDA:0,(anonymous_31)
FNDA:0,(anonymous_32)
FNDA:0,(anonymous_33)
FNDA:0,(anonymous_34)
FNDA:0,(anonymous_35)
FNDA:0,(anonymous_36)
FNDA:0,(anonymous_37)
FNDA:0,(anonymous_38)
FNDA:0,(anonymous_39)
FNDA:0,(anonymous_40)
FNDA:0,(anonymous_41)
FNDA:0,(anonymous_42)
FNDA:0,(anonymous_43)
FNDA:0,(anonymous_44)
FNDA:0,(anonymous_45)
DA:1,5
DA:2,5
DA:3,5
DA:185,5
DA:186,0
DA:189,5
DA:191,0
DA:198,0
DA:199,0
DA:200,0
DA:202,0
DA:205,0
DA:223,0
DA:230,0
DA:231,0
DA:232,0
DA:233,0
DA:234,0
DA:236,0
DA:286,0
DA:287,0
DA:289,0
DA:290,0
DA:302,0
DA:303,0
DA:318,0
DA:323,0
DA:335,0
DA:337,0
DA:342,0
DA:372,0
DA:380,0
DA:385,0
DA:394,0
DA:399,0
DA:411,0
DA:412,0
DA:414,0
DA:415,0
DA:416,0
DA:417,0
DA:422,0
DA:423,0
DA:428,0
DA:429,0
DA:434,0
DA:435,0
DA:440,0
DA:441,0
DA:446,0
DA:449,0
DA:450,0
DA:451,0
DA:452,0
DA:457,0
DA:462,0
DA:472,0
DA:473,0
DA:479,0
DA:487,0
DA:500,0
DA:502,0
DA:515,0
DA:537,0
DA:544,0
DA:554,0
DA:556,0
DA:558,0
DA:563,0
DA:568,0
DA:574,0
DA:587,0
DA:596,0
DA:597,0
DA:605,0
DA:608,0
DA:617,0
DA:622,0
DA:623,0
DA:629,0
DA:638,0
DA:644,0
DA:654,0
DA:681,0
DA:692,0
DA:693,0
DA:694,0
DA:695,0
DA:696,0
DA:697,0
DA:698,0
DA:700,0
DA:710,0
DA:729,0
DA:741,0
DA:750,0
DA:752,0
DA:753,0
DA:764,0
DA:765,0
DA:776,0
DA:785,0
DA:786,0
DA:796,0
DA:799,0
DA:800,0
DA:801,0
DA:802,0
DA:814,0
DA:822,0
DA:828,0
DA:829,0
DA:831,0
DA:832,0
DA:856,0
DA:857,0
DA:862,0
DA:872,0
DA:880,0
DA:881,0
DA:884,0
DA:885,0
DA:891,0
DA:894,0
LF:124
LH:5
BRDA:203,0,0,0
BRDA:203,0,1,0
BRDA:231,1,0,0
BRDA:231,1,1,0
BRDA:231,2,0,0
BRDA:231,2,1,0
BRDA:233,3,0,0
BRDA:233,3,1,0
BRDA:233,4,0,0
BRDA:233,4,1,0
BRDA:234,5,0,0
BRDA:234,5,1,0
BRDA:234,6,0,0
BRDA:234,6,1,0
BRDA:241,7,0,0
BRDA:241,7,1,0
BRDA:241,8,0,0
BRDA:241,8,1,0
BRDA:255,9,0,0
BRDA:255,9,1,0
BRDA:287,10,0,0
BRDA:287,10,1,0
BRDA:289,11,0,0
BRDA:289,11,1,0
BRDA:299,12,0,0
BRDA:299,12,1,0
BRDA:299,13,0,0
BRDA:299,13,1,0
BRDA:300,14,0,0
BRDA:300,14,1,0
BRDA:300,15,0,0
BRDA:300,15,1,0
BRDA:306,16,0,0
BRDA:306,16,1,0
BRDA:327,17,0,0
BRDA:327,17,1,0
BRDA:327,18,0,0
BRDA:327,18,1,0
BRDA:347,19,0,0
BRDA:347,19,1,0
BRDA:347,20,0,0
BRDA:347,20,1,0
BRDA:394,21,0,0
BRDA:394,21,1,0
BRDA:415,22,0,0
BRDA:415,22,1,0
BRDA:416,23,0,0
BRDA:416,23,1,0
BRDA:422,24,0,0
BRDA:422,24,1,0
BRDA:428,25,0,0
BRDA:428,25,1,0
BRDA:428,26,0,0
BRDA:428,26,1,0
BRDA:434,27,0,0
BRDA:434,27,1,0
BRDA:440,28,0,0
BRDA:440,28,1,0
BRDA:450,29,0,0
BRDA:450,29,1,0
BRDA:451,30,0,0
BRDA:451,30,1,0
BRDA:472,31,0,0
BRDA:472,31,1,0
BRDA:500,32,0,0
BRDA:500,32,1,0
BRDA:525,33,0,0
BRDA:525,33,1,0
BRDA:526,34,0,0
BRDA:526,34,1,0
BRDA:546,35,0,0
BRDA:546,35,1,0
BRDA:556,36,0,0
BRDA:556,36,1,0
BRDA:569,37,0,0
BRDA:569,37,1,0
BRDA:570,38,0,0
BRDA:570,38,1,0
BRDA:571,39,0,0
BRDA:571,39,1,0
BRDA:596,40,0,0
BRDA:596,40,1,0
BRDA:605,41,0,0
BRDA:605,41,1,0
BRDA:608,42,0,0
BRDA:608,42,1,0
BRDA:638,43,0,0
BRDA:638,43,1,0
BRDA:737,44,0,0
BRDA:737,44,1,0
BRDA:764,45,0,0
BRDA:764,45,1,0
BRDA:801,46,0,0
BRDA:801,46,1,0
BRDA:892,47,0,0
BRDA:892,47,1,0
BRF:96
BRH:0
end_of_record
TN:
SF:src\ai-assistant\ai-feature-flag.service.ts
FN:26,(anonymous_2)
FN:29,(anonymous_3)
FN:36,(anonymous_4)
FN:44,(anonymous_5)
FN:66,(anonymous_6)
FN:80,(anonymous_7)
FNF:6
FNH:3
FNDA:3,(anonymous_2)
FNDA:3,(anonymous_3)
FNDA:0,(anonymous_4)
FNDA:0,(anonymous_5)
FNDA:3,(anonymous_6)
FNDA:0,(anonymous_7)
DA:1,6
DA:2,6
DA:23,6
DA:24,3
DA:26,3
DA:30,3
DA:31,3
DA:32,2
DA:37,0
DA:45,0
DA:46,0
DA:48,0
DA:50,0
DA:52,0
DA:54,0
DA:67,3
DA:71,3
DA:72,3
DA:73,3
DA:74,2
DA:76,3
DA:81,0
LF:22
LH:14
BRDA:31,0,0,1
BRDA:31,0,1,2
BRDA:31,1,0,3
BRDA:31,1,1,2
BRDA:31,1,2,2
BRDA:32,2,0,2
BRDA:32,2,1,1
BRDA:45,3,0,0
BRDA:45,3,1,0
BRDA:46,4,0,0
BRDA:46,4,1,0
BRDA:46,4,2,0
BRDA:46,4,3,0
BRDA:73,5,0,2
BRDA:73,5,1,1
BRDA:81,6,0,0
BRDA:81,6,1,0
BRF:17
BRH:9
end_of_record
TN:
SF:src\ai-assistant\ai-guardrails.service.ts
FN:47,(anonymous_1)
FN:62,(anonymous_2)
FN:75,(anonymous_3)
FN:76,(anonymous_4)
FNF:4
FNH:4
FNDA:7,(anonymous_1)
FNDA:6,(anonymous_2)
FNDA:7,(anonymous_3)
FNDA:13,(anonymous_4)
DA:1,6
DA:3,6
DA:18,6
DA:19,7
DA:22,6
DA:39,6
DA:45,6
DA:48,7
DA:49,7
DA:50,1
DA:51,1
DA:58,6
DA:59,6
DA:63,6
DA:64,6
DA:65,6
DA:66,30
DA:67,6
DA:69,6
DA:72,6
DA:76,13
LF:21
LH:21
BRDA:49,0,0,1
BRDA:49,0,1,6
BRDA:66,1,0,6
BRDA:66,1,1,24
BRF:4
BRH:4
end_of_record
TN:
SF:src\ai-assistant\ai-knowledge.seeder.ts
FN:17,(anonymous_2)
FN:19,(anonymous_3)
FN:27,(anonymous_4)
FNF:3
FNH:0
FNDA:0,(anonymous_2)
FNDA:0,(anonymous_3)
FNDA:0,(anonymous_4)
DA:1,0
DA:2,0
DA:14,0
DA:15,0
DA:17,0
DA:20,0
DA:21,0
DA:22,0
DA:23,0
DA:24,0
DA:26,0
DA:27,0
DA:36,0
DA:41,0
DA:51,0
LF:15
LH:0
BRDA:22,0,0,0
BRDA:22,0,1,0
BRDA:42,1,0,0
BRDA:42,1,1,0
BRF:4
BRH:0
end_of_record
TN:
SF:src\ai-assistant\ai-knowledge.service.ts
FN:30,(anonymous_4)
FN:39,(anonymous_5)
FN:77,(anonymous_6)
FN:86,(anonymous_7)
FN:89,(anonymous_8)
FNF:5
FNH:0
FNDA:0,(anonymous_4)
FNDA:0,(anonymous_5)
FNDA:0,(anonymous_6)
FNDA:0,(anonymous_7)
FNDA:0,(anonymous_8)
DA:1,5
DA:2,5
DA:4,5
DA:5,5
DA:27,5
DA:28,0
DA:31,0
DA:32,0
DA:41,0
DA:42,0
DA:43,0
DA:49,0
DA:50,0
DA:51,0
DA:57,0
DA:58,0
DA:61,0
DA:64,0
DA:65,0
DA:73,0
DA:78,0
DA:79,0
DA:87,0
DA:88,0
DA:91,0
DA:92,0
LF:26
LH:5
BRDA:43,0,0,0
BRDA:43,0,1,0
BRDA:57,1,0,0
BRDA:57,1,1,0
BRDA:87,2,0,0
BRDA:87,2,1,0
BRDA:91,3,0,0
BRDA:91,3,1,0
BRF:8
BRH:0
end_of_record
TN:
SF:src\ai-assistant\ai-memory.service.ts
FN:31,(anonymous_2)
FN:40,(anonymous_3)
FN:54,(anonymous_4)
FN:55,(anonymous_5)
FN:80,(anonymous_6)
FN:125,(anonymous_7)
FN:165,(anonymous_8)
FN:184,(anonymous_9)
FN:205,(anonymous_10)
FN:210,(anonymous_11)
FN:223,(anonymous_12)
FNF:11
FNH:11
FNDA:11,(anonymous_2)
FNDA:4,(anonymous_3)
FNDA:4,(anonymous_4)
FNDA:4,(anonymous_5)
FNDA:2,(anonymous_6)
FNDA:4,(anonymous_7)
FNDA:1,(anonymous_8)
FNDA:2,(anonymous_9)
FNDA:2,(anonymous_10)
FNDA:3,(anonymous_11)
FNDA:2,(anonymous_12)
DA:1,6
DA:2,6
DA:25,6
DA:26,11
DA:28,6
DA:29,6
DA:31,11
DA:41,4
DA:42,3
DA:43,3
DA:52,2
DA:53,2
DA:54,4
DA:55,4
DA:56,2
DA:57,1
DA:58,2
DA:59,1
DA:63,2
DA:64,1
DA:66,2
DA:67,1
DA:72,1
DA:75,1
DA:81,2
DA:82,2
DA:83,2
DA:87,2
DA:88,1
DA:91,1
DA:93,1
DA:94,1
DA:95,1
DA:97,1
DA:98,1
DA:99,1
DA:100,1
DA:101,1
DA:102,1
DA:103,1
DA:104,1
DA:106,1
DA:107,1
DA:112,0
DA:115,0
DA:126,4
DA:128,3
DA:131,3
DA:132,2
DA:133,2
DA:136,2
DA:141,2
DA:146,2
DA:151,2
DA:157,0
DA:166,1
DA:167,1
DA:168,1
DA:182,1
DA:183,1
DA:184,2
DA:186,1
DA:191,1
DA:197,0
DA:210,3
DA:211,2
DA:212,2
DA:213,2
DA:214,7
DA:215,7
DA:216,6
DA:217,6
DA:218,6
DA:220,2
DA:228,2
DA:229,2
DA:230,2
DA:231,2
DA:232,6
DA:233,5
DA:234,5
DA:235,5
DA:237,2
LF:83
LH:79
BRDA:41,0,0,1
BRDA:41,0,1,3
BRDA:41,1,0,4
BRDA:41,1,1,4
BRDA:55,2,0,4
BRDA:55,2,1,2
BRDA:56,3,0,1
BRDA:56,3,1,1
BRDA:58,4,0,1
BRDA:58,4,1,1
BRDA:63,5,0,1
BRDA:63,5,1,1
BRDA:66,6,0,1
BRDA:66,6,1,1
BRDA:73,7,0,1
BRDA:73,7,1,0
BRDA:81,8,0,0
BRDA:81,8,1,2
BRDA:81,9,0,2
BRDA:81,9,1,2
BRDA:87,10,0,1
BRDA:87,10,1,1
BRDA:91,11,0,0
BRDA:91,11,1,1
BRDA:94,12,0,1
BRDA:94,12,1,0
BRDA:98,13,0,1
BRDA:98,13,1,0
BRDA:100,14,0,1
BRDA:100,14,1,0
BRDA:101,15,0,1
BRDA:101,15,1,0
BRDA:102,16,0,1
BRDA:102,16,1,0
BRDA:103,17,0,1
BRDA:103,17,1,0
BRDA:106,18,0,0
BRDA:106,18,1,1
BRDA:113,19,0,0
BRDA:113,19,1,0
BRDA:126,20,0,1
BRDA:126,20,1,3
BRDA:126,21,0,4
BRDA:126,21,1,4
BRDA:128,22,0,3
BRDA:128,22,1,1
BRDA:128,22,2,1
BRDA:128,23,0,3
BRDA:128,23,1,1
BRDA:129,24,0,1
BRDA:129,24,1,1
BRDA:131,25,0,1
BRDA:131,25,1,2
BRDA:137,26,0,2
BRDA:137,26,1,0
BRDA:138,27,0,2
BRDA:138,27,1,1
BRDA:142,28,0,2
BRDA:142,28,1,0
BRDA:143,29,0,2
BRDA:143,29,1,1
BRDA:149,30,0,2
BRDA:149,30,1,1
BRDA:149,30,2,0
BRDA:157,31,0,0
BRDA:157,31,1,0
BRDA:166,32,0,0
BRDA:166,32,1,1
BRDA:166,33,0,1
BRDA:166,33,1,1
BRDA:182,34,0,0
BRDA:182,34,1,1
BRDA:189,35,0,1
BRDA:189,35,1,0
BRDA:198,36,0,0
BRDA:198,36,1,0
BRDA:215,37,0,1
BRDA:215,37,1,6
BRDA:218,38,0,1
BRDA:218,38,1,5
BRDA:232,39,0,1
BRDA:232,39,1,5
BRDA:235,40,0,0
BRDA:235,40,1,5
BRF:84
BRH:61
end_of_record
TN:
SF:src\ai-assistant\ai-quota.service.ts
FN:42,(anonymous_1)
FN:62,(anonymous_2)
FN:71,(anonymous_3)
FN:83,(anonymous_4)
FN:104,(anonymous_5)
FN:116,(anonymous_6)
FNF:6
FNH:0
FNDA:0,(anonymous_1)
FNDA:0,(anonymous_2)
FNDA:0,(anonymous_3)
FNDA:0,(anonymous_4)
FNDA:0,(anonymous_5)
FNDA:0,(anonymous_6)
DA:1,5
DA:7,5
DA:38,5
DA:39,0
DA:40,0
DA:43,0
DA:44,0
DA:52,0
DA:53,0
DA:55,0
DA:56,0
DA:63,0
DA:64,0
DA:72,0
DA:88,0
DA:89,0
DA:90,0
DA:91,0
DA:92,0
DA:94,0
DA:96,0
DA:99,0
DA:105,0
DA:106,0
DA:107,0
DA:108,0
DA:109,0
DA:111,0
DA:117,0
DA:118,0
DA:119,0
LF:31
LH:3
BRDA:47,0,0,0
BRDA:47,0,1,0
BRDA:50,1,0,0
BRDA:50,1,1,0
BRDA:57,2,0,0
BRDA:57,2,1,0
BRDA:88,3,0,0
BRDA:88,3,1,0
BRDA:91,4,0,0
BRDA:91,4,1,0
BRDA:91,5,0,0
BRDA:91,5,1,0
BRDA:97,6,0,0
BRDA:97,6,1,0
BRDA:105,7,0,0
BRDA:105,7,1,0
BRDA:108,8,0,0
BRDA:108,8,1,0
BRDA:109,9,0,0
BRDA:109,9,1,0
BRDA:117,10,0,0
BRDA:117,10,1,0
BRDA:117,11,0,0
BRDA:117,11,1,0
BRF:24
BRH:0
end_of_record
TN:
SF:src\ai-assistant\ai-retention.service.ts
FN:26,(anonymous_2)
FN:30,(anonymous_3)
FN:42,(anonymous_4)
FNF:3
FNH:3
FNDA:4,(anonymous_2)
FNDA:1,(anonymous_3)
FNDA:4,(anonymous_4)
DA:1,1
DA:2,1
DA:3,1
DA:4,1
DA:23,1
DA:24,4
DA:26,4
DA:30,1
DA:31,1
DA:43,4
DA:44,4
DA:46,4
DA:53,3
DA:57,3
DA:58,2
DA:63,3
DA:65,1
DA:68,1
LF:18
LH:18
BRDA:57,0,0,2
BRDA:57,0,1,1
BRDA:57,1,0,3
BRDA:57,1,1,1
BRDA:66,2,0,1
BRDA:66,2,1,0
BRF:6
BRH:5
end_of_record
TN:
SF:src\ai-assistant\ai-sanitizer.service.ts
FN:90,(anonymous_1)
FN:127,(anonymous_2)
FN:132,(anonymous_3)
FNF:3
FNH:3
FNDA:3,(anonymous_1)
FNDA:3,(anonymous_2)
FNDA:3,(anonymous_3)
DA:1,6
DA:3,6
DA:18,6
DA:19,3
DA:29,6
DA:91,3
DA:92,3
DA:93,3
DA:95,3
DA:96,36
DA:97,3
DA:98,3
DA:103,3
DA:104,0
DA:105,0
DA:108,3
DA:109,3
DA:110,0
DA:111,0
DA:114,3
DA:115,3
DA:117,3
DA:118,1
DA:123,3
DA:128,3
DA:133,3
DA:134,3
DA:135,3
LF:28
LH:24
BRDA:96,0,0,3
BRDA:96,0,1,33
BRDA:103,1,0,0
BRDA:103,1,1,3
BRDA:109,2,0,0
BRDA:109,2,1,3
BRDA:117,3,0,1
BRDA:117,3,1,2
BRDA:133,4,0,0
BRDA:133,4,1,3
BRF:10
BRH:7
end_of_record
TN:
SF:src\ai-assistant\providers\openrouter.provider.ts
FN:91,(anonymous_2)
FN:94,(anonymous_3)
FN:103,(anonymous_4)
FN:115,(anonymous_5)
FN:125,(anonymous_6)
FN:166,(anonymous_7)
FN:174,(anonymous_8)
FN:197,(anonymous_9)
FN:238,(anonymous_10)
FN:245,(anonymous_11)
FN:268,(anonymous_12)
FN:292,(anonymous_13)
FN:312,(anonymous_14)
FN:334,(anonymous_15)
FN:336,(anonymous_16)
FN:358,(anonymous_17)
FNF:16
FNH:13
FNDA:8,(anonymous_2)
FNDA:8,(anonymous_3)
FNDA:6,(anonymous_4)
FNDA:2,(anonymous_5)
FNDA:6,(anonymous_6)
FNDA:7,(anonymous_7)
FNDA:15,(anonymous_8)
FNDA:5,(anonymous_9)
FNDA:11,(anonymous_10)
FNDA:0,(anonymous_11)
FNDA:0,(anonymous_12)
FNDA:5,(anonymous_13)
FNDA:5,(anonymous_14)
FNDA:4,(anonymous_15)
FNDA:0,(anonymous_16)
FNDA:4,(anonymous_17)
DA:1,6
DA:2,6
DA:5,6
DA:88,6
DA:89,8
DA:91,8
DA:95,8
DA:96,8
DA:104,6
DA:105,6
DA:108,6
DA:109,6
DA:110,6
DA:111,6
DA:116,2
DA:126,6
DA:127,6
DA:129,5
DA:130,5
DA:131,5
DA:132,5
DA:133,0
DA:137,5
DA:138,7
DA:139,7
DA:147,3
DA:148,3
DA:155,1
DA:156,1
DA:159,0
DA:174,15
DA:175,7
DA:176,7
DA:178,7
DA:179,11
DA:180,8
DA:182,8
DA:183,8
DA:184,0
DA:187,8
DA:188,8
DA:189,3
DA:190,3
DA:191,3
DA:195,5
DA:197,5
DA:201,5
DA:202,5
DA:203,1
DA:206,1
DA:211,4
DA:219,4
DA:220,4
DA:221,4
DA:222,4
DA:223,4
DA:228,4
DA:244,11
DA:245,11
DA:247,11
DA:248,11
DA:267,11
DA:268,3
DA:269,3
DA:272,3
DA:273,3
DA:276,8
DA:278,8
DA:279,0
DA:283,8
DA:285,11
DA:293,5
DA:296,5
DA:297,1
DA:302,5
DA:303,5
DA:313,5
DA:314,2
DA:315,2
DA:316,2
DA:317,2
DA:318,2
DA:330,2
DA:335,4
DA:336,4
DA:338,4
DA:339,4
DA:340,10
DA:341,4
DA:342,6
DA:343,2
DA:344,2
DA:345,2
DA:347,2
DA:348,4
DA:349,0
DA:351,4
DA:354,4
DA:359,4
DA:360,4
DA:361,4
DA:362,4
DA:366,0
LF:103
LH:97
BRDA:96,0,0,6
BRDA:96,0,1,2
BRDA:96,1,0,8
BRDA:96,1,1,6
BRDA:109,2,0,6
BRDA:109,2,1,0
BRDA:110,3,0,6
BRDA:110,3,1,0
BRDA:110,4,0,6
BRDA:110,4,1,6
BRDA:116,5,0,2
BRDA:116,5,1,1
BRDA:127,6,0,1
BRDA:127,6,1,5
BRDA:132,7,0,0
BRDA:132,7,1,5
BRDA:150,8,0,3
BRDA:150,8,1,0
BRDA:155,9,0,1
BRDA:155,9,1,0
BRDA:180,10,0,8
BRDA:180,10,1,0
BRDA:183,11,0,0
BRDA:183,11,1,8
BRDA:188,12,0,3
BRDA:188,12,1,5
BRDA:188,13,0,8
BRDA:188,13,1,5
BRDA:189,14,0,3
BRDA:189,14,1,0
BRDA:190,15,0,0
BRDA:190,15,1,3
BRDA:197,16,0,5
BRDA:197,16,1,0
BRDA:202,17,0,1
BRDA:202,17,1,4
BRDA:213,18,0,4
BRDA:213,18,1,4
BRDA:220,19,0,4
BRDA:220,19,1,0
BRDA:224,20,0,4
BRDA:224,20,1,0
BRDA:262,21,0,6
BRDA:262,21,1,5
BRDA:267,22,0,3
BRDA:267,22,1,8
BRDA:278,23,0,0
BRDA:278,23,1,8
BRDA:280,24,0,0
BRDA:280,24,1,0
BRDA:298,25,0,0
BRDA:298,25,1,1
BRDA:313,26,0,3
BRDA:313,26,1,2
BRDA:313,27,0,5
BRDA:313,27,1,2
BRDA:316,28,0,2
BRDA:316,28,1,0
BRDA:317,29,0,0
BRDA:317,29,1,2
BRDA:322,30,0,2
BRDA:322,30,1,0
BRDA:323,31,0,2
BRDA:323,31,1,0
BRDA:330,32,0,2
BRDA:330,32,1,0
BRDA:335,33,0,0
BRDA:335,33,1,4
BRDA:335,34,0,4
BRDA:335,34,1,4
BRDA:336,35,0,0
BRDA:336,35,1,4
BRDA:340,36,0,4
BRDA:340,36,1,6
BRDA:340,37,0,10
BRDA:340,37,1,4
BRDA:342,38,0,2
BRDA:342,38,1,4
BRDA:342,39,0,6
BRDA:342,39,1,2
BRDA:342,39,2,2
BRDA:348,40,0,0
BRDA:348,40,1,4
BRDA:359,41,0,0
BRDA:359,41,1,4
BRDA:359,42,0,4
BRDA:359,42,1,4
BRDA:362,43,0,4
BRDA:362,43,1,0
BRDA:362,44,0,4
BRDA:362,44,1,4
BRF:91
BRH:65
end_of_record
TN:
SF:src\ai-assistant\strategies\admin.strategy.ts
FN:15,(anonymous_1)
FNF:1
FNH:0
FNDA:0,(anonymous_1)
DA:1,5
DA:14,5
DA:16,0
LF:3
LH:2
BRF:0
BRH:0
end_of_record
TN:
SF:src\ai-assistant\strategies\ai-context.strategy.ts
FN:16,(anonymous_0)
FNF:1
FNH:1
FNDA:6,(anonymous_0)
DA:16,6
DA:17,6
DA:18,6
DA:19,6
DA:20,6
LF:5
LH:5
BRDA:16,0,0,6
BRDA:16,0,1,6
BRF:2
BRH:2
end_of_record
TN:
SF:src\ai-assistant\strategies\client.strategy.ts
FN:11,(anonymous_1)
FNF:1
FNH:0
FNDA:0,(anonymous_1)
DA:1,5
DA:10,5
DA:12,0
LF:3
LH:2
BRF:0
BRH:0
end_of_record
TN:
SF:src\ai-assistant\strategies\guest.strategy.ts
FN:11,(anonymous_1)
FNF:1
FNH:0
FNDA:0,(anonymous_1)
DA:1,5
DA:10,5
DA:12,0
LF:3
LH:2
BRF:0
BRH:0
end_of_record
TN:
SF:src\ai-assistant\strategies\provider.strategy.ts
FN:18,(anonymous_2)
FN:20,(anonymous_3)
FN:40,(anonymous_4)
FN:46,(anonymous_5)
FNF:4
FNH:0
FNDA:0,(anonymous_2)
FNDA:0,(anonymous_3)
FNDA:0,(anonymous_4)
FNDA:0,(anonymous_5)
DA:1,5
DA:2,5
DA:15,5
DA:16,0
DA:18,0
DA:21,0
DA:23,0
DA:41,0
DA:42,0
DA:46,0
DA:47,0
DA:48,0
DA:49,0
DA:51,0
DA:53,0
DA:56,0
LF:16
LH:3
BRDA:47,0,0,0
BRDA:47,0,1,0
BRDA:48,1,0,0
BRDA:48,1,1,0
BRDA:48,2,0,0
BRDA:48,2,1,0
BRDA:51,3,0,0
BRDA:51,3,1,0
BRDA:54,4,0,0
BRDA:54,4,1,0
BRF:10
BRH:0
end_of_record
TN:
SF:src\ai-assistant\tools\admin-tools.ts
FNF:0
FNH:0
DA:1,6
DA:16,6
DA:18,6
LF:3
LH:3
BRF:0
BRH:0
end_of_record
TN:
SF:src\ai-assistant\tools\common-tools.ts
FNF:0
FNH:0
DA:1,6
DA:16,6
DA:18,6
LF:3
LH:3
BRF:0
BRH:0
end_of_record
TN:
SF:src\ai-assistant\tools\provider-tools.ts
FNF:0
FNH:0
DA:1,6
DA:14,6
DA:16,6
LF:3
LH:3
BRF:0
BRH:0
end_of_record
TN:
SF:src\ai-assistant\tools\tool-registry.ts
FN:64,(anonymous_0)
FN:78,buildActiveTools
FN:84,(anonymous_2)
FN:96,(anonymous_3)
FNF:4
FNH:4
FNDA:379,(anonymous_0)
FNDA:23,buildActiveTools
FNDA:299,(anonymous_2)
FNDA:80,(anonymous_3)
DA:3,6
DA:4,6
DA:5,6
DA:6,6
DA:7,6
DA:29,6
DA:42,6
DA:64,379
DA:78,6
DA:82,23
DA:84,23
DA:85,299
DA:86,299
DA:87,299
DA:88,85
DA:91,23
DA:92,23
DA:93,2
DA:95,21
DA:96,80
LF:20
LH:20
BRDA:64,0,0,379
BRDA:64,0,1,0
BRDA:82,1,0,23
BRDA:82,1,1,0
BRDA:86,2,0,0
BRDA:86,2,1,299
BRDA:87,3,0,214
BRDA:87,3,1,85
BRDA:92,4,0,2
BRDA:92,4,1,21
BRF:10
BRH:7
end_of_record
TN:
SF:src\ai-assistant\tools\user-tools.ts
FNF:0
FNH:0
DA:1,6
DA:16,6
DA:18,6
LF:3
LH:3
BRF:0
BRH:0
end_of_record
TN:
SF:src\auth\auth.controller.ts
FN:31,(anonymous_4)
FN:35,(anonymous_5)
FN:41,(anonymous_6)
FN:50,(anonymous_7)
FN:62,(anonymous_8)
FN:69,(anonymous_9)
FN:76,(anonymous_10)
FN:83,(anonymous_11)
FN:98,(anonymous_12)
FN:105,(anonymous_13)
FN:112,(anonymous_14)
FN:119,(anonymous_15)
FN:126,(anonymous_16)
FN:140,(anonymous_17)
FN:151,(anonymous_18)
FNF:15
FNH:0
FNDA:0,(anonymous_4)
FNDA:0,(anonymous_5)
FNDA:0,(anonymous_6)
FNDA:0,(anonymous_7)
FNDA:0,(anonymous_8)
FNDA:0,(anonymous_9)
FNDA:0,(anonymous_10)
FNDA:0,(anonymous_11)
FNDA:0,(anonymous_12)
FNDA:0,(anonymous_13)
FNDA:0,(anonymous_14)
FNDA:0,(anonymous_15)
FNDA:0,(anonymous_16)
FNDA:0,(anonymous_17)
FNDA:0,(anonymous_18)
DA:1,0
DA:12,0
DA:13,0
DA:14,0
DA:15,0
DA:16,0
DA:17,0
DA:18,0
DA:19,0
DA:20,0
DA:21,0
DA:22,0
DA:23,0
DA:24,0
DA:25,0
DA:26,0
DA:27,0
DA:30,0
DA:31,0
DA:35,0
DA:36,0
DA:41,0
DA:42,0
DA:50,0
DA:56,0
DA:62,0
DA:63,0
DA:69,0
DA:70,0
DA:76,0
DA:77,0
DA:83,0
DA:84,0
DA:98,0
DA:99,0
DA:105,0
DA:106,0
DA:112,0
DA:113,0
DA:119,0
DA:120,0
DA:126,0
DA:134,0
DA:140,0
DA:141,0
DA:151,0
DA:155,0
LF:47
LH:0
BRF:0
BRH:0
end_of_record
TN:
SF:src\auth\auth.service.ts
FN:23,(anonymous_11)
FN:34,(anonymous_12)
FN:39,(anonymous_13)
FN:48,(anonymous_14)
FN:80,(anonymous_15)
FN:94,(anonymous_16)
FN:129,(anonymous_17)
FN:157,(anonymous_18)
FN:165,(anonymous_19)
FN:170,(anonymous_20)
FN:175,(anonymous_21)
FN:180,(anonymous_22)
FN:185,(anonymous_23)
FN:190,(anonymous_24)
FN:195,(anonymous_25)
FN:307,(anonymous_26)
FN:328,(anonymous_27)
FN:338,(anonymous_28)
FN:343,(anonymous_29)
FNF:19
FNH:9
FNDA:26,(anonymous_11)
FNDA:4,(anonymous_12)
FNDA:0,(anonymous_13)
FNDA:5,(anonymous_14)
FNDA:1,(anonymous_15)
FNDA:0,(anonymous_16)
FNDA:3,(anonymous_17)
FNDA:0,(anonymous_18)
FNDA:0,(anonymous_19)
FNDA:0,(anonymous_20)
FNDA:0,(anonymous_21)
FNDA:0,(anonymous_22)
FNDA:4,(anonymous_23)
FNDA:0,(anonymous_24)
FNDA:6,(anonymous_25)
FNDA:0,(anonymous_26)
FNDA:7,(anonymous_27)
FNDA:4,(anonymous_28)
FNDA:0,(anonymous_29)
DA:1,1
DA:7,1
DA:8,1
DA:9,1
DA:10,1
DA:11,1
DA:12,1
DA:13,1
DA:14,1
DA:19,1
DA:22,1
DA:24,26
DA:25,26
DA:26,26
DA:27,26
DA:28,26
DA:29,26
DA:30,26
DA:35,4
DA:44,0
DA:49,5
DA:51,5
DA:52,1
DA:57,4
DA:58,1
DA:63,3
DA:64,3
DA:65,1
DA:72,2
DA:82,2
DA:84,2
DA:95,0
DA:124,0
DA:125,0
DA:130,3
DA:131,3
DA:135,2
DA:140,2
DA:141,1
DA:144,1
DA:146,1
DA:152,2
DA:158,0
DA:161,0
DA:166,0
DA:171,0
DA:176,0
DA:181,0
DA:186,4
DA:191,0
DA:197,6
DA:198,6
DA:200,6
DA:201,1
DA:211,5
DA:220,5
DA:222,5
DA:224,2
DA:227,2
DA:228,2
DA:230,2
DA:232,2
DA:245,2
DA:247,2
DA:253,3
DA:254,2
DA:256,1
DA:263,1
DA:264,1
DA:265,1
DA:278,1
DA:286,1
DA:299,4
DA:309,4
DA:310,4
DA:329,7
DA:339,4
DA:344,0
LF:78
LH:66
BRDA:51,0,0,1
BRDA:51,0,1,4
BRDA:57,1,0,1
BRDA:57,1,1,3
BRDA:64,2,0,1
BRDA:64,2,1,2
BRDA:77,3,0,2
BRDA:77,3,1,0
BRDA:124,4,0,0
BRDA:124,4,1,0
BRDA:140,5,0,1
BRDA:140,5,1,1
BRDA:140,6,0,2
BRDA:140,6,1,2
BRDA:200,7,0,1
BRDA:200,7,1,5
BRDA:222,8,0,2
BRDA:222,8,1,3
BRDA:224,9,0,2
BRDA:224,9,1,0
BRDA:227,10,0,2
BRDA:227,10,1,0
BRDA:228,11,0,2
BRDA:228,11,1,0
BRDA:238,12,0,2
BRDA:238,12,1,1
BRDA:253,13,0,2
BRDA:253,13,1,1
BRDA:254,14,0,1
BRDA:254,14,1,1
BRDA:272,15,0,1
BRDA:272,15,1,1
BRDA:278,16,0,1
BRDA:278,16,1,0
BRDA:291,17,0,1
BRDA:291,17,1,1
BRDA:291,17,2,0
BRDA:304,18,0,0
BRDA:304,18,1,4
BRF:39
BRH:30
end_of_record
TN:
SF:src\auth\jwt.guard.ts
FNF:0
FNH:0
DA:1,0
DA:2,0
DA:5,0
LF:3
LH:0
BRF:0
BRH:0
end_of_record
TN:
SF:src\auth\jwt.strategy.ts
FN:9,(anonymous_2)
FN:26,(anonymous_3)
FNF:2
FNH:0
FNDA:0,(anonymous_2)
FNDA:0,(anonymous_3)
DA:1,0
DA:2,0
DA:3,0
DA:4,0
DA:5,0
DA:8,0
DA:11,0
DA:13,0
DA:15,0
DA:16,0
DA:19,0
DA:27,0
DA:28,0
DA:31,0
DA:40,0
DA:41,0
DA:45,0
LF:17
LH:0
BRDA:15,0,0,0
BRDA:15,0,1,0
BRDA:27,1,0,0
BRDA:27,1,1,0
BRDA:27,2,0,0
BRDA:27,2,1,0
BRDA:40,3,0,0
BRDA:40,3,1,0
BRDA:40,4,0,0
BRDA:40,4,1,0
BRF:10
BRH:0
end_of_record
TN:
SF:src\auth\roles.decorator.ts
FN:4,(anonymous_0)
FNF:1
FNH:0
FNDA:0,(anonymous_0)
DA:1,0
DA:3,0
DA:4,0
LF:3
LH:0
BRF:0
BRH:0
end_of_record
TN:
SF:src\auth\roles.guard.ts
FN:12,(anonymous_2)
FN:14,(anonymous_3)
FNF:2
FNH:0
FNDA:0,(anonymous_2)
FNDA:0,(anonymous_3)
DA:1,0
DA:7,0
DA:8,0
DA:11,0
DA:12,0
DA:15,0
DA:20,0
DA:22,0
DA:24,0
DA:25,0
DA:30,0
LF:11
LH:0
BRDA:20,0,0,0
BRDA:20,0,1,0
BRDA:24,1,0,0
BRDA:24,1,1,0
BRDA:24,2,0,0
BRDA:24,2,1,0
BRF:6
BRH:0
end_of_record
TN:
SF:src\auth\services\auth-account.service.ts
FN:23,(anonymous_11)
FN:31,(anonymous_12)
FN:71,(anonymous_13)
FN:113,(anonymous_14)
FN:159,(anonymous_15)
FN:193,(anonymous_16)
FNF:6
FNH:2
FNDA:26,(anonymous_11)
FNDA:0,(anonymous_12)
FNDA:0,(anonymous_13)
FNDA:0,(anonymous_14)
FNDA:4,(anonymous_15)
FNDA:0,(anonymous_16)
DA:1,1
DA:8,1
DA:9,1
DA:10,1
DA:11,1
DA:12,1
DA:20,1
DA:21,26
DA:24,26
DA:25,26
DA:26,26
DA:35,0
DA:39,0
DA:42,0
DA:43,0
DA:46,0
DA:51,0
DA:52,0
DA:54,0
DA:57,0
DA:58,0
DA:65,0
DA:73,0
DA:76,0
DA:78,0
DA:83,0
DA:84,0
DA:88,0
DA:89,0
DA:93,0
DA:98,0
DA:99,0
DA:103,0
DA:105,0
DA:114,0
DA:118,0
DA:120,0
DA:121,0
DA:122,0
DA:126,0
DA:131,0
DA:133,0
DA:134,0
DA:140,0
DA:143,0
DA:160,4
DA:161,1
DA:165,3
DA:166,3
DA:167,3
DA:169,1
DA:173,2
DA:177,2
DA:179,1
DA:184,1
DA:185,1
DA:189,1
DA:194,0
DA:195,0
DA:205,0
DA:219,0
LF:61
LH:23
BRDA:39,0,0,0
BRDA:39,0,1,0
BRDA:57,1,0,0
BRDA:57,1,1,0
BRDA:76,2,0,0
BRDA:76,2,1,0
BRDA:83,3,0,0
BRDA:83,3,1,0
BRDA:83,4,0,0
BRDA:83,4,1,0
BRDA:88,5,0,0
BRDA:88,5,1,0
BRDA:118,6,0,0
BRDA:118,6,1,0
BRDA:127,7,0,0
BRDA:127,7,1,0
BRDA:127,7,2,0
BRDA:145,8,0,0
BRDA:145,8,1,0
BRDA:160,9,0,1
BRDA:160,9,1,3
BRDA:160,10,0,4
BRDA:160,10,1,4
BRDA:166,11,0,0
BRDA:166,11,1,3
BRDA:167,12,0,1
BRDA:167,12,1,2
BRDA:177,13,0,1
BRDA:177,13,1,1
BRDA:195,14,0,0
BRDA:195,14,1,0
BRF:31
BRH:9
end_of_record
TN:
SF:src\auth\services\auth-registration.service.ts
FN:83,(anonymous_13)
FN:96,(anonymous_14)
FN:165,(anonymous_15)
FN:184,(anonymous_16)
FN:244,(anonymous_17)
FN:258,(anonymous_18)
FN:297,(anonymous_19)
FN:318,(anonymous_20)
FN:332,(anonymous_21)
FN:341,(anonymous_22)
FN:382,(anonymous_23)
FN:405,(anonymous_24)
FN:430,(anonymous_25)
FN:449,(anonymous_26)
FN:482,(anonymous_27)
FN:571,(anonymous_28)
FN:589,(anonymous_29)
FN:605,(anonymous_30)
FN:622,(anonymous_31)
FNF:19
FNH:4
FNDA:26,(anonymous_13)
FNDA:4,(anonymous_14)
FNDA:0,(anonymous_15)
FNDA:0,(anonymous_16)
FNDA:0,(anonymous_17)
FNDA:0,(anonymous_18)
FNDA:0,(anonymous_19)
FNDA:0,(anonymous_20)
FNDA:0,(anonymous_21)
FNDA:0,(anonymous_22)
FNDA:0,(anonymous_23)
FNDA:0,(anonymous_24)
FNDA:0,(anonymous_25)
FNDA:0,(anonymous_26)
FNDA:4,(anonymous_27)
FNDA:0,(anonymous_28)
FNDA:0,(anonymous_29)
FNDA:0,(anonymous_30)
FNDA:1,(anonymous_31)
DA:1,1
DA:9,1
DA:10,1
DA:12,1
DA:13,1
DA:14,1
DA:15,1
DA:16,1
DA:17,1
DA:18,1
DA:19,1
DA:20,1
DA:23,1
DA:25,1
DA:80,1
DA:81,26
DA:84,26
DA:85,26
DA:86,26
DA:87,26
DA:88,26
DA:89,26
DA:90,26
DA:101,4
DA:104,4
DA:105,3
DA:106,1
DA:110,2
DA:112,1
DA:120,2
DA:121,2
DA:122,2
DA:123,1
DA:127,1
DA:128,1
DA:129,1
DA:131,1
DA:132,1
DA:135,1
DA:146,1
DA:147,1
DA:150,1
DA:156,1
DA:163,1
DA:166,0
DA:173,1
DA:174,1
DA:180,0
DA:190,0
DA:191,0
DA:194,0
DA:197,0
DA:198,0
DA:205,0
DA:208,0
DA:210,0
DA:216,0
DA:217,0
DA:223,0
DA:224,0
DA:231,0
DA:232,0
DA:233,0
DA:236,0
DA:243,0
DA:244,0
DA:245,0
DA:251,0
DA:252,0
DA:253,0
DA:254,0
DA:257,0
DA:259,0
DA:263,0
DA:264,0
DA:266,0
DA:276,0
DA:281,0
DA:282,0
DA:285,0
DA:290,0
DA:291,0
DA:292,0
DA:293,0
DA:297,0
DA:299,0
DA:300,0
DA:303,0
DA:309,0
DA:316,0
DA:319,0
DA:331,0
DA:332,0
DA:333,0
DA:341,0
DA:345,0
DA:382,0
DA:403,0
DA:404,0
DA:405,0
DA:414,0
DA:421,0
DA:433,0
DA:439,0
DA:445,0
DA:450,0
DA:451,0
DA:453,0
DA:454,0
DA:458,0
DA:461,0
DA:462,0
DA:464,0
DA:469,0
DA:470,0
DA:476,0
DA:483,4
DA:484,4
DA:486,4
DA:487,4
DA:488,1
DA:491,3
DA:493,2
DA:494,2
DA:495,0
DA:499,2
DA:511,2
DA:514,2
DA:515,1
DA:516,0
DA:518,1
DA:519,0
DA:526,2
DA:541,2
DA:547,2
DA:555,2
DA:561,2
DA:569,2
DA:572,0
DA:577,2
DA:590,0
DA:591,0
DA:592,0
DA:593,0
DA:595,0
DA:598,0
DA:599,0
DA:602,0
DA:603,0
DA:606,0
DA:612,0
DA:613,0
DA:615,0
DA:631,1
DA:632,1
LF:155
LH:68
BRDA:104,0,0,3
BRDA:104,0,1,1
BRDA:105,1,0,1
BRDA:105,1,1,2
BRDA:110,2,0,1
BRDA:110,2,1,1
BRDA:122,3,0,1
BRDA:122,3,1,1
BRDA:142,4,0,1
BRDA:142,4,1,0
BRDA:167,5,0,0
BRDA:167,5,1,0
BRDA:173,6,0,1
BRDA:173,6,1,0
BRDA:191,7,0,0
BRDA:191,7,1,0
BRDA:197,8,0,0
BRDA:197,8,1,0
BRDA:198,9,0,0
BRDA:198,9,1,0
BRDA:216,10,0,0
BRDA:216,10,1,0
BRDA:223,11,0,0
BRDA:223,11,1,0
BRDA:232,12,0,0
BRDA:232,12,1,0
BRDA:236,13,0,0
BRDA:236,13,1,0
BRDA:243,14,0,0
BRDA:243,14,1,0
BRDA:243,15,0,0
BRDA:243,15,1,0
BRDA:243,15,2,0
BRDA:245,16,0,0
BRDA:245,16,1,0
BRDA:259,17,0,0
BRDA:259,17,1,0
BRDA:259,17,2,0
BRDA:263,18,0,0
BRDA:263,18,1,0
BRDA:268,19,0,0
BRDA:268,19,1,0
BRDA:268,19,2,0
BRDA:270,20,0,0
BRDA:270,20,1,0
BRDA:271,21,0,0
BRDA:271,21,1,0
BRDA:281,22,0,0
BRDA:281,22,1,0
BRDA:285,23,0,0
BRDA:285,23,1,0
BRDA:291,24,0,0
BRDA:291,24,1,0
BRDA:291,25,0,0
BRDA:291,25,1,0
BRDA:299,26,0,0
BRDA:299,26,1,0
BRDA:303,27,0,0
BRDA:303,27,1,0
BRDA:309,28,0,0
BRDA:309,28,1,0
BRDA:309,29,0,0
BRDA:309,29,1,0
BRDA:316,30,0,0
BRDA:316,30,1,0
BRDA:316,31,0,0
BRDA:316,31,1,0
BRDA:352,32,0,0
BRDA:352,32,1,0
BRDA:352,33,0,0
BRDA:352,33,1,0
BRDA:354,34,0,0
BRDA:354,34,1,0
BRDA:354,35,0,0
BRDA:354,35,1,0
BRDA:356,36,0,0
BRDA:356,36,1,0
BRDA:357,37,0,0
BRDA:357,37,1,0
BRDA:360,38,0,0
BRDA:360,38,1,0
BRDA:360,39,0,0
BRDA:360,39,1,0
BRDA:362,40,0,0
BRDA:362,40,1,0
BRDA:362,41,0,0
BRDA:362,41,1,0
BRDA:364,42,0,0
BRDA:364,42,1,0
BRDA:364,43,0,0
BRDA:364,43,1,0
BRDA:366,44,0,0
BRDA:366,44,1,0
BRDA:366,45,0,0
BRDA:366,45,1,0
BRDA:368,46,0,0
BRDA:368,46,1,0
BRDA:369,47,0,0
BRDA:369,47,1,0
BRDA:370,48,0,0
BRDA:370,48,1,0
BRDA:371,49,0,0
BRDA:371,49,1,0
BRDA:372,50,0,0
BRDA:372,50,1,0
BRDA:373,51,0,0
BRDA:373,51,1,0
BRDA:374,52,0,0
BRDA:374,52,1,0
BRDA:375,53,0,0
BRDA:375,53,1,0
BRDA:376,54,0,0
BRDA:376,54,1,0
BRDA:377,55,0,0
BRDA:377,55,1,0
BRDA:378,56,0,0
BRDA:378,56,1,0
BRDA:390,57,0,0
BRDA:390,57,1,0
BRDA:390,58,0,0
BRDA:390,58,1,0
BRDA:403,59,0,0
BRDA:403,59,1,0
BRDA:427,60,0,0
BRDA:427,60,1,0
BRDA:436,61,0,0
BRDA:436,61,1,0
BRDA:451,62,0,0
BRDA:451,62,1,0
BRDA:453,63,0,0
BRDA:453,63,1,0
BRDA:469,64,0,0
BRDA:469,64,1,0
BRDA:487,65,0,1
BRDA:487,65,1,3
BRDA:491,66,0,1
BRDA:491,66,1,2
BRDA:494,67,0,0
BRDA:494,67,1,2
BRDA:514,68,0,1
BRDA:514,68,1,1
BRDA:515,69,0,0
BRDA:515,69,1,1
BRDA:518,70,0,0
BRDA:518,70,1,1
BRDA:526,71,0,1
BRDA:526,71,1,1
BRDA:573,72,0,0
BRDA:573,72,1,0
BRDA:592,73,0,0
BRDA:592,73,1,0
BRDA:607,74,0,0
BRDA:607,74,1,0
BRDA:612,75,0,0
BRDA:612,75,1,0
BRF:155
BRH:21
end_of_record
TN:
SF:src\auth\services\auth-shared.ts
FN:22,generateTokens
FNF:1
FNH:1
FNDA:9,generateTokens
DA:22,1
DA:28,9
DA:29,9
DA:31,9
DA:36,9
DA:41,9
DA:42,9
DA:44,9
DA:48,9
LF:9
LH:9
BRF:0
BRH:0
end_of_record
TN:
SF:src\auth\strategy\google.strategy.ts
FN:7,(anonymous_2)
FN:16,(anonymous_3)
FNF:2
FNH:0
FNDA:0,(anonymous_2)
FNDA:0,(anonymous_3)
DA:1,0
DA:2,0
DA:3,0
DA:6,0
DA:8,0
DA:22,0
DA:23,0
DA:31,0
LF:8
LH:0
BRF:0
BRH:0
end_of_record
TN:
SF:src\chat\chat.controller.ts
FN:30,(anonymous_4)
FN:33,(anonymous_5)
FN:57,(anonymous_6)
FN:61,(anonymous_7)
FN:67,(anonymous_8)
FN:79,(anonymous_9)
FN:94,(anonymous_10)
FN:106,(anonymous_11)
FNF:8
FNH:0
FNDA:0,(anonymous_4)
FNDA:0,(anonymous_5)
FNDA:0,(anonymous_6)
FNDA:0,(anonymous_7)
FNDA:0,(anonymous_8)
FNDA:0,(anonymous_9)
FNDA:0,(anonymous_10)
FNDA:0,(anonymous_11)
DA:1,0
DA:14,0
DA:15,0
DA:16,0
DA:17,0
DA:18,0
DA:19,0
DA:29,0
DA:30,0
DA:33,0
DA:42,0
DA:56,0
DA:57,0
DA:61,0
DA:62,0
DA:67,0
DA:71,0
DA:79,0
DA:85,0
DA:86,0
DA:94,0
DA:101,0
DA:106,0
DA:111,0
LF:24
LH:0
BRDA:47,0,0,0
BRDA:47,0,1,0
BRDA:48,1,0,0
BRDA:48,1,1,0
BRDA:49,2,0,0
BRDA:49,2,1,0
BRDA:85,3,0,0
BRDA:85,3,1,0
BRDA:85,4,0,0
BRDA:85,4,1,0
BRF:10
BRH:0
end_of_record
TN:
SF:src\chat\chat.service.ts
FN:20,(anonymous_2)
FN:33,(anonymous_3)
FN:59,(anonymous_4)
FN:119,(anonymous_5)
FN:126,(anonymous_6)
FN:130,(anonymous_7)
FN:136,(anonymous_8)
FN:137,(anonymous_9)
FN:148,(anonymous_10)
FN:218,(anonymous_11)
FN:244,(anonymous_12)
FN:245,(anonymous_13)
FN:285,(anonymous_14)
FN:333,(anonymous_15)
FN:381,(anonymous_16)
FN:478,(anonymous_17)
FNF:16
FNH:7
FNDA:18,(anonymous_2)
FNDA:4,(anonymous_3)
FNDA:4,(anonymous_4)
FNDA:0,(anonymous_5)
FNDA:0,(anonymous_6)
FNDA:0,(anonymous_7)
FNDA:0,(anonymous_8)
FNDA:0,(anonymous_9)
FNDA:5,(anonymous_10)
FNDA:0,(anonymous_11)
FNDA:0,(anonymous_12)
FNDA:2,(anonymous_13)
FNDA:3,(anonymous_14)
FNDA:3,(anonymous_15)
FNDA:0,(anonymous_16)
FNDA:0,(anonymous_17)
DA:1,1
DA:7,1
DA:8,1
DA:9,1
DA:10,1
DA:13,1
DA:14,1
DA:17,1
DA:18,18
DA:21,18
DA:22,18
DA:23,18
DA:34,4
DA:44,4
DA:45,3
DA:47,2
DA:67,4
DA:68,1
DA:69,3
DA:70,2
DA:71,2
DA:72,2
DA:73,2
DA:77,1
DA:83,4
DA:85,4
DA:116,4
DA:119,0
DA:125,4
DA:126,0
DA:129,4
DA:130,0
DA:136,0
DA:137,0
DA:152,5
DA:153,1
DA:158,4
DA:162,4
DA:164,3
DA:167,3
DA:168,3
DA:169,1
DA:173,2
DA:177,2
DA:194,2
DA:195,2
DA:196,2
DA:197,2
DA:199,2
DA:200,2
DA:208,2
DA:219,0
DA:231,2
DA:244,0
DA:246,2
DA:247,2
DA:252,2
DA:267,0
DA:272,2
DA:290,3
DA:294,3
DA:297,3
DA:298,3
DA:299,1
DA:303,2
DA:304,2
DA:305,2
DA:307,2
DA:317,2
DA:334,3
DA:338,3
DA:341,3
DA:342,3
DA:343,1
DA:346,2
DA:357,2
DA:359,2
DA:360,1
DA:361,1
DA:367,0
DA:371,2
DA:391,0
DA:392,0
DA:393,0
DA:395,0
DA:396,0
DA:397,0
DA:399,0
DA:400,0
DA:408,0
DA:418,0
DA:425,0
DA:465,0
DA:478,1
DA:479,0
DA:480,0
DA:483,0
DA:484,0
LF:98
LH:73
BRDA:44,0,0,1
BRDA:44,0,1,3
BRDA:45,1,0,1
BRDA:45,1,1,2
BRDA:61,2,0,1
BRDA:67,3,0,1
BRDA:67,3,1,3
BRDA:69,4,0,2
BRDA:69,4,1,1
BRDA:70,5,0,2
BRDA:70,5,1,1
BRDA:72,6,0,1
BRDA:72,6,1,1
BRDA:72,7,0,2
BRDA:72,7,1,1
BRDA:132,8,0,0
BRDA:132,8,1,0
BRDA:133,9,0,0
BRDA:133,9,1,0
BRDA:134,10,0,0
BRDA:134,10,1,0
BRDA:152,11,0,1
BRDA:152,11,1,4
BRDA:162,12,0,1
BRDA:162,12,1,3
BRDA:167,13,0,3
BRDA:167,13,1,2
BRDA:168,14,0,1
BRDA:168,14,1,2
BRDA:173,15,0,1
BRDA:173,15,1,1
BRDA:194,16,0,2
BRDA:194,16,1,0
BRDA:194,17,0,2
BRDA:194,17,1,0
BRDA:195,18,0,2
BRDA:195,18,1,0
BRDA:195,19,0,2
BRDA:195,19,1,0
BRDA:196,20,0,2
BRDA:196,20,1,0
BRDA:197,21,0,2
BRDA:197,21,1,0
BRDA:200,22,0,2
BRDA:200,22,1,1
BRDA:220,23,0,0
BRDA:220,23,1,0
BRDA:241,24,0,2
BRDA:241,24,1,1
BRDA:244,25,0,0
BRDA:244,25,1,0
BRDA:257,26,0,2
BRDA:257,26,1,1
BRDA:288,27,0,1
BRDA:294,28,0,0
BRDA:294,28,1,3
BRDA:297,29,0,3
BRDA:297,29,1,1
BRDA:298,30,0,1
BRDA:298,30,1,2
BRDA:303,31,0,2
BRDA:303,31,1,0
BRDA:304,32,0,2
BRDA:304,32,1,0
BRDA:338,33,0,0
BRDA:338,33,1,3
BRDA:341,34,0,3
BRDA:341,34,1,1
BRDA:342,35,0,1
BRDA:342,35,1,2
BRDA:357,36,0,2
BRDA:357,36,1,0
BRDA:359,37,0,1
BRDA:359,37,1,1
BRDA:392,38,0,0
BRDA:392,38,1,0
BRDA:393,39,0,0
BRDA:393,39,1,0
BRDA:396,40,0,0
BRDA:396,40,1,0
BRDA:397,41,0,0
BRDA:397,41,1,0
BRDA:397,42,0,0
BRDA:397,42,1,0
BRDA:399,43,0,0
BRDA:399,43,1,0
BRDA:399,44,0,0
BRDA:399,44,1,0
BRDA:399,44,2,0
BRDA:401,45,0,0
BRDA:401,45,1,0
BRDA:402,46,0,0
BRDA:402,46,1,0
BRDA:403,47,0,0
BRDA:403,47,1,0
BRDA:408,48,0,0
BRDA:408,48,1,0
BRDA:408,49,0,0
BRDA:408,49,1,0
BRDA:420,50,0,0
BRDA:420,50,1,0
BRDA:483,51,0,0
BRDA:483,51,1,0
BRF:103
BRH:53
end_of_record
TN:
SF:src\common\minio.service.ts
FN:38,(anonymous_11)
FN:96,(anonymous_12)
FN:168,(anonymous_13)
FN:170,(anonymous_14)
FN:175,(anonymous_15)
FN:188,(anonymous_16)
FN:202,(anonymous_17)
FN:223,(anonymous_18)
FN:233,(anonymous_19)
FNF:9
FNH:1
FNDA:0,(anonymous_11)
FNDA:0,(anonymous_12)
FNDA:0,(anonymous_13)
FNDA:0,(anonymous_14)
FNDA:0,(anonymous_15)
FNDA:16,(anonymous_16)
FNDA:0,(anonymous_17)
FNDA:0,(anonymous_18)
FNDA:0,(anonymous_19)
DA:1,4
DA:2,4
DA:3,4
DA:4,4
DA:5,4
DA:7,4
DA:17,4
DA:18,0
DA:27,0
DA:33,4
DA:39,0
DA:40,0
DA:41,0
DA:42,0
DA:43,0
DA:44,0
DA:46,0
DA:57,0
DA:58,0
DA:59,0
DA:60,0
DA:67,0
DA:68,0
DA:69,0
DA:70,0
DA:71,0
DA:73,0
DA:74,0
DA:75,0
DA:76,0
DA:82,0
DA:101,0
DA:102,0
DA:103,0
DA:108,0
DA:110,0
DA:111,0
DA:113,0
DA:122,0
DA:127,0
DA:136,0
DA:141,0
DA:144,0
DA:151,0
DA:157,0
DA:164,0
DA:169,0
DA:170,0
DA:176,0
DA:177,0
DA:178,0
DA:189,16
DA:190,16
DA:191,3
DA:192,3
DA:193,3
DA:194,3
DA:203,0
DA:204,0
DA:205,0
DA:207,0
DA:208,0
DA:209,0
DA:211,0
DA:213,0
DA:215,0
DA:224,0
DA:225,0
DA:228,0
DA:229,0
DA:230,0
DA:231,0
DA:234,0
DA:237,0
DA:238,0
DA:240,0
DA:241,0
DA:243,0
DA:245,0
LF:79
LH:14
BRDA:39,0,0,0
BRDA:39,0,1,0
BRDA:40,1,0,0
BRDA:40,1,1,0
BRDA:42,2,0,0
BRDA:42,2,1,0
BRDA:43,3,0,0
BRDA:43,3,1,0
BRDA:44,4,0,0
BRDA:44,4,1,0
BRDA:57,5,0,0
BRDA:57,5,1,0
BRDA:58,6,0,0
BRDA:58,6,1,0
BRDA:58,6,2,0
BRDA:58,6,3,0
BRDA:59,7,0,0
BRDA:59,7,1,0
BRDA:67,8,0,0
BRDA:67,8,1,0
BRDA:68,9,0,0
BRDA:68,9,1,0
BRDA:69,10,0,0
BRDA:69,10,1,0
BRDA:69,11,0,0
BRDA:69,11,1,0
BRDA:69,11,2,0
BRDA:75,12,0,0
BRDA:75,12,1,0
BRDA:84,13,0,0
BRDA:84,13,1,0
BRDA:101,14,0,0
BRDA:101,14,1,0
BRDA:103,15,0,0
BRDA:103,15,1,0
BRDA:108,16,0,0
BRDA:108,16,1,0
BRDA:110,17,0,0
BRDA:110,17,1,0
BRDA:170,18,0,0
BRDA:170,18,1,0
BRDA:177,19,0,0
BRDA:177,19,1,0
BRDA:190,20,0,13
BRDA:190,20,1,3
BRDA:190,21,0,16
BRDA:190,21,1,15
BRDA:190,21,2,4
BRDA:193,22,0,3
BRDA:193,22,1,0
BRDA:203,23,0,0
BRDA:203,23,1,0
BRDA:208,24,0,0
BRDA:208,24,1,0
BRDA:211,25,0,0
BRDA:211,25,1,0
BRDA:224,26,0,0
BRDA:224,26,1,0
BRDA:228,27,0,0
BRDA:228,27,1,0
BRDA:228,28,0,0
BRDA:228,28,1,0
BRDA:240,29,0,0
BRDA:240,29,1,0
BRF:64
BRH:6
end_of_record
TN:
SF:src\common\multer-image.config.ts
FN:22,imageFilter
FNF:1
FNH:0
FNDA:0,imageFilter
DA:1,0
DA:3,0
DA:4,0
DA:11,0
DA:19,0
DA:22,0
DA:27,0
DA:28,0
DA:34,0
DA:36,0
DA:37,0
DA:42,0
DA:48,0
DA:50,0
DA:54,0
LF:15
LH:0
BRDA:27,0,0,0
BRDA:27,0,1,0
BRDA:37,1,0,0
BRDA:37,1,1,0
BRF:4
BRH:0
end_of_record
TN:
SF:src\common\sign-images.interceptor.ts
FN:22,(anonymous_2)
FN:24,(anonymous_3)
FN:25,(anonymous_4)
FN:28,(anonymous_5)
FN:35,(anonymous_6)
FN:40,(anonymous_7)
FN:48,(anonymous_8)
FNF:7
FNH:0
FNDA:0,(anonymous_2)
FNDA:0,(anonymous_3)
FNDA:0,(anonymous_4)
FNDA:0,(anonymous_5)
FNDA:0,(anonymous_6)
FNDA:0,(anonymous_7)
FNDA:0,(anonymous_8)
DA:1,0
DA:8,0
DA:9,0
DA:21,0
DA:22,0
DA:25,0
DA:29,0
DA:30,0
DA:34,0
DA:35,0
DA:37,0
DA:38,0
DA:40,0
DA:43,0
DA:45,0
DA:50,0
LF:16
LH:0
BRDA:29,0,0,0
BRDA:29,0,1,0
BRDA:30,1,0,0
BRDA:30,1,1,0
BRDA:34,2,0,0
BRDA:34,2,1,0
BRDA:37,3,0,0
BRDA:37,3,1,0
BRDA:37,4,0,0
BRDA:37,4,1,0
BRF:10
BRH:0
end_of_record
TN:
SF:src\common\slug.util.ts
FN:13,slugify
FN:37,uniqueSlug
FNF:2
FNH:0
FNDA:0,slugify
FNDA:0,uniqueSlug
DA:13,1
DA:14,0
DA:37,1
DA:41,0
DA:42,0
DA:46,0
DA:47,0
DA:48,0
DA:52,0
LF:9
LH:2
BRDA:41,0,0,0
BRDA:41,0,1,0
BRDA:42,1,0,0
BRDA:42,1,1,0
BRDA:48,2,0,0
BRDA:48,2,1,0
BRF:6
BRH:0
end_of_record
TN:
SF:src\common\filters\prisma-exception.filter.ts
FN:17,(anonymous_1)
FN:27,(anonymous_2)
FNF:2
FNH:0
FNDA:0,(anonymous_1)
FNDA:0,(anonymous_2)
DA:1,0
DA:10,0
DA:14,0
DA:15,0
DA:18,0
DA:19,0
DA:21,0
DA:23,0
DA:24,0
DA:31,0
DA:34,0
DA:35,0
DA:41,0
DA:46,0
DA:51,0
DA:56,0
DA:61,0
LF:17
LH:0
BRDA:31,0,0,0
BRDA:31,0,1,0
BRDA:31,0,2,0
BRDA:31,0,3,0
BRDA:31,0,4,0
BRDA:31,0,5,0
BRDA:34,1,0,0
BRDA:34,1,1,0
BRF:8
BRH:0
end_of_record
TN:
SF:src\common\interceptors\bigint.interceptor.ts
FN:10,serializeBigInt
FN:18,(anonymous_2)
FN:29,(anonymous_3)
FNF:3
FNH:0
FNDA:0,serializeBigInt
FNDA:0,(anonymous_2)
FNDA:0,(anonymous_3)
DA:1,0
DA:8,0
DA:11,0
DA:14,0
DA:15,0
DA:16,0
DA:17,0
DA:18,0
DA:24,0
DA:28,0
DA:30,0
LF:11
LH:0
BRDA:11,0,0,0
BRDA:11,0,1,0
BRDA:14,1,0,0
BRDA:14,1,1,0
BRDA:15,2,0,0
BRDA:15,2,1,0
BRDA:16,3,0,0
BRDA:16,3,1,0
BRDA:16,4,0,0
BRDA:16,4,1,0
BRF:10
BRH:0
end_of_record
TN:
SF:src\common\interceptors\diagnostic.interceptor.ts
FN:14,(anonymous_1)
FN:20,(anonymous_2)
FNF:2
FNH:0
FNDA:0,(anonymous_1)
FNDA:0,(anonymous_2)
DA:1,0
DA:8,0
DA:11,0
DA:12,0
DA:15,0
DA:16,0
DA:18,0
DA:21,0
DA:22,0
DA:25,0
DA:27,0
DA:28,0
LF:12
LH:0
BRDA:27,0,0,0
BRDA:27,0,1,0
BRF:2
BRH:0
end_of_record
TN:
SF:src\email\email-retention.service.ts
FN:18,(anonymous_2)
FN:24,(anonymous_3)
FN:59,(anonymous_4)
FNF:3
FNH:0
FNDA:0,(anonymous_2)
FNDA:0,(anonymous_3)
FNDA:0,(anonymous_4)
DA:1,0
DA:2,0
DA:3,0
DA:4,0
DA:13,0
DA:14,0
DA:15,0
DA:16,0
DA:19,0
DA:20,0
DA:24,0
DA:25,0
DA:31,0
DA:47,0
DA:49,0
DA:50,0
DA:51,0
DA:52,0
DA:53,0
DA:54,0
DA:62,0
LF:21
LH:0
BRDA:47,0,0,0
BRDA:47,0,1,0
BRDA:52,1,0,0
BRDA:52,1,1,0
BRF:4
BRH:0
end_of_record
TN:
SF:src\email\email-templates.ts
FN:22,footer
FN:23,(anonymous_1)
FN:44,baseEmail
FNF:3
FNH:0
FNDA:0,footer
FNDA:0,(anonymous_1)
FNDA:0,baseEmail
DA:5,1
DA:7,1
DA:8,1
DA:10,1
DA:13,1
DA:14,1
DA:23,0
DA:24,0
DA:25,0
DA:44,1
DA:49,0
DA:54,0
DA:72,1
LF:13
LH:8
BRDA:7,0,0,1
BRDA:7,0,1,1
BRDA:8,1,0,1
BRDA:8,1,1,1
BRDA:10,2,0,1
BRDA:10,2,1,1
BRDA:13,3,0,1
BRDA:13,3,1,1
BRDA:15,4,0,1
BRDA:15,4,1,1
BRDA:17,5,0,1
BRDA:17,5,1,1
BRDA:19,6,0,1
BRDA:19,6,1,1
BRDA:49,7,0,0
BRDA:49,7,1,0
BRF:16
BRH:14
end_of_record
TN:
SF:src\email\email.service.ts
FN:13,(anonymous_2)
FN:32,(anonymous_3)
FN:70,(anonymous_4)
FN:109,(anonymous_5)
FN:143,(anonymous_6)
FN:171,(anonymous_7)
FN:191,(anonymous_8)
FN:208,(anonymous_9)
FN:225,(anonymous_10)
FNF:9
FNH:0
FNDA:0,(anonymous_2)
FNDA:0,(anonymous_3)
FNDA:0,(anonymous_4)
FNDA:0,(anonymous_5)
FNDA:0,(anonymous_6)
FNDA:0,(anonymous_7)
FNDA:0,(anonymous_8)
FNDA:0,(anonymous_9)
FNDA:0,(anonymous_10)
DA:1,1
DA:2,1
DA:3,1
DA:4,1
DA:7,1
DA:8,0
DA:9,0
DA:13,0
DA:14,0
DA:16,0
DA:17,0
DA:21,0
DA:25,0
DA:27,0
DA:28,0
DA:29,0
DA:33,0
DA:34,0
DA:37,0
DA:40,0
DA:41,0
DA:56,0
DA:58,0
DA:61,0
DA:75,0
DA:76,0
DA:79,0
DA:81,0
DA:82,0
DA:83,0
DA:100,0
DA:102,0
DA:105,0
DA:110,0
DA:111,0
DA:114,0
DA:117,0
DA:118,0
DA:133,0
DA:135,0
DA:138,0
DA:150,0
DA:151,0
DA:152,0
DA:154,0
DA:155,0
DA:161,0
DA:163,0
DA:166,0
DA:172,0
DA:175,0
DA:192,0
DA:193,0
DA:214,0
DA:215,0
DA:218,0
DA:220,0
DA:221,0
DA:222,0
DA:223,0
DA:224,0
DA:226,0
DA:229,0
DA:231,0
DA:234,0
LF:65
LH:5
BRDA:16,0,0,0
BRDA:16,0,1,0
BRDA:25,1,0,0
BRDA:25,1,1,0
BRDA:28,2,0,0
BRDA:28,2,1,0
BRDA:29,3,0,0
BRDA:29,3,1,0
BRDA:33,4,0,0
BRDA:33,4,1,0
BRDA:59,5,0,0
BRDA:59,5,1,0
BRDA:75,6,0,0
BRDA:75,6,1,0
BRDA:81,7,0,0
BRDA:81,7,1,0
BRDA:103,8,0,0
BRDA:103,8,1,0
BRDA:110,9,0,0
BRDA:110,9,1,0
BRDA:136,10,0,0
BRDA:136,10,1,0
BRDA:150,11,0,0
BRDA:150,11,1,0
BRDA:164,12,0,0
BRDA:164,12,1,0
BRDA:172,13,0,0
BRDA:172,13,1,0
BRDA:192,14,0,0
BRDA:192,14,1,0
BRDA:214,15,0,0
BRDA:214,15,1,0
BRDA:214,16,0,0
BRDA:214,16,1,0
BRDA:215,17,0,0
BRDA:215,17,1,0
BRF:36
BRH:0
end_of_record
TN:
SF:src\events\events.gateway.ts
FN:21,(anonymous_4)
FN:69,(anonymous_5)
FN:101,(anonymous_6)
FN:137,(anonymous_7)
FN:144,(anonymous_8)
FN:166,(anonymous_9)
FN:178,(anonymous_10)
FN:191,(anonymous_11)
FN:205,(anonymous_12)
FN:216,(anonymous_13)
FN:226,(anonymous_14)
FN:243,(anonymous_15)
FN:267,(anonymous_16)
FN:278,(anonymous_17)
FN:306,(anonymous_18)
FNF:15
FNH:0
FNDA:0,(anonymous_4)
FNDA:0,(anonymous_5)
FNDA:0,(anonymous_6)
FNDA:0,(anonymous_7)
FNDA:0,(anonymous_8)
FNDA:0,(anonymous_9)
FNDA:0,(anonymous_10)
FNDA:0,(anonymous_11)
FNDA:0,(anonymous_12)
FNDA:0,(anonymous_13)
FNDA:0,(anonymous_14)
FNDA:0,(anonymous_15)
FNDA:0,(anonymous_16)
FNDA:0,(anonymous_17)
FNDA:0,(anonymous_18)
DA:1,9
DA:10,9
DA:11,9
DA:12,9
DA:13,9
DA:14,9
DA:17,9
DA:18,9
DA:21,0
DA:63,9
DA:64,0
DA:67,9
DA:70,0
DA:71,0
DA:72,0
DA:83,9
DA:102,0
DA:103,0
DA:104,0
DA:105,0
DA:106,0
DA:107,0
DA:110,0
DA:111,0
DA:114,0
DA:115,0
DA:116,0
DA:117,0
DA:120,0
DA:127,0
DA:129,0
DA:131,0
DA:132,0
DA:133,0
DA:138,0
DA:139,0
DA:145,0
DA:148,0
DA:149,0
DA:151,0
DA:152,0
DA:153,0
DA:155,0
DA:166,9
DA:167,0
DA:168,0
DA:169,0
DA:170,0
DA:178,9
DA:182,0
DA:183,0
DA:184,0
DA:185,0
DA:197,0
DA:209,0
DA:217,0
DA:231,0
DA:232,0
DA:248,0
DA:249,0
DA:252,0
DA:254,0
DA:255,0
DA:256,0
DA:258,0
DA:271,0
DA:294,0
DA:319,0
LF:68
LH:13
BRDA:18,0,0,0
BRDA:18,0,1,9
BRDA:19,1,0,0
BRDA:19,1,1,0
BRDA:104,2,0,0
BRDA:104,2,1,0
BRDA:114,3,0,0
BRDA:114,3,1,0
BRDA:114,4,0,0
BRDA:114,4,1,0
BRDA:114,4,2,0
BRDA:129,5,0,0
BRDA:129,5,1,0
BRDA:131,6,0,0
BRDA:131,6,1,0
BRDA:138,7,0,0
BRDA:138,7,1,0
BRDA:148,8,0,0
BRDA:148,8,1,0
BRDA:149,9,0,0
BRDA:149,9,1,0
BRDA:152,10,0,0
BRDA:152,10,1,0
BRDA:168,11,0,0
BRDA:168,11,1,0
BRDA:170,12,0,0
BRDA:170,12,1,0
BRDA:182,13,0,0
BRDA:182,13,1,0
BRDA:183,14,0,0
BRDA:183,14,1,0
BRDA:185,15,0,0
BRDA:185,15,1,0
BRDA:231,16,0,0
BRDA:231,16,1,0
BRDA:231,17,0,0
BRDA:231,17,1,0
BRDA:240,18,0,0
BRDA:240,18,1,0
BRDA:248,19,0,0
BRDA:248,19,1,0
BRDA:254,20,0,0
BRDA:254,20,1,0
BRF:43
BRH:1
end_of_record
TN:
SF:src\favorites\favorites.controller.ts
FN:20,(anonymous_4)
FN:24,(anonymous_5)
FN:33,(anonymous_6)
FNF:3
FNH:0
FNDA:0,(anonymous_4)
FNDA:0,(anonymous_5)
FNDA:0,(anonymous_6)
DA:1,0
DA:10,0
DA:11,0
DA:19,0
DA:20,0
DA:24,0
DA:28,0
DA:33,0
DA:34,0
LF:9
LH:0
BRF:0
BRH:0
end_of_record
TN:
SF:src\favorites\favorites.service.ts
FN:6,(anonymous_2)
FN:8,(anonymous_3)
FN:26,(anonymous_4)
FN:62,(anonymous_5)
FNF:4
FNH:0
FNDA:0,(anonymous_2)
FNDA:0,(anonymous_3)
FNDA:0,(anonymous_4)
FNDA:0,(anonymous_5)
DA:1,0
DA:2,0
DA:5,0
DA:6,0
DA:9,0
DA:13,0
DA:14,0
DA:17,0
DA:19,0
DA:22,0
DA:27,0
DA:62,0
LF:12
LH:0
BRDA:13,0,0,0
BRDA:13,0,1,0
BRDA:66,1,0,0
BRDA:66,1,1,0
BRF:4
BRH:0
end_of_record
TN:
SF:src\firebase\firebase.service.ts
FN:20,(anonymous_1)
FN:66,(anonymous_2)
FNF:2
FNH:0
FNDA:0,(anonymous_1)
FNDA:0,(anonymous_2)
DA:1,1
DA:7,1
DA:13,1
DA:16,1
DA:17,0
DA:18,0
DA:22,0
DA:23,0
DA:24,0
DA:25,0
DA:28,0
DA:29,0
DA:31,0
DA:33,0
DA:34,0
DA:35,0
DA:36,0
DA:39,0
DA:42,0
DA:44,0
DA:45,0
DA:46,0
DA:49,0
DA:52,0
DA:56,0
DA:60,0
DA:67,0
DA:68,0
DA:72,0
DA:73,0
DA:75,0
LF:31
LH:4
BRDA:22,0,0,0
BRDA:22,0,1,0
BRDA:31,1,0,0
BRDA:31,1,1,0
BRDA:42,2,0,0
BRDA:42,2,1,0
BRDA:58,3,0,0
BRDA:58,3,1,0
BRDA:67,4,0,0
BRDA:67,4,1,0
BRF:10
BRH:0
end_of_record
TN:
SF:src\firebase\push-notifications.service.ts
[...]
DA:171,0
DA:173,0
DA:174,0
DA:176,0
DA:182,0
DA:226,0
DA:230,0
DA:231,0
DA:232,0
DA:237,0
DA:241,0
DA:242,0
DA:243,0
DA:248,0
DA:249,0
DA:250,0
DA:254,0
DA:257,0
LF:50
LH:0
BRDA:44,0,0,0
BRDA:44,0,1,0
BRDA:53,1,0,0
BRDA:53,1,1,0
BRDA:89,2,0,0
BRDA:89,2,1,0
BRDA:90,3,0,0
BRDA:90,3,1,0
BRDA:140,4,0,0
BRDA:140,4,1,0
BRDA:147,5,0,0
BRDA:147,5,1,0
BRDA:169,6,0,0
BRDA:169,6,1,0
BRDA:170,7,0,0
BRDA:170,7,1,0
BRDA:170,8,0,0
BRDA:170,8,1,0
BRDA:173,9,0,0
BRDA:173,9,1,0
BRDA:176,10,0,0
BRDA:176,10,1,0
BRDA:199,11,0,0
BRDA:199,11,1,0
BRDA:230,12,0,0
BRDA:230,12,1,0
BRDA:231,13,0,0
BRDA:231,13,1,0
BRDA:231,14,0,0
BRDA:231,14,1,0
BRDA:241,15,0,0
BRDA:241,15,1,0
BRDA:242,16,0,0
BRDA:242,16,1,0
BRDA:249,17,0,0
BRDA:249,17,1,0
BRDA:254,18,0,0
BRDA:254,18,1,0
BRF:38
BRH:0
end_of_record
TN:
SF:src\referrals\referrals.controller.ts
FN:26,(anonymous_4)
FN:29,(anonymous_5)
FN:34,(anonymous_6)
FN:39,(anonymous_7)
FN:44,(anonymous_8)
FN:49,(anonymous_9)
FN:57,(anonymous_10)
FN:67,(anonymous_11)
FN:70,(anonymous_12)
FN:75,(anonymous_13)
FN:80,(anonymous_14)
FN:93,(anonymous_15)
FN:107,(anonymous_16)
FNF:13
FNH:0
FNDA:0,(anonymous_4)
FNDA:0,(anonymous_5)
FNDA:0,(anonymous_6)
FNDA:0,(anonymous_7)
FNDA:0,(anonymous_8)
FNDA:0,(anonymous_9)
FNDA:0,(anonymous_10)
FNDA:0,(anonymous_11)
FNDA:0,(anonymous_12)
FNDA:0,(anonymous_13)
FNDA:0,(anonymous_14)
FNDA:0,(anonymous_15)
FNDA:0,(anonymous_16)
DA:1,0
DA:13,0
DA:14,0
DA:15,0
DA:16,0
DA:25,0
DA:26,0
DA:29,0
DA:30,0
DA:34,0
DA:35,0
DA:39,0
DA:40,0
DA:44,0
DA:45,0
DA:49,0
DA:53,0
DA:57,0
DA:58,0
DA:66,0
DA:67,0
DA:70,0
DA:71,0
DA:75,0
DA:76,0
DA:80,0
DA:89,0
DA:93,0
DA:103,0
DA:107,0
DA:108,0
LF:31
LH:0
BRF:0
BRH:0
end_of_record
TN:
SF:src\referrals\referrals.service.ts
FN:26,(anonymous_2)
FN:35,(anonymous_3)
FN:46,(anonymous_4)
FN:64,(anonymous_5)
FN:113,(anonymous_6)
FN:144,(anonymous_7)
FN:177,(anonymous_8)
FN:196,(anonymous_9)
FN:217,(anonymous_10)
FN:297,(anonymous_11)
FN:304,(anonymous_12)
FN:327,(anonymous_13)
FN:345,(anonymous_14)
FN:385,(anonymous_15)
FN:449,(anonymous_16)
FN:482,(anonymous_17)
FN:505,(anonymous_18)
FN:548,(anonymous_19)
FN:558,(anonymous_20)
FN:567,(anonymous_21)
FN:579,(anonymous_22)
FN:603,(anonymous_23)
FN:619,(anonymous_24)
FNF:23
FNH:10
FNDA:25,(anonymous_2)
FNDA:3,(anonymous_3)
FNDA:2,(anonymous_4)
FNDA:0,(anonymous_5)
FNDA:6,(anonymous_6)
FNDA:1,(anonymous_7)
FNDA:0,(anonymous_8)
FNDA:4,(anonymous_9)
FNDA:1,(anonymous_10)
FNDA:0,(anonymous_11)
FNDA:0,(anonymous_12)
FNDA:0,(anonymous_13)
FNDA:12,(anonymous_14)
FNDA:2,(anonymous_15)
FNDA:1,(anonymous_16)
FNDA:0,(anonymous_17)
FNDA:0,(anonymous_18)
FNDA:0,(anonymous_19)
FNDA:0,(anonymous_20)
FNDA:0,(anonymous_21)
FNDA:0,(anonymous_22)
FNDA:0,(anonymous_23)
FNDA:0,(anonymous_24)
DA:1,1
DA:7,1
DA:8,1
DA:9,1
DA:11,1
DA:12,1
DA:14,1
DA:19,1
DA:25,1
DA:27,25
DA:28,25
DA:29,25
DA:36,3
DA:37,3
DA:38,2
DA:42,3
DA:47,2
DA:48,2
DA:49,2
DA:50,2
DA:51,16
DA:53,2
DA:56,2
DA:59,0
DA:65,0
DA:100,0
DA:114,6
DA:115,1
DA:117,5
DA:119,5
DA:122,5
DA:123,3
DA:124,1
DA:127,2
DA:130,2
DA:136,1
DA:137,0
DA:139,1
DA:144,1
DA:145,1
DA:152,1
DA:156,1
DA:160,1
DA:169,1
DA:178,1
DA:185,1
DA:197,4
DA:207,4
DA:209,3
DA:215,3
DA:217,1
DA:218,1
DA:229,1
DA:233,1
DA:237,1
DA:241,1
DA:245,1
DA:250,1
DA:256,1
DA:264,1
DA:270,1
DA:278,1
DA:281,1
DA:288,1
DA:299,1
DA:305,0
DA:327,0
DA:346,12
DA:347,12
DA:348,1
DA:350,11
DA:351,1
DA:354,10
DA:358,10
DA:361,9
DA:362,5
DA:363,5
DA:364,5
DA:365,4
DA:366,1
DA:371,3
DA:375,3
DA:376,1
DA:381,2
DA:382,2
DA:383,2
DA:385,2
DA:386,2
DA:390,2
DA:391,1
DA:396,1
DA:405,2
DA:415,2
DA:422,2
DA:426,4
DA:439,4
DA:440,3
DA:441,1
DA:443,2
DA:444,1
DA:449,1
DA:450,1
DA:454,1
DA:464,1
DA:471,1
DA:483,0
DA:507,0
DA:539,0
DA:542,0
DA:548,0
DA:558,0
DA:568,0
DA:585,0
DA:586,0
DA:588,0
DA:589,0
DA:591,0
DA:594,0
DA:595,0
DA:596,0
DA:600,0
DA:612,0
DA:615,0
DA:616,0
DA:620,0
DA:623,0
DA:624,0
DA:625,0
LF:128
LH:99
BRDA:37,0,0,2
BRDA:37,0,1,1
BRDA:56,1,0,2
BRDA:56,1,1,0
BRDA:102,2,0,0
BRDA:102,2,1,0
BRDA:114,3,0,1
BRDA:114,3,1,5
BRDA:114,4,0,6
BRDA:114,4,1,6
BRDA:122,5,0,2
BRDA:122,5,1,3
BRDA:123,6,0,1
BRDA:123,6,1,2
BRDA:130,7,0,1
BRDA:130,7,1,1
BRDA:136,8,0,0
BRDA:136,8,1,1
BRDA:207,9,0,1
BRDA:207,9,1,3
BRDA:215,10,0,2
BRDA:215,10,1,1
BRDA:215,11,0,3
BRDA:215,11,1,2
BRDA:245,12,0,1
BRDA:245,12,1,0
BRDA:245,13,0,1
BRDA:245,13,1,1
BRDA:278,14,0,1
BRDA:278,14,1,0
BRDA:329,15,0,0
BRDA:329,15,1,0
BRDA:334,16,0,0
BRDA:334,16,1,0
BRDA:336,17,0,0
BRDA:336,17,1,0
BRDA:347,18,0,1
BRDA:347,18,1,11
BRDA:347,19,0,12
BRDA:347,19,1,7
BRDA:350,20,0,1
BRDA:350,20,1,10
BRDA:350,21,0,11
BRDA:350,21,1,5
BRDA:358,22,0,1
BRDA:358,22,1,9
BRDA:361,23,0,5
BRDA:361,23,1,4
BRDA:364,24,0,1
BRDA:364,24,1,4
BRDA:365,25,0,1
BRDA:365,25,1,3
BRDA:375,26,0,1
BRDA:375,26,1,2
BRDA:381,27,0,2
BRDA:381,27,1,0
BRDA:390,28,0,1
BRDA:390,28,1,1
BRDA:418,29,0,1
BRDA:418,29,1,1
BRDA:439,30,0,1
BRDA:439,30,1,3
BRDA:440,31,0,1
BRDA:440,31,1,2
BRDA:443,32,0,1
BRDA:443,32,1,1
BRDA:539,33,0,0
BRDA:539,33,1,0
BRDA:540,34,0,0
BRDA:540,34,1,0
BRDA:546,35,0,0
BRDA:546,35,1,0
BRDA:585,36,0,0
BRDA:585,36,1,0
BRDA:585,37,0,0
BRDA:585,37,1,0
BRDA:588,38,0,0
BRDA:588,38,1,0
BRDA:588,39,0,0
BRDA:588,39,1,0
BRDA:594,40,0,0
BRDA:594,40,1,0
BRDA:595,41,0,0
BRDA:595,41,1,0
BRDA:615,42,0,0
BRDA:615,42,1,0
BRDA:623,43,0,0
BRDA:623,43,1,0
BRF:88
BRH:53
end_of_record
TN:
SF:src\reviews\reviews.controller.ts
FN:26,(anonymous_4)
FN:33,(anonymous_5)
FN:39,(anonymous_6)
FN:55,(anonymous_7)
FN:64,(anonymous_8)
FN:81,(anonymous_9)
FN:91,(anonymous_10)
FN:103,(anonymous_11)
FN:117,(anonymous_12)
FN:123,(anonymous_13)
FN:131,(anonymous_14)
FNF:11
FNH:0
FNDA:0,(anonymous_4)
FNDA:0,(anonymous_5)
FNDA:0,(anonymous_6)
FNDA:0,(anonymous_7)
FNDA:0,(anonymous_8)
FNDA:0,(anonymous_9)
FNDA:0,(anonymous_10)
FNDA:0,(anonymous_11)
FNDA:0,(anonymous_12)
FNDA:0,(anonymous_13)
FNDA:0,(anonymous_14)
DA:1,0
DA:13,0
DA:14,0
DA:16,0
DA:25,0
DA:26,0
DA:33,0
DA:34,0
DA:39,0
DA:44,0
DA:55,0
DA:59,0
DA:64,0
DA:69,0
DA:81,0
DA:86,0
DA:91,0
DA:95,0
DA:103,0
DA:108,0
DA:117,0
DA:118,0
DA:123,0
DA:124,0
DA:131,0
DA:132,0
LF:26
LH:0
BRDA:46,0,0,0
BRDA:46,0,1,0
BRDA:47,1,0,0
BRDA:47,1,1,0
BRDA:70,2,0,0
BRDA:70,2,1,0
BRDA:71,3,0,0
BRDA:71,3,1,0
BRDA:72,4,0,0
BRDA:72,4,1,0
BRF:10
BRH:0
end_of_record
TN:
SF:src\reviews\reviews.service.ts
FN:14,(anonymous_2)
FN:21,(anonymous_3)
FN:66,(anonymous_4)
FN:143,(anonymous_5)
FN:171,(anonymous_6)
FN:189,(anonymous_7)
FN:218,(anonymous_8)
FN:230,(anonymous_9)
FN:239,(anonymous_10)
FN:255,(anonymous_11)
FN:289,(anonymous_12)
FN:355,(anonymous_13)
FN:373,(anonymous_14)
FN:394,(anonymous_15)
FN:434,(anonymous_16)
FNF:15
FNH:0
FNDA:0,(anonymous_2)
FNDA:0,(anonymous_3)
FNDA:0,(anonymous_4)
FNDA:0,(anonymous_5)
FNDA:0,(anonymous_6)
FNDA:0,(anonymous_7)
FNDA:0,(anonymous_8)
FNDA:0,(anonymous_9)
FNDA:0,(anonymous_10)
FNDA:0,(anonymous_11)
FNDA:0,(anonymous_12)
FNDA:0,(anonymous_13)
FNDA:0,(anonymous_14)
FNDA:0,(anonymous_15)
FNDA:0,(anonymous_16)
DA:1,0
DA:7,0
DA:8,0
DA:9,0
DA:13,0
DA:15,0
DA:16,0
DA:17,0
DA:29,0
DA:30,0
DA:34,0
DA:37,0
DA:38,0
DA:42,0
DA:48,0
DA:49,0
DA:57,0
DA:58,0
DA:59,0
DA:66,0
DA:67,0
DA:85,0
DA:90,0
DA:98,0
DA:102,0
DA:106,0
DA:108,0
DA:110,0
DA:116,0
DA:127,0
DA:134,0
DA:139,0
DA:144,0
DA:146,0
DA:167,0
DA:172,0
DA:175,0
DA:177,0
DA:183,0
DA:185,0
DA:194,0
DA:195,0
DA:197,0
DA:198,0
DA:200,0
DA:214,0
DA:221,0
DA:222,0
DA:226,0
DA:231,0
DA:232,0
DA:235,0
DA:244,0
DA:247,0
DA:248,0
DA:249,0
DA:251,0
DA:252,0
DA:255,0
DA:256,0
DA:271,0
DA:276,0
DA:284,0
DA:296,0
DA:302,0
DA:304,0
DA:305,0
DA:306,0
DA:307,0
DA:312,0
DA:325,0
DA:329,0
DA:332,0
DA:334,0
DA:335,0
DA:343,0
DA:351,0
DA:356,0
DA:359,0
DA:361,0
DA:374,0
DA:380,0
DA:399,0
DA:407,0
DA:410,0
DA:411,0
DA:420,0
DA:423,0
DA:427,0
DA:429,0
DA:435,0
DA:436,0
LF:92
LH:0
BRDA:29,0,0,0
BRDA:29,0,1,0
BRDA:29,1,0,0
BRDA:29,1,1,0
BRDA:37,2,0,0
BRDA:37,2,1,0
BRDA:48,3,0,0
BRDA:48,3,1,0
BRDA:58,4,0,0
BRDA:58,4,1,0
BRDA:93,5,0,0
BRDA:93,5,1,0
BRDA:106,6,0,0
BRDA:106,6,1,0
BRDA:106,7,0,0
BRDA:106,7,1,0
BRDA:106,8,0,0
BRDA:106,8,1,0
BRDA:111,9,0,0
BRDA:111,9,1,0
BRDA:143,10,0,0
BRDA:143,11,0,0
BRDA:175,12,0,0
BRDA:175,12,1,0
BRDA:194,13,0,0
BRDA:194,14,0,0
BRDA:198,15,0,0
BRDA:198,15,1,0
BRDA:247,16,0,0
BRDA:247,16,1,0
BRDA:248,17,0,0
BRDA:248,17,1,0
BRDA:251,18,0,0
BRDA:251,18,1,0
BRDA:251,19,0,0
BRDA:251,19,1,0
BRDA:251,19,2,0
BRDA:259,20,0,0
BRDA:259,20,1,0
BRDA:260,21,0,0
BRDA:260,21,1,0
BRDA:261,22,0,0
BRDA:261,22,1,0
BRDA:279,23,0,0
BRDA:279,23,1,0
BRDA:302,24,0,0
BRDA:302,24,1,0
BRDA:306,25,0,0
BRDA:306,25,1,0
BRDA:306,26,0,0
BRDA:306,26,1,0
BRDA:329,27,0,0
BRDA:329,27,1,0
BRDA:329,28,0,0
BRDA:329,28,1,0
BRDA:329,29,0,0
BRDA:329,29,1,0
BRDA:332,30,0,0
BRDA:332,30,1,0
BRDA:359,31,0,0
BRDA:359,31,1,0
BRDA:383,32,0,0
BRDA:383,32,1,0
BRDA:407,33,0,0
BRDA:407,33,1,0
BRDA:420,34,0,0
BRDA:420,34,1,0
BRDA:427,35,0,0
BRDA:427,35,1,0
BRDA:436,36,0,0
BRDA:436,36,1,0
BRF:71
BRH:0
end_of_record
TN:
SF:src\reviews\upload.controller.ts
FN:21,(anonymous_4)
FN:25,(anonymous_5)
FN:37,(anonymous_6)
FN:49,(anonymous_7)
FN:64,(anonymous_8)
FNF:5
FNH:0
FNDA:0,(anonymous_4)
FNDA:0,(anonymous_5)
FNDA:0,(anonymous_6)
FNDA:0,(anonymous_7)
FNDA:0,(anonymous_8)
DA:1,0
DA:8,0
DA:9,0
DA:10,0
DA:12,0
DA:20,0
DA:21,0
DA:25,0
DA:26,0
DA:27,0
DA:32,0
DA:37,0
DA:38,0
DA:39,0
DA:44,0
DA:49,0
DA:50,0
DA:51,0
DA:56,0
DA:64,0
DA:65,0
DA:66,0
DA:71,0
LF:23
LH:0
BRDA:26,0,0,0
BRDA:26,0,1,0
BRDA:38,1,0,0
BRDA:38,1,1,0
BRDA:50,2,0,0
BRDA:50,2,1,0
BRDA:65,3,0,0
BRDA:65,3,1,0
BRF:8
BRH:0
end_of_record
TN:
SF:src\subastas\subastas.controller.ts
FN:25,(anonymous_4)
FN:29,(anonymous_5)
FN:38,(anonymous_6)
FN:47,(anonymous_7)
FN:56,(anonymous_8)
FN:67,(anonymous_9)
FN:75,(anonymous_10)
FN:84,(anonymous_11)
FN:93,(anonymous_12)
FNF:9
FNH:0
FNDA:0,(anonymous_4)
FNDA:0,(anonymous_5)
FNDA:0,(anonymous_6)
FNDA:0,(anonymous_7)
FNDA:0,(anonymous_8)
FNDA:0,(anonymous_9)
FNDA:0,(anonymous_10)
FNDA:0,(anonymous_11)
FNDA:0,(anonymous_12)
DA:1,0
DA:13,0
DA:14,0
DA:15,0
DA:16,0
DA:17,0
DA:18,0
DA:19,0
DA:24,0
DA:25,0
DA:29,0
DA:33,0
DA:38,0
DA:42,0
DA:47,0
DA:51,0
DA:56,0
DA:60,0
DA:67,0
DA:68,0
DA:75,0
DA:79,0
DA:84,0
DA:88,0
DA:93,0
DA:94,0
LF:26
LH:0
BRF:0
BRH:0
end_of_record
TN:
SF:src\subastas\subastas.service.ts
FN:48,(anonymous_2)
FN:55,(anonymous_3)
FN:119,(anonymous_4)
FN:142,(anonymous_5)
FN:150,(anonymous_6)
FN:195,(anonymous_7)
FN:197,(anonymous_8)
FN:220,(anonymous_9)
FN:256,(anonymous_10)
FN:294,(anonymous_11)
FN:327,(anonymous_12)
FN:331,(anonymous_13)
FN:422,(anonymous_14)
FN:423,(anonymous_15)
FN:526,(anonymous_16)
FN:545,(anonymous_17)
FN:572,(anonymous_18)
FN:579,(anonymous_19)
FN:602,(anonymous_20)
FN:624,(anonymous_21)
FN:660,(anonymous_22)
FN:665,(anonymous_23)
FN:672,(anonymous_24)
FN:680,(anonymous_25)
FN:685,(anonymous_26)
FN:697,(anonymous_27)
FN:714,(anonymous_28)
FN:726,(anonymous_29)
FN:764,(anonymous_30)
FN:782,(anonymous_31)
FN:802,(anonymous_32)
FNF:31
FNH:14
FNDA:25,(anonymous_2)
FNDA:0,(anonymous_3)
FNDA:0,(anonymous_4)
FNDA:0,(anonymous_5)
FNDA:0,(anonymous_6)
FNDA:0,(anonymous_7)
FNDA:0,(anonymous_8)
FNDA:0,(anonymous_9)
FNDA:0,(anonymous_10)
FNDA:0,(anonymous_11)
FNDA:9,(anonymous_12)
FNDA:9,(anonymous_13)
FNDA:8,(anonymous_14)
FNDA:8,(anonymous_15)
FNDA:0,(anonymous_16)
FNDA:0,(anonymous_17)
FNDA:0,(anonymous_18)
FNDA:0,(anonymous_19)
FNDA:3,(anonymous_20)
FNDA:4,(anonymous_21)
FNDA:0,(anonymous_22)
FNDA:2,(anonymous_23)
FNDA:1,(anonymous_24)
FNDA:0,(anonymous_25)
FNDA:2,(anonymous_26)
FNDA:4,(anonymous_27)
FNDA:0,(anonymous_28)
FNDA:2,(anonymous_29)
FNDA:2,(anonymous_30)
FNDA:1,(anonymous_31)
FNDA:0,(anonymous_32)
DA:1,2
DA:8,2
DA:9,2
DA:10,2
DA:18,2
DA:26,2
DA:33,2
DA:34,2
DA:36,2
DA:37,2
DA:39,2
DA:42,2
DA:45,2
DA:46,25
DA:49,25
DA:50,25
DA:51,25
DA:57,0
DA:59,0
DA:61,0
DA:85,0
DA:103,0
DA:112,0
DA:113,0
DA:115,0
DA:118,0
DA:119,0
DA:129,0
DA:130,0
DA:137,0
DA:146,0
DA:151,0
DA:152,0
DA:153,0
DA:155,0
DA:195,0
DA:197,0
DA:208,0
DA:222,0
DA:235,0
DA:238,0
DA:242,0
DA:247,0
DA:249,0
DA:253,0
DA:256,0
DA:294,0
DA:295,0
DA:298,0
DA:299,0
DA:330,9
DA:332,9
DA:336,9
DA:337,7
DA:338,1
DA:339,6
DA:340,1
DA:344,5
DA:347,5
DA:348,1
DA:353,4
DA:361,4
DA:362,1
DA:366,3
DA:386,2
DA:387,1
DA:393,2
DA:401,2
DA:411,2
DA:418,2
DA:423,8
DA:424,8
DA:429,8
DA:430,7
DA:431,1
DA:438,6
DA:442,3
DA:448,3
DA:455,3
DA:456,1
DA:462,2
DA:467,1
DA:476,1
DA:481,1
DA:485,1
DA:490,1
DA:491,1
DA:492,1
DA:495,1
DA:505,1
DA:512,1
DA:518,1
DA:527,0
DA:536,0
DA:537,0
DA:538,0
DA:544,0
DA:545,0
DA:547,0
DA:550,0
DA:551,0
DA:555,0
DA:558,0
DA:559,0
DA:565,0
DA:575,0
DA:580,0
DA:584,0
DA:585,0
DA:586,0
DA:587,0
DA:591,0
DA:603,3
DA:611,3
DA:612,3
DA:616,3
DA:617,7
DA:618,7
DA:624,7
DA:625,4
DA:629,4
DA:635,6
DA:636,2
DA:638,6
DA:640,1
DA:642,1
DA:643,1
DA:649,3
DA:661,0
DA:662,0
DA:667,2
DA:668,1
DA:669,1
DA:673,1
DA:674,1
DA:676,1
DA:677,1
DA:681,0
DA:682,0
DA:687,2
DA:691,2
DA:692,0
DA:693,2
DA:698,4
DA:701,4
DA:702,1
DA:703,3
DA:704,1
DA:706,2
DA:715,0
DA:718,0
DA:719,0
DA:720,0
DA:729,2
DA:738,2
DA:746,2
DA:748,2
DA:749,0
DA:752,0
DA:765,2
DA:769,2
DA:770,1
DA:783,1
DA:784,1
DA:789,1
DA:796,0
DA:808,0
DA:809,0
DA:810,0
DA:812,0
DA:816,0
LF:171
LH:101
BRDA:69,0,0,0
BRDA:69,0,1,0
BRDA:90,1,0,0
BRDA:90,1,1,0
BRDA:91,2,0,0
BRDA:91,2,1,0
BRDA:92,3,0,0
BRDA:92,3,1,0
BRDA:93,4,0,0
BRDA:93,4,1,0
BRDA:94,5,0,0
BRDA:94,5,1,0
BRDA:95,6,0,0
BRDA:95,6,1,0
BRDA:112,7,0,0
BRDA:112,7,1,0
BRDA:150,8,0,0
BRDA:150,9,0,0
BRDA:201,10,0,0
BRDA:201,10,1,0
BRDA:203,11,0,0
BRDA:203,11,1,0
BRDA:235,12,0,0
BRDA:235,12,1,0
BRDA:238,13,0,0
BRDA:238,13,1,0
BRDA:247,14,0,0
BRDA:247,14,1,0
BRDA:295,15,0,0
BRDA:295,15,1,0
BRDA:301,16,0,0
BRDA:301,16,1,0
BRDA:302,17,0,0
BRDA:302,17,1,0
BRDA:306,18,0,0
BRDA:306,18,1,0
BRDA:307,19,0,0
BRDA:307,19,1,0
BRDA:309,20,0,0
BRDA:309,20,1,0
BRDA:309,21,0,0
BRDA:309,21,1,0
BRDA:309,21,2,0
BRDA:309,21,3,0
BRDA:336,22,0,2
BRDA:336,22,1,7
BRDA:337,23,0,1
BRDA:337,23,1,6
BRDA:339,24,0,1
BRDA:339,24,1,5
BRDA:347,25,0,1
BRDA:347,25,1,4
BRDA:361,26,0,1
BRDA:361,26,1,3
BRDA:386,27,0,1
BRDA:386,27,1,1
BRDA:429,28,0,1
BRDA:429,28,1,7
BRDA:430,29,0,1
BRDA:430,29,1,6
BRDA:438,30,0,3
BRDA:438,30,1,3
BRDA:439,31,0,6
BRDA:439,31,1,4
BRDA:455,32,0,1
BRDA:455,32,1,2
BRDA:490,33,0,1
BRDA:490,33,1,0
BRDA:536,34,0,0
BRDA:536,34,1,0
BRDA:537,35,0,0
BRDA:537,35,1,0
BRDA:550,36,0,0
BRDA:550,36,1,0
BRDA:584,37,0,0
BRDA:584,37,1,0
BRDA:584,38,0,0
BRDA:584,38,1,0
BRDA:586,39,0,0
BRDA:586,39,1,0
BRDA:635,40,0,2
BRDA:635,40,1,4
BRDA:642,41,0,1
BRDA:642,41,1,0
BRDA:691,42,0,0
BRDA:691,42,1,2
BRDA:701,43,0,1
BRDA:701,43,1,3
BRDA:701,44,0,4
BRDA:701,44,1,4
BRDA:703,45,0,1
BRDA:703,45,1,2
BRDA:718,46,0,0
BRDA:718,46,1,0
BRDA:718,47,0,0
BRDA:718,47,1,0
BRDA:746,48,0,2
BRDA:746,48,1,0
BRDA:748,49,0,0
BRDA:748,49,1,2
BRDA:769,50,0,1
BRDA:769,50,1,1
BRDA:769,51,0,2
BRDA:769,51,1,0
BRDA:797,52,0,0
BRDA:797,52,1,0
BRF:106
BRH:38
end_of_record
TN:
SF:src\trust-validation\trust-validation.controller.ts
FN:27,(anonymous_4)
FN:45,(anonymous_5)
FN:57,(anonymous_6)
FN:68,(anonymous_7)
FN:76,(anonymous_8)
FN:85,(anonymous_9)
FN:94,(anonymous_10)
FNF:7
FNH:0
FNDA:0,(anonymous_4)
FNDA:0,(anonymous_5)
FNDA:0,(anonymous_6)
FNDA:0,(anonymous_7)
FNDA:0,(anonymous_8)
FNDA:0,(anonymous_9)
FNDA:0,(anonymous_10)
DA:1,0
DA:17,0
DA:18,0
DA:19,0
DA:20,0
DA:21,0
DA:22,0
DA:26,0
DA:27,0
DA:45,0
DA:51,0
DA:57,0
DA:61,0
DA:68,0
DA:69,0
DA:76,0
DA:77,0
DA:85,0
DA:86,0
DA:94,0
DA:98,0
LF:21
LH:0
BRDA:47,0,0,0
BRDA:51,1,0,0
BRDA:51,1,1,0
BRDA:59,2,0,0
BRF:4
BRH:0
end_of_record
TN:
SF:src\trust-validation\trust-validation.service.ts
FN:13,(anonymous_2)
FN:21,(anonymous_3)
FN:60,(anonymous_4)
FN:117,(anonymous_5)
FN:148,(anonymous_6)
FN:171,(anonymous_7)
FN:184,(anonymous_8)
FN:252,(anonymous_9)
FN:296,(anonymous_10)
FN:302,(anonymous_11)
FNF:10
FNH:0
FNDA:0,(anonymous_2)
FNDA:0,(anonymous_3)
FNDA:0,(anonymous_4)
FNDA:0,(anonymous_5)
FNDA:0,(anonymous_6)
FNDA:0,(anonymous_7)
FNDA:0,(anonymous_8)
FNDA:0,(anonymous_9)
FNDA:0,(anonymous_10)
FNDA:0,(anonymous_11)
DA:1,0
DA:6,0
DA:7,0
DA:8,0
DA:9,0
DA:12,0
DA:14,0
DA:15,0
DA:16,0
DA:17,0
DA:41,0
DA:43,0
DA:47,0
DA:48,0
DA:49,0
DA:50,0
DA:54,0
DA:55,0
DA:60,0
DA:61,0
DA:72,0
DA:81,0
DA:100,0
DA:106,0
DA:113,0
DA:118,0
DA:119,0
DA:138,0
DA:140,0
DA:149,0
DA:153,0
DA:171,0
DA:185,0
DA:208,0
DA:210,0
DA:253,0
DA:262,0
DA:263,0
DA:264,0
DA:266,0
DA:281,0
DA:282,0
DA:284,0
DA:291,0
DA:298,0
DA:303,0
DA:304,0
DA:306,0
DA:315,0
DA:316,0
DA:317,0
DA:319,0
DA:335,0
DA:343,0
LF:54
LH:0
BRDA:41,0,0,0
BRDA:41,0,1,0
BRDA:47,1,0,0
BRDA:47,1,1,0
BRDA:49,2,0,0
BRDA:49,2,1,0
BRDA:54,3,0,0
BRDA:54,3,1,0
BRDA:61,4,0,0
BRDA:61,4,1,0
BRDA:118,5,0,0
BRDA:118,5,1,0
BRDA:138,6,0,0
BRDA:138,6,1,0
BRDA:143,7,0,0
BRDA:143,7,1,0
BRDA:149,8,0,0
BRDA:149,8,1,0
BRDA:208,9,0,0
BRDA:208,9,1,0
BRDA:262,10,0,0
BRDA:262,10,1,0
BRDA:263,11,0,0
BRDA:263,11,1,0
BRDA:303,12,0,0
BRDA:303,12,1,0
BRDA:315,13,0,0
BRDA:315,13,1,0
BRDA:316,14,0,0
BRDA:316,14,1,0
BRF:30
BRH:0
end_of_record
TN:
SF:src\user-reports\user-reports.service.ts
FN:16,(anonymous_2)
FN:18,(anonymous_3)
FN:40,(anonymous_4)
FN:73,(anonymous_5)
FNF:4
FNH:0
FNDA:0,(anonymous_2)
FNDA:0,(anonymous_3)
FNDA:0,(anonymous_4)
FNDA:0,(anonymous_5)
DA:1,0
DA:6,0
DA:7,0
DA:15,0
DA:16,0
DA:19,0
DA:20,0
DA:22,0
DA:26,0
DA:27,0
DA:29,0
DA:42,0
DA:45,0
DA:47,0
DA:51,0
DA:63,0
DA:74,0
DA:75,0
DA:79,0
DA:80,0
DA:81,0
LF:21
LH:0
BRDA:19,0,0,0
BRDA:19,0,1,0
BRDA:26,1,0,0
BRDA:26,1,1,0
BRDA:34,2,0,0
BRDA:34,2,1,0
BRDA:40,3,0,0
BRDA:40,4,0,0
BRDA:42,5,0,0
BRDA:42,5,1,0
BRDA:42,6,0,0
BRDA:42,6,1,0
BRDA:74,7,0,0
BRDA:74,7,1,0
BRDA:74,8,0,0
BRDA:74,8,1,0
BRDA:80,9,0,0
BRDA:80,9,1,0
BRF:18
BRH:0
end_of_record
TN:
SF:src\users\users.controller.ts
FN:29,(anonymous_4)
FN:39,(anonymous_5)
FN:49,(anonymous_6)
FN:56,(anonymous_7)
FN:67,(anonymous_8)
FN:74,(anonymous_9)
FN:84,(anonymous_10)
FN:95,(anonymous_11)
FN:107,(anonymous_12)
FN:122,(anonymous_13)
FNF:10
FNH:0
FNDA:0,(anonymous_4)
FNDA:0,(anonymous_5)
FNDA:0,(anonymous_6)
FNDA:0,(anonymous_7)
FNDA:0,(anonymous_8)
FNDA:0,(anonymous_9)
FNDA:0,(anonymous_10)
FNDA:0,(anonymous_11)
FNDA:0,(anonymous_12)
FNDA:0,(anonymous_13)
DA:1,0
DA:16,0
DA:17,0
DA:18,0
DA:19,0
DA:20,0
DA:21,0
DA:22,0
DA:23,0
DA:24,0
DA:28,0
DA:30,0
DA:31,0
DA:32,0
DA:39,0
DA:43,0
DA:49,0
DA:50,0
DA:56,0
DA:57,0
DA:67,0
DA:68,0
DA:74,0
DA:78,0
DA:84,0
DA:88,0
DA:89,0
DA:95,0
DA:96,0
DA:107,0
DA:111,0
DA:122,0
DA:126,0
DA:127,0
DA:132,0
LF:35
LH:0
BRDA:88,0,0,0
BRDA:88,0,1,0
BRDA:126,1,0,0
BRDA:126,1,1,0
BRDA:133,2,0,0
BRDA:133,2,1,0
BRF:6
BRH:0
end_of_record
TN:
SF:src\users\users.service.ts
FN:13,(anonymous_11)
FN:19,(anonymous_12)
FN:90,(anonymous_13)
FN:111,(anonymous_14)
FN:129,(anonymous_15)
FN:171,(anonymous_16)
FN:183,(anonymous_17)
FN:195,(anonymous_18)
FN:246,(anonymous_19)
FN:270,(anonymous_20)
FN:271,(anonymous_21)
FN:287,(anonymous_22)
FN:296,(anonymous_23)
FNF:13
FNH:6
FNDA:10,(anonymous_11)
FNDA:2,(anonymous_12)
FNDA:0,(anonymous_13)
FNDA:0,(anonymous_14)
FNDA:1,(anonymous_15)
FNDA:4,(anonymous_16)
FNDA:6,(anonymous_17)
FNDA:4,(anonymous_18)
FNDA:0,(anonymous_19)
FNDA:0,(anonymous_20)
FNDA:0,(anonymous_21)
FNDA:0,(anonymous_22)
FNDA:0,(anonymous_23)
DA:1,2
DA:7,2
DA:8,2
DA:9,2
DA:12,2
DA:14,10
DA:15,10
DA:20,2
DA:84,2
DA:85,2
DA:88,0
DA:90,0
DA:111,0
DA:130,1
DA:161,1
DA:162,1
DA:172,4
DA:182,4
DA:183,3
DA:184,6
DA:185,3
DA:206,4
DA:207,4
DA:230,1
DA:235,3
DA:239,2
DA:241,1
DA:247,0
DA:260,0
DA:271,0
DA:273,0
DA:278,0
DA:283,0
DA:288,0
DA:292,0
DA:301,0
DA:302,0
DA:304,0
DA:308,0
DA:309,0
DA:312,0
DA:313,0
DA:319,0
DA:322,0
DA:329,0
LF:45
LH:24
BRDA:84,0,0,2
BRDA:84,0,1,0
BRDA:98,1,0,0
BRDA:98,1,1,0
BRDA:116,2,0,0
BRDA:116,2,1,0
BRDA:121,3,0,0
BRDA:121,3,1,0
BRDA:122,4,0,0
BRDA:122,4,1,0
BRDA:123,5,0,0
BRDA:123,5,1,0
BRDA:161,6,0,0
BRDA:161,6,1,1
BRDA:182,7,0,1
BRDA:182,7,1,3
BRDA:184,8,0,6
BRDA:184,8,1,0
BRDA:184,9,0,6
BRDA:184,9,1,1
BRDA:210,10,0,4
BRDA:210,10,1,0
BRDA:211,11,0,4
BRDA:211,11,1,0
BRDA:212,12,0,4
BRDA:212,12,1,4
BRDA:213,13,0,4
BRDA:213,13,1,0
BRDA:214,14,0,4
BRDA:214,14,1,0
BRDA:215,15,0,4
BRDA:215,15,1,0
BRDA:235,16,0,2
BRDA:235,16,1,1
BRDA:236,17,0,3
BRDA:236,17,1,3
BRDA:302,18,0,0
BRDA:302,18,1,0
BRDA:308,19,0,0
BRDA:308,19,1,0
BRF:40
BRH:18
end_of_record
