TN:
SF:src\app.controller.ts
FN:6,(anonymous_2)
FN:9,(anonymous_3)
FN:14,(anonymous_4)
FNF:3
FNH:0
FNDA:0,(anonymous_2)
FNDA:0,(anonymous_3)
FNDA:0,(anonymous_4)
DA:1,0
DA:2,0
DA:5,0
DA:6,0
DA:9,0
DA:10,0
DA:14,0
DA:15,0
LF:8
LH:0
BRF:0
BRH:0
end_of_record
TN:
SF:src\app.service.ts
FN:5,(anonymous_1)
FNF:1
FNH:0
FNDA:0,(anonymous_1)
DA:1,0
DA:4,0
DA:6,0
LF:3
LH:0
BRF:0
BRH:0
end_of_record
TN:
SF:src\admin\admin.controller.ts
FN:46,(anonymous_4)
FN:55,(anonymous_5)
FN:64,(anonymous_6)
FN:74,(anonymous_7)
FN:79,(anonymous_8)
FN:86,(anonymous_9)
FN:91,(anonymous_10)
FN:99,(anonymous_11)
FN:106,(anonymous_12)
FN:116,(anonymous_13)
FN:123,(anonymous_14)
FN:136,(anonymous_15)
FN:143,(anonymous_16)
FN:152,(anonymous_17)
FN:161,(anonymous_18)
FN:169,(anonymous_19)
FN:174,(anonymous_20)
FN:183,(anonymous_21)
FN:193,(anonymous_22)
FN:198,(anonymous_23)
FN:203,(anonymous_24)
FN:211,(anonymous_25)
FN:219,(anonymous_26)
FN:229,(anonymous_27)
FN:247,(anonymous_28)
FN:255,(anonymous_29)
FN:265,(anonymous_30)
FN:275,(anonymous_31)
FN:280,(anonymous_32)
FN:287,(anonymous_33)
FN:292,(anonymous_34)
FN:300,(anonymous_35)
FN:313,(anonymous_36)
FN:327,(anonymous_37)
FN:334,(anonymous_38)
FN:348,(anonymous_39)
FN:355,(anonymous_40)
FN:360,(anonymous_41)
FN:365,(anonymous_42)
FN:373,(anonymous_43)
FN:378,(anonymous_44)
FN:386,(anonymous_45)
FN:397,(anonymous_46)
FN:402,(anonymous_47)
FN:412,(anonymous_48)
FN:419,(anonymous_49)
FN:424,(anonymous_50)
FN:429,(anonymous_51)
FN:441,(anonymous_52)
FN:455,(anonymous_53)
FN:472,(anonymous_54)
FNF:51
FNH:0
FNDA:0,(anonymous_4)
FNDA:0,(anonymous_5)
FNDA:0,(anonymous_6)
FNDA:0,(anonymous_7)
FNDA:0,(anonymous_8)
FNDA:0,(anonymous_9)
FNDA:0,(anonymous_10)
FNDA:0,(anonymous_11)
FNDA:0,(anonymous_12)
FNDA:0,(anonymous_13)
FNDA:0,(anonymous_14)
FNDA:0,(anonymous_15)
FNDA:0,(anonymous_16)
FNDA:0,(anonymous_17)
FNDA:0,(anonymous_18)
FNDA:0,(anonymous_19)
FNDA:0,(anonymous_20)
FNDA:0,(anonymous_21)
FNDA:0,(anonymous_22)
FNDA:0,(anonymous_23)
FNDA:0,(anonymous_24)
FNDA:0,(anonymous_25)
FNDA:0,(anonymous_26)
FNDA:0,(anonymous_27)
FNDA:0,(anonymous_28)
FNDA:0,(anonymous_29)
FNDA:0,(anonymous_30)
FNDA:0,(anonymous_31)
FNDA:0,(anonymous_32)
FNDA:0,(anonymous_33)
FNDA:0,(anonymous_34)
FNDA:0,(anonymous_35)
FNDA:0,(anonymous_36)
FNDA:0,(anonymous_37)
FNDA:0,(anonymous_38)
FNDA:0,(anonymous_39)
FNDA:0,(anonymous_40)
FNDA:0,(anonymous_41)
FNDA:0,(anonymous_42)
FNDA:0,(anonymous_43)
FNDA:0,(anonymous_44)
FNDA:0,(anonymous_45)
FNDA:0,(anonymous_46)
FNDA:0,(anonymous_47)
FNDA:0,(anonymous_48)
FNDA:0,(anonymous_49)
FNDA:0,(anonymous_50)
FNDA:0,(anonymous_51)
FNDA:0,(anonymous_52)
FNDA:0,(anonymous_53)
FNDA:0,(anonymous_54)
DA:1,0
DA:20,0
DA:22,0
DA:23,0
DA:24,0
DA:25,0
DA:26,0
DA:27,0
DA:28,0
DA:29,0
DA:30,0
DA:31,0
DA:32,0
DA:33,0
DA:34,0
DA:35,0
DA:36,0
DA:40,0
DA:45,0
DA:47,0
DA:48,0
DA:49,0
DA:55,0
DA:59,0
DA:64,0
DA:68,0
DA:74,0
DA:75,0
DA:79,0
DA:80,0
DA:86,0
DA:87,0
DA:91,0
DA:92,0
DA:99,0
DA:100,0
DA:106,0
DA:107,0
DA:116,0
DA:117,0
DA:123,0
DA:128,0
DA:136,0
DA:137,0
DA:143,0
DA:148,0
DA:152,0
DA:156,0
DA:161,0
DA:165,0
DA:169,0
DA:170,0
DA:174,0
DA:178,0
DA:183,0
DA:187,0
DA:193,0
DA:194,0
DA:198,0
DA:199,0
DA:203,0
DA:207,0
DA:211,0
DA:215,0
DA:219,0
DA:223,0
DA:229,0
DA:236,0
DA:247,0
DA:251,0
DA:255,0
DA:259,0
DA:265,0
DA:266,0
DA:275,0
DA:276,0
DA:280,0
DA:281,0
DA:287,0
DA:288,0
DA:292,0
DA:293,0
DA:294,0
DA:295,0
DA:296,0
DA:300,0
DA:301,0
DA:302,0
DA:303,0
DA:307,0
DA:313,0
DA:318,0
DA:327,0
DA:328,0
DA:334,0
DA:339,0
DA:348,0
DA:349,0
DA:355,0
DA:356,0
DA:360,0
DA:361,0
DA:365,0
DA:369,0
DA:373,0
DA:374,0
DA:378,0
DA:379,0
DA:386,0
DA:390,0
DA:397,0
DA:398,0
DA:402,0
DA:406,0
DA:412,0
DA:413,0
DA:419,0
DA:420,0
DA:424,0
DA:425,0
DA:429,0
DA:433,0
DA:441,0
DA:442,0
DA:455,0
DA:459,0
DA:472,0
DA:473,0
LF:128
LH:0
BRDA:59,0,0,0
BRDA:59,0,1,0
BRDA:92,1,0,0
BRDA:92,1,1,0
BRDA:129,2,0,0
BRDA:129,2,1,0
BRDA:130,3,0,0
BRDA:130,3,1,0
BRDA:237,4,0,0
BRDA:237,4,1,0
BRDA:238,5,0,0
BRDA:238,5,1,0
BRDA:241,6,0,0
BRDA:241,6,1,0
BRDA:269,7,0,0
BRDA:269,7,1,0
BRDA:270,8,0,0
BRDA:270,8,1,0
BRDA:319,9,0,0
BRDA:319,9,1,0
BRDA:320,10,0,0
BRDA:320,10,1,0
BRDA:321,11,0,0
BRDA:321,11,1,0
BRDA:340,12,0,0
BRDA:340,12,1,0
BRDA:341,13,0,0
BRDA:341,13,1,0
BRDA:342,14,0,0
BRDA:342,14,1,0
BRDA:463,15,0,0
BRDA:463,15,1,0
BRDA:476,16,0,0
BRDA:476,16,1,0
BRF:34
BRH:0
end_of_record
TN:
SF:src\admin\admin.service.ts
FN:36,(anonymous_13)
FN:58,(anonymous_14)
FN:68,(anonymous_15)
FN:72,(anonymous_16)
FN:76,(anonymous_17)
FN:80,(anonymous_18)
FN:84,(anonymous_19)
FN:88,(anonymous_20)
FN:92,(anonymous_21)
FN:97,(anonymous_22)
FN:141,(anonymous_23)
FN:149,(anonymous_24)
FN:167,(anonymous_25)
FN:223,(anonymous_26)
FN:227,(anonymous_27)
FN:234,(anonymous_28)
FN:252,(anonymous_29)
FN:285,(anonymous_30)
FN:300,(anonymous_31)
FN:332,(anonymous_32)
FN:377,(anonymous_33)
FN:390,(anonymous_34)
FN:416,(anonymous_35)
FN:442,(anonymous_36)
FN:485,(anonymous_37)
FN:490,(anonymous_38)
FN:570,(anonymous_39)
FN:583,(anonymous_40)
FN:590,(anonymous_41)
FN:594,(anonymous_42)
FN:598,(anonymous_43)
FN:602,(anonymous_44)
FN:606,(anonymous_45)
FN:612,(anonymous_46)
FN:715,(anonymous_47)
FN:722,(anonymous_48)
FN:743,(anonymous_49)
FN:753,(anonymous_50)
FN:761,(anonymous_51)
FN:817,(anonymous_52)
FN:867,(anonymous_53)
FN:878,(anonymous_54)
FN:894,(anonymous_55)
FN:899,(anonymous_56)
FN:903,(anonymous_57)
FN:912,(anonymous_58)
FN:916,(anonymous_59)
FN:926,(anonymous_60)
FN:940,(anonymous_61)
FN:944,(anonymous_62)
FN:955,(anonymous_63)
FN:1006,(anonymous_64)
FN:1010,(anonymous_65)
FN:1014,(anonymous_66)
FN:1019,(anonymous_67)
FN:1023,(anonymous_68)
FN:1027,(anonymous_69)
FN:1031,(anonymous_70)
FN:1044,(anonymous_71)
FN:1076,(anonymous_72)
FN:1078,(anonymous_73)
FN:1078,(anonymous_74)
FN:1084,(anonymous_75)
FN:1103,(anonymous_76)
FN:1117,(anonymous_77)
FN:1158,(anonymous_78)
FN:1189,(anonymous_79)
FN:1190,(anonymous_80)
FN:1195,(anonymous_81)
FN:1216,(anonymous_82)
FNF:70
FNH:9
FNDA:14,(anonymous_13)
FNDA:0,(anonymous_14)
FNDA:0,(anonymous_15)
FNDA:0,(anonymous_16)
FNDA:0,(anonymous_17)
FNDA:0,(anonymous_18)
FNDA:0,(anonymous_19)
FNDA:0,(anonymous_20)
FNDA:0,(anonymous_21)
FNDA:0,(anonymous_22)
FNDA:0,(anonymous_23)
FNDA:0,(anonymous_24)
FNDA:0,(anonymous_25)
FNDA:0,(anonymous_26)
FNDA:0,(anonymous_27)
FNDA:0,(anonymous_28)
FNDA:0,(anonymous_29)
FNDA:0,(anonymous_30)
FNDA:0,(anonymous_31)
FNDA:0,(anonymous_32)
FNDA:0,(anonymous_33)
FNDA:0,(anonymous_34)
FNDA:5,(anonymous_35)
FNDA:2,(anonymous_36)
FNDA:0,(anonymous_37)
FNDA:0,(anonymous_38)
FNDA:0,(anonymous_39)
FNDA:1,(anonymous_40)
FNDA:0,(anonymous_41)
FNDA:0,(anonymous_42)
FNDA:0,(anonymous_43)
FNDA:0,(anonymous_44)
FNDA:0,(anonymous_45)
FNDA:0,(anonymous_46)
FNDA:0,(anonymous_47)
FNDA:0,(anonymous_48)
FNDA:0,(anonymous_49)
FNDA:1,(anonymous_50)
FNDA:1,(anonymous_51)
FNDA:2,(anonymous_52)
FNDA:0,(anonymous_53)
FNDA:0,(anonymous_54)
FNDA:0,(anonymous_55)
FNDA:0,(anonymous_56)
FNDA:0,(anonymous_57)
FNDA:0,(anonymous_58)
FNDA:0,(anonymous_59)
FNDA:0,(anonymous_60)
FNDA:0,(anonymous_61)
FNDA:0,(anonymous_62)
FNDA:0,(anonymous_63)
FNDA:0,(anonymous_64)
FNDA:0,(anonymous_65)
FNDA:0,(anonymous_66)
FNDA:0,(anonymous_67)
FNDA:0,(anonymous_68)
FNDA:0,(anonymous_69)
FNDA:0,(anonymous_70)
FNDA:1,(anonymous_71)
FNDA:0,(anonymous_72)
FNDA:0,(anonymous_73)
FNDA:0,(anonymous_74)
FNDA:0,(anonymous_75)
FNDA:0,(anonymous_76)
FNDA:5,(anonymous_77)
FNDA:0,(anonymous_78)
FNDA:0,(anonymous_79)
FNDA:0,(anonymous_80)
FNDA:0,(anonymous_81)
FNDA:0,(anonymous_82)
DA:1,2
DA:8,2
DA:9,2
DA:17,2
DA:18,2
DA:19,2
DA:20,2
DA:21,2
DA:22,2
DA:23,2
DA:24,2
DA:25,2
DA:26,2
DA:31,2
DA:32,2
DA:35,2
DA:37,14
DA:38,14
DA:39,14
DA:40,14
DA:41,14
DA:42,14
DA:43,14
DA:44,14
DA:45,14
DA:46,14
DA:48,14
DA:61,0
DA:69,0
DA:73,0
DA:77,0
DA:81,0
DA:85,0
DA:89,0
DA:93,0
DA:98,0
DA:99,0
DA:101,0
DA:102,0
DA:109,0
DA:140,0
DA:141,0
DA:150,0
DA:163,0
DA:194,0
DA:198,0
DA:199,0
DA:203,0
DA:204,0
DA:205,0
DA:210,0
DA:211,0
DA:221,0
DA:223,0
DA:224,0
DA:225,0
DA:227,0
DA:232,0
DA:235,0
DA:245,0
DA:247,0
DA:252,0
DA:254,0
DA:268,0
DA:285,0
DA:298,0
DA:299,0
DA:300,0
DA:311,0
DA:312,0
DA:313,0
DA:322,0
DA:326,0
DA:328,0
DA:367,0
DA:371,0
DA:375,0
DA:377,0
DA:380,0
DA:381,0
DA:382,0
DA:384,0
DA:388,0
DA:389,0
DA:390,0
DA:398,0
DA:412,0
DA:413,0
DA:417,5
DA:418,1
DA:421,4
DA:428,4
DA:429,3
DA:430,1
DA:435,2
DA:441,2
DA:442,2
DA:445,2
DA:451,2
DA:455,2
DA:456,1
DA:461,1
DA:471,1
DA:472,1
DA:476,1
DA:477,1
DA:478,0
DA:480,1
DA:486,0
DA:491,0
DA:492,0
DA:493,0
DA:498,0
DA:502,0
DA:504,0
DA:505,0
DA:508,0
DA:513,0
DA:514,0
DA:516,0
DA:517,0
DA:526,0
DA:537,0
DA:540,0
DA:541,0
DA:542,0
DA:543,0
DA:545,0
DA:557,0
DA:566,0
DA:571,0
DA:572,0
DA:574,0
DA:584,1
DA:591,0
DA:595,0
DA:599,0
DA:603,0
DA:607,0
DA:619,0
DA:620,0
DA:622,0
DA:623,0
DA:643,0
DA:644,0
DA:645,0
DA:646,0
DA:647,0
DA:648,0
DA:649,0
DA:650,0
DA:651,0
DA:652,0
DA:655,0
DA:657,0
DA:715,0
DA:719,0
DA:723,0
DA:724,0
DA:725,0
DA:726,0
DA:731,0
DA:732,0
DA:733,0
DA:735,0
DA:741,0
DA:748,0
DA:750,0
DA:754,1
DA:755,1
DA:756,1
DA:757,0
DA:761,1
DA:762,1
DA:768,1
DA:769,1
DA:772,1
DA:776,1
DA:777,1
DA:780,1
DA:797,2
DA:818,2
DA:819,1
DA:823,1
DA:824,1
DA:836,1
DA:858,1
DA:871,0
DA:875,0
DA:884,0
DA:888,0
DA:895,0
DA:900,0
DA:904,0
DA:913,0
DA:923,0
DA:937,0
DA:941,0
DA:945,0
DA:956,0
DA:960,0
DA:966,0
DA:969,0
DA:979,0
DA:980,0
DA:982,0
DA:985,0
DA:994,0
DA:1000,0
DA:1007,0
DA:1011,0
DA:1015,0
DA:1020,0
DA:1024,0
DA:1028,0
DA:1032,0
DA:1049,1
DA:1050,0
DA:1052,1
DA:1053,0
DA:1055,1
DA:1056,1
DA:1057,1
DA:1061,0
DA:1071,0
DA:1077,0
DA:1078,0
DA:1084,0
DA:1092,0
DA:1103,0
DA:1105,0
DA:1123,5
DA:1124,5
DA:1125,5
DA:1126,4
DA:1128,3
DA:1132,3
DA:1135,2
DA:1138,2
DA:1147,2
DA:1149,2
DA:1164,0
DA:1165,0
DA:1167,0
DA:1168,0
DA:1170,0
DA:1171,0
DA:1172,0
DA:1178,0
DA:1184,0
DA:1188,0
DA:1189,0
DA:1190,0
DA:1193,0
DA:1195,0
DA:1200,0
DA:1205,0
DA:1216,0
DA:1218,0
LF:259
LH:80
BRDA:92,0,0,0
BRDA:97,1,0,0
BRDA:97,2,0,0
BRDA:101,3,0,0
BRDA:101,3,1,0
BRDA:198,4,0,0
BRDA:198,4,1,0
BRDA:203,5,0,0
BRDA:203,5,1,0
BRDA:210,6,0,0
BRDA:210,6,1,0
BRDA:232,7,0,0
BRDA:232,7,1,0
BRDA:232,8,0,0
BRDA:232,8,1,0
BRDA:247,9,0,0
BRDA:247,9,1,0
BRDA:247,10,0,0
BRDA:247,10,1,0
BRDA:261,11,0,0
BRDA:261,11,1,0
BRDA:262,12,0,0
BRDA:262,12,1,0
BRDA:263,13,0,0
BRDA:263,13,1,0
BRDA:273,14,0,0
BRDA:273,14,1,0
BRDA:274,15,0,0
BRDA:274,15,1,0
BRDA:275,16,0,0
BRDA:275,16,1,0
BRDA:278,17,0,0
BRDA:278,17,1,0
BRDA:279,18,0,0
BRDA:279,18,1,0
BRDA:280,19,0,0
BRDA:280,19,1,0
BRDA:281,20,0,0
BRDA:281,20,1,0
BRDA:282,21,0,0
BRDA:282,21,1,0
BRDA:298,22,0,0
BRDA:298,22,1,0
BRDA:371,23,0,0
BRDA:371,23,1,0
BRDA:380,24,0,0
BRDA:380,24,1,0
BRDA:380,25,0,0
BRDA:380,25,1,0
BRDA:381,26,0,0
BRDA:381,26,1,0
BRDA:384,27,0,0
BRDA:384,27,1,0
BRDA:384,28,0,0
BRDA:384,28,1,0
BRDA:417,29,0,1
BRDA:417,29,1,4
BRDA:428,30,0,1
BRDA:428,30,1,3
BRDA:429,31,0,1
BRDA:429,31,1,2
BRDA:455,32,0,1
BRDA:455,32,1,1
BRDA:477,33,0,0
BRDA:477,33,1,1
BRDA:492,34,0,0
BRDA:492,34,1,0
BRDA:502,35,0,0
BRDA:502,35,1,0
BRDA:504,36,0,0
BRDA:504,36,1,0
BRDA:516,37,0,0
BRDA:516,37,1,0
BRDA:522,38,0,0
BRDA:522,38,1,0
BRDA:540,39,0,0
BRDA:540,39,1,0
BRDA:540,40,0,0
BRDA:540,40,1,0
BRDA:541,41,0,0
BRDA:541,41,1,0
BRDA:572,42,0,0
BRDA:572,42,1,0
BRDA:613,43,0,0
BRDA:614,44,0,0
BRDA:622,45,0,0
BRDA:622,45,1,0
BRDA:644,46,0,0
BRDA:644,46,1,0
BRDA:644,47,0,0
BRDA:644,47,1,0
BRDA:647,48,0,0
BRDA:647,48,1,0
BRDA:649,49,0,0
BRDA:649,49,1,0
BRDA:651,50,0,0
BRDA:651,50,1,0
BRDA:651,51,0,0
BRDA:651,51,1,0
BRDA:655,52,0,0
BRDA:655,52,1,0
BRDA:717,53,0,0
BRDA:717,53,1,0
BRDA:724,54,0,0
BRDA:724,54,1,0
BRDA:725,55,0,0
BRDA:725,55,1,0
BRDA:731,56,0,0
BRDA:731,56,1,0
BRDA:755,57,0,0
BRDA:755,57,1,1
BRDA:756,58,0,0
BRDA:756,58,1,1
BRDA:768,59,0,1
BRDA:768,59,1,0
BRDA:776,60,0,1
BRDA:776,60,1,0
BRDA:817,61,0,0
BRDA:817,62,0,0
BRDA:818,63,0,1
BRDA:818,63,1,1
BRDA:818,64,0,2
BRDA:818,64,1,2
BRDA:818,64,2,2
BRDA:826,65,0,1
BRDA:826,65,1,0
BRDA:826,66,0,1
BRDA:826,66,1,0
BRDA:829,67,0,1
BRDA:829,67,1,0
BRDA:830,68,0,1
BRDA:830,68,1,0
BRDA:960,69,0,0
BRDA:960,69,1,0
BRDA:979,70,0,0
BRDA:979,70,1,0
BRDA:982,71,0,0
BRDA:982,71,1,0
BRDA:1019,72,0,0
BRDA:1019,73,0,0
BRDA:1027,74,0,0
BRDA:1027,75,0,0
BRDA:1049,76,0,0
BRDA:1049,76,1,1
BRDA:1052,77,0,0
BRDA:1052,77,1,1
BRDA:1057,78,0,1
BRDA:1057,78,1,0
BRDA:1081,79,0,0
BRDA:1081,79,1,0
BRDA:1121,80,0,4
BRDA:1125,81,0,1
BRDA:1125,81,1,4
BRDA:1126,82,0,1
BRDA:1126,82,1,3
BRDA:1132,83,0,1
BRDA:1132,83,1,2
BRDA:1135,84,0,1
BRDA:1135,84,1,1
BRDA:1161,85,0,0
BRDA:1164,86,0,0
BRDA:1164,86,1,0
BRDA:1167,87,0,0
BRDA:1167,87,1,0
BRDA:1172,88,0,0
BRDA:1172,88,1,0
BRDA:1178,89,0,0
BRDA:1178,89,1,0
BRDA:1180,90,0,0
BRDA:1180,90,1,0
BRDA:1200,91,0,0
BRDA:1200,91,1,0
BRDA:1202,92,0,0
BRDA:1202,92,1,0
BRF:174
BRH:34
end_of_record
TN:
SF:src\admin\services\admin-categories.service.ts
FN:24,(anonymous_4)
FN:29,(anonymous_5)
FN:42,(anonymous_6)
FN:60,(anonymous_7)
FN:87,(anonymous_8)
FN:106,(anonymous_9)
FN:132,(anonymous_10)
FNF:7
FNH:0
FNDA:0,(anonymous_4)
FNDA:0,(anonymous_5)
FNDA:0,(anonymous_6)
FNDA:0,(anonymous_7)
FNDA:0,(anonymous_8)
FNDA:0,(anonymous_9)
FNDA:0,(anonymous_10)
DA:1,2
DA:8,2
DA:9,2
DA:10,2
DA:21,2
DA:22,0
DA:25,0
DA:26,0
DA:30,0
DA:49,0
DA:52,0
DA:53,0
DA:55,0
DA:56,0
DA:57,0
DA:71,0
DA:72,0
DA:74,0
DA:75,0
DA:78,0
DA:79,0
DA:82,0
DA:83,0
DA:84,0
DA:88,0
DA:89,0
DA:91,0
DA:95,0
DA:96,0
DA:107,0
DA:113,0
DA:115,0
DA:116,0
DA:120,0
DA:121,0
DA:126,0
DA:127,0
DA:128,0
DA:133,0
LF:39
LH:5
BRDA:52,0,0,0
BRDA:52,0,1,0
BRDA:72,1,0,0
BRDA:72,1,1,0
BRDA:74,2,0,0
BRDA:74,2,1,0
BRDA:74,3,0,0
BRDA:74,3,1,0
BRDA:78,4,0,0
BRDA:78,4,1,0
BRDA:89,5,0,0
BRDA:89,5,1,0
BRDA:113,6,0,0
BRDA:113,6,1,0
BRDA:115,7,0,0
BRDA:115,7,1,0
BRDA:120,8,0,0
BRDA:120,8,1,0
BRF:18
BRH:0
end_of_record
TN:
SF:src\admin\services\admin-dashboard.service.ts
FN:16,(anonymous_4)
FN:25,(anonymous_5)
FN:34,(anonymous_6)
FN:107,(anonymous_7)
FN:126,(anonymous_8)
FN:162,(anonymous_9)
FN:230,(anonymous_10)
FN:247,(anonymous_11)
FN:266,(anonymous_12)
FN:290,(anonymous_13)
FN:291,(anonymous_14)
FN:313,(anonymous_15)
FN:430,(anonymous_16)
FN:439,(anonymous_17)
FN:440,(anonymous_18)
FN:448,(anonymous_19)
FN:451,(anonymous_20)
FN:466,(anonymous_21)
FN:470,(anonymous_22)
FN:486,(anonymous_23)
FN:505,(anonymous_24)
FN:512,(anonymous_25)
FN:513,(anonymous_26)
FN:519,(anonymous_27)
FNF:24
FNH:0
FNDA:0,(anonymous_4)
FNDA:0,(anonymous_5)
FNDA:0,(anonymous_6)
FNDA:0,(anonymous_7)
FNDA:0,(anonymous_8)
FNDA:0,(anonymous_9)
FNDA:0,(anonymous_10)
FNDA:0,(anonymous_11)
FNDA:0,(anonymous_12)
FNDA:0,(anonymous_13)
FNDA:0,(anonymous_14)
FNDA:0,(anonymous_15)
FNDA:0,(anonymous_16)
FNDA:0,(anonymous_17)
FNDA:0,(anonymous_18)
FNDA:0,(anonymous_19)
FNDA:0,(anonymous_20)
FNDA:0,(anonymous_21)
FNDA:0,(anonymous_22)
FNDA:0,(anonymous_23)
FNDA:0,(anonymous_24)
FNDA:0,(anonymous_25)
FNDA:0,(anonymous_26)
FNDA:0,(anonymous_27)
DA:1,2
DA:2,2
DA:3,2
DA:4,2
DA:15,2
DA:17,0
DA:18,0
DA:26,0
DA:29,0
DA:35,0
DA:36,0
DA:49,2
DA:50,2
DA:61,2
DA:108,0
DA:111,0
DA:113,0
DA:126,0
DA:127,0
DA:134,0
DA:137,0
DA:153,0
DA:158,0
DA:163,0
DA:164,0
DA:178,0
DA:214,0
DA:231,0
DA:232,0
DA:247,0
DA:267,0
DA:268,0
DA:269,0
DA:289,0
DA:290,0
DA:292,0
DA:293,0
DA:314,0
DA:315,0
DA:316,0
DA:317,0
DA:333,0
DA:409,0
DA:410,0
DA:411,0
DA:412,0
DA:413,0
DA:414,0
DA:415,0
DA:416,0
DA:417,0
DA:418,0
DA:419,0
DA:420,0
DA:421,0
DA:422,0
DA:423,0
DA:424,0
DA:425,0
DA:430,0
DA:431,0
DA:438,0
DA:439,0
DA:440,0
DA:442,0
DA:448,0
DA:451,0
DA:453,0
DA:466,0
DA:468,0
DA:470,0
DA:486,0
DA:505,0
DA:512,0
DA:513,0
DA:520,0
DA:521,0
LF:77
LH:8
BRDA:29,0,0,0
BRDA:29,0,1,0
BRDA:111,1,0,0
BRDA:111,1,1,0
BRDA:127,2,0,0
BRDA:127,2,1,0
BRDA:134,3,0,0
BRDA:134,3,1,0
BRDA:299,4,0,0
BRDA:299,4,1,0
BRDA:299,5,0,0
BRDA:299,5,1,0
BRDA:300,6,0,0
BRDA:300,6,1,0
BRDA:301,7,0,0
BRDA:301,7,1,0
BRDA:302,8,0,0
BRDA:302,8,1,0
BRDA:313,9,0,0
BRDA:416,10,0,0
BRDA:416,10,1,0
BRDA:417,11,0,0
BRDA:417,11,1,0
BRDA:420,12,0,0
BRDA:420,12,1,0
BRDA:423,13,0,0
BRDA:423,13,1,0
BRDA:431,14,0,0
BRDA:431,14,1,0
BRDA:432,15,0,0
BRDA:432,15,1,0
BRDA:442,16,0,0
BRDA:442,16,1,0
BRDA:453,17,0,0
BRDA:453,17,1,0
BRDA:499,18,0,0
BRDA:499,18,1,0
BRDA:514,19,0,0
BRDA:514,19,1,0
BRDA:523,20,0,0
BRDA:523,20,1,0
BRDA:524,21,0,0
BRDA:524,21,1,0
BRDA:525,22,0,0
BRDA:525,22,1,0
BRF:45
BRH:0
end_of_record
TN:
SF:src\admin\services\admin-payments.service.ts
FN:23,(anonymous_2)
FN:29,(anonymous_3)
FN:55,(anonymous_4)
FN:70,(anonymous_5)
FN:139,(anonymous_6)
FNF:5
FNH:4
FNDA:8,(anonymous_2)
FNDA:0,(anonymous_3)
FNDA:4,(anonymous_4)
FNDA:2,(anonymous_5)
FNDA:4,(anonymous_6)
DA:1,3
DA:6,3
DA:7,3
DA:8,3
DA:9,3
DA:10,3
DA:22,3
DA:24,8
DA:25,8
DA:26,8
DA:30,0
DA:56,4
DA:60,4
DA:61,3
DA:62,1
DA:64,2
DA:65,2
DA:67,2
DA:70,2
DA:71,2
DA:72,1
DA:77,1
DA:88,2
DA:94,2
DA:101,2
DA:104,2
DA:117,2
DA:124,2
DA:129,2
DA:136,2
DA:140,4
DA:146,4
DA:147,3
DA:148,1
DA:150,2
DA:155,2
DA:159,2
DA:171,2
DA:179,2
DA:186,2
LF:40
LH:39
BRDA:31,0,0,0
BRDA:31,0,1,0
BRDA:60,1,0,1
BRDA:60,1,1,3
BRDA:61,2,0,1
BRDA:61,2,1,2
BRDA:71,3,0,1
BRDA:71,3,1,1
BRDA:146,4,0,1
BRDA:146,4,1,3
BRDA:147,5,0,1
BRDA:147,5,1,2
BRDA:152,6,0,2
BRDA:152,6,1,1
BRDA:155,7,0,1
BRDA:155,7,1,1
BRF:16
BRH:14
end_of_record
TN:
SF:src\admin\services\admin-reports.service.ts
FN:7,escapeCsvCell
FN:13,csvRow
FN:25,(anonymous_4)
FN:27,(anonymous_5)
FN:120,(anonymous_6)
FN:121,(anonymous_7)
FN:127,(anonymous_8)
FN:136,(anonymous_9)
FN:166,(anonymous_10)
FN:179,(anonymous_11)
FN:214,(anonymous_12)
FN:226,(anonymous_13)
FN:257,(anonymous_14)
FN:276,(anonymous_15)
FN:304,(anonymous_16)
FN:311,(anonymous_17)
FNF:16
FNH:7
FNDA:49,escapeCsvCell
FNDA:4,csvRow
FNDA:3,(anonymous_4)
FNDA:0,(anonymous_5)
FNDA:0,(anonymous_6)
FNDA:0,(anonymous_7)
FNDA:0,(anonymous_8)
FNDA:0,(anonymous_9)
FNDA:0,(anonymous_10)
FNDA:0,(anonymous_11)
FNDA:0,(anonymous_12)
FNDA:1,(anonymous_13)
FNDA:1,(anonymous_14)
FNDA:1,(anonymous_15)
FNDA:1,(anonymous_16)
FNDA:0,(anonymous_17)
DA:1,3
DA:2,3
DA:3,3
DA:7,3
DA:8,49
DA:9,49
DA:10,49
DA:14,4
DA:24,3
DA:25,3
DA:35,0
DA:119,0
DA:120,0
DA:122,0
DA:127,0
DA:137,0
DA:138,0
DA:140,0
DA:157,0
DA:167,0
DA:170,0
DA:172,0
DA:180,0
DA:181,0
DA:183,0
DA:205,0
DA:215,0
DA:218,0
DA:219,0
DA:227,1
DA:245,1
DA:257,1
DA:258,1
DA:259,1
DA:273,1
DA:277,1
DA:289,1
DA:304,1
DA:305,1
DA:311,0
DA:322,1
LF:41
LH:21
BRDA:8,0,0,0
BRDA:8,0,1,49
BRDA:9,1,0,5
BRDA:9,1,1,44
BRDA:136,2,0,0
BRDA:136,3,0,0
BRDA:138,4,0,0
BRDA:138,4,1,0
BRDA:170,5,0,0
BRDA:170,5,1,0
BRDA:179,6,0,0
BRDA:179,7,0,0
BRDA:180,8,0,0
BRDA:180,8,1,0
BRDA:218,9,0,0
BRDA:218,9,1,0
BRDA:258,10,0,1
BRDA:258,10,1,1
BRDA:265,11,0,1
BRDA:265,11,1,0
BRDA:267,12,0,1
BRDA:267,12,1,1
BRDA:268,13,0,1
BRDA:268,13,1,1
BRDA:315,14,0,1
BRDA:315,14,1,0
BRDA:317,15,0,1
BRDA:317,15,1,1
BRDA:318,16,0,1
BRDA:318,16,1,1
BRF:30
BRH:15
end_of_record
TN:
SF:src\admin\services\admin-shared.ts
FN:16,withCategoryAlias
FN:27,planToPriority
FN:46,clearProvidersCache
FNF:3
FNH:2
FNDA:0,withCategoryAlias
FNDA:2,planToPriority
FNDA:1,clearProvidersCache
DA:16,4
DA:19,0
DA:20,0
DA:27,4
DA:28,2
DA:29,2
DA:31,1
DA:33,1
DA:35,0
DA:37,0
DA:46,4
DA:47,1
DA:48,1
DA:49,1
DA:51,1
DA:54,1
DA:55,0
DA:56,0
DA:60,0
DA:62,0
DA:63,0
DA:65,0
DA:69,1
DA:70,0
DA:71,0
DA:72,0
DA:74,0
DA:77,0
LF:28
LH:13
BRDA:19,0,0,0
BRDA:19,0,1,0
BRDA:28,1,0,0
BRDA:28,1,1,2
BRDA:29,2,0,1
BRDA:29,2,1,1
BRDA:29,2,2,0
BRDA:29,2,3,0
BRDA:51,3,0,1
BRDA:51,3,1,1
BRDA:51,3,2,1
BRDA:51,3,3,1
BRDA:54,4,0,0
BRDA:54,4,1,1
BRDA:54,5,0,1
BRDA:54,5,1,0
BRDA:62,6,0,0
BRDA:62,6,1,0
BRDA:62,7,0,0
BRDA:62,7,1,0
BRDA:69,8,0,0
BRDA:69,8,1,1
BRDA:69,9,0,1
BRDA:69,9,1,0
BRDA:71,10,0,0
BRDA:71,10,1,0
BRDA:72,11,0,0
BRDA:72,11,1,0
BRF:28
BRH:11
end_of_record
TN:
SF:src\admin\services\admin-trust.service.ts
FN:32,(anonymous_4)
FN:40,(anonymous_5)
FN:61,(anonymous_6)
FN:64,(anonymous_7)
FN:82,(anonymous_8)
FN:208,(anonymous_9)
FN:215,(anonymous_10)
FN:281,(anonymous_11)
FN:303,(anonymous_12)
FN:315,(anonymous_13)
FNF:10
FNH:0
FNDA:0,(anonymous_4)
FNDA:0,(anonymous_5)
FNDA:0,(anonymous_6)
FNDA:0,(anonymous_7)
FNDA:0,(anonymous_8)
FNDA:0,(anonymous_9)
FNDA:0,(anonymous_10)
FNDA:0,(anonymous_11)
FNDA:0,(anonymous_12)
FNDA:0,(anonymous_13)
DA:1,2
DA:8,2
DA:9,2
DA:10,2
DA:11,2
DA:12,2
DA:13,2
DA:18,2
DA:29,2
DA:30,0
DA:33,0
DA:34,0
DA:35,0
DA:36,0
DA:37,0
DA:41,0
DA:61,0
DA:65,0
DA:69,0
DA:75,0
DA:76,0
DA:77,0
DA:79,0
DA:80,0
DA:82,0
DA:84,0
DA:99,0
DA:107,0
DA:108,0
DA:131,0
DA:135,0
DA:149,0
DA:153,0
DA:156,0
DA:159,0
DA:165,0
DA:173,0
DA:175,0
DA:180,0
DA:188,0
DA:197,0
DA:198,0
DA:200,0
DA:205,0
DA:209,0
DA:210,0
DA:212,0
DA:213,0
DA:215,0
DA:217,0
DA:227,0
DA:233,0
DA:244,0
DA:248,0
DA:249,0
DA:255,0
DA:263,0
DA:271,0
DA:278,0
DA:282,0
DA:283,0
DA:287,0
DA:288,0
DA:290,0
DA:300,0
DA:304,0
DA:305,0
DA:306,0
DA:307,0
DA:315,0
DA:316,0
DA:320,0
DA:331,0
DA:335,0
DA:336,0
DA:343,0
LF:76
LH:9
BRDA:69,0,0,0
BRDA:69,0,1,0
BRDA:75,1,0,0
BRDA:75,1,1,0
BRDA:76,2,0,0
BRDA:76,2,1,0
BRDA:77,3,0,0
BRDA:77,3,1,0
BRDA:92,4,0,0
BRDA:92,4,1,0
BRDA:107,5,0,0
BRDA:107,5,1,0
BRDA:132,6,0,0
BRDA:132,6,1,0
BRDA:176,7,0,0
BRDA:176,7,1,0
BRDA:201,8,0,0
BRDA:201,8,1,0
BRDA:209,9,0,0
BRDA:209,9,1,0
BRDA:213,10,0,0
BRDA:213,10,1,0
BRDA:282,11,0,0
BRDA:282,11,1,0
BRDA:288,12,0,0
BRDA:288,12,1,0
BRDA:305,13,0,0
BRDA:305,13,1,0
BRDA:306,14,0,0
BRDA:306,14,1,0
BRDA:324,15,0,0
BRDA:324,15,1,0
BRF:32
BRH:0
end_of_record
TN:
SF:src\ai-assistant\ai-analytics.controller.ts
FN:22,(anonymous_4)
FN:26,(anonymous_5)
FN:32,(anonymous_6)
FN:39,(anonymous_7)
FNF:4
FNH:0
FNDA:0,(anonymous_4)
FNDA:0,(anonymous_5)
FNDA:0,(anonymous_6)
FNDA:0,(anonymous_7)
DA:1,0
DA:2,0
DA:3,0
DA:4,0
DA:5,0
DA:21,0
DA:22,0
DA:26,0
DA:27,0
DA:32,0
DA:33,0
DA:34,0
DA:39,0
DA:40,0
LF:14
LH:0
BRDA:33,0,0,0
BRDA:33,0,1,0
BRDA:34,1,0,0
BRDA:34,1,1,0
BRF:4
BRH:0
end_of_record
TN:
SF:src\ai-assistant\ai-analytics.service.ts
FN:71,(anonymous_4)
FN:80,(anonymous_5)
FN:142,(anonymous_6)
FN:156,(anonymous_7)
FN:167,(anonymous_8)
FN:202,(anonymous_9)
FN:236,(anonymous_10)
FN:269,(anonymous_11)
FN:277,(anonymous_12)
FN:285,(anonymous_13)
FN:297,(anonymous_14)
FNF:11
FNH:0
FNDA:0,(anonymous_4)
FNDA:0,(anonymous_5)
FNDA:0,(anonymous_6)
FNDA:0,(anonymous_7)
FNDA:0,(anonymous_8)
FNDA:0,(anonymous_9)
FNDA:0,(anonymous_10)
FNDA:0,(anonymous_11)
FNDA:0,(anonymous_12)
FNDA:0,(anonymous_13)
FNDA:0,(anonymous_14)
DA:1,0
DA:2,0
DA:3,0
DA:5,0
DA:6,0
DA:7,0
DA:8,0
DA:12,0
DA:68,0
DA:69,0
DA:72,0
DA:73,0
DA:74,0
DA:75,0
DA:76,0
DA:81,0
DA:82,0
DA:83,0
DA:91,0
DA:107,0
DA:108,0
DA:110,0
DA:120,0
DA:121,0
DA:143,0
DA:144,0
DA:145,0
DA:156,0
DA:161,0
DA:162,0
DA:168,0
DA:169,0
DA:170,0
DA:171,0
DA:179,0
DA:196,0
DA:202,0
DA:209,0
DA:212,0
DA:240,0
DA:269,0
DA:278,0
DA:279,0
DA:280,0
DA:281,0
DA:286,0
DA:287,0
DA:289,0
DA:292,0
DA:294,0
DA:298,0
LF:51
LH:0
BRDA:107,0,0,0
BRDA:107,0,1,0
BRDA:108,1,0,0
BRDA:108,1,1,0
BRDA:120,2,0,0
BRDA:120,2,1,0
BRDA:142,3,0,0
BRDA:161,4,0,0
BRDA:161,4,1,0
BRDA:199,5,0,0
BRDA:199,5,1,0
BRDA:200,6,0,0
BRDA:200,6,1,0
BRDA:210,7,0,0
BRDA:210,7,1,0
BRDA:287,8,0,0
BRDA:287,8,1,0
BRDA:289,9,0,0
BRDA:289,9,1,0
BRDA:289,10,0,0
BRDA:289,10,1,0
BRDA:298,11,0,0
BRDA:298,11,1,0
BRF:23
BRH:0
end_of_record
TN:
SF:src\ai-assistant\ai-assistant.constants.ts
FN:254,(anonymous_0)
FN:271,(anonymous_1)
FN:275,(anonymous_2)
FN:279,(anonymous_3)
FNF:4
FNH:4
FNDA:17,(anonymous_0)
FNDA:7,(anonymous_1)
FNDA:5,(anonymous_2)
FNDA:2,(anonymous_3)
DA:10,11
DA:13,11
DA:20,11
DA:24,11
DA:26,11
DA:30,11
DA:32,11
DA:34,11
DA:40,11
DA:49,11
DA:71,11
DA:90,11
DA:116,11
DA:195,11
DA:196,11
DA:199,11
DA:200,11
DA:204,11
DA:206,11
DA:210,11
DA:217,11
DA:220,11
DA:225,11
DA:230,11
DA:235,11
DA:241,11
DA:244,11
DA:245,11
DA:248,11
DA:249,11
DA:250,11
DA:251,11
DA:254,11
DA:255,17
DA:258,11
DA:261,11
DA:264,11
DA:268,11
DA:271,11
DA:272,7
DA:275,11
DA:276,5
DA:279,11
DA:280,2
DA:283,11
DA:286,11
LF:46
LH:46
BRDA:271,0,0,7
BRF:1
BRH:1
end_of_record
TN:
SF:src\ai-assistant\ai-assistant.controller.ts
FN:46,(anonymous_4)
FN:54,(anonymous_5)
FN:126,(anonymous_6)
FN:141,(anonymous_7)
FNF:4
FNH:0
FNDA:0,(anonymous_4)
FNDA:0,(anonymous_5)
FNDA:0,(anonymous_6)
FNDA:0,(anonymous_7)
DA:1,0
DA:15,0
DA:16,0
DA:17,0
DA:18,0
DA:19,0
DA:20,0
DA:21,0
DA:45,0
DA:47,0
DA:48,0
DA:49,0
DA:54,0
DA:58,0
DA:62,0
DA:63,0
DA:69,0
DA:70,0
DA:71,0
DA:76,0
DA:77,0
DA:78,0
DA:84,0
DA:93,0
DA:94,0
DA:95,0
DA:103,0
DA:113,0
DA:114,0
DA:117,0
DA:126,0
DA:129,0
DA:130,0
DA:141,0
DA:147,0
DA:148,0
DA:149,0
DA:153,0
DA:154,0
DA:155,0
DA:159,0
DA:160,0
DA:167,0
LF:43
LH:0
BRDA:58,0,0,0
BRDA:58,0,1,0
BRDA:62,1,0,0
BRDA:62,1,1,0
BRDA:70,2,0,0
BRDA:70,2,1,0
BRDA:77,3,0,0
BRDA:77,3,1,0
BRDA:87,4,0,0
BRDA:87,4,1,0
BRDA:94,5,0,0
BRDA:94,5,1,0
BRDA:96,6,0,0
BRDA:96,6,1,0
BRDA:106,7,0,0
BRDA:106,7,1,0
BRDA:113,8,0,0
BRDA:113,8,1,0
BRDA:113,9,0,0
BRDA:113,9,1,0
BRDA:148,10,0,0
BRDA:148,10,1,0
BRDA:154,11,0,0
BRDA:154,11,1,0
BRDA:154,12,0,0
BRDA:154,12,1,0
BRDA:154,12,2,0
BRDA:159,13,0,0
BRDA:159,13,1,0
BRF:29
BRH:0
end_of_record
TN:
SF:src\ai-assistant\ai-assistant.helpers.ts
FN:42,classifyIntent
FN:44,(anonymous_1)
FN:44,(anonymous_2)
FN:53,normalizeText
FN:63,singularize
FN:73,semanticCanonical
FN:76,(anonymous_6)
FN:77,(anonymous_7)
FN:78,(anonymous_8)
FN:88,respCacheKey
FN:101,asString
FN:112,captureSearchProviders
FN:123,(anonymous_12)
FN:133,dedupeProviders
FN:151,matchAdminMetric
FN:154,(anonymous_15)
FN:154,(anonymous_16)
FN:238,providerTypeLabel
FN:242,formatPlatformStats
FN:259,formatPendingApprovals
FN:280,formatTopProviders
FN:288,(anonymous_21)
FN:303,isGeminiOverloaded
FN:326,shouldFallback
FN:360,secondsUntilPeruMidnight
FNF:25
FNH:25
FNDA:16,classifyIntent
FNDA:41,(anonymous_1)
FNDA:581,(anonymous_2)
FNDA:40,normalizeText
FNDA:29,singularize
FNDA:21,semanticCanonical
FNDA:63,(anonymous_6)
FNDA:29,(anonymous_7)
FNDA:29,(anonymous_8)
FNDA:16,respCacheKey
FNDA:25,asString
FNDA:5,captureSearchProviders
FNDA:2,(anonymous_12)
FNDA:11,dedupeProviders
FNDA:19,matchAdminMetric
FNDA:78,(anonymous_15)
FNDA:526,(anonymous_16)
FNDA:2,providerTypeLabel
FNDA:2,formatPlatformStats
FNDA:1,formatPendingApprovals
FNDA:1,formatTopProviders
FNDA:1,(anonymous_21)
FNDA:8,isGeminiOverloaded
FNDA:5,shouldFallback
FNDA:17,secondsUntilPeruMidnight
DA:1,5
DA:9,5
DA:33,5
DA:42,5
DA:43,16
DA:44,581
DA:46,16
DA:47,16
DA:48,9
DA:49,7
DA:53,5
DA:54,40
DA:63,5
DA:64,29
DA:73,5
DA:74,21
DA:76,63
DA:77,29
DA:78,29
DA:79,21
DA:88,5
DA:93,16
DA:94,16
DA:95,16
DA:101,5
DA:102,25
DA:112,5
DA:117,5
DA:118,5
DA:119,5
DA:121,5
DA:123,5
DA:124,2
DA:125,2
DA:126,2
DA:127,2
DA:129,5
DA:133,5
DA:134,11
DA:135,11
DA:136,11
DA:137,2
DA:138,2
DA:139,2
DA:141,11
DA:151,5
DA:152,19
DA:153,19
DA:154,526
DA:157,19
DA:169,3
DA:173,16
DA:192,4
DA:196,12
DA:231,9
DA:234,3
DA:238,5
DA:239,2
DA:242,5
DA:244,2
DA:249,2
DA:250,2
DA:259,5
DA:260,1
DA:261,0
DA:263,1
DA:269,1
DA:270,1
DA:271,1
DA:272,1
DA:277,1
DA:280,5
DA:281,1
DA:282,0
DA:284,1
DA:288,1
DA:289,1
DA:290,1
DA:294,1
DA:303,5
DA:304,8
DA:305,8
DA:306,2
DA:308,6
DA:309,6
DA:326,5
DA:327,5
DA:329,4
DA:330,4
DA:331,4
DA:332,2
DA:338,0
DA:341,2
DA:342,2
DA:360,5
DA:361,17
DA:362,17
DA:363,17
DA:364,17
DA:365,17
DA:366,17
LF:101
LH:98
BRDA:46,0,0,0
BRDA:46,0,1,16
BRDA:47,1,0,7
BRDA:47,1,1,9
BRDA:48,2,0,2
BRDA:48,2,1,7
BRDA:64,3,0,6
BRDA:64,3,1,23
BRDA:64,4,0,29
BRDA:64,4,1,29
BRDA:76,5,0,63
BRDA:76,5,1,57
BRDA:102,6,0,4
BRDA:102,6,1,21
BRDA:102,7,0,25
BRDA:102,7,1,4
BRDA:117,8,0,0
BRDA:117,8,1,5
BRDA:119,9,0,0
BRDA:119,9,1,5
BRDA:137,10,0,0
BRDA:137,10,1,2
BRDA:153,11,0,0
BRDA:153,11,1,19
BRDA:157,12,0,3
BRDA:157,12,1,16
BRDA:158,13,0,19
BRDA:158,13,1,2
BRDA:158,13,2,17
BRDA:173,14,0,4
BRDA:173,14,1,12
BRDA:174,15,0,16
BRDA:174,15,1,12
BRDA:174,15,2,0
BRDA:196,16,0,9
BRDA:196,16,1,3
BRDA:197,17,0,12
BRDA:197,17,1,4
BRDA:197,17,2,3
BRDA:197,17,3,3
BRDA:197,17,4,3
BRDA:197,17,5,3
BRDA:239,18,0,1
BRDA:239,18,1,1
BRDA:244,19,0,2
BRDA:244,19,1,0
BRDA:246,20,0,0
BRDA:246,20,1,0
BRDA:260,21,0,0
BRDA:260,21,1,1
BRDA:260,22,0,1
BRDA:260,22,1,0
BRDA:269,23,0,1
BRDA:269,23,1,0
BRDA:281,24,0,0
BRDA:281,24,1,1
BRDA:289,25,0,1
BRDA:289,25,1,0
BRDA:305,26,0,2
BRDA:305,26,1,6
BRDA:305,27,0,8
BRDA:305,27,1,6
BRDA:305,27,2,6
BRDA:308,28,0,1
BRDA:308,28,1,5
BRDA:310,29,0,6
BRDA:310,29,1,6
BRDA:310,29,2,6
BRDA:310,29,3,6
BRDA:327,30,0,1
BRDA:327,30,1,4
BRDA:330,31,0,4
BRDA:330,31,1,1
BRDA:331,32,0,2
BRDA:331,32,1,2
BRDA:331,33,0,4
BRDA:331,33,1,2
BRDA:331,33,2,2
BRDA:332,34,0,0
BRDA:332,34,1,2
BRDA:333,35,0,2
BRDA:333,35,1,2
BRDA:333,35,2,2
BRDA:333,35,3,2
BRDA:341,36,0,1
BRDA:341,36,1,1
BRDA:343,37,0,2
BRDA:343,37,1,2
BRDA:343,37,2,2
BRDA:343,37,3,2
BRDA:343,37,4,2
BRDA:343,37,5,2
BRDA:343,37,6,2
BRDA:343,37,7,1
BRDA:343,37,8,1
BRDA:343,37,9,1
BRDA:343,37,10,1
BRF:97
BRH:82
end_of_record
TN:
SF:src\ai-assistant\ai-assistant.service.ts
FN:110,(anonymous_13)
FN:147,(anonymous_14)
FN:162,(anonymous_15)
FN:172,(anonymous_16)
FN:432,(anonymous_17)
FN:467,(anonymous_18)
FN:482,(anonymous_19)
FN:509,(anonymous_20)
FN:524,(anonymous_21)
FN:536,(anonymous_22)
FN:586,(anonymous_23)
FN:602,(anonymous_24)
FN:643,(anonymous_25)
FN:667,(anonymous_26)
FN:668,(anonymous_27)
FN:680,(anonymous_28)
FN:775,(anonymous_29)
FN:804,(anonymous_30)
FN:856,(anonymous_31)
FN:879,(anonymous_32)
FN:910,(anonymous_33)
FN:926,(anonymous_34)
FN:944,(anonymous_35)
FN:1024,(anonymous_36)
FN:1048,(anonymous_37)
FN:1063,(anonymous_38)
FN:1081,(anonymous_39)
FN:1097,(anonymous_40)
FN:1130,(anonymous_41)
FN:1172,(anonymous_42)
FN:1191,(anonymous_43)
FN:1204,(anonymous_44)
FNF:32
FNH:25
FNDA:22,(anonymous_13)
FNDA:16,(anonymous_14)
FNDA:21,(anonymous_15)
FNDA:4,(anonymous_16)
FNDA:0,(anonymous_17)
FNDA:0,(anonymous_18)
FNDA:11,(anonymous_19)
FNDA:8,(anonymous_20)
FNDA:5,(anonymous_21)
FNDA:14,(anonymous_22)
FNDA:6,(anonymous_23)
FNDA:5,(anonymous_24)
FNDA:19,(anonymous_25)
FNDA:19,(anonymous_26)
FNDA:0,(anonymous_27)
FNDA:5,(anonymous_28)
FNDA:5,(anonymous_29)
FNDA:4,(anonymous_30)
FNDA:3,(anonymous_31)
FNDA:0,(anonymous_32)
FNDA:16,(anonymous_33)
FNDA:13,(anonymous_34)
FNDA:17,(anonymous_35)
FNDA:21,(anonymous_36)
FNDA:17,(anonymous_37)
FNDA:17,(anonymous_38)
FNDA:0,(anonymous_39)
FNDA:0,(anonymous_40)
FNDA:17,(anonymous_41)
FNDA:32,(anonymous_42)
FNDA:0,(anonymous_43)
FNDA:15,(anonymous_44)
DA:1,5
DA:2,5
DA:3,5
DA:5,5
DA:6,5
DA:15,5
DA:30,5
DA:31,5
DA:32,5
DA:33,5
DA:34,5
DA:35,5
DA:37,5
DA:38,5
DA:39,5
DA:43,5
DA:44,5
DA:45,5
DA:46,5
DA:47,5
DA:48,5
DA:49,5
DA:57,5
DA:105,5
DA:106,22
DA:107,22
DA:108,22
DA:111,22
DA:112,22
DA:113,22
DA:114,22
DA:115,22
DA:116,22
DA:117,22
DA:118,22
DA:119,22
DA:125,22
DA:129,22
DA:130,22
DA:131,22
DA:132,22
DA:138,22
DA:143,22
DA:148,16
DA:149,14
DA:150,14
DA:151,14
DA:152,14
DA:153,0
DA:154,0
DA:156,14
DA:157,14
DA:169,21
DA:170,21
DA:171,21
DA:172,21
DA:182,21
DA:187,21
DA:188,6
DA:189,6
DA:190,5
DA:191,5
DA:192,4
DA:195,4
DA:196,4
DA:205,4
DA:219,17
DA:220,17
DA:221,0
DA:228,17
DA:229,17
DA:230,1
DA:239,16
DA:245,16
DA:246,16
DA:247,0
DA:248,0
DA:259,0
DA:266,16
DA:267,16
DA:268,0
DA:277,16
DA:283,16
DA:284,16
DA:305,16
DA:306,16
DA:308,16
DA:312,16
DA:313,16
DA:315,16
DA:316,9
DA:317,9
DA:318,2
DA:319,2
DA:328,2
DA:345,14
DA:347,14
DA:349,14
DA:350,14
DA:351,14
DA:360,9
DA:361,9
DA:362,9
DA:364,5
DA:365,5
DA:366,5
DA:370,5
DA:379,5
DA:390,5
DA:391,3
DA:398,2
DA:399,2
DA:403,11
DA:406,11
DA:407,11
DA:419,11
DA:423,11
DA:429,0
DA:432,0
DA:434,0
DA:435,0
DA:443,11
DA:444,7
DA:445,7
DA:451,7
DA:454,11
DA:471,0
DA:483,11
DA:484,11
DA:485,11
DA:486,4
DA:488,0
DA:490,4
DA:491,4
DA:492,3
DA:493,3
DA:495,0
DA:499,1
DA:501,0
DA:504,0
DA:514,8
DA:515,8
DA:517,0
DA:525,5
DA:526,5
DA:527,5
DA:528,5
DA:545,14
DA:546,14
DA:551,14
DA:554,14
DA:563,14
DA:564,14
DA:565,14
DA:566,19
DA:572,14
DA:574,14
DA:575,14
DA:576,8
DA:577,8
DA:578,0
DA:580,8
DA:584,6
DA:586,6
DA:590,6
DA:591,6
DA:592,1
DA:595,1
DA:600,5
DA:602,5
DA:607,5
DA:608,5
DA:609,5
DA:612,5
DA:617,5
DA:618,5
DA:619,5
DA:622,5
DA:627,5
DA:634,5
DA:649,19
DA:667,19
DA:668,19
DA:671,19
DA:685,5
DA:686,5
DA:687,0
DA:690,5
DA:691,5
DA:692,5
DA:694,5
DA:703,0
DA:709,0
DA:713,0
DA:714,0
DA:715,0
DA:718,0
DA:725,0
DA:727,0
DA:731,0
DA:738,0
DA:739,0
DA:744,0
DA:745,0
DA:749,0
DA:751,0
DA:753,0
DA:755,0
DA:758,0
DA:761,0
DA:776,5
DA:777,5
DA:779,3
DA:781,1
DA:785,1
DA:788,1
DA:793,1
DA:812,4
DA:813,4
DA:817,4
DA:818,4
DA:827,4
DA:837,0
DA:864,3
DA:865,3
DA:866,3
DA:867,3
DA:868,3
DA:870,3
DA:874,3
DA:880,0
DA:881,0
DA:882,0
DA:883,0
DA:886,0
DA:890,2
DA:893,2
DA:895,1
DA:898,1
DA:902,1
DA:915,16
DA:916,16
DA:917,16
DA:918,15
DA:919,15
DA:920,14
DA:921,13
DA:922,13
DA:924,16
DA:926,16
DA:930,16
DA:931,16
DA:948,17
DA:951,17
DA:952,17
DA:953,17
DA:955,0
DA:960,17
DA:961,17
DA:967,17
DA:968,17
DA:969,0
DA:970,0
DA:971,0
DA:972,0
DA:973,0
DA:976,0
DA:980,17
DA:994,17
DA:995,0
DA:998,17
DA:999,0
DA:1006,17
DA:1030,21
DA:1031,6
DA:1034,15
DA:1035,15
DA:1037,15
DA:1038,0
DA:1041,15
DA:1042,0
DA:1044,15
DA:1049,17
DA:1051,2
DA:1053,0
DA:1055,0
DA:1058,15
DA:1064,17
DA:1085,0
DA:1088,0
DA:1089,0
DA:1100,0
DA:1101,0
DA:1104,0
DA:1105,0
DA:1106,0
DA:1107,0
DA:1108,0
DA:1113,0
DA:1134,17
DA:1136,17
DA:1139,17
DA:1140,15
DA:1141,15
DA:1142,15
DA:1143,0
DA:1146,0
DA:1150,0
DA:1155,17
DA:1156,17
DA:1161,17
DA:1163,16
DA:1177,32
DA:1178,32
DA:1179,32
DA:1180,32
DA:1181,32
DA:1183,0
DA:1186,0
DA:1192,0
DA:1193,0
DA:1194,0
DA:1196,0
DA:1199,0
DA:1205,15
DA:1206,15
DA:1207,15
LF:327
LH:249
BRDA:148,0,0,2
BRDA:148,0,1,14
BRDA:149,1,0,0
BRDA:149,1,1,14
BRDA:152,2,0,0
BRDA:152,2,1,14
BRDA:165,3,0,15
BRDA:166,4,0,15
BRDA:167,5,0,21
BRDA:170,6,0,21
BRDA:170,6,1,21
BRDA:187,7,0,6
BRDA:187,7,1,15
BRDA:189,8,0,5
BRDA:189,8,1,1
BRDA:191,9,0,4
BRDA:191,9,1,1
BRDA:195,10,0,4
BRDA:195,10,1,0
BRDA:220,11,0,0
BRDA:220,11,1,17
BRDA:229,12,0,1
BRDA:229,12,1,16
BRDA:232,13,0,0
BRDA:232,13,1,1
BRDA:239,14,0,0
BRDA:239,14,1,16
BRDA:246,15,0,0
BRDA:246,15,1,16
BRDA:247,16,0,0
BRDA:247,16,1,0
BRDA:267,17,0,0
BRDA:267,17,1,16
BRDA:277,18,0,16
BRDA:277,18,1,0
BRDA:283,19,0,16
BRDA:283,19,1,0
BRDA:306,20,0,16
BRDA:306,20,1,14
BRDA:308,21,0,16
BRDA:308,21,1,16
BRDA:308,21,2,9
BRDA:308,21,3,7
BRDA:312,22,0,16
BRDA:312,22,1,16
BRDA:312,22,2,9
BRDA:315,23,0,9
BRDA:315,23,1,7
BRDA:317,24,0,2
BRDA:317,24,1,7
BRDA:331,25,0,1
BRDA:331,25,1,1
BRDA:331,26,0,2
BRDA:331,26,1,1
BRDA:371,27,0,1
BRDA:371,27,1,4
BRDA:379,28,0,3
BRDA:379,28,1,2
BRDA:379,29,0,5
BRDA:379,29,1,4
BRDA:390,30,0,3
BRDA:390,30,1,2
BRDA:393,31,0,1
BRDA:393,31,1,2
BRDA:406,32,0,11
BRDA:406,32,1,0
BRDA:423,33,0,0
BRDA:423,33,1,11
BRDA:424,34,0,11
BRDA:424,34,1,0
BRDA:424,34,2,0
BRDA:424,34,3,0
BRDA:424,34,4,0
BRDA:434,35,0,0
BRDA:434,35,1,0
BRDA:443,36,0,7
BRDA:443,36,1,4
BRDA:443,37,0,11
BRDA:443,37,1,7
BRDA:444,38,0,2
BRDA:444,38,1,5
BRDA:447,39,0,2
BRDA:447,39,1,5
BRDA:456,40,0,2
BRDA:456,40,1,9
BRDA:469,41,0,0
BRDA:485,42,0,7
BRDA:485,42,1,4
BRDA:486,43,0,0
BRDA:486,43,1,4
BRDA:491,44,0,3
BRDA:491,44,1,1
BRDA:502,45,0,0
BRDA:502,45,1,0
BRDA:518,46,0,0
BRDA:518,46,1,0
BRDA:527,47,0,5
BRDA:527,47,1,5
BRDA:556,48,0,14
BRDA:556,48,1,0
BRDA:572,49,0,14
BRDA:572,49,1,0
BRDA:575,50,0,8
BRDA:575,50,1,6
BRDA:575,51,0,14
BRDA:575,51,1,14
BRDA:577,52,0,0
BRDA:577,52,1,8
BRDA:591,53,0,1
BRDA:591,53,1,5
BRDA:617,54,0,5
BRDA:617,54,1,0
BRDA:619,55,0,2
BRDA:619,55,1,3
BRDA:623,56,0,5
BRDA:623,56,1,0
BRDA:629,57,0,5
BRDA:629,57,1,0
BRDA:656,58,0,19
BRDA:656,58,1,0
BRDA:685,59,0,5
BRDA:685,59,1,0
BRDA:686,60,0,0
BRDA:686,60,1,5
BRDA:687,61,0,0
BRDA:687,61,1,0
BRDA:690,62,0,5
BRDA:690,62,1,0
BRDA:692,63,0,5
BRDA:692,63,1,0
BRDA:692,63,2,0
BRDA:692,63,3,0
BRDA:692,63,4,0
BRDA:692,63,5,0
BRDA:692,63,6,0
BRDA:692,63,7,0
BRDA:692,63,8,0
BRDA:692,63,9,0
BRDA:692,63,10,0
BRDA:692,63,11,0
BRDA:692,63,12,0
BRDA:692,63,13,0
BRDA:713,64,0,0
BRDA:713,64,1,0
BRDA:715,65,0,0
BRDA:715,65,1,0
BRDA:739,66,0,0
BRDA:739,66,1,0
BRDA:745,67,0,0
BRDA:745,67,1,0
BRDA:759,68,0,0
BRDA:759,68,1,0
BRDA:777,69,0,3
BRDA:777,69,1,1
BRDA:777,69,2,1
BRDA:790,70,0,1
BRDA:790,70,1,0
BRDA:817,71,0,0
BRDA:817,71,1,4
BRDA:839,72,0,0
BRDA:839,72,1,0
BRDA:865,73,0,0
BRDA:865,73,1,3
BRDA:881,74,0,0
BRDA:881,74,1,0
BRDA:883,75,0,0
BRDA:883,75,1,0
BRDA:896,76,0,1
BRDA:896,76,1,0
BRDA:919,77,0,1
BRDA:919,77,1,14
BRDA:920,78,0,1
BRDA:920,78,1,13
BRDA:927,79,0,5
BRDA:927,79,1,8
BRDA:961,80,0,0
BRDA:961,80,1,17
BRDA:968,81,0,0
BRDA:968,81,1,17
BRDA:970,82,0,0
BRDA:970,82,1,0
BRDA:972,83,0,0
BRDA:972,83,1,0
BRDA:994,84,0,0
BRDA:994,84,1,17
BRDA:998,85,0,0
BRDA:998,85,1,17
BRDA:1030,86,0,6
BRDA:1030,86,1,15
BRDA:1030,87,0,21
BRDA:1030,87,1,6
BRDA:1034,88,0,0
BRDA:1034,88,1,15
BRDA:1035,89,0,0
BRDA:1035,89,1,15
BRDA:1037,90,0,0
BRDA:1037,90,1,15
BRDA:1037,91,0,15
BRDA:1037,91,1,15
BRDA:1041,92,0,0
BRDA:1041,92,1,15
BRDA:1041,93,0,15
BRDA:1041,93,1,15
BRDA:1049,94,0,2
BRDA:1049,94,1,0
BRDA:1049,94,2,0
BRDA:1049,94,3,15
BRDA:1049,94,4,15
BRDA:1085,95,0,0
BRDA:1085,95,1,0
BRDA:1101,96,0,0
BRDA:1101,96,1,0
BRDA:1106,97,0,0
BRDA:1106,97,1,0
BRDA:1134,98,0,0
BRDA:1134,98,1,17
BRDA:1139,99,0,15
BRDA:1139,99,1,2
BRDA:1142,100,0,0
BRDA:1142,100,1,15
BRDA:1155,101,0,17
BRDA:1155,101,1,0
BRDA:1161,102,0,1
BRDA:1161,102,1,16
BRDA:1177,103,0,0
BRDA:1177,103,1,32
BRDA:1179,104,0,32
BRDA:1179,104,1,26
BRDA:1184,105,0,0
BRDA:1184,105,1,0
BRDA:1192,106,0,0
BRDA:1192,106,1,0
BRDA:1194,107,0,0
BRDA:1194,107,1,0
BRDA:1197,108,0,0
BRDA:1197,108,1,0
BRDA:1206,109,0,0
BRDA:1206,109,1,15
BRDA:1207,110,0,0
BRDA:1207,110,1,15
BRDA:1207,111,0,15
BRDA:1207,111,1,0
BRF:242
BRH:136
end_of_record
TN:
SF:src\ai-assistant\ai-assistant.types.ts
FN:39,(anonymous_0)
FNF:1
FNH:1
FNDA:6,(anonymous_0)
DA:39,6
DA:40,6
DA:41,6
DA:42,6
LF:4
LH:4
BRDA:39,0,0,6
BRDA:39,0,1,6
BRF:2
BRH:2
end_of_record
TN:
SF:src\ai-assistant\ai-circuit-breaker.service.ts
FN:46,(anonymous_13)
FN:53,(anonymous_14)
FN:85,(anonymous_15)
FN:101,(anonymous_16)
FN:127,(anonymous_17)
FN:149,(anonymous_18)
FN:163,(anonymous_19)
FNF:7
FNH:5
FNDA:3,(anonymous_13)
FNDA:4,(anonymous_14)
FNDA:0,(anonymous_15)
FNDA:14,(anonymous_16)
FNDA:2,(anonymous_17)
FNDA:2,(anonymous_18)
FNDA:0,(anonymous_19)
DA:1,6
DA:2,6
DA:4,6
DA:5,6
DA:6,6
DA:43,6
DA:44,3
DA:46,3
DA:54,4
DA:56,4
DA:59,4
DA:60,1
DA:64,3
DA:65,3
DA:66,3
DA:68,1
DA:69,1
DA:70,1
DA:74,2
DA:77,0
DA:80,0
DA:86,0
DA:87,0
DA:102,14
DA:104,14
DA:108,14
DA:109,0
DA:110,0
DA:113,14
DA:114,14
DA:116,14
DA:117,2
DA:120,0
DA:128,2
DA:132,2
DA:133,2
DA:134,2
DA:150,2
DA:151,2
DA:152,2
DA:153,2
DA:164,0
DA:165,0
DA:170,0
DA:171,0
DA:178,0
LF:46
LH:34
BRDA:56,0,0,4
BRDA:56,0,1,1
BRDA:59,1,0,1
BRDA:59,1,1,3
BRDA:64,2,0,3
BRDA:64,2,1,0
BRDA:66,3,0,1
BRDA:66,3,1,2
BRDA:78,4,0,0
BRDA:78,4,1,0
BRDA:104,5,0,14
BRDA:104,5,1,14
BRDA:108,6,0,0
BRDA:108,6,1,14
BRDA:113,7,0,14
BRDA:113,7,1,3
BRDA:116,8,0,2
BRDA:116,8,1,12
BRDA:121,9,0,0
BRDA:121,9,1,0
BRDA:139,10,0,2
BRDA:139,10,1,0
BRDA:141,11,0,0
BRDA:141,11,1,0
BRDA:143,12,0,0
BRDA:143,12,1,0
BRDA:152,13,0,2
BRDA:152,13,1,2
BRDA:170,14,0,0
BRDA:170,14,1,0
BRDA:173,15,0,0
BRDA:173,15,1,0
BRDA:174,16,0,0
BRDA:174,16,1,0
BRF:34
BRH:17
end_of_record
TN:
SF:src\ai-assistant\ai-conversation.service.ts
FN:35,(anonymous_11)
FN:42,(anonymous_12)
FN:106,(anonymous_13)
FN:139,(anonymous_14)
FN:163,(anonymous_15)
FNF:5
FNH:2
FNDA:9,(anonymous_11)
FNDA:9,(anonymous_12)
FNDA:0,(anonymous_13)
FNDA:0,(anonymous_14)
FNDA:0,(anonymous_15)
DA:1,6
DA:2,6
DA:3,6
DA:5,6
DA:32,6
DA:33,9
DA:35,9
DA:49,9
DA:50,6
DA:53,6
DA:57,6
DA:63,3
DA:67,3
DA:68,3
DA:73,3
DA:78,2
DA:82,2
DA:86,2
DA:88,0
DA:91,0
DA:95,0
DA:107,0
DA:109,0
DA:116,0
DA:117,0
DA:118,0
DA:119,0
DA:120,0
DA:121,0
DA:122,0
DA:127,0
DA:129,0
DA:130,0
DA:143,0
DA:144,0
DA:150,0
DA:152,0
DA:155,0
DA:164,0
DA:165,0
DA:166,0
DA:182,0
DA:183,0
LF:43
LH:18
BRDA:49,0,0,6
BRDA:49,0,1,3
BRDA:49,1,0,9
BRDA:49,1,1,5
BRDA:63,2,0,2
BRDA:63,2,1,1
BRDA:63,3,0,3
BRDA:63,3,1,3
BRDA:73,4,0,1
BRDA:73,4,1,2
BRDA:89,5,0,0
BRDA:89,5,1,0
BRDA:119,6,0,0
BRDA:119,6,1,0
BRDA:120,7,0,0
BRDA:120,7,1,0
BRDA:123,8,0,0
BRDA:123,8,1,0
BRDA:129,9,0,0
BRDA:129,9,1,0
BRDA:141,10,0,0
BRDA:153,11,0,0
BRDA:153,11,1,0
BRDA:164,12,0,0
BRDA:164,12,1,0
BRDA:171,13,0,0
BRDA:171,13,1,0
BRDA:172,14,0,0
BRDA:172,14,1,0
BRDA:173,15,0,0
BRDA:173,15,1,0
BRDA:174,16,0,0
BRDA:174,16,1,0
BRDA:175,17,0,0
BRDA:175,17,1,0
BRDA:176,18,0,0
BRDA:176,18,1,0
BRDA:182,19,0,0
BRDA:182,19,1,0
BRF:39
BRH:10
end_of_record
TN:
SF:src\ai-assistant\ai-data-access.service.ts
FN:191,(anonymous_2)
FN:197,(anonymous_3)
FN:217,(anonymous_4)
FN:285,(anonymous_5)
FN:286,(anonymous_6)
FN:302,(anonymous_7)
FN:303,(anonymous_8)
FN:322,(anonymous_9)
FN:335,(anonymous_10)
FN:335,(anonymous_11)
FN:341,(anonymous_12)
FN:371,(anonymous_13)
FN:372,(anonymous_14)
FN:384,(anonymous_15)
FN:393,(anonymous_16)
FN:407,(anonymous_17)
FN:476,(anonymous_18)
FN:491,(anonymous_19)
FN:538,(anonymous_20)
FN:558,(anonymous_21)
FN:561,(anonymous_22)
FN:567,(anonymous_23)
FN:573,(anonymous_24)
FN:589,(anonymous_25)
FN:600,(anonymous_26)
FN:612,(anonymous_27)
FN:626,(anonymous_28)
FN:631,(anonymous_29)
FN:685,(anonymous_30)
FN:705,(anonymous_31)
FN:754,(anonymous_32)
FN:757,(anonymous_33)
FN:781,(anonymous_34)
FN:790,(anonymous_35)
FN:801,(anonymous_36)
FN:804,(anonymous_37)
FN:826,(anonymous_38)
FN:834,(anonymous_39)
FN:836,(anonymous_40)
FN:862,(anonymous_41)
FN:867,(anonymous_42)
FN:880,(anonymous_43)
FN:888,(anonymous_44)
FN:890,(anonymous_45)
FNF:44
FNH:0
FNDA:0,(anonymous_2)
FNDA:0,(anonymous_3)
FNDA:0,(anonymous_4)
FNDA:0,(anonymous_5)
FNDA:0,(anonymous_6)
FNDA:0,(anonymous_7)
FNDA:0,(anonymous_8)
FNDA:0,(anonymous_9)
FNDA:0,(anonymous_10)
FNDA:0,(anonymous_11)
FNDA:0,(anonymous_12)
FNDA:0,(anonymous_13)
FNDA:0,(anonymous_14)
FNDA:0,(anonymous_15)
FNDA:0,(anonymous_16)
FNDA:0,(anonymous_17)
FNDA:0,(anonymous_18)
FNDA:0,(anonymous_19)
FNDA:0,(anonymous_20)
FNDA:0,(anonymous_21)
FNDA:0,(anonymous_22)
FNDA:0,(anonymous_23)
FNDA:0,(anonymous_24)
FNDA:0,(anonymous_25)
FNDA:0,(anonymous_26)
FNDA:0,(anonymous_27)
FNDA:0,(anonymous_28)
FNDA:0,(anonymous_29)
FNDA:0,(anonymous_30)
FNDA:0,(anonymous_31)
FNDA:0,(anonymous_32)
FNDA:0,(anonymous_33)
FNDA:0,(anonymous_34)
FNDA:0,(anonymous_35)
FNDA:0,(anonymous_36)
FNDA:0,(anonymous_37)
FNDA:0,(anonymous_38)
FNDA:0,(anonymous_39)
FNDA:0,(anonymous_40)
FNDA:0,(anonymous_41)
FNDA:0,(anonymous_42)
FNDA:0,(anonymous_43)
FNDA:0,(anonymous_44)
FNDA:0,(anonymous_45)
DA:1,5
DA:2,5
DA:3,5
DA:185,5
DA:186,0
DA:189,5
DA:191,0
DA:198,0
DA:199,0
DA:200,0
DA:202,0
DA:205,0
DA:223,0
DA:230,0
DA:231,0
DA:232,0
DA:233,0
DA:234,0
DA:236,0
DA:286,0
DA:287,0
DA:289,0
DA:290,0
DA:302,0
DA:303,0
DA:318,0
DA:323,0
DA:335,0
DA:337,0
DA:342,0
DA:372,0
DA:380,0
DA:385,0
DA:394,0
DA:399,0
DA:411,0
DA:412,0
DA:414,0
DA:415,0
DA:416,0
DA:417,0
DA:422,0
DA:423,0
DA:428,0
DA:429,0
DA:442,0
DA:443,0
DA:448,0
DA:451,0
DA:452,0
DA:453,0
DA:454,0
DA:460,0
DA:461,0
DA:467,0
DA:477,0
DA:478,0
DA:484,0
DA:492,0
DA:505,0
DA:507,0
DA:520,0
DA:542,0
DA:549,0
DA:559,0
DA:561,0
DA:563,0
DA:568,0
DA:573,0
DA:579,0
DA:592,0
DA:601,0
DA:602,0
DA:610,0
DA:613,0
DA:622,0
DA:627,0
DA:628,0
DA:634,0
DA:643,0
DA:649,0
DA:659,0
DA:686,0
DA:697,0
DA:698,0
DA:699,0
DA:700,0
DA:701,0
DA:702,0
DA:703,0
DA:705,0
DA:715,0
DA:734,0
DA:746,0
DA:755,0
DA:757,0
DA:758,0
DA:769,0
DA:770,0
DA:781,0
DA:790,0
DA:791,0
DA:801,0
DA:804,0
DA:805,0
DA:806,0
DA:807,0
DA:819,0
DA:827,0
DA:833,0
DA:834,0
DA:836,0
DA:837,0
DA:861,0
DA:862,0
DA:867,0
DA:877,0
DA:885,0
DA:886,0
DA:889,0
DA:890,0
DA:896,0
DA:899,0
LF:123
LH:5
BRDA:203,0,0,0
BRDA:203,0,1,0
BRDA:231,1,0,0
BRDA:231,1,1,0
BRDA:231,2,0,0
BRDA:231,2,1,0
BRDA:233,3,0,0
BRDA:233,3,1,0
BRDA:233,4,0,0
BRDA:233,4,1,0
BRDA:234,5,0,0
BRDA:234,5,1,0
BRDA:234,6,0,0
BRDA:234,6,1,0
BRDA:241,7,0,0
BRDA:241,7,1,0
BRDA:241,8,0,0
BRDA:241,8,1,0
BRDA:255,9,0,0
BRDA:255,9,1,0
BRDA:287,10,0,0
BRDA:287,10,1,0
BRDA:289,11,0,0
BRDA:289,11,1,0
BRDA:299,12,0,0
BRDA:299,12,1,0
BRDA:299,13,0,0
BRDA:299,13,1,0
BRDA:300,14,0,0
BRDA:300,14,1,0
BRDA:300,15,0,0
BRDA:300,15,1,0
BRDA:306,16,0,0
BRDA:306,16,1,0
BRDA:327,17,0,0
BRDA:327,17,1,0
BRDA:327,18,0,0
BRDA:327,18,1,0
BRDA:347,19,0,0
BRDA:347,19,1,0
BRDA:347,20,0,0
BRDA:347,20,1,0
BRDA:394,21,0,0
BRDA:394,21,1,0
BRDA:415,22,0,0
BRDA:415,22,1,0
BRDA:416,23,0,0
BRDA:416,23,1,0
BRDA:422,24,0,0
BRDA:422,24,1,0
BRDA:428,25,0,0
BRDA:428,25,1,0
BRDA:428,26,0,0
BRDA:428,26,1,0
BRDA:442,27,0,0
BRDA:442,27,1,0
BRDA:452,28,0,0
BRDA:452,28,1,0
BRDA:453,29,0,0
BRDA:453,29,1,0
BRDA:460,30,0,0
BRDA:460,30,1,0
BRDA:477,31,0,0
BRDA:477,31,1,0
BRDA:505,32,0,0
BRDA:505,32,1,0
BRDA:530,33,0,0
BRDA:530,33,1,0
BRDA:531,34,0,0
BRDA:531,34,1,0
BRDA:551,35,0,0
BRDA:551,35,1,0
BRDA:561,36,0,0
BRDA:561,36,1,0
BRDA:574,37,0,0
BRDA:574,37,1,0
BRDA:575,38,0,0
BRDA:575,38,1,0
BRDA:576,39,0,0
BRDA:576,39,1,0
BRDA:601,40,0,0
BRDA:601,40,1,0
BRDA:610,41,0,0
BRDA:610,41,1,0
BRDA:613,42,0,0
BRDA:613,42,1,0
BRDA:643,43,0,0
BRDA:643,43,1,0
BRDA:742,44,0,0
BRDA:742,44,1,0
BRDA:769,45,0,0
BRDA:769,45,1,0
BRDA:806,46,0,0
BRDA:806,46,1,0
BRDA:897,47,0,0
BRDA:897,47,1,0
BRF:96
BRH:0
end_of_record
TN:
SF:src\ai-assistant\ai-feature-flag.service.ts
FN:26,(anonymous_2)
FN:29,(anonymous_3)
FN:36,(anonymous_4)
FN:44,(anonymous_5)
FN:66,(anonymous_6)
FN:80,(anonymous_7)
FNF:6
FNH:3
FNDA:3,(anonymous_2)
FNDA:3,(anonymous_3)
FNDA:0,(anonymous_4)
FNDA:0,(anonymous_5)
FNDA:3,(anonymous_6)
FNDA:0,(anonymous_7)
DA:1,6
DA:2,6
DA:23,6
DA:24,3
DA:26,3
DA:30,3
DA:31,3
DA:32,2
DA:37,0
DA:45,0
DA:46,0
DA:48,0
DA:50,0
DA:52,0
DA:54,0
DA:67,3
DA:71,3
DA:72,3
DA:73,3
DA:74,2
DA:76,3
DA:81,0
LF:22
LH:14
BRDA:31,0,0,1
BRDA:31,0,1,2
BRDA:31,1,0,3
BRDA:31,1,1,2
BRDA:31,1,2,2
BRDA:32,2,0,2
BRDA:32,2,1,1
BRDA:45,3,0,0
BRDA:45,3,1,0
BRDA:46,4,0,0
BRDA:46,4,1,0
BRDA:46,4,2,0
BRDA:46,4,3,0
BRDA:73,5,0,2
BRDA:73,5,1,1
BRDA:81,6,0,0
BRDA:81,6,1,0
BRF:17
BRH:9
end_of_record
TN:
SF:src\ai-assistant\ai-guardrails.service.ts
FN:47,(anonymous_1)
FN:62,(anonymous_2)
FN:75,(anonymous_3)
FN:76,(anonymous_4)
FNF:4
FNH:4
FNDA:7,(anonymous_1)
FNDA:6,(anonymous_2)
FNDA:7,(anonymous_3)
FNDA:13,(anonymous_4)
DA:1,6
DA:3,6
DA:18,6
DA:19,7
DA:22,6
DA:39,6
DA:45,6
DA:48,7
DA:49,7
DA:50,1
DA:51,1
DA:58,6
DA:59,6
DA:63,6
DA:64,6
DA:65,6
DA:66,30
DA:67,6
DA:69,6
DA:72,6
DA:76,13
LF:21
LH:21
BRDA:49,0,0,1
BRDA:49,0,1,6
BRDA:66,1,0,6
BRDA:66,1,1,24
BRF:4
BRH:4
end_of_record
TN:
SF:src\ai-assistant\ai-knowledge.seeder.ts
FN:17,(anonymous_2)
FN:19,(anonymous_3)
FN:27,(anonymous_4)
FNF:3
FNH:0
FNDA:0,(anonymous_2)
FNDA:0,(anonymous_3)
FNDA:0,(anonymous_4)
DA:1,0
DA:2,0
DA:14,0
DA:15,0
DA:17,0
DA:20,0
DA:21,0
DA:22,0
DA:23,0
DA:24,0
DA:26,0
DA:27,0
DA:36,0
DA:41,0
DA:51,0
LF:15
LH:0
BRDA:22,0,0,0
BRDA:22,0,1,0
BRDA:42,1,0,0
BRDA:42,1,1,0
BRF:4
BRH:0
end_of_record
TN:
SF:src\ai-assistant\ai-knowledge.service.ts
FN:30,(anonymous_4)
FN:39,(anonymous_5)
FN:77,(anonymous_6)
FN:86,(anonymous_7)
FN:89,(anonymous_8)
FNF:5
FNH:0
FNDA:0,(anonymous_4)
FNDA:0,(anonymous_5)
FNDA:0,(anonymous_6)
FNDA:0,(anonymous_7)
FNDA:0,(anonymous_8)
DA:1,5
DA:2,5
DA:4,5
DA:5,5
DA:27,5
DA:28,0
DA:31,0
DA:32,0
DA:41,0
DA:42,0
DA:43,0
DA:49,0
DA:50,0
DA:51,0
DA:57,0
DA:58,0
DA:61,0
DA:64,0
DA:65,0
DA:73,0
DA:78,0
DA:79,0
DA:87,0
DA:88,0
DA:91,0
DA:92,0
LF:26
LH:5
BRDA:43,0,0,0
BRDA:43,0,1,0
BRDA:57,1,0,0
BRDA:57,1,1,0
BRDA:87,2,0,0
BRDA:87,2,1,0
BRDA:91,3,0,0
BRDA:91,3,1,0
BRF:8
BRH:0
end_of_record
TN:
SF:src\ai-assistant\ai-memory.service.ts
FN:31,(anonymous_2)
FN:40,(anonymous_3)
FN:54,(anonymous_4)
FN:55,(anonymous_5)
FN:80,(anonymous_6)
FN:125,(anonymous_7)
FN:165,(anonymous_8)
FN:184,(anonymous_9)
FN:205,(anonymous_10)
FN:210,(anonymous_11)
FN:223,(anonymous_12)
FNF:11
FNH:11
FNDA:11,(anonymous_2)
FNDA:4,(anonymous_3)
FNDA:4,(anonymous_4)
FNDA:4,(anonymous_5)
FNDA:2,(anonymous_6)
FNDA:4,(anonymous_7)
FNDA:1,(anonymous_8)
FNDA:2,(anonymous_9)
FNDA:2,(anonymous_10)
FNDA:3,(anonymous_11)
FNDA:2,(anonymous_12)
DA:1,6
DA:2,6
DA:25,6
DA:26,11
DA:28,6
DA:29,6
DA:31,11
DA:41,4
DA:42,3
DA:43,3
DA:52,2
DA:53,2
DA:54,4
DA:55,4
DA:56,2
DA:57,1
DA:58,2
DA:59,1
DA:63,2
DA:64,1
DA:66,2
DA:67,1
DA:72,1
DA:75,1
DA:81,2
DA:82,2
DA:83,2
DA:87,2
DA:88,1
DA:91,1
DA:93,1
DA:94,1
DA:95,1
DA:97,1
DA:98,1
DA:99,1
DA:100,1
DA:101,1
DA:102,1
DA:103,1
DA:104,1
DA:106,1
DA:107,1
DA:112,0
DA:115,0
DA:126,4
DA:128,3
DA:131,3
DA:132,2
DA:133,2
DA:136,2
DA:141,2
DA:146,2
DA:151,2
DA:157,0
DA:166,1
DA:167,1
DA:168,1
DA:182,1
DA:183,1
DA:184,2
DA:186,1
DA:191,1
DA:197,0
DA:210,3
DA:211,2
DA:212,2
DA:213,2
DA:214,7
DA:215,7
DA:216,6
DA:217,6
DA:218,6
DA:220,2
DA:228,2
DA:229,2
DA:230,2
DA:231,2
DA:232,6
DA:233,5
DA:234,5
DA:235,5
DA:237,2
LF:83
LH:79
BRDA:41,0,0,1
BRDA:41,0,1,3
BRDA:41,1,0,4
BRDA:41,1,1,4
BRDA:55,2,0,4
BRDA:55,2,1,2
BRDA:56,3,0,1
BRDA:56,3,1,1
BRDA:58,4,0,1
BRDA:58,4,1,1
BRDA:63,5,0,1
BRDA:63,5,1,1
BRDA:66,6,0,1
BRDA:66,6,1,1
BRDA:73,7,0,1
BRDA:73,7,1,0
BRDA:81,8,0,0
BRDA:81,8,1,2
BRDA:81,9,0,2
BRDA:81,9,1,2
BRDA:87,10,0,1
BRDA:87,10,1,1
BRDA:91,11,0,0
BRDA:91,11,1,1
BRDA:94,12,0,1
BRDA:94,12,1,0
BRDA:98,13,0,1
BRDA:98,13,1,0
BRDA:100,14,0,1
BRDA:100,14,1,0
BRDA:101,15,0,1
BRDA:101,15,1,0
BRDA:102,16,0,1
BRDA:102,16,1,0
BRDA:103,17,0,1
BRDA:103,17,1,0
BRDA:106,18,0,0
BRDA:106,18,1,1
BRDA:113,19,0,0
BRDA:113,19,1,0
BRDA:126,20,0,1
BRDA:126,20,1,3
BRDA:126,21,0,4
BRDA:126,21,1,4
BRDA:128,22,0,3
BRDA:128,22,1,1
BRDA:128,22,2,1
BRDA:128,23,0,3
BRDA:128,23,1,1
BRDA:129,24,0,1
BRDA:129,24,1,1
BRDA:131,25,0,1
BRDA:131,25,1,2
BRDA:137,26,0,2
BRDA:137,26,1,0
BRDA:138,27,0,2
BRDA:138,27,1,1
BRDA:142,28,0,2
BRDA:142,28,1,0
BRDA:143,29,0,2
BRDA:143,29,1,1
BRDA:149,30,0,2
BRDA:149,30,1,1
BRDA:149,30,2,0
BRDA:157,31,0,0
BRDA:157,31,1,0
BRDA:166,32,0,0
BRDA:166,32,1,1
BRDA:166,33,0,1
BRDA:166,33,1,1
BRDA:182,34,0,0
BRDA:182,34,1,1
BRDA:189,35,0,1
BRDA:189,35,1,0
BRDA:198,36,0,0
BRDA:198,36,1,0
BRDA:215,37,0,1
BRDA:215,37,1,6
BRDA:218,38,0,1
BRDA:218,38,1,5
BRDA:232,39,0,1
BRDA:232,39,1,5
BRDA:235,40,0,0
BRDA:235,40,1,5
BRF:84
BRH:61
end_of_record
TN:
SF:src\ai-assistant\ai-quota.service.ts
FN:42,(anonymous_1)
FN:62,(anonymous_2)
FN:71,(anonymous_3)
FN:83,(anonymous_4)
FN:104,(anonymous_5)
FN:116,(anonymous_6)
FNF:6
FNH:0
FNDA:0,(anonymous_1)
FNDA:0,(anonymous_2)
FNDA:0,(anonymous_3)
FNDA:0,(anonymous_4)
FNDA:0,(anonymous_5)
FNDA:0,(anonymous_6)
DA:1,5
DA:7,5
DA:38,5
DA:39,0
DA:40,0
DA:43,0
DA:44,0
DA:52,0
DA:53,0
DA:55,0
DA:56,0
DA:63,0
DA:64,0
DA:72,0
DA:88,0
DA:89,0
DA:90,0
DA:91,0
DA:92,0
DA:94,0
DA:96,0
DA:99,0
DA:105,0
DA:106,0
DA:107,0
DA:108,0
DA:109,0
DA:111,0
DA:117,0
DA:118,0
DA:119,0
LF:31
LH:3
BRDA:47,0,0,0
BRDA:47,0,1,0
BRDA:50,1,0,0
BRDA:50,1,1,0
BRDA:57,2,0,0
BRDA:57,2,1,0
BRDA:88,3,0,0
BRDA:88,3,1,0
BRDA:91,4,0,0
BRDA:91,4,1,0
BRDA:91,5,0,0
BRDA:91,5,1,0
BRDA:97,6,0,0
BRDA:97,6,1,0
BRDA:105,7,0,0
BRDA:105,7,1,0
BRDA:108,8,0,0
BRDA:108,8,1,0
BRDA:109,9,0,0
BRDA:109,9,1,0
BRDA:117,10,0,0
BRDA:117,10,1,0
BRDA:117,11,0,0
BRDA:117,11,1,0
BRF:24
BRH:0
end_of_record
TN:
SF:src\ai-assistant\ai-retention.service.ts
FN:26,(anonymous_2)
FN:30,(anonymous_3)
FN:42,(anonymous_4)
FNF:3
FNH:3
FNDA:4,(anonymous_2)
FNDA:1,(anonymous_3)
FNDA:4,(anonymous_4)
DA:1,1
DA:2,1
DA:3,1
DA:4,1
DA:23,1
DA:24,4
DA:26,4
DA:30,1
DA:31,1
DA:43,4
DA:44,4
DA:46,4
DA:53,3
DA:57,3
DA:58,2
DA:63,3
DA:65,1
DA:68,1
LF:18
LH:18
BRDA:57,0,0,2
BRDA:57,0,1,1
BRDA:57,1,0,3
BRDA:57,1,1,1
BRDA:66,2,0,1
BRDA:66,2,1,0
BRF:6
BRH:5
end_of_record
TN:
SF:src\ai-assistant\ai-sanitizer.service.ts
FN:90,(anonymous_1)
FN:127,(anonymous_2)
FN:132,(anonymous_3)
FNF:3
FNH:3
FNDA:3,(anonymous_1)
FNDA:3,(anonymous_2)
FNDA:3,(anonymous_3)
DA:1,6
DA:3,6
DA:18,6
DA:19,3
DA:29,6
DA:91,3
DA:92,3
DA:93,3
DA:95,3
DA:96,36
DA:97,3
DA:98,3
DA:103,3
DA:104,0
DA:105,0
DA:108,3
DA:109,3
DA:110,0
DA:111,0
DA:114,3
DA:115,3
DA:117,3
DA:118,1
DA:123,3
DA:128,3
DA:133,3
DA:134,3
DA:135,3
LF:28
LH:24
BRDA:96,0,0,3
BRDA:96,0,1,33
BRDA:103,1,0,0
BRDA:103,1,1,3
BRDA:109,2,0,0
BRDA:109,2,1,3
BRDA:117,3,0,1
BRDA:117,3,1,2
BRDA:133,4,0,0
BRDA:133,4,1,3
BRF:10
BRH:7
end_of_record
TN:
SF:src\ai-assistant\providers\openrouter.provider.ts
FN:91,(anonymous_2)
FN:94,(anonymous_3)
FN:103,(anonymous_4)
FN:115,(anonymous_5)
FN:125,(anonymous_6)
FN:166,(anonymous_7)
FN:174,(anonymous_8)
FN:197,(anonymous_9)
FN:238,(anonymous_10)
FN:245,(anonymous_11)
FN:268,(anonymous_12)
FN:292,(anonymous_13)
FN:312,(anonymous_14)
FN:334,(anonymous_15)
FN:336,(anonymous_16)
FN:358,(anonymous_17)
FNF:16
FNH:13
FNDA:8,(anonymous_2)
FNDA:8,(anonymous_3)
FNDA:6,(anonymous_4)
FNDA:2,(anonymous_5)
FNDA:6,(anonymous_6)
FNDA:7,(anonymous_7)
FNDA:15,(anonymous_8)
FNDA:5,(anonymous_9)
FNDA:11,(anonymous_10)
FNDA:0,(anonymous_11)
FNDA:0,(anonymous_12)
FNDA:5,(anonymous_13)
FNDA:5,(anonymous_14)
FNDA:4,(anonymous_15)
FNDA:0,(anonymous_16)
FNDA:4,(anonymous_17)
DA:1,6
DA:2,6
DA:5,6
DA:88,6
DA:89,8
DA:91,8
DA:95,8
DA:96,8
DA:104,6
DA:105,6
DA:108,6
DA:109,6
DA:110,6
DA:111,6
DA:116,2
DA:126,6
DA:127,6
DA:129,5
DA:130,5
DA:131,5
DA:132,5
DA:133,0
DA:137,5
DA:138,7
DA:139,7
DA:147,3
DA:148,3
DA:155,1
DA:156,1
DA:159,0
DA:174,15
DA:175,7
DA:176,7
DA:178,7
DA:179,11
DA:180,8
DA:182,8
DA:183,8
DA:184,0
DA:187,8
DA:188,8
DA:189,3
DA:190,3
DA:191,3
DA:195,5
DA:197,5
DA:201,5
DA:202,5
DA:203,1
DA:206,1
DA:211,4
DA:219,4
DA:220,4
DA:221,4
DA:222,4
DA:223,4
DA:228,4
DA:244,11
DA:245,11
DA:247,11
DA:248,11
DA:267,11
DA:268,3
DA:269,3
DA:272,3
DA:273,3
DA:276,8
DA:278,8
DA:279,0
DA:283,8
DA:285,11
DA:293,5
DA:296,5
DA:297,1
DA:302,5
DA:303,5
DA:313,5
DA:314,2
DA:315,2
DA:316,2
DA:317,2
DA:318,2
DA:330,2
DA:335,4
DA:336,4
DA:338,4
DA:339,4
DA:340,10
DA:341,4
DA:342,6
DA:343,2
DA:344,2
DA:345,2
DA:347,2
DA:348,4
DA:349,0
DA:351,4
DA:354,4
DA:359,4
DA:360,4
DA:361,4
DA:362,4
DA:366,0
LF:103
LH:97
BRDA:96,0,0,6
BRDA:96,0,1,2
BRDA:96,1,0,8
BRDA:96,1,1,6
BRDA:109,2,0,6
BRDA:109,2,1,0
BRDA:110,3,0,6
BRDA:110,3,1,0
BRDA:110,4,0,6
BRDA:110,4,1,6
BRDA:116,5,0,2
BRDA:116,5,1,1
BRDA:127,6,0,1
BRDA:127,6,1,5
BRDA:132,7,0,0
BRDA:132,7,1,5
BRDA:150,8,0,3
BRDA:150,8,1,0
BRDA:155,9,0,1
BRDA:155,9,1,0
BRDA:180,10,0,8
BRDA:180,10,1,0
BRDA:183,11,0,0
BRDA:183,11,1,8
BRDA:188,12,0,3
BRDA:188,12,1,5
BRDA:188,13,0,8
BRDA:188,13,1,5
BRDA:189,14,0,3
BRDA:189,14,1,0
BRDA:190,15,0,0
BRDA:190,15,1,3
BRDA:197,16,0,5
BRDA:197,16,1,0
BRDA:202,17,0,1
BRDA:202,17,1,4
BRDA:213,18,0,4
BRDA:213,18,1,4
BRDA:220,19,0,4
BRDA:220,19,1,0
BRDA:224,20,0,4
BRDA:224,20,1,0
BRDA:262,21,0,6
BRDA:262,21,1,5
BRDA:267,22,0,3
BRDA:267,22,1,8
BRDA:278,23,0,0
BRDA:278,23,1,8
BRDA:280,24,0,0
BRDA:280,24,1,0
BRDA:298,25,0,0
BRDA:298,25,1,1
BRDA:313,26,0,3
BRDA:313,26,1,2
BRDA:313,27,0,5
BRDA:313,27,1,2
BRDA:316,28,0,2
BRDA:316,28,1,0
BRDA:317,29,0,0
BRDA:317,29,1,2
BRDA:322,30,0,2
BRDA:322,30,1,0
BRDA:323,31,0,2
BRDA:323,31,1,0
BRDA:330,32,0,2
BRDA:330,32,1,0
BRDA:335,33,0,0
BRDA:335,33,1,4
BRDA:335,34,0,4
BRDA:335,34,1,4
BRDA:336,35,0,0
BRDA:336,35,1,4
BRDA:340,36,0,4
BRDA:340,36,1,6
BRDA:340,37,0,10
BRDA:340,37,1,4
BRDA:342,38,0,2
BRDA:342,38,1,4
BRDA:342,39,0,6
BRDA:342,39,1,2
BRDA:342,39,2,2
BRDA:348,40,0,0
BRDA:348,40,1,4
BRDA:359,41,0,0
BRDA:359,41,1,4
BRDA:359,42,0,4
BRDA:359,42,1,4
BRDA:362,43,0,4
BRDA:362,43,1,0
BRDA:362,44,0,4
BRDA:362,44,1,4
BRF:91
BRH:65
end_of_record
TN:
SF:src\ai-assistant\strategies\admin.strategy.ts
FN:15,(anonymous_1)
FNF:1
FNH:0
FNDA:0,(anonymous_1)
DA:1,5
DA:14,5
DA:16,0
LF:3
LH:2
BRF:0
BRH:0
end_of_record
TN:
SF:src\ai-assistant\strategies\ai-context.strategy.ts
FN:16,(anonymous_0)
FNF:1
FNH:1
FNDA:6,(anonymous_0)
DA:16,6
DA:17,6
DA:18,6
DA:19,6
DA:20,6
LF:5
LH:5
BRDA:16,0,0,6
BRDA:16,0,1,6
BRF:2
BRH:2
end_of_record
TN:
SF:src\ai-assistant\strategies\client.strategy.ts
FN:11,(anonymous_1)
FNF:1
FNH:0
FNDA:0,(anonymous_1)
DA:1,5
DA:10,5
DA:12,0
LF:3
LH:2
BRF:0
BRH:0
end_of_record
TN:
SF:src\ai-assistant\strategies\guest.strategy.ts
FN:11,(anonymous_1)
FNF:1
FNH:0
FNDA:0,(anonymous_1)
DA:1,5
DA:10,5
DA:12,0
LF:3
LH:2
BRF:0
BRH:0
end_of_record
TN:
SF:src\ai-assistant\strategies\provider.strategy.ts
FN:18,(anonymous_2)
FN:20,(anonymous_3)
FN:40,(anonymous_4)
FN:46,(anonymous_5)
FNF:4
FNH:0
FNDA:0,(anonymous_2)
FNDA:0,(anonymous_3)
FNDA:0,(anonymous_4)
FNDA:0,(anonymous_5)
DA:1,5
DA:2,5
DA:15,5
DA:16,0
DA:18,0
DA:21,0
DA:23,0
DA:41,0
DA:42,0
DA:46,0
DA:47,0
DA:48,0
DA:49,0
DA:51,0
DA:53,0
DA:56,0
LF:16
LH:3
BRDA:47,0,0,0
BRDA:47,0,1,0
BRDA:48,1,0,0
BRDA:48,1,1,0
BRDA:48,2,0,0
BRDA:48,2,1,0
BRDA:51,3,0,0
BRDA:51,3,1,0
BRDA:54,4,0,0
BRDA:54,4,1,0
BRF:10
BRH:0
end_of_record
TN:
SF:src\ai-assistant\tools\admin-tools.ts
FNF:0
FNH:0
DA:1,6
DA:16,6
DA:18,6
LF:3
LH:3
BRF:0
BRH:0
end_of_record
TN:
SF:src\ai-assistant\tools\common-tools.ts
FNF:0
FNH:0
DA:1,6
DA:16,6
DA:18,6
LF:3
LH:3
BRF:0
BRH:0
end_of_record
TN:
SF:src\ai-assistant\tools\provider-tools.ts
FNF:0
FNH:0
DA:1,6
DA:14,6
DA:16,6
LF:3
LH:3
BRF:0
BRH:0
end_of_record
TN:
SF:src\ai-assistant\tools\tool-registry.ts
FN:64,(anonymous_0)
FN:78,buildActiveTools
FN:84,(anonymous_2)
FN:96,(anonymous_3)
FNF:4
FNH:4
FNDA:293,(anonymous_0)
FNDA:23,buildActiveTools
FNDA:230,(anonymous_2)
FNDA:63,(anonymous_3)
DA:3,6
DA:4,6
DA:5,6
DA:6,6
DA:7,6
DA:29,6
DA:42,6
DA:64,293
DA:78,6
DA:82,23
DA:84,23
DA:85,230
DA:86,230
DA:87,230
DA:88,67
DA:91,23
DA:92,23
DA:93,2
DA:95,21
DA:96,63
LF:20
LH:20
BRDA:64,0,0,293
BRDA:64,0,1,0
BRDA:82,1,0,23
BRDA:82,1,1,0
BRDA:86,2,0,0
BRDA:86,2,1,230
BRDA:87,3,0,163
BRDA:87,3,1,67
BRDA:92,4,0,2
BRDA:92,4,1,21
BRF:10
BRH:7
end_of_record
TN:
SF:src\ai-assistant\tools\user-tools.ts
FNF:0
FNH:0
DA:1,6
DA:16,6
DA:20,6
DA:22,6
LF:4
LH:4
BRDA:23,0,0,0
BRDA:23,0,1,6
BRF:2
BRH:1
end_of_record
TN:
SF:src\appointments\appointments.controller.ts
FN:25,(anonymous_4)
FN:31,(anonymous_5)
FN:40,(anonymous_6)
FN:46,(anonymous_7)
FN:55,(anonymous_8)
FN:66,(anonymous_9)
FN:78,(anonymous_10)
FN:87,(anonymous_11)
FN:95,(anonymous_12)
FN:104,(anonymous_13)
FN:113,(anonymous_14)
FN:123,(anonymous_15)
FNF:12
FNH:0
FNDA:0,(anonymous_4)
FNDA:0,(anonymous_5)
FNDA:0,(anonymous_6)
FNDA:0,(anonymous_7)
FNDA:0,(anonymous_8)
FNDA:0,(anonymous_9)
FNDA:0,(anonymous_10)
FNDA:0,(anonymous_11)
FNDA:0,(anonymous_12)
FNDA:0,(anonymous_13)
FNDA:0,(anonymous_14)
FNDA:0,(anonymous_15)
DA:1,0
DA:14,0
DA:15,0
DA:17,0
DA:18,0
DA:19,0
DA:20,0
DA:24,0
DA:25,0
DA:31,0
DA:35,0
DA:40,0
DA:41,0
DA:46,0
DA:50,0
DA:55,0
DA:56,0
DA:66,0
DA:70,0
DA:78,0
DA:82,0
DA:87,0
DA:88,0
DA:95,0
DA:99,0
DA:104,0
DA:108,0
DA:113,0
DA:118,0
DA:123,0
DA:127,0
LF:31
LH:0
BRF:0
BRH:0
end_of_record
TN:
SF:src\appointments\appointments.service.ts
FN:33,(anonymous_2)
FN:42,(anonymous_3)
FN:73,(anonymous_4)
FN:78,(anonymous_5)
FN:83,(anonymous_6)
FN:152,(anonymous_7)
FN:163,(anonymous_8)
FN:181,(anonymous_9)
FN:195,(anonymous_10)
FN:207,(anonymous_11)
FN:226,(anonymous_12)
FN:246,(anonymous_13)
FN:258,(anonymous_14)
FN:274,(anonymous_15)
FN:292,(anonymous_16)
FN:303,(anonymous_17)
FN:342,(anonymous_18)
FN:349,(anonymous_19)
FN:352,(anonymous_20)
FN:364,(anonymous_21)
FN:373,(anonymous_22)
FN:381,(anonymous_23)
FN:384,(anonymous_24)
FN:392,(anonymous_25)
FN:399,(anonymous_26)
FN:406,(anonymous_27)
FN:411,(anonymous_28)
FN:423,(anonymous_29)
FN:429,(anonymous_30)
FN:439,(anonymous_31)
FN:451,(anonymous_32)
FN:461,(anonymous_33)
FN:478,(anonymous_34)
FN:486,(anonymous_35)
FNF:34
FNH:23
FNDA:12,(anonymous_2)
FNDA:3,(anonymous_3)
FNDA:1,(anonymous_4)
FNDA:8,(anonymous_5)
FNDA:4,(anonymous_6)
FNDA:0,(anonymous_7)
FNDA:1,(anonymous_8)
FNDA:0,(anonymous_9)
FNDA:0,(anonymous_10)
FNDA:2,(anonymous_11)
FNDA:0,(anonymous_12)
FNDA:0,(anonymous_13)
FNDA:2,(anonymous_14)
FNDA:9,(anonymous_15)
FNDA:0,(anonymous_16)
FNDA:0,(anonymous_17)
FNDA:5,(anonymous_18)
FNDA:0,(anonymous_19)
FNDA:2,(anonymous_20)
FNDA:2,(anonymous_21)
FNDA:0,(anonymous_22)
FNDA:0,(anonymous_23)
FNDA:5,(anonymous_24)
FNDA:3,(anonymous_25)
FNDA:2,(anonymous_26)
FNDA:9,(anonymous_27)
FNDA:3,(anonymous_28)
FNDA:3,(anonymous_29)
FNDA:1,(anonymous_30)
FNDA:3,(anonymous_31)
FNDA:2,(anonymous_32)
FNDA:8,(anonymous_33)
FNDA:0,(anonymous_34)
FNDA:2,(anonymous_35)
DA:1,1
DA:11,1
DA:12,1
DA:13,1
DA:14,1
DA:17,1
DA:18,1
DA:19,1
DA:20,1
DA:21,1
DA:22,1
DA:30,1
DA:31,12
DA:34,12
DA:35,12
DA:36,12
DA:43,3
DA:44,0
DA:46,3
DA:48,3
DA:52,3
DA:54,3
DA:55,3
DA:56,3
DA:57,3
DA:59,2
DA:62,2
DA:63,2
DA:64,2
DA:72,2
DA:73,1
DA:76,2
DA:78,8
DA:84,4
DA:88,4
DA:90,4
DA:93,3
DA:94,3
DA:95,3
DA:96,2
DA:103,2
DA:104,1
DA:111,2
DA:112,2
DA:113,0
DA:115,2
DA:116,0
DA:120,2
DA:124,2
DA:126,2
DA:135,2
DA:136,2
DA:142,2
DA:148,2
DA:153,0
DA:164,1
DA:165,1
DA:166,1
DA:167,1
DA:169,0
DA:170,0
DA:172,0
DA:182,0
DA:183,0
DA:196,0
DA:197,0
DA:208,2
DA:209,1
DA:210,0
DA:212,1
DA:216,1
DA:222,1
DA:227,0
DA:228,0
DA:229,0
DA:231,0
DA:235,0
DA:236,0
DA:242,0
DA:247,0
DA:248,0
DA:249,0
DA:251,0
DA:259,2
DA:260,2
DA:262,2
DA:263,2
DA:264,9
DA:265,9
DA:266,0
DA:267,0
DA:272,2
DA:273,2
DA:274,2
DA:275,9
DA:277,2
DA:278,1
DA:284,1
DA:288,1
DA:293,0
DA:294,0
DA:295,0
DA:303,1
DA:304,0
DA:306,0
DA:307,0
DA:308,0
DA:309,0
DA:318,0
DA:319,0
DA:325,0
DA:330,0
DA:331,0
DA:334,0
DA:349,5
DA:353,2
DA:357,2
DA:358,2
DA:359,1
DA:361,1
DA:365,2
DA:369,2
DA:370,2
DA:374,0
DA:378,0
DA:379,0
DA:381,0
DA:385,5
DA:389,5
DA:393,3
DA:394,2
DA:395,1
DA:400,2
DA:401,2
DA:402,0
DA:407,9
DA:408,9
DA:412,3
DA:413,3
DA:414,3
DA:415,14
DA:417,3
DA:419,0
DA:424,3
DA:425,3
DA:430,1
DA:440,3
DA:455,2
DA:456,2
DA:457,2
DA:458,2
DA:459,2
DA:460,2
DA:461,8
DA:462,2
DA:463,2
DA:464,2
DA:465,8
DA:466,8
DA:467,8
DA:471,8
DA:474,2
DA:479,0
DA:487,2
DA:488,2
DA:489,2
DA:490,2
LF:167
LH:121
BRDA:43,0,0,0
BRDA:43,0,1,3
BRDA:52,1,0,0
BRDA:52,1,1,3
BRDA:56,2,0,2
BRDA:56,2,1,1
BRDA:57,3,0,1
BRDA:57,3,1,2
BRDA:88,4,0,0
BRDA:88,4,1,4
BRDA:95,5,0,2
BRDA:95,5,1,1
BRDA:103,6,0,1
BRDA:103,6,1,1
BRDA:112,7,0,0
BRDA:112,7,1,2
BRDA:115,8,0,0
BRDA:115,8,1,2
BRDA:124,9,0,0
BRDA:124,9,1,2
BRDA:131,10,0,2
BRDA:131,10,1,2
BRDA:165,11,0,0
BRDA:165,11,1,1
BRDA:166,12,0,1
BRDA:166,12,1,0
BRDA:169,13,0,0
BRDA:169,13,1,0
BRDA:184,14,0,0
BRDA:184,14,1,0
BRDA:209,15,0,0
BRDA:209,15,1,1
BRDA:228,16,0,0
BRDA:228,16,1,0
BRDA:235,17,0,0
BRDA:235,17,1,0
BRDA:248,18,0,0
BRDA:248,18,1,0
BRDA:263,19,0,2
BRDA:263,19,1,0
BRDA:264,20,0,9
BRDA:264,20,1,0
BRDA:264,21,0,9
BRDA:264,21,1,9
BRDA:264,21,2,9
BRDA:266,22,0,0
BRDA:266,22,1,0
BRDA:266,23,0,0
BRDA:266,23,1,0
BRDA:277,24,0,1
BRDA:277,24,1,1
BRDA:304,25,0,0
BRDA:304,25,1,0
BRDA:330,26,0,0
BRDA:330,26,1,0
BRDA:335,27,0,0
BRDA:335,27,1,0
BRDA:357,28,0,0
BRDA:357,28,1,2
BRDA:358,29,0,1
BRDA:358,29,1,1
BRDA:369,30,0,0
BRDA:369,30,1,2
BRDA:378,31,0,0
BRDA:378,31,1,0
BRDA:389,32,0,5
BRDA:389,32,1,0
BRDA:393,33,0,1
BRDA:393,33,1,2
BRDA:394,34,0,1
BRDA:394,34,1,1
BRDA:400,35,0,0
BRDA:400,35,1,2
BRDA:401,36,0,2
BRDA:401,36,1,0
BRDA:408,37,0,9
BRDA:408,37,1,8
BRDA:412,38,0,3
BRDA:412,38,1,0
BRDA:412,39,0,3
BRDA:412,39,1,3
BRDA:412,39,2,3
BRDA:415,40,0,14
BRDA:415,40,1,0
BRDA:458,41,0,0
BRDA:458,41,1,2
BRDA:458,42,0,2
BRDA:458,42,1,2
BRDA:461,43,0,0
BRDA:461,43,1,2
BRF:90
BRH:48
end_of_record
TN:
SF:src\auth\auth.controller.ts
FN:31,(anonymous_4)
FN:35,(anonymous_5)
FN:41,(anonymous_6)
FN:50,(anonymous_7)
FN:62,(anonymous_8)
FN:69,(anonymous_9)
FN:76,(anonymous_10)
FN:83,(anonymous_11)
FN:98,(anonymous_12)
FN:105,(anonymous_13)
FN:112,(anonymous_14)
FN:119,(anonymous_15)
FN:126,(anonymous_16)
FN:140,(anonymous_17)
FN:151,(anonymous_18)
FNF:15
FNH:15
FNDA:14,(anonymous_4)
FNDA:1,(anonymous_5)
FNDA:1,(anonymous_6)
FNDA:1,(anonymous_7)
FNDA:1,(anonymous_8)
FNDA:1,(anonymous_9)
FNDA:1,(anonymous_10)
FNDA:1,(anonymous_11)
FNDA:1,(anonymous_12)
FNDA:1,(anonymous_13)
FNDA:1,(anonymous_14)
FNDA:1,(anonymous_15)
FNDA:1,(anonymous_16)
FNDA:1,(anonymous_17)
FNDA:1,(anonymous_18)
DA:1,1
DA:12,1
DA:13,1
DA:14,1
DA:15,1
DA:16,1
DA:17,1
DA:18,1
DA:19,1
DA:20,1
DA:21,1
DA:22,1
DA:23,1
DA:24,1
DA:25,1
DA:26,1
DA:28,1
DA:30,1
DA:31,14
DA:35,1
DA:36,1
DA:41,1
DA:42,1
DA:50,1
DA:56,1
DA:62,1
DA:63,1
DA:69,1
DA:70,1
DA:76,1
DA:77,1
DA:83,1
DA:84,1
DA:98,1
DA:99,1
DA:105,1
DA:106,1
DA:112,1
DA:113,1
DA:119,1
DA:120,1
DA:126,1
DA:134,1
DA:140,1
DA:141,1
DA:151,1
DA:155,1
LF:47
LH:47
BRF:0
BRH:0
end_of_record
TN:
SF:src\auth\auth.service.ts
FN:25,(anonymous_11)
FN:36,(anonymous_12)
FN:41,(anonymous_13)
FN:50,(anonymous_14)
FN:82,(anonymous_15)
FN:96,(anonymous_16)
FN:131,(anonymous_17)
FN:164,(anonymous_18)
FN:172,(anonymous_19)
FN:177,(anonymous_20)
FN:182,(anonymous_21)
FN:187,(anonymous_22)
FN:192,(anonymous_23)
FN:197,(anonymous_24)
FN:202,(anonymous_25)
FN:296,(anonymous_26)
FN:351,(anonymous_27)
FN:372,(anonymous_28)
FN:382,(anonymous_29)
FN:387,(anonymous_30)
FNF:20
FNH:11
FNDA:33,(anonymous_11)
FNDA:4,(anonymous_12)
FNDA:0,(anonymous_13)
FNDA:5,(anonymous_14)
FNDA:1,(anonymous_15)
FNDA:2,(anonymous_16)
FNDA:4,(anonymous_17)
FNDA:1,(anonymous_18)
FNDA:0,(anonymous_19)
FNDA:0,(anonymous_20)
FNDA:0,(anonymous_21)
FNDA:0,(anonymous_22)
FNDA:4,(anonymous_23)
FNDA:0,(anonymous_24)
FNDA:9,(anonymous_25)
FNDA:0,(anonymous_26)
FNDA:0,(anonymous_27)
FNDA:8,(anonymous_28)
FNDA:4,(anonymous_29)
FNDA:0,(anonymous_30)
DA:1,2
DA:7,2
DA:8,2
DA:9,2
DA:10,2
DA:11,2
DA:12,2
DA:13,2
DA:14,2
DA:19,2
DA:21,2
DA:24,2
DA:26,33
DA:27,33
DA:28,33
DA:29,33
DA:30,33
DA:31,33
DA:32,33
DA:37,4
DA:46,0
DA:51,5
DA:53,5
DA:54,1
DA:59,4
DA:60,1
DA:65,3
DA:66,3
DA:67,1
DA:74,2
DA:84,2
DA:86,2
DA:97,2
DA:126,2
DA:127,1
DA:132,4
DA:133,4
DA:137,3
DA:142,3
DA:148,2
DA:151,1
DA:153,1
DA:159,3
DA:165,1
DA:168,1
DA:173,0
DA:178,0
DA:183,0
DA:188,0
DA:193,4
DA:198,0
DA:204,9
DA:205,9
DA:207,9
DA:208,1
DA:218,8
DA:227,8
DA:228,8
DA:230,8
DA:236,8
DA:237,1
DA:244,7
DA:245,1
DA:250,6
DA:252,6
DA:254,2
DA:257,2
DA:258,2
DA:260,2
DA:262,2
DA:275,2
DA:277,2
DA:287,2
DA:297,4
DA:298,2
DA:300,1
DA:307,1
DA:308,1
DA:309,1
DA:322,2
DA:330,1
DA:343,5
DA:353,5
DA:354,5
DA:373,8
DA:383,4
DA:388,0
LF:87
LH:80
BRDA:53,0,0,1
BRDA:53,0,1,4
BRDA:59,1,0,1
BRDA:59,1,1,3
BRDA:66,2,0,1
BRDA:66,2,1,2
BRDA:79,3,0,2
BRDA:79,3,1,0
BRDA:126,4,0,1
BRDA:126,4,1,1
BRDA:142,5,0,2
BRDA:142,5,1,1
BRDA:143,6,0,3
BRDA:143,6,1,3
BRDA:143,6,2,2
BRDA:143,6,3,1
BRDA:207,7,0,1
BRDA:207,7,1,8
BRDA:230,8,0,8
BRDA:230,8,1,6
BRDA:231,9,0,6
BRDA:231,9,1,0
BRDA:236,10,0,1
BRDA:236,10,1,7
BRDA:236,11,0,8
BRDA:236,11,1,7
BRDA:244,12,0,1
BRDA:244,12,1,6
BRDA:244,13,0,7
BRDA:244,13,1,2
BRDA:252,14,0,2
BRDA:252,14,1,4
BRDA:254,15,0,2
BRDA:254,15,1,0
BRDA:257,16,0,2
BRDA:257,16,1,0
BRDA:258,17,0,2
BRDA:258,17,1,0
BRDA:268,18,0,2
BRDA:268,18,1,1
BRDA:297,19,0,2
BRDA:297,19,1,2
BRDA:298,20,0,1
BRDA:298,20,1,1
BRDA:316,21,0,1
BRDA:316,21,1,1
BRDA:322,22,0,1
BRDA:322,22,1,1
BRDA:335,23,0,1
BRDA:335,23,1,1
BRDA:335,23,2,0
BRDA:348,24,0,0
BRDA:348,24,1,5
BRF:53
BRH:46
end_of_record
TN:
SF:src\auth\jwt.guard.ts
FNF:0
FNH:0
DA:1,4
DA:2,4
DA:5,4
LF:3
LH:3
BRF:0
BRH:0
end_of_record
TN:
SF:src\auth\jwt.strategy.ts
FN:9,(anonymous_2)
FN:26,(anonymous_3)
FNF:2
FNH:2
FNDA:6,(anonymous_2)
FNDA:4,(anonymous_3)
DA:1,1
DA:2,1
DA:3,1
DA:4,1
DA:5,1
DA:8,1
DA:11,5
DA:13,6
DA:15,6
DA:16,1
DA:19,5
DA:27,4
DA:28,1
DA:31,3
DA:40,3
DA:41,2
DA:45,1
LF:17
LH:17
BRDA:15,0,0,1
BRDA:15,0,1,5
BRDA:27,1,0,1
BRDA:27,1,1,3
BRDA:27,2,0,4
BRDA:27,2,1,4
BRDA:40,3,0,2
BRDA:40,3,1,1
BRDA:40,4,0,3
BRDA:40,4,1,2
BRF:10
BRH:10
end_of_record
TN:
SF:src\auth\roles.decorator.ts
FN:4,(anonymous_0)
FNF:1
FNH:1
FNDA:6,(anonymous_0)
DA:1,3
DA:3,3
DA:4,6
LF:3
LH:3
BRF:0
BRH:0
end_of_record
TN:
SF:src\auth\roles.guard.ts
FN:12,(anonymous_2)
FN:14,(anonymous_3)
FNF:2
FNH:0
FNDA:0,(anonymous_2)
FNDA:0,(anonymous_3)
DA:1,3
DA:7,3
DA:8,3
DA:11,3
DA:12,0
DA:15,0
DA:20,0
DA:22,0
DA:24,0
DA:25,0
DA:30,0
LF:11
LH:4
BRDA:20,0,0,0
BRDA:20,0,1,0
BRDA:24,1,0,0
BRDA:24,1,1,0
BRDA:24,2,0,0
BRDA:24,2,1,0
BRF:6
BRH:0
end_of_record
TN:
SF:src\auth\services\auth-account.service.ts
FN:23,(anonymous_11)
FN:31,(anonymous_12)
FN:71,(anonymous_13)
FN:113,(anonymous_14)
FN:159,(anonymous_15)
FN:193,(anonymous_16)
FNF:6
FNH:6
FNDA:49,(anonymous_11)
FNDA:3,(anonymous_12)
FNDA:5,(anonymous_13)
FNDA:2,(anonymous_14)
FNDA:8,(anonymous_15)
FNDA:2,(anonymous_16)
DA:1,3
DA:8,3
DA:9,3
DA:10,3
DA:11,3
DA:12,3
DA:20,3
DA:21,49
DA:24,49
DA:25,49
DA:26,49
DA:35,3
DA:39,3
DA:42,2
DA:43,2
DA:46,2
DA:51,2
DA:52,2
DA:54,1
DA:57,2
DA:58,2
DA:65,1
DA:73,5
DA:76,5
DA:78,4
DA:83,4
DA:84,2
DA:88,2
DA:89,1
DA:93,1
DA:98,1
DA:99,1
DA:103,1
DA:105,1
DA:114,2
DA:118,2
DA:120,1
DA:121,1
DA:122,1
DA:126,1
DA:131,1
DA:133,1
DA:134,1
DA:140,0
DA:143,1
DA:160,8
DA:161,2
DA:165,6
DA:166,6
DA:167,5
DA:169,2
DA:173,3
DA:177,3
DA:179,1
DA:184,2
DA:185,2
DA:189,2
DA:194,2
DA:195,2
DA:205,1
DA:219,1
LF:61
LH:60
BRDA:39,0,0,2
BRDA:39,0,1,1
BRDA:57,1,0,2
BRDA:57,1,1,0
BRDA:76,2,0,1
BRDA:76,2,1,4
BRDA:83,3,0,2
BRDA:83,3,1,2
BRDA:83,4,0,4
BRDA:83,4,1,3
BRDA:88,5,0,1
BRDA:88,5,1,1
BRDA:118,6,0,1
BRDA:118,6,1,1
BRDA:127,7,0,1
BRDA:127,7,1,1
BRDA:127,7,2,1
BRDA:145,8,0,1
BRDA:145,8,1,0
BRDA:160,9,0,2
BRDA:160,9,1,6
BRDA:160,10,0,8
BRDA:160,10,1,8
BRDA:166,11,0,1
BRDA:166,11,1,5
BRDA:167,12,0,2
BRDA:167,12,1,3
BRDA:177,13,0,1
BRDA:177,13,1,2
BRDA:195,14,0,1
BRDA:195,14,1,1
BRF:31
BRH:29
end_of_record
TN:
SF:src\auth\services\auth-registration.service.ts
FN:87,(anonymous_13)
FN:100,(anonymous_14)
FN:171,(anonymous_15)
FN:181,(anonymous_16)
FN:200,(anonymous_17)
FN:264,(anonymous_18)
FN:278,(anonymous_19)
FN:317,(anonymous_20)
FN:338,(anonymous_21)
FN:352,(anonymous_22)
FN:361,(anonymous_23)
FN:411,(anonymous_24)
FN:434,(anonymous_25)
FN:459,(anonymous_26)
FN:478,(anonymous_27)
FN:511,(anonymous_28)
FN:607,(anonymous_29)
FN:612,(anonymous_30)
FN:630,(anonymous_31)
FN:646,(anonymous_32)
FN:663,(anonymous_33)
FNF:21
FNH:11
FNDA:43,(anonymous_13)
FNDA:4,(anonymous_14)
FNDA:0,(anonymous_15)
FNDA:0,(anonymous_16)
FNDA:5,(anonymous_17)
FNDA:0,(anonymous_18)
FNDA:0,(anonymous_19)
FNDA:1,(anonymous_20)
FNDA:0,(anonymous_21)
FNDA:1,(anonymous_22)
FNDA:1,(anonymous_23)
FNDA:1,(anonymous_24)
FNDA:0,(anonymous_25)
FNDA:0,(anonymous_26)
FNDA:3,(anonymous_27)
FNDA:4,(anonymous_28)
FNDA:0,(anonymous_29)
FNDA:0,(anonymous_30)
FNDA:2,(anonymous_31)
FNDA:0,(anonymous_32)
FNDA:1,(anonymous_33)
DA:1,3
DA:9,3
DA:10,3
DA:12,3
DA:13,3
DA:14,3
DA:15,3
DA:16,3
DA:17,3
DA:18,3
DA:19,3
DA:20,3
DA:21,3
DA:24,3
DA:26,3
DA:84,3
DA:85,43
DA:88,43
DA:89,43
DA:90,43
DA:91,43
DA:92,43
DA:93,43
DA:94,43
DA:105,4
DA:108,4
DA:109,3
DA:110,1
DA:114,2
DA:116,1
DA:124,2
DA:125,2
DA:126,2
DA:127,1
DA:131,1
DA:132,1
DA:133,1
DA:135,1
DA:136,1
DA:139,1
DA:150,1
DA:151,1
DA:154,1
DA:162,1
DA:172,1
DA:179,1
DA:182,0
DA:189,1
DA:190,1
DA:196,0
DA:206,5
DA:207,5
DA:210,4
DA:213,4
DA:214,1
DA:221,0
DA:224,0
DA:226,1
DA:232,3
DA:233,2
DA:239,2
DA:240,1
DA:247,2
DA:248,1
DA:251,1
DA:252,1
DA:253,1
DA:256,1
DA:263,1
DA:264,0
DA:265,0
DA:271,0
DA:272,0
DA:273,0
DA:274,0
DA:277,0
DA:279,0
DA:283,0
DA:284,0
DA:286,0
DA:296,0
DA:301,1
DA:302,0
DA:305,0
DA:310,1
DA:311,1
DA:312,1
DA:313,1
DA:317,1
DA:319,1
DA:320,0
DA:323,0
DA:329,1
DA:336,1
DA:339,0
DA:351,1
DA:352,1
DA:353,1
DA:361,1
DA:365,1
DA:411,1
DA:432,1
DA:433,0
DA:434,0
DA:443,1
DA:450,1
DA:462,1
DA:468,1
DA:474,1
DA:479,3
DA:480,3
DA:482,2
DA:483,1
DA:487,1
DA:490,1
DA:491,1
DA:493,1
DA:498,1
DA:499,1
DA:505,0
DA:512,4
DA:513,4
DA:515,4
DA:516,4
DA:517,1
DA:520,3
DA:522,2
DA:523,2
DA:524,0
DA:528,2
DA:540,2
DA:543,2
DA:544,1
DA:545,0
DA:547,1
DA:548,0
DA:555,2
DA:570,2
DA:576,2
DA:584,2
DA:590,2
DA:598,2
DA:610,2
DA:613,0
DA:618,2
DA:631,2
DA:632,2
DA:633,2
DA:634,1
DA:636,1
DA:639,1
DA:640,1
DA:643,1
DA:644,1
DA:647,0
DA:653,1
DA:654,1
DA:656,0
DA:672,1
DA:673,1
LF:160
LH:130
BRDA:108,0,0,3
BRDA:108,0,1,1
BRDA:109,1,0,1
BRDA:109,1,1,2
BRDA:114,2,0,1
BRDA:114,2,1,1
BRDA:126,3,0,1
BRDA:126,3,1,1
BRDA:146,4,0,1
BRDA:146,4,1,0
BRDA:183,5,0,0
BRDA:183,5,1,0
BRDA:189,6,0,1
BRDA:189,6,1,0
BRDA:207,7,0,1
BRDA:207,7,1,4
BRDA:213,8,0,1
BRDA:213,8,1,3
BRDA:214,9,0,0
BRDA:214,9,1,1
BRDA:232,10,0,2
BRDA:232,10,1,1
BRDA:239,11,0,1
BRDA:239,11,1,1
BRDA:247,12,0,1
BRDA:247,12,1,1
BRDA:252,13,0,1
BRDA:252,13,1,0
BRDA:256,14,0,0
BRDA:256,14,1,1
BRDA:263,15,0,0
BRDA:263,15,1,1
BRDA:263,16,0,1
BRDA:263,16,1,0
BRDA:263,16,2,0
BRDA:265,17,0,0
BRDA:265,17,1,0
BRDA:279,18,0,0
BRDA:279,18,1,0
BRDA:279,18,2,0
BRDA:283,19,0,0
BRDA:283,19,1,0
BRDA:288,20,0,0
BRDA:288,20,1,0
BRDA:288,20,2,0
BRDA:290,21,0,0
BRDA:290,21,1,0
BRDA:291,22,0,0
BRDA:291,22,1,0
BRDA:301,23,0,0
BRDA:301,23,1,1
BRDA:305,24,0,0
BRDA:305,24,1,0
BRDA:311,25,0,1
BRDA:311,25,1,0
BRDA:311,26,0,1
BRDA:311,26,1,1
BRDA:319,27,0,0
BRDA:319,27,1,1
BRDA:323,28,0,0
BRDA:323,28,1,0
BRDA:329,29,0,1
BRDA:329,29,1,0
BRDA:329,30,0,1
BRDA:329,30,1,1
BRDA:336,31,0,0
BRDA:336,31,1,1
BRDA:336,32,0,1
BRDA:336,32,1,1
BRDA:372,33,0,1
BRDA:372,33,1,0
BRDA:372,34,0,1
BRDA:372,34,1,0
BRDA:374,35,0,0
BRDA:374,35,1,1
BRDA:374,36,0,0
BRDA:374,36,1,0
BRDA:376,37,0,0
BRDA:376,37,1,1
BRDA:377,38,0,0
BRDA:377,38,1,0
BRDA:380,39,0,0
BRDA:380,39,1,1
BRDA:380,40,0,0
BRDA:380,40,1,0
BRDA:382,41,0,0
BRDA:382,41,1,1
BRDA:382,42,0,0
BRDA:382,42,1,0
BRDA:384,43,0,0
BRDA:384,43,1,1
BRDA:384,44,0,0
BRDA:384,44,1,0
BRDA:386,45,0,1
BRDA:386,45,1,0
BRDA:386,46,0,1
BRDA:386,46,1,1
BRDA:388,47,0,1
BRDA:388,47,1,1
BRDA:389,48,0,1
BRDA:389,48,1,1
BRDA:390,49,0,1
BRDA:390,49,1,1
BRDA:393,50,0,0
BRDA:393,50,1,1
BRDA:393,51,0,1
BRDA:393,51,1,0
BRDA:397,52,0,0
BRDA:397,52,1,1
BRDA:397,53,0,1
BRDA:397,53,1,0
BRDA:400,54,0,1
BRDA:400,54,1,1
BRDA:401,55,0,1
BRDA:401,55,1,1
BRDA:402,56,0,1
BRDA:402,56,1,1
BRDA:403,57,0,1
BRDA:403,57,1,1
BRDA:404,58,0,1
BRDA:404,58,1,1
BRDA:405,59,0,1
BRDA:405,59,1,1
BRDA:406,60,0,1
BRDA:406,60,1,1
BRDA:407,61,0,1
BRDA:407,61,1,1
BRDA:419,62,0,0
BRDA:419,62,1,1
BRDA:419,63,0,1
BRDA:419,63,1,0
BRDA:432,64,0,0
BRDA:432,64,1,1
BRDA:456,65,0,1
BRDA:456,65,1,0
BRDA:465,66,0,1
BRDA:465,66,1,0
BRDA:480,67,0,1
BRDA:480,67,1,2
BRDA:482,68,0,1
BRDA:482,68,1,1
BRDA:498,69,0,1
BRDA:498,69,1,0
BRDA:516,70,0,1
BRDA:516,70,1,3
BRDA:520,71,0,1
BRDA:520,71,1,2
BRDA:523,72,0,0
BRDA:523,72,1,2
BRDA:543,73,0,1
BRDA:543,73,1,1
BRDA:544,74,0,0
BRDA:544,74,1,1
BRDA:547,75,0,0
BRDA:547,75,1,1
BRDA:555,76,0,1
BRDA:555,76,1,1
BRDA:614,77,0,0
BRDA:614,77,1,0
BRDA:633,78,0,1
BRDA:633,78,1,1
BRDA:648,79,0,0
BRDA:648,79,1,0
BRDA:653,80,0,1
BRDA:653,80,1,0
BRF:165
BRH:96
end_of_record
TN:
SF:src\auth\services\auth-shared.ts
FN:22,generateTokens
FNF:1
FNH:1
FNDA:10,generateTokens
DA:22,3
DA:28,10
DA:29,10
DA:31,10
DA:36,10
DA:41,10
DA:42,10
DA:44,10
DA:48,10
LF:9
LH:9
BRF:0
BRH:0
end_of_record
TN:
SF:src\auth\strategy\google.strategy.ts
FN:7,(anonymous_2)
FN:16,(anonymous_3)
FNF:2
FNH:2
FNDA:2,(anonymous_2)
FNDA:1,(anonymous_3)
DA:1,1
DA:2,1
DA:3,1
DA:6,1
DA:8,2
DA:22,1
DA:23,1
DA:31,1
LF:8
LH:8
BRF:0
BRH:0
end_of_record
TN:
SF:src\catalog\catalog.controller.ts
FN:26,(anonymous_4)
FN:30,(anonymous_5)
FN:37,(anonymous_6)
FN:49,(anonymous_7)
FN:60,(anonymous_8)
FN:71,(anonymous_9)
FN:82,(anonymous_10)
FN:99,(anonymous_11)
FNF:8
FNH:0
FNDA:0,(anonymous_4)
FNDA:0,(anonymous_5)
FNDA:0,(anonymous_6)
FNDA:0,(anonymous_7)
FNDA:0,(anonymous_8)
FNDA:0,(anonymous_9)
FNDA:0,(anonymous_10)
FNDA:0,(anonymous_11)
DA:1,0
DA:15,0
DA:16,0
DA:18,0
DA:19,0
DA:20,0
DA:21,0
DA:22,0
DA:25,0
DA:26,0
DA:30,0
DA:31,0
DA:37,0
DA:42,0
DA:49,0
DA:54,0
DA:60,0
DA:65,0
DA:71,0
DA:76,0
DA:82,0
DA:88,0
DA:99,0
DA:104,0
LF:24
LH:0
BRF:0
BRH:0
end_of_record
TN:
SF:src\catalog\catalog.service.ts
FN:32,(anonymous_2)
FN:39,(anonymous_3)
FN:63,(anonymous_4)
FN:70,(anonymous_5)
FN:109,(anonymous_6)
FN:133,(anonymous_7)
FN:140,(anonymous_8)
FN:149,(anonymous_9)
FN:165,(anonymous_10)
FN:168,(anonymous_11)
FN:180,(anonymous_12)
FN:186,(anonymous_13)
FN:204,(anonymous_14)
FN:214,(anonymous_15)
FNF:14
FNH:7
FNDA:6,(anonymous_2)
FNDA:1,(anonymous_3)
FNDA:2,(anonymous_4)
FNDA:5,(anonymous_5)
FNDA:0,(anonymous_6)
FNDA:0,(anonymous_7)
FNDA:0,(anonymous_8)
FNDA:0,(anonymous_9)
FNDA:0,(anonymous_10)
FNDA:0,(anonymous_11)
FNDA:2,(anonymous_12)
FNDA:5,(anonymous_13)
FNDA:0,(anonymous_14)
FNDA:3,(anonymous_15)
DA:1,1
DA:9,1
DA:10,1
DA:11,1
DA:12,1
DA:21,1
DA:22,1
DA:23,1
DA:24,1
DA:31,1
DA:33,6
DA:34,6
DA:35,6
DA:40,1
DA:51,1
DA:53,1
DA:54,0
DA:57,1
DA:60,1
DA:63,2
DA:67,1
DA:75,5
DA:76,4
DA:77,3
DA:79,3
DA:80,3
DA:81,2
DA:84,2
DA:85,1
DA:92,2
DA:93,2
DA:115,0
DA:116,0
DA:117,0
DA:118,0
DA:122,0
DA:127,0
DA:134,0
DA:135,0
DA:136,0
DA:137,0
DA:141,0
DA:142,0
DA:143,0
DA:154,0
DA:155,0
DA:156,0
DA:157,0
DA:162,0
DA:166,0
DA:167,0
DA:169,0
DA:175,0
DA:181,2
DA:187,5
DA:191,5
DA:192,5
DA:193,1
DA:196,4
DA:197,0
DA:201,4
DA:205,0
DA:208,0
DA:209,0
DA:211,0
DA:215,3
DA:219,3
LF:67
LH:39
BRDA:51,0,0,0
BRDA:51,0,1,1
BRDA:53,1,0,0
BRDA:53,1,1,1
BRDA:60,2,0,1
BRDA:60,2,1,0
BRDA:61,3,0,1
BRDA:61,3,1,0
BRDA:61,3,2,0
BRDA:80,4,0,2
BRDA:80,4,1,1
BRDA:84,5,0,1
BRDA:84,5,1,1
BRDA:97,6,0,2
BRDA:97,6,1,2
BRDA:99,7,0,2
BRDA:99,7,1,2
BRDA:100,8,0,2
BRDA:100,8,1,2
BRDA:101,9,0,2
BRDA:101,9,1,2
BRDA:102,10,0,2
BRDA:102,10,1,1
BRDA:103,11,0,2
BRDA:103,11,1,2
BRDA:104,12,0,2
BRDA:104,12,1,2
BRDA:118,13,0,0
BRDA:118,13,1,0
BRDA:119,14,0,0
BRDA:119,14,1,0
BRDA:156,15,0,0
BRDA:156,15,1,0
BRDA:181,16,0,1
BRDA:181,16,1,1
BRDA:191,17,0,0
BRDA:191,17,1,5
BRDA:192,18,0,1
BRDA:192,18,1,4
BRDA:196,19,0,0
BRDA:196,19,1,4
BRDA:208,20,0,0
BRDA:208,20,1,0
BRDA:208,21,0,0
BRDA:208,21,1,0
BRDA:219,22,0,3
BRDA:219,22,1,0
BRF:47
BRH:29
end_of_record
TN:
SF:src\chat\chat.controller.ts
FN:30,(anonymous_4)
FN:33,(anonymous_5)
FN:57,(anonymous_6)
FN:61,(anonymous_7)
FN:67,(anonymous_8)
FN:79,(anonymous_9)
FN:94,(anonymous_10)
FN:106,(anonymous_11)
FNF:8
FNH:0
FNDA:0,(anonymous_4)
FNDA:0,(anonymous_5)
FNDA:0,(anonymous_6)
FNDA:0,(anonymous_7)
FNDA:0,(anonymous_8)
FNDA:0,(anonymous_9)
FNDA:0,(anonymous_10)
FNDA:0,(anonymous_11)
DA:1,0
DA:14,0
DA:15,0
DA:16,0
DA:17,0
DA:18,0
DA:19,0
DA:29,0
DA:30,0
DA:33,0
DA:42,0
DA:56,0
DA:57,0
DA:61,0
DA:62,0
DA:67,0
DA:71,0
DA:79,0
DA:85,0
DA:86,0
DA:94,0
DA:101,0
DA:106,0
DA:111,0
LF:24
LH:0
BRDA:47,0,0,0
BRDA:47,0,1,0
BRDA:48,1,0,0
BRDA:48,1,1,0
BRDA:49,2,0,0
BRDA:49,2,1,0
BRDA:85,3,0,0
BRDA:85,3,1,0
BRDA:85,4,0,0
BRDA:85,4,1,0
BRF:10
BRH:0
end_of_record
TN:
SF:src\chat\chat.service.ts
FN:20,(anonymous_2)
FN:33,(anonymous_3)
FN:59,(anonymous_4)
FN:119,(anonymous_5)
FN:126,(anonymous_6)
FN:130,(anonymous_7)
FN:136,(anonymous_8)
FN:137,(anonymous_9)
FN:148,(anonymous_10)
FN:237,(anonymous_11)
FN:263,(anonymous_12)
FN:264,(anonymous_13)
FN:305,(anonymous_14)
FN:353,(anonymous_15)
FN:401,(anonymous_16)
FN:498,(anonymous_17)
FNF:16
FNH:7
FNDA:18,(anonymous_2)
FNDA:4,(anonymous_3)
FNDA:4,(anonymous_4)
FNDA:0,(anonymous_5)
FNDA:0,(anonymous_6)
FNDA:0,(anonymous_7)
FNDA:0,(anonymous_8)
FNDA:0,(anonymous_9)
FNDA:5,(anonymous_10)
FNDA:0,(anonymous_11)
FNDA:0,(anonymous_12)
FNDA:2,(anonymous_13)
FNDA:3,(anonymous_14)
FNDA:3,(anonymous_15)
FNDA:0,(anonymous_16)
FNDA:0,(anonymous_17)
DA:1,1
DA:7,1
DA:8,1
DA:9,1
DA:10,1
DA:13,1
DA:14,1
DA:17,1
DA:18,18
DA:21,18
DA:22,18
DA:23,18
DA:34,4
DA:44,4
DA:45,3
DA:47,2
DA:67,4
DA:68,1
DA:69,3
DA:70,2
DA:71,2
DA:72,2
DA:73,2
DA:77,1
DA:83,4
DA:85,4
DA:116,4
DA:119,0
DA:125,4
DA:126,0
DA:129,4
DA:130,0
DA:136,0
DA:137,0
DA:152,5
DA:153,1
DA:158,4
DA:162,4
DA:164,3
DA:167,3
DA:168,3
DA:169,1
DA:173,2
DA:181,2
DA:182,2
DA:188,2
DA:205,2
DA:206,2
DA:207,2
DA:208,2
DA:210,2
DA:211,2
DA:219,2
DA:238,0
DA:250,2
DA:263,0
DA:265,2
DA:266,2
DA:271,2
DA:287,0
DA:292,2
DA:310,3
DA:314,3
DA:317,3
DA:318,3
DA:319,1
DA:323,2
DA:324,2
DA:325,2
DA:327,2
DA:337,2
DA:354,3
DA:358,3
DA:361,3
DA:362,3
DA:363,1
DA:366,2
DA:377,2
DA:379,2
DA:380,1
DA:381,1
DA:387,0
DA:391,2
DA:411,0
DA:412,0
DA:413,0
DA:415,0
DA:416,0
DA:417,0
DA:419,0
DA:420,0
DA:428,0
DA:438,0
DA:445,0
DA:485,0
DA:498,1
DA:499,0
DA:500,0
DA:503,0
DA:504,0
LF:100
LH:75
BRDA:44,0,0,1
BRDA:44,0,1,3
BRDA:45,1,0,1
BRDA:45,1,1,2
BRDA:61,2,0,1
BRDA:67,3,0,1
BRDA:67,3,1,3
BRDA:69,4,0,2
BRDA:69,4,1,1
BRDA:70,5,0,2
BRDA:70,5,1,1
BRDA:72,6,0,1
BRDA:72,6,1,1
BRDA:72,7,0,2
BRDA:72,7,1,1
BRDA:132,8,0,0
BRDA:132,8,1,0
BRDA:133,9,0,0
BRDA:133,9,1,0
BRDA:134,10,0,0
BRDA:134,10,1,0
BRDA:152,11,0,1
BRDA:152,11,1,4
BRDA:162,12,0,1
BRDA:162,12,1,3
BRDA:167,13,0,3
BRDA:167,13,1,2
BRDA:168,14,0,1
BRDA:168,14,1,2
BRDA:173,15,0,1
BRDA:173,15,1,1
BRDA:182,16,0,1
BRDA:182,16,1,1
BRDA:205,17,0,2
BRDA:205,17,1,0
BRDA:205,18,0,2
BRDA:205,18,1,0
BRDA:206,19,0,2
BRDA:206,19,1,0
BRDA:206,20,0,2
BRDA:206,20,1,0
BRDA:207,21,0,2
BRDA:207,21,1,0
BRDA:208,22,0,2
BRDA:208,22,1,0
BRDA:211,23,0,2
BRDA:211,23,1,1
BRDA:239,24,0,0
BRDA:239,24,1,0
BRDA:260,25,0,2
BRDA:260,25,1,1
BRDA:263,26,0,0
BRDA:263,26,1,0
BRDA:276,27,0,2
BRDA:276,27,1,1
BRDA:277,28,0,2
BRDA:277,28,1,1
BRDA:308,29,0,1
BRDA:314,30,0,0
BRDA:314,30,1,3
BRDA:317,31,0,3
BRDA:317,31,1,1
BRDA:318,32,0,1
BRDA:318,32,1,2
BRDA:323,33,0,2
BRDA:323,33,1,0
BRDA:324,34,0,2
BRDA:324,34,1,0
BRDA:358,35,0,0
BRDA:358,35,1,3
BRDA:361,36,0,3
BRDA:361,36,1,1
BRDA:362,37,0,1
BRDA:362,37,1,2
BRDA:377,38,0,2
BRDA:377,38,1,0
BRDA:379,39,0,1
BRDA:379,39,1,1
BRDA:412,40,0,0
BRDA:412,40,1,0
BRDA:413,41,0,0
BRDA:413,41,1,0
BRDA:416,42,0,0
BRDA:416,42,1,0
BRDA:417,43,0,0
BRDA:417,43,1,0
BRDA:417,44,0,0
[...]
BRDA:167,6,0,0
BRDA:167,6,1,4
BRDA:168,7,0,1
BRDA:168,7,1,3
BRDA:179,8,0,0
BRDA:179,8,1,0
BRF:18
BRH:9
end_of_record
TN:
SF:src\referrals\referrals.controller.ts
FN:30,(anonymous_4)
FN:33,(anonymous_5)
FN:38,(anonymous_6)
FN:43,(anonymous_7)
FN:48,(anonymous_8)
FN:53,(anonymous_9)
FN:61,(anonymous_10)
FN:71,(anonymous_11)
FN:74,(anonymous_12)
FN:79,(anonymous_13)
FN:84,(anonymous_14)
FN:97,(anonymous_15)
FN:111,(anonymous_16)
FNF:13
FNH:0
FNDA:0,(anonymous_4)
FNDA:0,(anonymous_5)
FNDA:0,(anonymous_6)
FNDA:0,(anonymous_7)
FNDA:0,(anonymous_8)
FNDA:0,(anonymous_9)
FNDA:0,(anonymous_10)
FNDA:0,(anonymous_11)
FNDA:0,(anonymous_12)
FNDA:0,(anonymous_13)
FNDA:0,(anonymous_14)
FNDA:0,(anonymous_15)
FNDA:0,(anonymous_16)
DA:1,0
DA:13,0
DA:14,0
DA:15,0
DA:16,0
DA:17,0
DA:29,0
DA:30,0
DA:33,0
DA:34,0
DA:38,0
DA:39,0
DA:43,0
DA:44,0
DA:48,0
DA:49,0
DA:53,0
DA:57,0
DA:61,0
DA:62,0
DA:70,0
DA:71,0
DA:74,0
DA:75,0
DA:79,0
DA:80,0
DA:84,0
DA:93,0
DA:97,0
DA:107,0
DA:111,0
DA:112,0
LF:32
LH:0
BRF:0
BRH:0
end_of_record
TN:
SF:src\referrals\referrals.service.ts
FN:27,(anonymous_2)
FN:36,(anonymous_3)
FN:47,(anonymous_4)
FN:65,(anonymous_5)
FN:114,(anonymous_6)
FN:145,(anonymous_7)
FN:178,(anonymous_8)
FN:197,(anonymous_9)
FN:224,(anonymous_10)
FN:304,(anonymous_11)
FN:311,(anonymous_12)
FN:334,(anonymous_13)
FN:352,(anonymous_14)
FN:392,(anonymous_15)
FN:459,(anonymous_16)
FN:492,(anonymous_17)
FN:515,(anonymous_18)
FN:558,(anonymous_19)
FN:568,(anonymous_20)
FN:577,(anonymous_21)
FN:589,(anonymous_22)
FN:613,(anonymous_23)
FN:629,(anonymous_24)
FNF:23
FNH:10
FNDA:26,(anonymous_2)
FNDA:3,(anonymous_3)
FNDA:2,(anonymous_4)
FNDA:0,(anonymous_5)
FNDA:6,(anonymous_6)
FNDA:1,(anonymous_7)
FNDA:0,(anonymous_8)
FNDA:5,(anonymous_9)
FNDA:1,(anonymous_10)
FNDA:0,(anonymous_11)
FNDA:0,(anonymous_12)
FNDA:0,(anonymous_13)
FNDA:12,(anonymous_14)
FNDA:2,(anonymous_15)
FNDA:1,(anonymous_16)
FNDA:0,(anonymous_17)
FNDA:0,(anonymous_18)
FNDA:0,(anonymous_19)
FNDA:0,(anonymous_20)
FNDA:0,(anonymous_21)
FNDA:0,(anonymous_22)
FNDA:0,(anonymous_23)
FNDA:0,(anonymous_24)
DA:1,3
DA:7,3
DA:8,3
DA:9,3
DA:10,3
DA:12,3
DA:13,3
DA:15,3
DA:20,3
DA:26,3
DA:28,26
DA:29,26
DA:30,26
DA:37,3
DA:38,3
DA:39,2
DA:43,3
DA:48,2
DA:49,2
DA:50,2
DA:51,2
DA:52,16
DA:54,2
DA:57,2
DA:60,0
DA:66,0
DA:101,0
DA:115,6
DA:116,1
DA:118,5
DA:120,5
DA:123,5
DA:124,3
DA:125,1
DA:128,2
DA:131,2
DA:137,1
DA:138,0
DA:140,1
DA:145,1
DA:146,1
DA:153,1
DA:157,1
DA:161,1
DA:170,1
DA:179,1
DA:186,1
DA:202,5
DA:204,4
DA:214,4
DA:216,3
DA:222,3
DA:224,1
DA:225,1
DA:236,1
DA:240,1
DA:244,1
DA:248,1
DA:252,1
DA:257,1
DA:263,1
DA:271,1
DA:277,1
DA:285,1
DA:288,1
DA:295,1
DA:306,1
DA:312,0
DA:334,0
DA:353,12
DA:354,12
DA:355,1
DA:357,11
DA:358,1
DA:361,10
DA:365,10
DA:368,9
DA:369,5
DA:370,5
DA:371,5
DA:372,4
DA:373,1
DA:378,3
DA:382,3
DA:383,1
DA:388,2
DA:389,2
DA:390,2
DA:392,2
DA:393,2
DA:397,2
DA:398,1
DA:403,1
DA:412,2
DA:423,2
DA:425,2
DA:432,2
DA:436,4
DA:449,4
DA:450,3
DA:451,1
DA:453,2
DA:454,1
DA:459,1
DA:460,1
DA:464,1
DA:474,1
DA:481,1
DA:493,0
DA:517,0
DA:549,0
DA:552,0
DA:558,0
DA:568,0
DA:578,0
DA:595,0
DA:596,0
DA:598,0
DA:599,0
DA:601,0
DA:604,0
DA:605,0
DA:606,0
DA:610,0
DA:622,0
DA:625,0
DA:626,0
DA:630,0
DA:633,0
DA:634,0
DA:635,0
LF:131
LH:102
BRDA:38,0,0,2
BRDA:38,0,1,1
BRDA:57,1,0,2
BRDA:57,1,1,0
BRDA:103,2,0,0
BRDA:103,2,1,0
BRDA:115,3,0,1
BRDA:115,3,1,5
BRDA:115,4,0,6
BRDA:115,4,1,6
BRDA:123,5,0,2
BRDA:123,5,1,3
BRDA:124,6,0,1
BRDA:124,6,1,2
BRDA:131,7,0,1
BRDA:131,7,1,1
BRDA:137,8,0,0
BRDA:137,8,1,1
BRDA:202,9,0,1
BRDA:202,9,1,4
BRDA:214,10,0,1
BRDA:214,10,1,3
BRDA:222,11,0,2
BRDA:222,11,1,1
BRDA:222,12,0,3
BRDA:222,12,1,2
BRDA:252,13,0,1
BRDA:252,13,1,0
BRDA:252,14,0,1
BRDA:252,14,1,1
BRDA:285,15,0,1
BRDA:285,15,1,0
BRDA:336,16,0,0
BRDA:336,16,1,0
BRDA:341,17,0,0
BRDA:341,17,1,0
BRDA:343,18,0,0
BRDA:343,18,1,0
BRDA:354,19,0,1
BRDA:354,19,1,11
BRDA:354,20,0,12
BRDA:354,20,1,7
BRDA:357,21,0,1
BRDA:357,21,1,10
BRDA:357,22,0,11
BRDA:357,22,1,5
BRDA:365,23,0,1
BRDA:365,23,1,9
BRDA:368,24,0,5
BRDA:368,24,1,4
BRDA:371,25,0,1
BRDA:371,25,1,4
BRDA:372,26,0,1
BRDA:372,26,1,3
BRDA:382,27,0,1
BRDA:382,27,1,2
BRDA:388,28,0,2
BRDA:388,28,1,0
BRDA:397,29,0,1
BRDA:397,29,1,1
BRDA:428,30,0,1
BRDA:428,30,1,1
BRDA:449,31,0,1
BRDA:449,31,1,3
BRDA:450,32,0,1
BRDA:450,32,1,2
BRDA:453,33,0,1
BRDA:453,33,1,1
BRDA:549,34,0,0
BRDA:549,34,1,0
BRDA:550,35,0,0
BRDA:550,35,1,0
BRDA:556,36,0,0
BRDA:556,36,1,0
BRDA:595,37,0,0
BRDA:595,37,1,0
BRDA:595,38,0,0
BRDA:595,38,1,0
BRDA:598,39,0,0
BRDA:598,39,1,0
BRDA:598,40,0,0
BRDA:598,40,1,0
BRDA:604,41,0,0
BRDA:604,41,1,0
BRDA:605,42,0,0
BRDA:605,42,1,0
BRDA:625,43,0,0
BRDA:625,43,1,0
BRDA:633,44,0,0
BRDA:633,44,1,0
BRF:90
BRH:55
end_of_record
TN:
SF:src\reviews\reviews.controller.ts
FN:28,(anonymous_4)
FN:35,(anonymous_5)
FN:41,(anonymous_6)
FN:57,(anonymous_7)
FN:68,(anonymous_8)
FN:85,(anonymous_9)
FN:97,(anonymous_10)
FN:109,(anonymous_11)
FN:123,(anonymous_12)
FN:129,(anonymous_13)
FN:137,(anonymous_14)
FNF:11
FNH:0
FNDA:0,(anonymous_4)
FNDA:0,(anonymous_5)
FNDA:0,(anonymous_6)
FNDA:0,(anonymous_7)
FNDA:0,(anonymous_8)
FNDA:0,(anonymous_9)
FNDA:0,(anonymous_10)
FNDA:0,(anonymous_11)
FNDA:0,(anonymous_12)
FNDA:0,(anonymous_13)
FNDA:0,(anonymous_14)
DA:1,1
DA:13,1
DA:14,1
DA:15,1
DA:16,1
DA:18,1
DA:27,1
DA:28,0
DA:35,1
DA:36,0
DA:41,1
DA:46,0
DA:57,1
DA:61,0
DA:68,1
DA:73,0
DA:85,1
DA:90,0
DA:97,1
DA:101,0
DA:109,1
DA:114,0
DA:123,1
DA:124,0
DA:129,1
DA:130,0
DA:137,1
DA:138,0
LF:28
LH:17
BRDA:48,0,0,0
BRDA:48,0,1,0
BRDA:49,1,0,0
BRDA:49,1,1,0
BRDA:74,2,0,0
BRDA:74,2,1,0
BRDA:75,3,0,0
BRDA:75,3,1,0
BRDA:76,4,0,0
BRDA:76,4,1,0
BRF:10
BRH:0
end_of_record
TN:
SF:src\reviews\reviews.service.ts
FN:17,(anonymous_2)
FN:25,(anonymous_3)
FN:71,(anonymous_4)
FN:148,(anonymous_5)
FN:178,(anonymous_6)
FN:196,(anonymous_7)
FN:233,(anonymous_8)
FN:245,(anonymous_9)
FN:254,(anonymous_10)
FN:281,(anonymous_11)
FN:315,(anonymous_12)
FN:382,(anonymous_13)
FN:400,(anonymous_14)
FN:406,(anonymous_15)
FN:427,(anonymous_16)
FN:467,(anonymous_17)
FNF:16
FNH:15
FNDA:26,(anonymous_2)
FNDA:7,(anonymous_3)
FNDA:1,(anonymous_4)
FNDA:2,(anonymous_5)
FNDA:2,(anonymous_6)
FNDA:0,(anonymous_7)
FNDA:1,(anonymous_8)
FNDA:2,(anonymous_9)
FNDA:5,(anonymous_10)
FNDA:2,(anonymous_11)
FNDA:4,(anonymous_12)
FNDA:2,(anonymous_13)
FNDA:7,(anonymous_14)
FNDA:1,(anonymous_15)
FNDA:6,(anonymous_16)
FNDA:4,(anonymous_17)
DA:1,2
DA:7,2
DA:8,2
DA:9,2
DA:11,2
DA:13,2
DA:16,2
DA:18,26
DA:19,26
DA:20,26
DA:21,26
DA:33,7
DA:34,2
DA:38,5
DA:39,4
DA:42,4
DA:43,1
DA:47,3
DA:53,3
DA:54,1
DA:62,2
DA:63,2
DA:64,1
DA:71,1
DA:72,1
DA:90,1
DA:95,1
DA:103,1
DA:107,1
DA:111,1
DA:113,1
DA:115,1
DA:121,1
DA:132,1
DA:139,1
DA:144,1
DA:149,2
DA:150,2
DA:151,2
DA:153,2
DA:174,2
DA:179,2
DA:182,2
DA:184,1
DA:190,1
DA:192,1
DA:201,0
DA:202,0
DA:206,0
DA:210,0
DA:212,0
DA:213,0
DA:215,0
DA:229,0
DA:236,1
DA:237,1
DA:241,1
DA:246,2
DA:247,2
DA:250,2
DA:259,5
DA:262,5
DA:263,4
DA:264,1
DA:266,3
DA:267,1
DA:270,2
DA:271,2
DA:275,0
DA:281,2
DA:282,2
DA:297,2
DA:302,2
DA:310,2
DA:322,4
DA:328,4
DA:330,3
DA:331,3
DA:332,3
DA:333,1
DA:338,2
DA:339,2
DA:352,2
DA:356,2
DA:359,2
DA:361,1
DA:362,1
DA:370,1
DA:378,2
DA:383,2
DA:386,2
DA:388,1
DA:401,7
DA:407,1
DA:413,1
DA:432,6
DA:440,6
DA:443,5
DA:444,5
DA:453,5
DA:456,4
DA:460,4
DA:462,2
DA:468,4
DA:469,4
LF:105
LH:96
BRDA:33,0,0,2
BRDA:33,0,1,5
BRDA:33,1,0,7
BRDA:33,1,1,6
BRDA:42,2,0,1
BRDA:42,2,1,3
BRDA:53,3,0,1
BRDA:53,3,1,2
BRDA:63,4,0,1
BRDA:63,4,1,1
BRDA:98,5,0,1
BRDA:98,5,1,0
BRDA:111,6,0,1
BRDA:111,6,1,0
BRDA:111,7,0,1
BRDA:111,7,1,0
BRDA:111,8,0,1
BRDA:111,8,1,0
BRDA:116,9,0,0
BRDA:116,9,1,1
BRDA:148,10,0,0
BRDA:148,11,0,0
BRDA:149,12,0,2
BRDA:149,12,1,0
BRDA:150,13,0,2
BRDA:150,13,1,0
BRDA:182,14,0,1
BRDA:182,14,1,1
BRDA:204,15,0,0
BRDA:204,15,1,0
BRDA:204,16,0,0
BRDA:204,16,1,0
BRDA:208,17,0,0
BRDA:208,17,1,0
BRDA:208,18,0,0
BRDA:208,18,1,0
BRDA:213,19,0,0
BRDA:213,19,1,0
BRDA:262,20,0,1
BRDA:262,20,1,4
BRDA:263,21,0,1
BRDA:263,21,1,3
BRDA:266,22,0,1
BRDA:266,22,1,2
BRDA:266,23,0,3
BRDA:266,23,1,2
BRDA:266,23,2,2
BRDA:271,24,0,0
BRDA:271,24,1,2
BRDA:272,25,0,2
BRDA:272,25,1,1
BRDA:285,26,0,2
BRDA:285,26,1,1
BRDA:286,27,0,2
BRDA:286,27,1,0
BRDA:287,28,0,2
BRDA:287,28,1,1
BRDA:305,29,0,2
BRDA:305,29,1,0
BRDA:328,30,0,1
BRDA:328,30,1,3
BRDA:332,31,0,1
BRDA:332,31,1,2
BRDA:332,32,0,3
BRDA:332,32,1,2
BRDA:356,33,0,2
BRDA:356,33,1,0
BRDA:356,34,0,2
BRDA:356,34,1,0
BRDA:356,35,0,2
BRDA:356,35,1,0
BRDA:359,36,0,1
BRDA:359,36,1,1
BRDA:386,37,0,1
BRDA:386,37,1,1
BRDA:401,38,0,1
BRDA:401,38,1,6
BRDA:416,39,0,1
BRDA:416,39,1,0
BRDA:440,40,0,1
BRDA:440,40,1,5
BRDA:453,41,0,1
BRDA:453,41,1,4
BRDA:460,42,0,2
BRDA:460,42,1,2
BRDA:469,43,0,4
BRDA:469,43,1,1
BRF:87
BRH:61
end_of_record
TN:
SF:src\reviews\upload.controller.ts
FN:26,(anonymous_4)
FN:30,(anonymous_5)
FN:42,(anonymous_6)
FN:54,(anonymous_7)
FN:71,(anonymous_8)
FNF:5
FNH:0
FNDA:0,(anonymous_4)
FNDA:0,(anonymous_5)
FNDA:0,(anonymous_6)
FNDA:0,(anonymous_7)
FNDA:0,(anonymous_8)
DA:1,1
DA:9,1
DA:10,1
DA:11,1
DA:12,1
DA:13,1
DA:14,1
DA:16,1
DA:25,1
DA:26,0
DA:30,1
DA:31,0
DA:32,0
DA:37,0
DA:42,1
DA:43,0
DA:44,0
DA:49,0
DA:54,1
DA:55,0
DA:56,0
DA:61,0
DA:71,1
DA:72,0
DA:73,0
DA:78,0
LF:26
LH:13
BRDA:31,0,0,0
BRDA:31,0,1,0
BRDA:43,1,0,0
BRDA:43,1,1,0
BRDA:55,2,0,0
BRDA:55,2,1,0
BRDA:72,3,0,0
BRDA:72,3,1,0
BRF:8
BRH:0
end_of_record
TN:
SF:src\subastas\subastas.controller.ts
FN:28,(anonymous_4)
FN:32,(anonymous_5)
FN:41,(anonymous_6)
FN:50,(anonymous_7)
FN:59,(anonymous_8)
FN:70,(anonymous_9)
FN:78,(anonymous_10)
FN:87,(anonymous_11)
FN:96,(anonymous_12)
FNF:9
FNH:0
FNDA:0,(anonymous_4)
FNDA:0,(anonymous_5)
FNDA:0,(anonymous_6)
FNDA:0,(anonymous_7)
FNDA:0,(anonymous_8)
FNDA:0,(anonymous_9)
FNDA:0,(anonymous_10)
FNDA:0,(anonymous_11)
FNDA:0,(anonymous_12)
DA:1,0
DA:13,0
DA:14,0
DA:15,0
DA:16,0
DA:17,0
DA:18,0
DA:19,0
DA:20,0
DA:27,0
DA:28,0
DA:32,0
DA:36,0
DA:41,0
DA:45,0
DA:50,0
DA:54,0
DA:59,0
DA:63,0
DA:70,0
DA:71,0
DA:78,0
DA:82,0
DA:87,0
DA:91,0
DA:96,0
DA:97,0
LF:27
LH:0
BRF:0
BRH:0
end_of_record
TN:
SF:src\subastas\subastas.service.ts
FN:49,(anonymous_2)
FN:57,(anonymous_3)
FN:124,(anonymous_4)
FN:147,(anonymous_5)
FN:155,(anonymous_6)
FN:200,(anonymous_7)
FN:202,(anonymous_8)
FN:225,(anonymous_9)
FN:261,(anonymous_10)
FN:299,(anonymous_11)
FN:332,(anonymous_12)
FN:336,(anonymous_13)
FN:427,(anonymous_14)
FN:428,(anonymous_15)
FN:531,(anonymous_16)
FN:550,(anonymous_17)
FN:577,(anonymous_18)
FN:584,(anonymous_19)
FN:607,(anonymous_20)
FN:629,(anonymous_21)
FN:665,(anonymous_22)
FN:670,(anonymous_23)
FN:677,(anonymous_24)
FN:685,(anonymous_25)
FN:690,(anonymous_26)
FN:702,(anonymous_27)
FN:719,(anonymous_28)
FN:731,(anonymous_29)
FN:769,(anonymous_30)
FN:787,(anonymous_31)
FN:807,(anonymous_32)
FNF:31
FNH:14
FNDA:25,(anonymous_2)
FNDA:0,(anonymous_3)
FNDA:0,(anonymous_4)
FNDA:0,(anonymous_5)
FNDA:0,(anonymous_6)
FNDA:0,(anonymous_7)
FNDA:0,(anonymous_8)
FNDA:0,(anonymous_9)
FNDA:0,(anonymous_10)
FNDA:0,(anonymous_11)
FNDA:9,(anonymous_12)
FNDA:9,(anonymous_13)
FNDA:8,(anonymous_14)
FNDA:8,(anonymous_15)
FNDA:0,(anonymous_16)
FNDA:0,(anonymous_17)
FNDA:0,(anonymous_18)
FNDA:0,(anonymous_19)
FNDA:3,(anonymous_20)
FNDA:4,(anonymous_21)
FNDA:0,(anonymous_22)
FNDA:2,(anonymous_23)
FNDA:1,(anonymous_24)
FNDA:0,(anonymous_25)
FNDA:2,(anonymous_26)
FNDA:4,(anonymous_27)
FNDA:0,(anonymous_28)
FNDA:2,(anonymous_29)
FNDA:2,(anonymous_30)
FNDA:1,(anonymous_31)
FNDA:0,(anonymous_32)
DA:1,2
DA:8,2
DA:9,2
DA:10,2
DA:15,2
DA:19,2
DA:27,2
DA:34,2
DA:35,2
DA:37,2
DA:38,2
DA:40,2
DA:43,2
DA:46,2
DA:47,25
DA:50,25
DA:51,25
DA:52,25
DA:53,25
DA:59,0
DA:61,0
DA:62,0
DA:66,0
DA:90,0
DA:108,0
DA:117,0
DA:118,0
DA:120,0
DA:123,0
DA:124,0
DA:134,0
DA:135,0
DA:142,0
DA:151,0
DA:156,0
DA:157,0
DA:158,0
DA:160,0
DA:200,0
DA:202,0
DA:213,0
DA:227,0
DA:240,0
DA:243,0
DA:247,0
DA:252,0
DA:254,0
DA:258,0
DA:261,0
DA:299,0
DA:300,0
DA:303,0
DA:304,0
DA:335,9
DA:337,9
DA:341,9
DA:342,7
DA:343,1
DA:344,6
DA:345,1
DA:349,5
DA:352,5
DA:353,1
DA:358,4
DA:366,4
DA:367,1
DA:371,3
DA:391,2
DA:392,1
DA:398,2
DA:406,2
DA:416,2
DA:423,2
DA:428,8
DA:429,8
DA:434,8
DA:435,7
DA:436,1
DA:443,6
DA:447,3
DA:453,3
DA:460,3
DA:461,1
DA:467,2
DA:472,1
DA:481,1
DA:486,1
DA:490,1
DA:495,1
DA:496,1
DA:497,1
DA:500,1
DA:510,1
DA:517,1
DA:523,1
DA:532,0
DA:541,0
DA:542,0
DA:543,0
DA:549,0
DA:550,0
DA:552,0
DA:555,0
DA:556,0
DA:560,0
DA:563,0
DA:564,0
DA:570,0
DA:580,0
DA:585,0
DA:589,0
DA:590,0
DA:591,0
DA:592,0
DA:596,0
DA:608,3
DA:616,3
DA:617,3
DA:621,3
DA:622,7
DA:623,7
DA:629,7
DA:630,4
DA:634,4
DA:640,6
DA:641,2
DA:643,6
DA:645,1
DA:647,1
DA:648,1
DA:654,3
DA:666,0
DA:667,0
DA:672,2
DA:673,1
DA:674,1
DA:678,1
DA:679,1
DA:681,1
DA:682,1
DA:686,0
DA:687,0
DA:692,2
DA:696,2
DA:697,0
DA:698,2
DA:703,4
DA:706,4
DA:707,1
DA:708,3
DA:709,1
DA:711,2
DA:720,0
DA:723,0
DA:724,0
DA:725,0
DA:734,2
DA:743,2
DA:751,2
DA:753,2
DA:754,0
DA:757,0
DA:770,2
DA:774,2
DA:775,1
DA:788,1
DA:789,1
DA:794,1
DA:801,0
DA:813,0
DA:814,0
DA:815,0
DA:817,0
DA:821,0
LF:174
LH:103
BRDA:62,0,0,0
BRDA:62,0,1,0
BRDA:74,1,0,0
BRDA:74,1,1,0
BRDA:95,2,0,0
BRDA:95,2,1,0
BRDA:96,3,0,0
BRDA:96,3,1,0
BRDA:97,4,0,0
BRDA:97,4,1,0
BRDA:98,5,0,0
BRDA:98,5,1,0
BRDA:99,6,0,0
BRDA:99,6,1,0
BRDA:100,7,0,0
BRDA:100,7,1,0
BRDA:117,8,0,0
BRDA:117,8,1,0
BRDA:155,9,0,0
BRDA:155,10,0,0
BRDA:206,11,0,0
BRDA:206,11,1,0
BRDA:208,12,0,0
BRDA:208,12,1,0
BRDA:240,13,0,0
BRDA:240,13,1,0
BRDA:243,14,0,0
BRDA:243,14,1,0
BRDA:252,15,0,0
BRDA:252,15,1,0
BRDA:300,16,0,0
BRDA:300,16,1,0
BRDA:306,17,0,0
BRDA:306,17,1,0
BRDA:307,18,0,0
BRDA:307,18,1,0
BRDA:311,19,0,0
BRDA:311,19,1,0
BRDA:312,20,0,0
BRDA:312,20,1,0
BRDA:314,21,0,0
BRDA:314,21,1,0
BRDA:314,22,0,0
BRDA:314,22,1,0
BRDA:314,22,2,0
BRDA:314,22,3,0
BRDA:341,23,0,2
BRDA:341,23,1,7
BRDA:342,24,0,1
BRDA:342,24,1,6
BRDA:344,25,0,1
BRDA:344,25,1,5
BRDA:352,26,0,1
BRDA:352,26,1,4
BRDA:366,27,0,1
BRDA:366,27,1,3
BRDA:391,28,0,1
BRDA:391,28,1,1
BRDA:434,29,0,1
BRDA:434,29,1,7
BRDA:435,30,0,1
BRDA:435,30,1,6
BRDA:443,31,0,3
BRDA:443,31,1,3
BRDA:444,32,0,6
BRDA:444,32,1,4
BRDA:460,33,0,1
BRDA:460,33,1,2
BRDA:495,34,0,1
BRDA:495,34,1,0
BRDA:541,35,0,0
BRDA:541,35,1,0
BRDA:542,36,0,0
BRDA:542,36,1,0
BRDA:555,37,0,0
BRDA:555,37,1,0
BRDA:589,38,0,0
BRDA:589,38,1,0
BRDA:589,39,0,0
BRDA:589,39,1,0
BRDA:591,40,0,0
BRDA:591,40,1,0
BRDA:640,41,0,2
BRDA:640,41,1,4
BRDA:647,42,0,1
BRDA:647,42,1,0
BRDA:696,43,0,0
BRDA:696,43,1,2
BRDA:706,44,0,1
BRDA:706,44,1,3
BRDA:706,45,0,4
BRDA:706,45,1,4
BRDA:708,46,0,1
BRDA:708,46,1,2
BRDA:723,47,0,0
BRDA:723,47,1,0
BRDA:723,48,0,0
BRDA:723,48,1,0
BRDA:751,49,0,2
BRDA:751,49,1,0
BRDA:753,50,0,0
BRDA:753,50,1,2
BRDA:774,51,0,1
BRDA:774,51,1,1
BRDA:774,52,0,2
BRDA:774,52,1,0
BRDA:802,53,0,0
BRDA:802,53,1,0
BRF:108
BRH:38
end_of_record
TN:
SF:src\trust-validation\trust-validation.controller.ts
FN:27,(anonymous_4)
FN:45,(anonymous_5)
FN:57,(anonymous_6)
FN:68,(anonymous_7)
FN:76,(anonymous_8)
FN:85,(anonymous_9)
FN:94,(anonymous_10)
FNF:7
FNH:0
FNDA:0,(anonymous_4)
FNDA:0,(anonymous_5)
FNDA:0,(anonymous_6)
FNDA:0,(anonymous_7)
FNDA:0,(anonymous_8)
FNDA:0,(anonymous_9)
FNDA:0,(anonymous_10)
DA:1,0
DA:17,0
DA:18,0
DA:19,0
DA:20,0
DA:21,0
DA:23,0
DA:26,0
DA:27,0
DA:45,0
DA:51,0
DA:57,0
DA:61,0
DA:68,0
DA:69,0
DA:76,0
DA:77,0
DA:85,0
DA:86,0
DA:94,0
DA:98,0
LF:21
LH:0
BRDA:47,0,0,0
BRDA:51,1,0,0
BRDA:51,1,1,0
BRDA:59,2,0,0
BRF:4
BRH:0
end_of_record
TN:
SF:src\trust-validation\trust-validation.service.ts
FN:13,(anonymous_2)
FN:21,(anonymous_3)
FN:60,(anonymous_4)
FN:117,(anonymous_5)
FN:148,(anonymous_6)
FN:171,(anonymous_7)
FN:184,(anonymous_8)
FN:252,(anonymous_9)
FN:296,(anonymous_10)
FN:302,(anonymous_11)
FN:353,(anonymous_12)
FNF:11
FNH:6
FNDA:13,(anonymous_2)
FNDA:4,(anonymous_3)
FNDA:6,(anonymous_4)
FNDA:2,(anonymous_5)
FNDA:0,(anonymous_6)
FNDA:0,(anonymous_7)
FNDA:0,(anonymous_8)
FNDA:3,(anonymous_9)
FNDA:0,(anonymous_10)
FNDA:4,(anonymous_11)
FNDA:0,(anonymous_12)
DA:1,1
DA:6,1
DA:7,1
DA:8,1
DA:9,1
DA:12,1
DA:14,13
DA:15,13
DA:16,13
DA:17,13
DA:41,4
DA:43,4
DA:47,4
DA:48,1
DA:49,3
DA:50,1
DA:54,2
DA:55,1
DA:60,1
DA:61,6
DA:72,1
DA:81,1
DA:100,1
DA:106,1
DA:113,1
DA:118,2
DA:119,2
DA:138,2
DA:140,1
DA:149,0
DA:153,0
DA:171,0
DA:185,0
DA:208,0
DA:210,0
DA:253,3
DA:262,3
DA:263,2
DA:264,1
DA:266,1
DA:281,1
DA:282,1
DA:284,1
DA:291,1
DA:298,1
DA:303,4
DA:304,1
DA:306,3
DA:315,3
DA:316,2
DA:317,1
DA:319,1
DA:339,1
DA:346,1
DA:355,1
LF:55
LH:49
BRDA:41,0,0,0
BRDA:41,0,1,4
BRDA:47,1,0,1
BRDA:47,1,1,3
BRDA:49,2,0,1
BRDA:49,2,1,2
BRDA:54,3,0,1
BRDA:54,3,1,1
BRDA:61,4,0,0
BRDA:61,4,1,6
BRDA:118,5,0,0
BRDA:118,5,1,2
BRDA:138,6,0,1
BRDA:138,6,1,1
BRDA:143,7,0,1
BRDA:143,7,1,0
BRDA:149,8,0,0
BRDA:149,8,1,0
BRDA:208,9,0,0
BRDA:208,9,1,0
BRDA:262,10,0,1
BRDA:262,10,1,2
BRDA:263,11,0,1
BRDA:263,11,1,1
BRDA:303,12,0,1
BRDA:303,12,1,3
BRDA:315,13,0,1
BRDA:315,13,1,2
BRDA:316,14,0,1
BRDA:316,14,1,1
BRF:30
BRH:22
end_of_record
TN:
SF:src\user-reports\user-reports.service.ts
FN:16,(anonymous_2)
FN:18,(anonymous_3)
FN:40,(anonymous_4)
FN:73,(anonymous_5)
FNF:4
FNH:4
FNDA:7,(anonymous_2)
FNDA:3,(anonymous_3)
FNDA:1,(anonymous_4)
FNDA:3,(anonymous_5)
DA:1,1
DA:6,1
DA:7,1
DA:15,1
DA:16,7
DA:19,3
DA:20,1
DA:22,2
DA:26,2
DA:27,1
DA:29,1
DA:42,1
DA:45,1
DA:47,1
DA:51,1
DA:63,1
DA:74,3
DA:75,1
DA:79,2
DA:80,2
DA:81,1
LF:21
LH:21
BRDA:19,0,0,1
BRDA:19,0,1,2
BRDA:26,1,0,1
BRDA:26,1,1,1
BRDA:34,2,0,1
BRDA:34,2,1,0
BRDA:40,3,0,0
BRDA:40,4,0,0
BRDA:42,5,0,1
BRDA:42,5,1,0
BRDA:42,6,0,1
BRDA:42,6,1,1
BRDA:74,7,0,1
BRDA:74,7,1,2
BRDA:74,8,0,3
BRDA:74,8,1,1
BRDA:80,9,0,1
BRDA:80,9,1,1
BRF:18
BRH:14
end_of_record
TN:
SF:src\users\users.controller.ts
FN:29,(anonymous_4)
FN:39,(anonymous_5)
FN:49,(anonymous_6)
FN:56,(anonymous_7)
FN:67,(anonymous_8)
FN:74,(anonymous_9)
FN:84,(anonymous_10)
FN:95,(anonymous_11)
FN:107,(anonymous_12)
FN:122,(anonymous_13)
FNF:10
FNH:0
FNDA:0,(anonymous_4)
FNDA:0,(anonymous_5)
FNDA:0,(anonymous_6)
FNDA:0,(anonymous_7)
FNDA:0,(anonymous_8)
FNDA:0,(anonymous_9)
FNDA:0,(anonymous_10)
FNDA:0,(anonymous_11)
FNDA:0,(anonymous_12)
FNDA:0,(anonymous_13)
DA:1,0
DA:16,0
DA:17,0
DA:18,0
DA:19,0
DA:20,0
DA:21,0
DA:22,0
DA:23,0
DA:24,0
DA:28,0
DA:30,0
DA:31,0
DA:32,0
DA:39,0
DA:43,0
DA:49,0
DA:50,0
DA:56,0
DA:57,0
DA:67,0
DA:68,0
DA:74,0
DA:78,0
DA:84,0
DA:88,0
DA:89,0
DA:95,0
DA:96,0
DA:107,0
DA:111,0
DA:122,0
DA:126,0
DA:127,0
DA:132,0
LF:35
LH:0
BRDA:88,0,0,0
BRDA:88,0,1,0
BRDA:126,1,0,0
BRDA:126,1,1,0
BRDA:133,2,0,0
BRDA:133,2,1,0
BRF:6
BRH:0
end_of_record
TN:
SF:src\users\users.service.ts
FN:13,(anonymous_11)
FN:19,(anonymous_12)
FN:90,(anonymous_13)
FN:111,(anonymous_14)
FN:129,(anonymous_15)
FN:171,(anonymous_16)
FN:183,(anonymous_17)
FN:195,(anonymous_18)
FN:246,(anonymous_19)
FN:270,(anonymous_20)
FN:271,(anonymous_21)
FN:287,(anonymous_22)
FN:296,(anonymous_23)
FNF:13
FNH:12
FNDA:19,(anonymous_11)
FNDA:4,(anonymous_12)
FNDA:1,(anonymous_13)
FNDA:0,(anonymous_14)
FNDA:2,(anonymous_15)
FNDA:4,(anonymous_16)
FNDA:6,(anonymous_17)
FNDA:4,(anonymous_18)
FNDA:1,(anonymous_19)
FNDA:1,(anonymous_20)
FNDA:1,(anonymous_21)
FNDA:1,(anonymous_22)
FNDA:3,(anonymous_23)
DA:1,3
DA:7,3
DA:8,3
DA:9,3
DA:12,3
DA:14,19
DA:15,19
DA:20,4
DA:84,4
DA:85,3
DA:88,1
DA:90,1
DA:111,0
DA:130,2
DA:161,2
DA:162,1
DA:172,4
DA:182,4
DA:183,3
DA:184,6
DA:185,3
DA:206,4
DA:207,4
DA:230,1
DA:235,3
DA:239,2
DA:241,1
DA:247,1
DA:260,1
DA:271,1
DA:273,1
DA:278,1
DA:283,1
DA:288,1
DA:292,1
DA:301,3
DA:302,3
DA:304,2
DA:308,2
DA:309,1
DA:312,1
DA:313,1
DA:319,1
DA:322,1
DA:329,1
LF:45
LH:44
BRDA:84,0,0,3
BRDA:84,0,1,1
BRDA:98,1,0,1
BRDA:98,1,1,1
BRDA:116,2,0,0
BRDA:116,2,1,0
BRDA:121,3,0,1
BRDA:121,3,1,1
BRDA:122,4,0,1
BRDA:122,4,1,1
BRDA:123,5,0,1
BRDA:123,5,1,1
BRDA:161,6,0,1
BRDA:161,6,1,1
BRDA:182,7,0,1
BRDA:182,7,1,3
BRDA:184,8,0,6
BRDA:184,8,1,0
BRDA:184,9,0,6
BRDA:184,9,1,1
BRDA:210,10,0,4
BRDA:210,10,1,0
BRDA:211,11,0,4
BRDA:211,11,1,0
BRDA:212,12,0,4
BRDA:212,12,1,4
BRDA:213,13,0,4
BRDA:213,13,1,0
BRDA:214,14,0,4
BRDA:214,14,1,0
BRDA:215,15,0,4
BRDA:215,15,1,0
BRDA:235,16,0,2
BRDA:235,16,1,1
BRDA:236,17,0,3
BRDA:236,17,1,3
BRDA:302,18,0,1
BRDA:302,18,1,2
BRDA:308,19,0,1
BRDA:308,19,1,1
BRF:40
BRH:32
end_of_record
